[2.869s] Invoking command in '/home/sfr2024/assessment/team3_project/src/nuc': PYTHONPATH=/home/sfr2024/assessment/team3_project/build/nuc/prefix_override:/usr/lib/python3/dist-packages/colcon_core/task/python/colcon_distutils_commands:/home/sfr2024/assessment/team3_project/install/nuc/lib/python3.10/site-packages:${PYTHONPATH} /usr/bin/python3 -W ignore:setup.py install is deprecated setup.py egg_info --egg-base ../../build/nuc build --build-base /home/sfr2024/assessment/team3_project/build/nuc/build install --record /home/sfr2024/assessment/team3_project/build/nuc/install.log --single-version-externally-managed install_data
[3.394s] running egg_info
[3.395s] creating ../../build/nuc/nuc.egg-info
[3.396s] writing ../../build/nuc/nuc.egg-info/PKG-INFO
[3.396s] writing dependency_links to ../../build/nuc/nuc.egg-info/dependency_links.txt
[3.397s] writing entry points to ../../build/nuc/nuc.egg-info/entry_points.txt
[3.397s] writing requirements to ../../build/nuc/nuc.egg-info/requires.txt
[3.397s] writing top-level names to ../../build/nuc/nuc.egg-info/top_level.txt
[3.397s] writing manifest file '../../build/nuc/nuc.egg-info/SOURCES.txt'
[3.399s] reading manifest file '../../build/nuc/nuc.egg-info/SOURCES.txt'
[3.400s] writing manifest file '../../build/nuc/nuc.egg-info/SOURCES.txt'
[3.400s] running build
[3.401s] running build_py
[3.401s] creating /home/sfr2024/assessment/team3_project/build/nuc/build
[3.402s] creating /home/sfr2024/assessment/team3_project/build/nuc/build/lib
[3.402s] creating /home/sfr2024/assessment/team3_project/build/nuc/build/lib/nuc
[3.402s] copying nuc/__init__.py -> /home/sfr2024/assessment/team3_project/build/nuc/build/lib/nuc
[3.403s] copying nuc/nuc_node.py -> /home/sfr2024/assessment/team3_project/build/nuc/build/lib/nuc
[3.403s] running install
[3.403s] running install_lib
[3.404s] creating /home/sfr2024/assessment/team3_project/install/nuc/lib/python3.10/site-packages/nuc
[3.405s] copying /home/sfr2024/assessment/team3_project/build/nuc/build/lib/nuc/__init__.py -> /home/sfr2024/assessment/team3_project/install/nuc/lib/python3.10/site-packages/nuc
[3.405s] copying /home/sfr2024/assessment/team3_project/build/nuc/build/lib/nuc/nuc_node.py -> /home/sfr2024/assessment/team3_project/install/nuc/lib/python3.10/site-packages/nuc
[3.406s] byte-compiling /home/sfr2024/assessment/team3_project/install/nuc/lib/python3.10/site-packages/nuc/__init__.py to __init__.cpython-310.pyc
[3.407s] byte-compiling /home/sfr2024/assessment/team3_project/install/nuc/lib/python3.10/site-packages/nuc/nuc_node.py to nuc_node.cpython-310.pyc
[3.410s] running install_data
[3.410s] creating /home/sfr2024/assessment/team3_project/install/nuc/share/ament_index
[3.411s] creating /home/sfr2024/assessment/team3_project/install/nuc/share/ament_index/resource_index
[3.411s] creating /home/sfr2024/assessment/team3_project/install/nuc/share/ament_index/resource_index/packages
[3.411s] copying resource/nuc -> /home/sfr2024/assessment/team3_project/install/nuc/share/ament_index/resource_index/packages
[3.412s] copying package.xml -> /home/sfr2024/assessment/team3_project/install/nuc/share/nuc
[3.413s] running install_egg_info
[3.414s] Copying ../../build/nuc/nuc.egg-info to /home/sfr2024/assessment/team3_project/install/nuc/lib/python3.10/site-packages/nuc-0.0.0-py3.10.egg-info
[3.419s] running install_scripts
[3.459s] Installing nuc_node script to /home/sfr2024/assessment/team3_project/install/nuc/lib/nuc
[3.459s] writing list of installed files to '/home/sfr2024/assessment/team3_project/build/nuc/install.log'
[3.500s] Invoked command in '/home/sfr2024/assessment/team3_project/src/nuc' returned '0': PYTHONPATH=/home/sfr2024/assessment/team3_project/build/nuc/prefix_override:/usr/lib/python3/dist-packages/colcon_core/task/python/colcon_distutils_commands:/home/sfr2024/assessment/team3_project/install/nuc/lib/python3.10/site-packages:${PYTHONPATH} /usr/bin/python3 -W ignore:setup.py install is deprecated setup.py egg_info --egg-base ../../build/nuc build --build-base /home/sfr2024/assessment/team3_project/build/nuc/build install --record /home/sfr2024/assessment/team3_project/build/nuc/install.log --single-version-externally-managed install_data
