[2.906s] Invoking command in '/home/sfr2024/assessment/team3_project/src/lidar': PYTHONPATH=/home/sfr2024/assessment/team3_project/build/lidar/prefix_override:/usr/lib/python3/dist-packages/colcon_core/task/python/colcon_distutils_commands:/home/sfr2024/assessment/team3_project/install/lidar/lib/python3.10/site-packages:${PYTHONPATH} /usr/bin/python3 -W ignore:setup.py install is deprecated setup.py egg_info --egg-base ../../build/lidar build --build-base /home/sfr2024/assessment/team3_project/build/lidar/build install --record /home/sfr2024/assessment/team3_project/build/lidar/install.log --single-version-externally-managed install_data
[3.714s] running egg_info
[3.714s] creating ../../build/lidar/lidar.egg-info
[3.714s] writing ../../build/lidar/lidar.egg-info/PKG-INFO
[3.715s] writing dependency_links to ../../build/lidar/lidar.egg-info/dependency_links.txt
[3.715s] writing entry points to ../../build/lidar/lidar.egg-info/entry_points.txt
[3.715s] writing requirements to ../../build/lidar/lidar.egg-info/requires.txt
[3.715s] writing top-level names to ../../build/lidar/lidar.egg-info/top_level.txt
[3.715s] writing manifest file '../../build/lidar/lidar.egg-info/SOURCES.txt'
[3.717s] reading manifest file '../../build/lidar/lidar.egg-info/SOURCES.txt'
[3.719s] writing manifest file '../../build/lidar/lidar.egg-info/SOURCES.txt'
[3.720s] running build
[3.720s] running build_py
[3.720s] creating /home/sfr2024/assessment/team3_project/build/lidar/build
[3.720s] creating /home/sfr2024/assessment/team3_project/build/lidar/build/lib
[3.720s] creating /home/sfr2024/assessment/team3_project/build/lidar/build/lib/lidar
[3.721s] copying lidar/__init__.py -> /home/sfr2024/assessment/team3_project/build/lidar/build/lib/lidar
[3.722s] copying lidar/lidar_node.py -> /home/sfr2024/assessment/team3_project/build/lidar/build/lib/lidar
[3.722s] running install
[3.723s] running install_lib
[3.725s] creating /home/sfr2024/assessment/team3_project/install/lidar/lib/python3.10/site-packages/lidar
[3.725s] copying /home/sfr2024/assessment/team3_project/build/lidar/build/lib/lidar/__init__.py -> /home/sfr2024/assessment/team3_project/install/lidar/lib/python3.10/site-packages/lidar
[3.725s] copying /home/sfr2024/assessment/team3_project/build/lidar/build/lib/lidar/lidar_node.py -> /home/sfr2024/assessment/team3_project/install/lidar/lib/python3.10/site-packages/lidar
[3.727s] byte-compiling /home/sfr2024/assessment/team3_project/install/lidar/lib/python3.10/site-packages/lidar/__init__.py to __init__.cpython-310.pyc
[3.727s] byte-compiling /home/sfr2024/assessment/team3_project/install/lidar/lib/python3.10/site-packages/lidar/lidar_node.py to lidar_node.cpython-310.pyc
[3.729s] running install_data
[3.729s] creating /home/sfr2024/assessment/team3_project/install/lidar/share/ament_index
[3.730s] creating /home/sfr2024/assessment/team3_project/install/lidar/share/ament_index/resource_index
[3.730s] creating /home/sfr2024/assessment/team3_project/install/lidar/share/ament_index/resource_index/packages
[3.730s] copying resource/lidar -> /home/sfr2024/assessment/team3_project/install/lidar/share/ament_index/resource_index/packages
[3.730s] copying package.xml -> /home/sfr2024/assessment/team3_project/install/lidar/share/lidar
[3.731s] running install_egg_info
[3.736s] Copying ../../build/lidar/lidar.egg-info to /home/sfr2024/assessment/team3_project/install/lidar/lib/python3.10/site-packages/lidar-0.0.0-py3.10.egg-info
[3.738s] running install_scripts
[3.809s] Installing lidar_node script to /home/sfr2024/assessment/team3_project/install/lidar/lib/lidar
[3.810s] writing list of installed files to '/home/sfr2024/assessment/team3_project/build/lidar/install.log'
[3.853s] Invoked command in '/home/sfr2024/assessment/team3_project/src/lidar' returned '0': PYTHONPATH=/home/sfr2024/assessment/team3_project/build/lidar/prefix_override:/usr/lib/python3/dist-packages/colcon_core/task/python/colcon_distutils_commands:/home/sfr2024/assessment/team3_project/install/lidar/lib/python3.10/site-packages:${PYTHONPATH} /usr/bin/python3 -W ignore:setup.py install is deprecated setup.py egg_info --egg-base ../../build/lidar build --build-base /home/sfr2024/assessment/team3_project/build/lidar/build install --record /home/sfr2024/assessment/team3_project/build/lidar/install.log --single-version-externally-managed install_data
