[2.268s] Invoking command in '/home/mscrobotics2425laptop14/Desktop/project/team3/team3-project/src/robotic_arm': CONDA_PROMPT_MODIFIER=(ros2) PYTHONPATH=/home/mscrobotics2425laptop14/Desktop/project/team3/team3-project/build/robotic_arm/prefix_override:/usr/lib/python3/dist-packages/colcon_core/task/python/colcon_distutils_commands:/home/mscrobotics2425laptop14/Desktop/project/team3/team3-project/install/robotic_arm/lib/python3.10/site-packages:${PYTHONPATH} /usr/bin/python3 -W ignore:setup.py install is deprecated setup.py egg_info --egg-base ../../build/robotic_arm build --build-base /home/mscrobotics2425laptop14/Desktop/project/team3/team3-project/build/robotic_arm/build install --record /home/mscrobotics2425laptop14/Desktop/project/team3/team3-project/build/robotic_arm/install.log --single-version-externally-managed install_data
[2.743s] running egg_info
[2.744s] writing ../../build/robotic_arm/robotic_arm.egg-info/PKG-INFO
[2.745s] writing dependency_links to ../../build/robotic_arm/robotic_arm.egg-info/dependency_links.txt
[2.745s] writing entry points to ../../build/robotic_arm/robotic_arm.egg-info/entry_points.txt
[2.745s] writing requirements to ../../build/robotic_arm/robotic_arm.egg-info/requires.txt
[2.745s] writing top-level names to ../../build/robotic_arm/robotic_arm.egg-info/top_level.txt
[2.748s] reading manifest file '../../build/robotic_arm/robotic_arm.egg-info/SOURCES.txt'
[2.757s] writing manifest file '../../build/robotic_arm/robotic_arm.egg-info/SOURCES.txt'
[2.757s] running build
[2.757s] running build_py
[2.757s] running install
[2.757s] running install_lib
[2.757s] running install_data
[2.758s] running install_egg_info
[2.762s] removing '/home/mscrobotics2425laptop14/Desktop/project/team3/team3-project/install/robotic_arm/lib/python3.10/site-packages/robotic_arm-0.0.0-py3.10.egg-info' (and everything under it)
[2.767s] Copying ../../build/robotic_arm/robotic_arm.egg-info to /home/mscrobotics2425laptop14/Desktop/project/team3/team3-project/install/robotic_arm/lib/python3.10/site-packages/robotic_arm-0.0.0-py3.10.egg-info
[2.767s] running install_scripts
[2.798s] Installing robotic_arm_node script to /home/mscrobotics2425laptop14/Desktop/project/team3/team3-project/install/robotic_arm/lib/robotic_arm
[2.798s] writing list of installed files to '/home/mscrobotics2425laptop14/Desktop/project/team3/team3-project/build/robotic_arm/install.log'
[2.869s] Invoked command in '/home/mscrobotics2425laptop14/Desktop/project/team3/team3-project/src/robotic_arm' returned '0': CONDA_PROMPT_MODIFIER=(ros2) PYTHONPATH=/home/mscrobotics2425laptop14/Desktop/project/team3/team3-project/build/robotic_arm/prefix_override:/usr/lib/python3/dist-packages/colcon_core/task/python/colcon_distutils_commands:/home/mscrobotics2425laptop14/Desktop/project/team3/team3-project/install/robotic_arm/lib/python3.10/site-packages:${PYTHONPATH} /usr/bin/python3 -W ignore:setup.py install is deprecated setup.py egg_info --egg-base ../../build/robotic_arm build --build-base /home/mscrobotics2425laptop14/Desktop/project/team3/team3-project/build/robotic_arm/build install --record /home/mscrobotics2425laptop14/Desktop/project/team3/team3-project/build/robotic_arm/install.log --single-version-externally-managed install_data
