[0.092s] DEBUG:colcon:Command line arguments: ['/usr/bin/colcon', 'build']
[0.092s] DEBUG:colcon:Parsed command line arguments: Namespace(log_base=None, log_level=None, verb_name='build', build_base='build', install_base='install', merge_install=False, symlink_install=False, test_result_base=None, continue_on_error=False, executor='parallel', parallel_workers=10, event_handlers=None, ignore_user_meta=False, metas=['./colcon.meta'], base_paths=['.'], packages_ignore=None, packages_ignore_regex=None, paths=None, packages_up_to=None, packages_up_to_regex=None, packages_above=None, packages_above_and_dependencies=None, packages_above_depth=None, packages_select_by_dep=None, packages_skip_by_dep=None, packages_skip_up_to=None, packages_select_build_failed=False, packages_skip_build_finished=False, packages_select_test_failures=False, packages_skip_test_passed=False, packages_select=None, packages_skip=None, packages_select_regex=None, packages_skip_regex=None, packages_start=None, packages_end=None, allow_overriding=[], cmake_args=None, cmake_target=None, cmake_target_skip_unavailable=False, cmake_clean_cache=False, cmake_clean_first=False, cmake_force_configure=False, ament_cmake_args=None, catkin_cmake_args=None, catkin_skip_building_tests=False, mixin_files=None, mixin=None, verb_parser=<colcon_mixin.mixin.mixin_argument.MixinArgumentDecorator object at 0x7964219fd330>, verb_extension=<colcon_core.verb.build.BuildVerb object at 0x796421b4d990>, main=<bound method BuildVerb.main of <colcon_core.verb.build.BuildVerb object at 0x796421b4d990>>, mixin_verb=('build',))
[0.213s] Level 1:colcon.colcon_core.package_discovery:discover_packages(colcon_meta) check parameters
[0.213s] Level 1:colcon.colcon_core.package_discovery:discover_packages(recursive) check parameters
[0.213s] Level 1:colcon.colcon_core.package_discovery:discover_packages(ignore) check parameters
[0.213s] Level 1:colcon.colcon_core.package_discovery:discover_packages(path) check parameters
[0.213s] Level 1:colcon.colcon_core.package_discovery:discover_packages(colcon_meta) discover
[0.213s] Level 1:colcon.colcon_core.package_discovery:discover_packages(recursive) discover
[0.213s] INFO:colcon.colcon_core.package_discovery:Crawling recursively for packages in '/home/sfr2024/assessment/team3_project'
[0.213s] Level 1:colcon.colcon_core.package_identification:_identify(.) by extensions ['ignore', 'ignore_ament_install']
[0.214s] Level 1:colcon.colcon_core.package_identification:_identify(.) by extension 'ignore'
[0.214s] Level 1:colcon.colcon_core.package_identification:_identify(.) by extension 'ignore_ament_install'
[0.214s] Level 1:colcon.colcon_core.package_identification:_identify(.) by extensions ['colcon_pkg']
[0.214s] Level 1:colcon.colcon_core.package_identification:_identify(.) by extension 'colcon_pkg'
[0.214s] Level 1:colcon.colcon_core.package_identification:_identify(.) by extensions ['colcon_meta']
[0.214s] Level 1:colcon.colcon_core.package_identification:_identify(.) by extension 'colcon_meta'
[0.214s] Level 1:colcon.colcon_core.package_identification:_identify(.) by extensions ['ros']
[0.214s] Level 1:colcon.colcon_core.package_identification:_identify(.) by extension 'ros'
[0.222s] Level 1:colcon.colcon_core.package_identification:_identify(.) by extensions ['cmake', 'python']
[0.222s] Level 1:colcon.colcon_core.package_identification:_identify(.) by extension 'cmake'
[0.222s] Level 1:colcon.colcon_core.package_identification:_identify(.) by extension 'python'
[0.222s] Level 1:colcon.colcon_core.package_identification:_identify(.) by extensions ['python_setup_py']
[0.222s] Level 1:colcon.colcon_core.package_identification:_identify(.) by extension 'python_setup_py'
[0.222s] Level 1:colcon.colcon_core.package_identification:_identify(build) by extensions ['ignore', 'ignore_ament_install']
[0.222s] Level 1:colcon.colcon_core.package_identification:_identify(build) by extension 'ignore'
[0.222s] Level 1:colcon.colcon_core.package_identification:_identify(build) ignored
[0.223s] Level 1:colcon.colcon_core.package_identification:_identify(install) by extensions ['ignore', 'ignore_ament_install']
[0.223s] Level 1:colcon.colcon_core.package_identification:_identify(install) by extension 'ignore'
[0.223s] Level 1:colcon.colcon_core.package_identification:_identify(install) ignored
[0.223s] Level 1:colcon.colcon_core.package_identification:_identify(log) by extensions ['ignore', 'ignore_ament_install']
[0.223s] Level 1:colcon.colcon_core.package_identification:_identify(log) by extension 'ignore'
[0.223s] Level 1:colcon.colcon_core.package_identification:_identify(log) ignored
[0.223s] Level 1:colcon.colcon_core.package_identification:_identify(src) by extensions ['ignore', 'ignore_ament_install']
[0.223s] Level 1:colcon.colcon_core.package_identification:_identify(src) by extension 'ignore'
[0.223s] Level 1:colcon.colcon_core.package_identification:_identify(src) by extension 'ignore_ament_install'
[0.223s] Level 1:colcon.colcon_core.package_identification:_identify(src) by extensions ['colcon_pkg']
[0.223s] Level 1:colcon.colcon_core.package_identification:_identify(src) by extension 'colcon_pkg'
[0.223s] Level 1:colcon.colcon_core.package_identification:_identify(src) by extensions ['colcon_meta']
[0.223s] Level 1:colcon.colcon_core.package_identification:_identify(src) by extension 'colcon_meta'
[0.223s] Level 1:colcon.colcon_core.package_identification:_identify(src) by extensions ['ros']
[0.223s] Level 1:colcon.colcon_core.package_identification:_identify(src) by extension 'ros'
[0.223s] Level 1:colcon.colcon_core.package_identification:_identify(src) by extensions ['cmake', 'python']
[0.223s] Level 1:colcon.colcon_core.package_identification:_identify(src) by extension 'cmake'
[0.223s] Level 1:colcon.colcon_core.package_identification:_identify(src) by extension 'python'
[0.223s] Level 1:colcon.colcon_core.package_identification:_identify(src) by extensions ['python_setup_py']
[0.223s] Level 1:colcon.colcon_core.package_identification:_identify(src) by extension 'python_setup_py'
[0.223s] Level 1:colcon.colcon_core.package_identification:_identify(src/camera) by extensions ['ignore', 'ignore_ament_install']
[0.223s] Level 1:colcon.colcon_core.package_identification:_identify(src/camera) by extension 'ignore'
[0.223s] Level 1:colcon.colcon_core.package_identification:_identify(src/camera) by extension 'ignore_ament_install'
[0.223s] Level 1:colcon.colcon_core.package_identification:_identify(src/camera) by extensions ['colcon_pkg']
[0.223s] Level 1:colcon.colcon_core.package_identification:_identify(src/camera) by extension 'colcon_pkg'
[0.223s] Level 1:colcon.colcon_core.package_identification:_identify(src/camera) by extensions ['colcon_meta']
[0.223s] Level 1:colcon.colcon_core.package_identification:_identify(src/camera) by extension 'colcon_meta'
[0.224s] Level 1:colcon.colcon_core.package_identification:_identify(src/camera) by extensions ['ros']
[0.224s] Level 1:colcon.colcon_core.package_identification:_identify(src/camera) by extension 'ros'
[0.225s] DEBUG:colcon.colcon_core.package_identification:Package 'src/camera' with type 'ros.ament_python' and name 'camera'
[0.225s] Level 1:colcon.colcon_core.package_identification:_identify(src/controller_server) by extensions ['ignore', 'ignore_ament_install']
[0.226s] Level 1:colcon.colcon_core.package_identification:_identify(src/controller_server) by extension 'ignore'
[0.226s] Level 1:colcon.colcon_core.package_identification:_identify(src/controller_server) by extension 'ignore_ament_install'
[0.226s] Level 1:colcon.colcon_core.package_identification:_identify(src/controller_server) by extensions ['colcon_pkg']
[0.226s] Level 1:colcon.colcon_core.package_identification:_identify(src/controller_server) by extension 'colcon_pkg'
[0.226s] Level 1:colcon.colcon_core.package_identification:_identify(src/controller_server) by extensions ['colcon_meta']
[0.226s] Level 1:colcon.colcon_core.package_identification:_identify(src/controller_server) by extension 'colcon_meta'
[0.226s] Level 1:colcon.colcon_core.package_identification:_identify(src/controller_server) by extensions ['ros']
[0.226s] Level 1:colcon.colcon_core.package_identification:_identify(src/controller_server) by extension 'ros'
[0.226s] DEBUG:colcon.colcon_core.package_identification:Package 'src/controller_server' with type 'ros.ament_python' and name 'controller_server'
[0.226s] Level 1:colcon.colcon_core.package_identification:_identify(src/data_integration) by extensions ['ignore', 'ignore_ament_install']
[0.226s] Level 1:colcon.colcon_core.package_identification:_identify(src/data_integration) by extension 'ignore'
[0.227s] Level 1:colcon.colcon_core.package_identification:_identify(src/data_integration) by extension 'ignore_ament_install'
[0.227s] Level 1:colcon.colcon_core.package_identification:_identify(src/data_integration) by extensions ['colcon_pkg']
[0.227s] Level 1:colcon.colcon_core.package_identification:_identify(src/data_integration) by extension 'colcon_pkg'
[0.227s] Level 1:colcon.colcon_core.package_identification:_identify(src/data_integration) by extensions ['colcon_meta']
[0.227s] Level 1:colcon.colcon_core.package_identification:_identify(src/data_integration) by extension 'colcon_meta'
[0.227s] Level 1:colcon.colcon_core.package_identification:_identify(src/data_integration) by extensions ['ros']
[0.227s] Level 1:colcon.colcon_core.package_identification:_identify(src/data_integration) by extension 'ros'
[0.227s] DEBUG:colcon.colcon_core.package_identification:Package 'src/data_integration' with type 'ros.ament_python' and name 'data_integration'
[0.227s] Level 1:colcon.colcon_core.package_identification:_identify(src/imu) by extensions ['ignore', 'ignore_ament_install']
[0.227s] Level 1:colcon.colcon_core.package_identification:_identify(src/imu) by extension 'ignore'
[0.227s] Level 1:colcon.colcon_core.package_identification:_identify(src/imu) by extension 'ignore_ament_install'
[0.227s] Level 1:colcon.colcon_core.package_identification:_identify(src/imu) by extensions ['colcon_pkg']
[0.227s] Level 1:colcon.colcon_core.package_identification:_identify(src/imu) by extension 'colcon_pkg'
[0.227s] Level 1:colcon.colcon_core.package_identification:_identify(src/imu) by extensions ['colcon_meta']
[0.227s] Level 1:colcon.colcon_core.package_identification:_identify(src/imu) by extension 'colcon_meta'
[0.227s] Level 1:colcon.colcon_core.package_identification:_identify(src/imu) by extensions ['ros']
[0.227s] Level 1:colcon.colcon_core.package_identification:_identify(src/imu) by extension 'ros'
[0.228s] DEBUG:colcon.colcon_core.package_identification:Package 'src/imu' with type 'ros.ament_python' and name 'imu'
[0.228s] Level 1:colcon.colcon_core.package_identification:_identify(src/leo_rover) by extensions ['ignore', 'ignore_ament_install']
[0.228s] Level 1:colcon.colcon_core.package_identification:_identify(src/leo_rover) by extension 'ignore'
[0.228s] Level 1:colcon.colcon_core.package_identification:_identify(src/leo_rover) by extension 'ignore_ament_install'
[0.228s] Level 1:colcon.colcon_core.package_identification:_identify(src/leo_rover) by extensions ['colcon_pkg']
[0.228s] Level 1:colcon.colcon_core.package_identification:_identify(src/leo_rover) by extension 'colcon_pkg'
[0.228s] Level 1:colcon.colcon_core.package_identification:_identify(src/leo_rover) by extensions ['colcon_meta']
[0.228s] Level 1:colcon.colcon_core.package_identification:_identify(src/leo_rover) by extension 'colcon_meta'
[0.228s] Level 1:colcon.colcon_core.package_identification:_identify(src/leo_rover) by extensions ['ros']
[0.228s] Level 1:colcon.colcon_core.package_identification:_identify(src/leo_rover) by extension 'ros'
[0.228s] DEBUG:colcon.colcon_core.package_identification:Package 'src/leo_rover' with type 'ros.ament_python' and name 'leo_rover'
[0.228s] Level 1:colcon.colcon_core.package_identification:_identify(src/lidar) by extensions ['ignore', 'ignore_ament_install']
[0.228s] Level 1:colcon.colcon_core.package_identification:_identify(src/lidar) by extension 'ignore'
[0.228s] Level 1:colcon.colcon_core.package_identification:_identify(src/lidar) by extension 'ignore_ament_install'
[0.229s] Level 1:colcon.colcon_core.package_identification:_identify(src/lidar) by extensions ['colcon_pkg']
[0.229s] Level 1:colcon.colcon_core.package_identification:_identify(src/lidar) by extension 'colcon_pkg'
[0.229s] Level 1:colcon.colcon_core.package_identification:_identify(src/lidar) by extensions ['colcon_meta']
[0.229s] Level 1:colcon.colcon_core.package_identification:_identify(src/lidar) by extension 'colcon_meta'
[0.229s] Level 1:colcon.colcon_core.package_identification:_identify(src/lidar) by extensions ['ros']
[0.229s] Level 1:colcon.colcon_core.package_identification:_identify(src/lidar) by extension 'ros'
[0.229s] DEBUG:colcon.colcon_core.package_identification:Package 'src/lidar' with type 'ros.ament_python' and name 'lidar'
[0.229s] Level 1:colcon.colcon_core.package_identification:_identify(src/map) by extensions ['ignore', 'ignore_ament_install']
[0.229s] Level 1:colcon.colcon_core.package_identification:_identify(src/map) by extension 'ignore'
[0.229s] Level 1:colcon.colcon_core.package_identification:_identify(src/map) by extension 'ignore_ament_install'
[0.229s] Level 1:colcon.colcon_core.package_identification:_identify(src/map) by extensions ['colcon_pkg']
[0.229s] Level 1:colcon.colcon_core.package_identification:_identify(src/map) by extension 'colcon_pkg'
[0.229s] Level 1:colcon.colcon_core.package_identification:_identify(src/map) by extensions ['colcon_meta']
[0.229s] Level 1:colcon.colcon_core.package_identification:_identify(src/map) by extension 'colcon_meta'
[0.229s] Level 1:colcon.colcon_core.package_identification:_identify(src/map) by extensions ['ros']
[0.229s] Level 1:colcon.colcon_core.package_identification:_identify(src/map) by extension 'ros'
[0.230s] DEBUG:colcon.colcon_core.package_identification:Package 'src/map' with type 'ros.ament_python' and name 'map'
[0.230s] Level 1:colcon.colcon_core.package_identification:_identify(src/navigation) by extensions ['ignore', 'ignore_ament_install']
[0.230s] Level 1:colcon.colcon_core.package_identification:_identify(src/navigation) by extension 'ignore'
[0.230s] Level 1:colcon.colcon_core.package_identification:_identify(src/navigation) by extension 'ignore_ament_install'
[0.230s] Level 1:colcon.colcon_core.package_identification:_identify(src/navigation) by extensions ['colcon_pkg']
[0.230s] Level 1:colcon.colcon_core.package_identification:_identify(src/navigation) by extension 'colcon_pkg'
[0.230s] Level 1:colcon.colcon_core.package_identification:_identify(src/navigation) by extensions ['colcon_meta']
[0.230s] Level 1:colcon.colcon_core.package_identification:_identify(src/navigation) by extension 'colcon_meta'
[0.230s] Level 1:colcon.colcon_core.package_identification:_identify(src/navigation) by extensions ['ros']
[0.230s] Level 1:colcon.colcon_core.package_identification:_identify(src/navigation) by extension 'ros'
[0.230s] DEBUG:colcon.colcon_core.package_identification:Package 'src/navigation' with type 'ros.ament_python' and name 'navigation'
[0.230s] Level 1:colcon.colcon_core.package_identification:_identify(src/nuc) by extensions ['ignore', 'ignore_ament_install']
[0.230s] Level 1:colcon.colcon_core.package_identification:_identify(src/nuc) by extension 'ignore'
[0.230s] Level 1:colcon.colcon_core.package_identification:_identify(src/nuc) by extension 'ignore_ament_install'
[0.230s] Level 1:colcon.colcon_core.package_identification:_identify(src/nuc) by extensions ['colcon_pkg']
[0.230s] Level 1:colcon.colcon_core.package_identification:_identify(src/nuc) by extension 'colcon_pkg'
[0.230s] Level 1:colcon.colcon_core.package_identification:_identify(src/nuc) by extensions ['colcon_meta']
[0.230s] Level 1:colcon.colcon_core.package_identification:_identify(src/nuc) by extension 'colcon_meta'
[0.230s] Level 1:colcon.colcon_core.package_identification:_identify(src/nuc) by extensions ['ros']
[0.230s] Level 1:colcon.colcon_core.package_identification:_identify(src/nuc) by extension 'ros'
[0.231s] DEBUG:colcon.colcon_core.package_identification:Package 'src/nuc' with type 'ros.ament_python' and name 'nuc'
[0.231s] Level 1:colcon.colcon_core.package_identification:_identify(src/robotic_arm) by extensions ['ignore', 'ignore_ament_install']
[0.231s] Level 1:colcon.colcon_core.package_identification:_identify(src/robotic_arm) by extension 'ignore'
[0.231s] Level 1:colcon.colcon_core.package_identification:_identify(src/robotic_arm) by extension 'ignore_ament_install'
[0.231s] Level 1:colcon.colcon_core.package_identification:_identify(src/robotic_arm) by extensions ['colcon_pkg']
[0.231s] Level 1:colcon.colcon_core.package_identification:_identify(src/robotic_arm) by extension 'colcon_pkg'
[0.231s] Level 1:colcon.colcon_core.package_identification:_identify(src/robotic_arm) by extensions ['colcon_meta']
[0.231s] Level 1:colcon.colcon_core.package_identification:_identify(src/robotic_arm) by extension 'colcon_meta'
[0.231s] Level 1:colcon.colcon_core.package_identification:_identify(src/robotic_arm) by extensions ['ros']
[0.231s] Level 1:colcon.colcon_core.package_identification:_identify(src/robotic_arm) by extension 'ros'
[0.231s] DEBUG:colcon.colcon_core.package_identification:Package 'src/robotic_arm' with type 'ros.ament_python' and name 'robotic_arm'
[0.231s] Level 1:colcon.colcon_core.package_discovery:discover_packages(recursive) using defaults
[0.232s] Level 1:colcon.colcon_core.package_discovery:discover_packages(ignore) discover
[0.232s] Level 1:colcon.colcon_core.package_discovery:discover_packages(ignore) using defaults
[0.232s] Level 1:colcon.colcon_core.package_discovery:discover_packages(path) discover
[0.232s] Level 1:colcon.colcon_core.package_discovery:discover_packages(path) using defaults
[0.258s] Level 1:colcon.colcon_core.package_discovery:discover_packages(prefix_path) check parameters
[0.258s] Level 1:colcon.colcon_core.package_discovery:discover_packages(prefix_path) discover
[0.260s] DEBUG:colcon.colcon_installed_package_information.package_discovery:Found 11 installed packages in /home/sfr2024/assessment/team3_project/install
[0.261s] DEBUG:colcon.colcon_installed_package_information.package_discovery:Found 18 installed packages in /home/sfr2024/ros2_tutorial_workspace/install
[0.262s] DEBUG:colcon.colcon_installed_package_information.package_discovery:Found 339 installed packages in /opt/ros/humble
[0.263s] Level 1:colcon.colcon_core.package_discovery:discover_packages(prefix_path) using defaults
[0.292s] Level 5:colcon.colcon_core.verb:set package 'camera' build argument 'cmake_args' from command line to 'None'
[0.292s] Level 5:colcon.colcon_core.verb:set package 'camera' build argument 'cmake_target' from command line to 'None'
[0.292s] Level 5:colcon.colcon_core.verb:set package 'camera' build argument 'cmake_target_skip_unavailable' from command line to 'False'
[0.292s] Level 5:colcon.colcon_core.verb:set package 'camera' build argument 'cmake_clean_cache' from command line to 'False'
[0.292s] Level 5:colcon.colcon_core.verb:set package 'camera' build argument 'cmake_clean_first' from command line to 'False'
[0.292s] Level 5:colcon.colcon_core.verb:set package 'camera' build argument 'cmake_force_configure' from command line to 'False'
[0.293s] Level 5:colcon.colcon_core.verb:set package 'camera' build argument 'ament_cmake_args' from command line to 'None'
[0.293s] Level 5:colcon.colcon_core.verb:set package 'camera' build argument 'catkin_cmake_args' from command line to 'None'
[0.293s] Level 5:colcon.colcon_core.verb:set package 'camera' build argument 'catkin_skip_building_tests' from command line to 'False'
[0.293s] DEBUG:colcon.colcon_core.verb:Building package 'camera' with the following arguments: {'ament_cmake_args': None, 'build_base': '/home/sfr2024/assessment/team3_project/build/camera', 'catkin_cmake_args': None, 'catkin_skip_building_tests': False, 'cmake_args': None, 'cmake_clean_cache': False, 'cmake_clean_first': False, 'cmake_force_configure': False, 'cmake_target': None, 'cmake_target_skip_unavailable': False, 'install_base': '/home/sfr2024/assessment/team3_project/install/camera', 'merge_install': False, 'path': '/home/sfr2024/assessment/team3_project/src/camera', 'symlink_install': False, 'test_result_base': None}
[0.293s] Level 5:colcon.colcon_core.verb:set package 'controller_server' build argument 'cmake_args' from command line to 'None'
[0.293s] Level 5:colcon.colcon_core.verb:set package 'controller_server' build argument 'cmake_target' from command line to 'None'
[0.293s] Level 5:colcon.colcon_core.verb:set package 'controller_server' build argument 'cmake_target_skip_unavailable' from command line to 'False'
[0.293s] Level 5:colcon.colcon_core.verb:set package 'controller_server' build argument 'cmake_clean_cache' from command line to 'False'
[0.293s] Level 5:colcon.colcon_core.verb:set package 'controller_server' build argument 'cmake_clean_first' from command line to 'False'
[0.293s] Level 5:colcon.colcon_core.verb:set package 'controller_server' build argument 'cmake_force_configure' from command line to 'False'
[0.293s] Level 5:colcon.colcon_core.verb:set package 'controller_server' build argument 'ament_cmake_args' from command line to 'None'
[0.293s] Level 5:colcon.colcon_core.verb:set package 'controller_server' build argument 'catkin_cmake_args' from command line to 'None'
[0.293s] Level 5:colcon.colcon_core.verb:set package 'controller_server' build argument 'catkin_skip_building_tests' from command line to 'False'
[0.293s] DEBUG:colcon.colcon_core.verb:Building package 'controller_server' with the following arguments: {'ament_cmake_args': None, 'build_base': '/home/sfr2024/assessment/team3_project/build/controller_server', 'catkin_cmake_args': None, 'catkin_skip_building_tests': False, 'cmake_args': None, 'cmake_clean_cache': False, 'cmake_clean_first': False, 'cmake_force_configure': False, 'cmake_target': None, 'cmake_target_skip_unavailable': False, 'install_base': '/home/sfr2024/assessment/team3_project/install/controller_server', 'merge_install': False, 'path': '/home/sfr2024/assessment/team3_project/src/controller_server', 'symlink_install': False, 'test_result_base': None}
[0.293s] Level 5:colcon.colcon_core.verb:set package 'data_integration' build argument 'cmake_args' from command line to 'None'
[0.293s] Level 5:colcon.colcon_core.verb:set package 'data_integration' build argument 'cmake_target' from command line to 'None'
[0.293s] Level 5:colcon.colcon_core.verb:set package 'data_integration' build argument 'cmake_target_skip_unavailable' from command line to 'False'
[0.293s] Level 5:colcon.colcon_core.verb:set package 'data_integration' build argument 'cmake_clean_cache' from command line to 'False'
[0.293s] Level 5:colcon.colcon_core.verb:set package 'data_integration' build argument 'cmake_clean_first' from command line to 'False'
[0.293s] Level 5:colcon.colcon_core.verb:set package 'data_integration' build argument 'cmake_force_configure' from command line to 'False'
[0.293s] Level 5:colcon.colcon_core.verb:set package 'data_integration' build argument 'ament_cmake_args' from command line to 'None'
[0.293s] Level 5:colcon.colcon_core.verb:set package 'data_integration' build argument 'catkin_cmake_args' from command line to 'None'
[0.293s] Level 5:colcon.colcon_core.verb:set package 'data_integration' build argument 'catkin_skip_building_tests' from command line to 'False'
[0.293s] DEBUG:colcon.colcon_core.verb:Building package 'data_integration' with the following arguments: {'ament_cmake_args': None, 'build_base': '/home/sfr2024/assessment/team3_project/build/data_integration', 'catkin_cmake_args': None, 'catkin_skip_building_tests': False, 'cmake_args': None, 'cmake_clean_cache': False, 'cmake_clean_first': False, 'cmake_force_configure': False, 'cmake_target': None, 'cmake_target_skip_unavailable': False, 'install_base': '/home/sfr2024/assessment/team3_project/install/data_integration', 'merge_install': False, 'path': '/home/sfr2024/assessment/team3_project/src/data_integration', 'symlink_install': False, 'test_result_base': None}
[0.294s] Level 5:colcon.colcon_core.verb:set package 'imu' build argument 'cmake_args' from command line to 'None'
[0.294s] Level 5:colcon.colcon_core.verb:set package 'imu' build argument 'cmake_target' from command line to 'None'
[0.294s] Level 5:colcon.colcon_core.verb:set package 'imu' build argument 'cmake_target_skip_unavailable' from command line to 'False'
[0.294s] Level 5:colcon.colcon_core.verb:set package 'imu' build argument 'cmake_clean_cache' from command line to 'False'
[0.294s] Level 5:colcon.colcon_core.verb:set package 'imu' build argument 'cmake_clean_first' from command line to 'False'
[0.294s] Level 5:colcon.colcon_core.verb:set package 'imu' build argument 'cmake_force_configure' from command line to 'False'
[0.294s] Level 5:colcon.colcon_core.verb:set package 'imu' build argument 'ament_cmake_args' from command line to 'None'
[0.294s] Level 5:colcon.colcon_core.verb:set package 'imu' build argument 'catkin_cmake_args' from command line to 'None'
[0.294s] Level 5:colcon.colcon_core.verb:set package 'imu' build argument 'catkin_skip_building_tests' from command line to 'False'
[0.294s] DEBUG:colcon.colcon_core.verb:Building package 'imu' with the following arguments: {'ament_cmake_args': None, 'build_base': '/home/sfr2024/assessment/team3_project/build/imu', 'catkin_cmake_args': None, 'catkin_skip_building_tests': False, 'cmake_args': None, 'cmake_clean_cache': False, 'cmake_clean_first': False, 'cmake_force_configure': False, 'cmake_target': None, 'cmake_target_skip_unavailable': False, 'install_base': '/home/sfr2024/assessment/team3_project/install/imu', 'merge_install': False, 'path': '/home/sfr2024/assessment/team3_project/src/imu', 'symlink_install': False, 'test_result_base': None}
[0.294s] Level 5:colcon.colcon_core.verb:set package 'leo_rover' build argument 'cmake_args' from command line to 'None'
[0.294s] Level 5:colcon.colcon_core.verb:set package 'leo_rover' build argument 'cmake_target' from command line to 'None'
[0.294s] Level 5:colcon.colcon_core.verb:set package 'leo_rover' build argument 'cmake_target_skip_unavailable' from command line to 'False'
[0.294s] Level 5:colcon.colcon_core.verb:set package 'leo_rover' build argument 'cmake_clean_cache' from command line to 'False'
[0.294s] Level 5:colcon.colcon_core.verb:set package 'leo_rover' build argument 'cmake_clean_first' from command line to 'False'
[0.294s] Level 5:colcon.colcon_core.verb:set package 'leo_rover' build argument 'cmake_force_configure' from command line to 'False'
[0.294s] Level 5:colcon.colcon_core.verb:set package 'leo_rover' build argument 'ament_cmake_args' from command line to 'None'
[0.294s] Level 5:colcon.colcon_core.verb:set package 'leo_rover' build argument 'catkin_cmake_args' from command line to 'None'
[0.294s] Level 5:colcon.colcon_core.verb:set package 'leo_rover' build argument 'catkin_skip_building_tests' from command line to 'False'
[0.294s] DEBUG:colcon.colcon_core.verb:Building package 'leo_rover' with the following arguments: {'ament_cmake_args': None, 'build_base': '/home/sfr2024/assessment/team3_project/build/leo_rover', 'catkin_cmake_args': None, 'catkin_skip_building_tests': False, 'cmake_args': None, 'cmake_clean_cache': False, 'cmake_clean_first': False, 'cmake_force_configure': False, 'cmake_target': None, 'cmake_target_skip_unavailable': False, 'install_base': '/home/sfr2024/assessment/team3_project/install/leo_rover', 'merge_install': False, 'path': '/home/sfr2024/assessment/team3_project/src/leo_rover', 'symlink_install': False, 'test_result_base': None}
[0.294s] Level 5:colcon.colcon_core.verb:set package 'lidar' build argument 'cmake_args' from command line to 'None'
[0.294s] Level 5:colcon.colcon_core.verb:set package 'lidar' build argument 'cmake_target' from command line to 'None'
[0.294s] Level 5:colcon.colcon_core.verb:set package 'lidar' build argument 'cmake_target_skip_unavailable' from command line to 'False'
[0.294s] Level 5:colcon.colcon_core.verb:set package 'lidar' build argument 'cmake_clean_cache' from command line to 'False'
[0.294s] Level 5:colcon.colcon_core.verb:set package 'lidar' build argument 'cmake_clean_first' from command line to 'False'
[0.294s] Level 5:colcon.colcon_core.verb:set package 'lidar' build argument 'cmake_force_configure' from command line to 'False'
[0.294s] Level 5:colcon.colcon_core.verb:set package 'lidar' build argument 'ament_cmake_args' from command line to 'None'
[0.294s] Level 5:colcon.colcon_core.verb:set package 'lidar' build argument 'catkin_cmake_args' from command line to 'None'
[0.294s] Level 5:colcon.colcon_core.verb:set package 'lidar' build argument 'catkin_skip_building_tests' from command line to 'False'
[0.294s] DEBUG:colcon.colcon_core.verb:Building package 'lidar' with the following arguments: {'ament_cmake_args': None, 'build_base': '/home/sfr2024/assessment/team3_project/build/lidar', 'catkin_cmake_args': None, 'catkin_skip_building_tests': False, 'cmake_args': None, 'cmake_clean_cache': False, 'cmake_clean_first': False, 'cmake_force_configure': False, 'cmake_target': None, 'cmake_target_skip_unavailable': False, 'install_base': '/home/sfr2024/assessment/team3_project/install/lidar', 'merge_install': False, 'path': '/home/sfr2024/assessment/team3_project/src/lidar', 'symlink_install': False, 'test_result_base': None}
[0.295s] Level 5:colcon.colcon_core.verb:set package 'map' build argument 'cmake_args' from command line to 'None'
[0.295s] Level 5:colcon.colcon_core.verb:set package 'map' build argument 'cmake_target' from command line to 'None'
[0.295s] Level 5:colcon.colcon_core.verb:set package 'map' build argument 'cmake_target_skip_unavailable' from command line to 'False'
[0.295s] Level 5:colcon.colcon_core.verb:set package 'map' build argument 'cmake_clean_cache' from command line to 'False'
[0.295s] Level 5:colcon.colcon_core.verb:set package 'map' build argument 'cmake_clean_first' from command line to 'False'
[0.295s] Level 5:colcon.colcon_core.verb:set package 'map' build argument 'cmake_force_configure' from command line to 'False'
[0.295s] Level 5:colcon.colcon_core.verb:set package 'map' build argument 'ament_cmake_args' from command line to 'None'
[0.295s] Level 5:colcon.colcon_core.verb:set package 'map' build argument 'catkin_cmake_args' from command line to 'None'
[0.295s] Level 5:colcon.colcon_core.verb:set package 'map' build argument 'catkin_skip_building_tests' from command line to 'False'
[0.295s] DEBUG:colcon.colcon_core.verb:Building package 'map' with the following arguments: {'ament_cmake_args': None, 'build_base': '/home/sfr2024/assessment/team3_project/build/map', 'catkin_cmake_args': None, 'catkin_skip_building_tests': False, 'cmake_args': None, 'cmake_clean_cache': False, 'cmake_clean_first': False, 'cmake_force_configure': False, 'cmake_target': None, 'cmake_target_skip_unavailable': False, 'install_base': '/home/sfr2024/assessment/team3_project/install/map', 'merge_install': False, 'path': '/home/sfr2024/assessment/team3_project/src/map', 'symlink_install': False, 'test_result_base': None}
[0.295s] Level 5:colcon.colcon_core.verb:set package 'navigation' build argument 'cmake_args' from command line to 'None'
[0.295s] Level 5:colcon.colcon_core.verb:set package 'navigation' build argument 'cmake_target' from command line to 'None'
[0.295s] Level 5:colcon.colcon_core.verb:set package 'navigation' build argument 'cmake_target_skip_unavailable' from command line to 'False'
[0.295s] Level 5:colcon.colcon_core.verb:set package 'navigation' build argument 'cmake_clean_cache' from command line to 'False'
[0.295s] Level 5:colcon.colcon_core.verb:set package 'navigation' build argument 'cmake_clean_first' from command line to 'False'
[0.295s] Level 5:colcon.colcon_core.verb:set package 'navigation' build argument 'cmake_force_configure' from command line to 'False'
[0.295s] Level 5:colcon.colcon_core.verb:set package 'navigation' build argument 'ament_cmake_args' from command line to 'None'
[0.295s] Level 5:colcon.colcon_core.verb:set package 'navigation' build argument 'catkin_cmake_args' from command line to 'None'
[0.295s] Level 5:colcon.colcon_core.verb:set package 'navigation' build argument 'catkin_skip_building_tests' from command line to 'False'
[0.295s] DEBUG:colcon.colcon_core.verb:Building package 'navigation' with the following arguments: {'ament_cmake_args': None, 'build_base': '/home/sfr2024/assessment/team3_project/build/navigation', 'catkin_cmake_args': None, 'catkin_skip_building_tests': False, 'cmake_args': None, 'cmake_clean_cache': False, 'cmake_clean_first': False, 'cmake_force_configure': False, 'cmake_target': None, 'cmake_target_skip_unavailable': False, 'install_base': '/home/sfr2024/assessment/team3_project/install/navigation', 'merge_install': False, 'path': '/home/sfr2024/assessment/team3_project/src/navigation', 'symlink_install': False, 'test_result_base': None}
[0.295s] Level 5:colcon.colcon_core.verb:set package 'nuc' build argument 'cmake_args' from command line to 'None'
[0.295s] Level 5:colcon.colcon_core.verb:set package 'nuc' build argument 'cmake_target' from command line to 'None'
[0.295s] Level 5:colcon.colcon_core.verb:set package 'nuc' build argument 'cmake_target_skip_unavailable' from command line to 'False'
[0.295s] Level 5:colcon.colcon_core.verb:set package 'nuc' build argument 'cmake_clean_cache' from command line to 'False'
[0.295s] Level 5:colcon.colcon_core.verb:set package 'nuc' build argument 'cmake_clean_first' from command line to 'False'
[0.295s] Level 5:colcon.colcon_core.verb:set package 'nuc' build argument 'cmake_force_configure' from command line to 'False'
[0.296s] Level 5:colcon.colcon_core.verb:set package 'nuc' build argument 'ament_cmake_args' from command line to 'None'
[0.296s] Level 5:colcon.colcon_core.verb:set package 'nuc' build argument 'catkin_cmake_args' from command line to 'None'
[0.296s] Level 5:colcon.colcon_core.verb:set package 'nuc' build argument 'catkin_skip_building_tests' from command line to 'False'
[0.296s] DEBUG:colcon.colcon_core.verb:Building package 'nuc' with the following arguments: {'ament_cmake_args': None, 'build_base': '/home/sfr2024/assessment/team3_project/build/nuc', 'catkin_cmake_args': None, 'catkin_skip_building_tests': False, 'cmake_args': None, 'cmake_clean_cache': False, 'cmake_clean_first': False, 'cmake_force_configure': False, 'cmake_target': None, 'cmake_target_skip_unavailable': False, 'install_base': '/home/sfr2024/assessment/team3_project/install/nuc', 'merge_install': False, 'path': '/home/sfr2024/assessment/team3_project/src/nuc', 'symlink_install': False, 'test_result_base': None}
[0.296s] Level 5:colcon.colcon_core.verb:set package 'robotic_arm' build argument 'cmake_args' from command line to 'None'
[0.296s] Level 5:colcon.colcon_core.verb:set package 'robotic_arm' build argument 'cmake_target' from command line to 'None'
[0.296s] Level 5:colcon.colcon_core.verb:set package 'robotic_arm' build argument 'cmake_target_skip_unavailable' from command line to 'False'
[0.296s] Level 5:colcon.colcon_core.verb:set package 'robotic_arm' build argument 'cmake_clean_cache' from command line to 'False'
[0.296s] Level 5:colcon.colcon_core.verb:set package 'robotic_arm' build argument 'cmake_clean_first' from command line to 'False'
[0.296s] Level 5:colcon.colcon_core.verb:set package 'robotic_arm' build argument 'cmake_force_configure' from command line to 'False'
[0.296s] Level 5:colcon.colcon_core.verb:set package 'robotic_arm' build argument 'ament_cmake_args' from command line to 'None'
[0.296s] Level 5:colcon.colcon_core.verb:set package 'robotic_arm' build argument 'catkin_cmake_args' from command line to 'None'
[0.296s] Level 5:colcon.colcon_core.verb:set package 'robotic_arm' build argument 'catkin_skip_building_tests' from command line to 'False'
[0.296s] DEBUG:colcon.colcon_core.verb:Building package 'robotic_arm' with the following arguments: {'ament_cmake_args': None, 'build_base': '/home/sfr2024/assessment/team3_project/build/robotic_arm', 'catkin_cmake_args': None, 'catkin_skip_building_tests': False, 'cmake_args': None, 'cmake_clean_cache': False, 'cmake_clean_first': False, 'cmake_force_configure': False, 'cmake_target': None, 'cmake_target_skip_unavailable': False, 'install_base': '/home/sfr2024/assessment/team3_project/install/robotic_arm', 'merge_install': False, 'path': '/home/sfr2024/assessment/team3_project/src/robotic_arm', 'symlink_install': False, 'test_result_base': None}
[0.296s] INFO:colcon.colcon_core.executor:Executing jobs using 'parallel' executor
[0.298s] DEBUG:colcon.colcon_parallel_executor.executor.parallel:run_until_complete
[0.298s] INFO:colcon.colcon_ros.task.ament_python.build:Building ROS package in '/home/sfr2024/assessment/team3_project/src/camera' with build type 'ament_python'
[0.298s] Level 1:colcon.colcon_core.shell:create_environment_hook('camera', 'ament_prefix_path')
[0.302s] INFO:colcon.colcon_core.plugin_system:Skipping extension 'colcon_core.shell.bat': Not used on non-Windows systems
[0.302s] INFO:colcon.colcon_core.shell:Creating environment hook '/home/sfr2024/assessment/team3_project/install/camera/share/camera/hook/ament_prefix_path.ps1'
[0.303s] INFO:colcon.colcon_core.shell:Creating environment descriptor '/home/sfr2024/assessment/team3_project/install/camera/share/camera/hook/ament_prefix_path.dsv'
[0.303s] INFO:colcon.colcon_core.shell:Creating environment hook '/home/sfr2024/assessment/team3_project/install/camera/share/camera/hook/ament_prefix_path.sh'
[0.304s] INFO:colcon.colcon_core.shell:Skip shell extension 'powershell' for command environment: Not usable outside of PowerShell
[0.305s] DEBUG:colcon.colcon_core.shell:Skip shell extension 'dsv' for command environment
[0.309s] INFO:colcon.colcon_ros.task.ament_python.build:Building ROS package in '/home/sfr2024/assessment/team3_project/src/controller_server' with build type 'ament_python'
[0.309s] Level 1:colcon.colcon_core.shell:create_environment_hook('controller_server', 'ament_prefix_path')
[0.309s] INFO:colcon.colcon_core.shell:Creating environment hook '/home/sfr2024/assessment/team3_project/install/controller_server/share/controller_server/hook/ament_prefix_path.ps1'
[0.310s] INFO:colcon.colcon_core.shell:Creating environment descriptor '/home/sfr2024/assessment/team3_project/install/controller_server/share/controller_server/hook/ament_prefix_path.dsv'
[0.311s] INFO:colcon.colcon_core.shell:Creating environment hook '/home/sfr2024/assessment/team3_project/install/controller_server/share/controller_server/hook/ament_prefix_path.sh'
[0.312s] INFO:colcon.colcon_core.shell:Skip shell extension 'powershell' for command environment: Not usable outside of PowerShell
[0.312s] DEBUG:colcon.colcon_core.shell:Skip shell extension 'dsv' for command environment
[0.319s] INFO:colcon.colcon_ros.task.ament_python.build:Building ROS package in '/home/sfr2024/assessment/team3_project/src/data_integration' with build type 'ament_python'
[0.320s] Level 1:colcon.colcon_core.shell:create_environment_hook('data_integration', 'ament_prefix_path')
[0.320s] INFO:colcon.colcon_core.shell:Creating environment hook '/home/sfr2024/assessment/team3_project/install/data_integration/share/data_integration/hook/ament_prefix_path.ps1'
[0.322s] INFO:colcon.colcon_core.shell:Creating environment descriptor '/home/sfr2024/assessment/team3_project/install/data_integration/share/data_integration/hook/ament_prefix_path.dsv'
[0.322s] INFO:colcon.colcon_core.shell:Creating environment hook '/home/sfr2024/assessment/team3_project/install/data_integration/share/data_integration/hook/ament_prefix_path.sh'
[0.323s] INFO:colcon.colcon_core.shell:Skip shell extension 'powershell' for command environment: Not usable outside of PowerShell
[0.323s] DEBUG:colcon.colcon_core.shell:Skip shell extension 'dsv' for command environment
[0.333s] INFO:colcon.colcon_ros.task.ament_python.build:Building ROS package in '/home/sfr2024/assessment/team3_project/src/imu' with build type 'ament_python'
[0.333s] Level 1:colcon.colcon_core.shell:create_environment_hook('imu', 'ament_prefix_path')
[0.334s] INFO:colcon.colcon_core.shell:Creating environment hook '/home/sfr2024/assessment/team3_project/install/imu/share/imu/hook/ament_prefix_path.ps1'
[0.335s] INFO:colcon.colcon_core.shell:Creating environment descriptor '/home/sfr2024/assessment/team3_project/install/imu/share/imu/hook/ament_prefix_path.dsv'
[0.336s] INFO:colcon.colcon_core.shell:Creating environment hook '/home/sfr2024/assessment/team3_project/install/imu/share/imu/hook/ament_prefix_path.sh'
[0.337s] INFO:colcon.colcon_core.shell:Skip shell extension 'powershell' for command environment: Not usable outside of PowerShell
[0.337s] DEBUG:colcon.colcon_core.shell:Skip shell extension 'dsv' for command environment
[0.345s] INFO:colcon.colcon_ros.task.ament_python.build:Building ROS package in '/home/sfr2024/assessment/team3_project/src/leo_rover' with build type 'ament_python'
[0.346s] Level 1:colcon.colcon_core.shell:create_environment_hook('leo_rover', 'ament_prefix_path')
[0.346s] INFO:colcon.colcon_core.shell:Creating environment hook '/home/sfr2024/assessment/team3_project/install/leo_rover/share/leo_rover/hook/ament_prefix_path.ps1'
[0.347s] INFO:colcon.colcon_core.shell:Creating environment descriptor '/home/sfr2024/assessment/team3_project/install/leo_rover/share/leo_rover/hook/ament_prefix_path.dsv'
[0.348s] INFO:colcon.colcon_core.shell:Creating environment hook '/home/sfr2024/assessment/team3_project/install/leo_rover/share/leo_rover/hook/ament_prefix_path.sh'
[0.349s] INFO:colcon.colcon_core.shell:Skip shell extension 'powershell' for command environment: Not usable outside of PowerShell
[0.349s] DEBUG:colcon.colcon_core.shell:Skip shell extension 'dsv' for command environment
[0.358s] INFO:colcon.colcon_ros.task.ament_python.build:Building ROS package in '/home/sfr2024/assessment/team3_project/src/lidar' with build type 'ament_python'
[0.358s] Level 1:colcon.colcon_core.shell:create_environment_hook('lidar', 'ament_prefix_path')
[0.358s] INFO:colcon.colcon_core.shell:Creating environment hook '/home/sfr2024/assessment/team3_project/install/lidar/share/lidar/hook/ament_prefix_path.ps1'
[0.360s] INFO:colcon.colcon_core.shell:Creating environment descriptor '/home/sfr2024/assessment/team3_project/install/lidar/share/lidar/hook/ament_prefix_path.dsv'
[0.361s] INFO:colcon.colcon_core.shell:Creating environment hook '/home/sfr2024/assessment/team3_project/install/lidar/share/lidar/hook/ament_prefix_path.sh'
[0.364s] INFO:colcon.colcon_core.shell:Skip shell extension 'powershell' for command environment: Not usable outside of PowerShell
[0.364s] DEBUG:colcon.colcon_core.shell:Skip shell extension 'dsv' for command environment
[0.385s] INFO:colcon.colcon_ros.task.ament_python.build:Building ROS package in '/home/sfr2024/assessment/team3_project/src/map' with build type 'ament_python'
[0.386s] Level 1:colcon.colcon_core.shell:create_environment_hook('map', 'ament_prefix_path')
[0.386s] INFO:colcon.colcon_core.shell:Creating environment hook '/home/sfr2024/assessment/team3_project/install/map/share/map/hook/ament_prefix_path.ps1'
[0.388s] INFO:colcon.colcon_core.shell:Creating environment descriptor '/home/sfr2024/assessment/team3_project/install/map/share/map/hook/ament_prefix_path.dsv'
[0.389s] INFO:colcon.colcon_core.shell:Creating environment hook '/home/sfr2024/assessment/team3_project/install/map/share/map/hook/ament_prefix_path.sh'
[0.391s] INFO:colcon.colcon_core.shell:Skip shell extension 'powershell' for command environment: Not usable outside of PowerShell
[0.391s] DEBUG:colcon.colcon_core.shell:Skip shell extension 'dsv' for command environment
[0.401s] INFO:colcon.colcon_ros.task.ament_python.build:Building ROS package in '/home/sfr2024/assessment/team3_project/src/navigation' with build type 'ament_python'
[0.402s] Level 1:colcon.colcon_core.shell:create_environment_hook('navigation', 'ament_prefix_path')
[0.403s] INFO:colcon.colcon_core.shell:Creating environment hook '/home/sfr2024/assessment/team3_project/install/navigation/share/navigation/hook/ament_prefix_path.ps1'
[0.404s] INFO:colcon.colcon_core.shell:Creating environment descriptor '/home/sfr2024/assessment/team3_project/install/navigation/share/navigation/hook/ament_prefix_path.dsv'
[0.405s] INFO:colcon.colcon_core.shell:Creating environment hook '/home/sfr2024/assessment/team3_project/install/navigation/share/navigation/hook/ament_prefix_path.sh'
[0.406s] INFO:colcon.colcon_core.shell:Skip shell extension 'powershell' for command environment: Not usable outside of PowerShell
[0.406s] DEBUG:colcon.colcon_core.shell:Skip shell extension 'dsv' for command environment
[0.413s] INFO:colcon.colcon_ros.task.ament_python.build:Building ROS package in '/home/sfr2024/assessment/team3_project/src/nuc' with build type 'ament_python'
[0.414s] Level 1:colcon.colcon_core.shell:create_environment_hook('nuc', 'ament_prefix_path')
[0.414s] INFO:colcon.colcon_core.shell:Creating environment hook '/home/sfr2024/assessment/team3_project/install/nuc/share/nuc/hook/ament_prefix_path.ps1'
[0.415s] INFO:colcon.colcon_core.shell:Creating environment descriptor '/home/sfr2024/assessment/team3_project/install/nuc/share/nuc/hook/ament_prefix_path.dsv'
[0.416s] INFO:colcon.colcon_core.shell:Creating environment hook '/home/sfr2024/assessment/team3_project/install/nuc/share/nuc/hook/ament_prefix_path.sh'
[0.418s] INFO:colcon.colcon_core.shell:Skip shell extension 'powershell' for command environment: Not usable outside of PowerShell
[0.418s] DEBUG:colcon.colcon_core.shell:Skip shell extension 'dsv' for command environment
[0.436s] INFO:colcon.colcon_ros.task.ament_python.build:Building ROS package in '/home/sfr2024/assessment/team3_project/src/robotic_arm' with build type 'ament_python'
[0.437s] Level 1:colcon.colcon_core.shell:create_environment_hook('robotic_arm', 'ament_prefix_path')
[0.437s] INFO:colcon.colcon_core.shell:Creating environment hook '/home/sfr2024/assessment/team3_project/install/robotic_arm/share/robotic_arm/hook/ament_prefix_path.ps1'
[0.439s] INFO:colcon.colcon_core.shell:Creating environment descriptor '/home/sfr2024/assessment/team3_project/install/robotic_arm/share/robotic_arm/hook/ament_prefix_path.dsv'
[0.440s] INFO:colcon.colcon_core.shell:Creating environment hook '/home/sfr2024/assessment/team3_project/install/robotic_arm/share/robotic_arm/hook/ament_prefix_path.sh'
[0.441s] INFO:colcon.colcon_core.shell:Skip shell extension 'powershell' for command environment: Not usable outside of PowerShell
[0.441s] DEBUG:colcon.colcon_core.shell:Skip shell extension 'dsv' for command environment
[0.791s] INFO:colcon.colcon_core.task.python.build:Building Python package in '/home/sfr2024/assessment/team3_project/src/camera'
[0.791s] INFO:colcon.colcon_core.shell:Skip shell extension 'powershell' for command environment: Not usable outside of PowerShell
[0.791s] DEBUG:colcon.colcon_core.shell:Skip shell extension 'dsv' for command environment
[1.095s] INFO:colcon.colcon_core.task.python.build:Building Python package in '/home/sfr2024/assessment/team3_project/src/controller_server'
[1.095s] INFO:colcon.colcon_core.shell:Skip shell extension 'powershell' for command environment: Not usable outside of PowerShell
[1.095s] DEBUG:colcon.colcon_core.shell:Skip shell extension 'dsv' for command environment
[1.400s] INFO:colcon.colcon_core.task.python.build:Building Python package in '/home/sfr2024/assessment/team3_project/src/data_integration'
[1.401s] INFO:colcon.colcon_core.shell:Skip shell extension 'powershell' for command environment: Not usable outside of PowerShell
[1.401s] DEBUG:colcon.colcon_core.shell:Skip shell extension 'dsv' for command environment
[1.663s] INFO:colcon.colcon_core.task.python.build:Building Python package in '/home/sfr2024/assessment/team3_project/src/imu'
[1.664s] INFO:colcon.colcon_core.shell:Skip shell extension 'powershell' for command environment: Not usable outside of PowerShell
[1.664s] DEBUG:colcon.colcon_core.shell:Skip shell extension 'dsv' for command environment
[1.937s] INFO:colcon.colcon_core.task.python.build:Building Python package in '/home/sfr2024/assessment/team3_project/src/leo_rover'
[1.937s] INFO:colcon.colcon_core.shell:Skip shell extension 'powershell' for command environment: Not usable outside of PowerShell
[1.938s] DEBUG:colcon.colcon_core.shell:Skip shell extension 'dsv' for command environment
[2.206s] INFO:colcon.colcon_core.task.python.build:Building Python package in '/home/sfr2024/assessment/team3_project/src/lidar'
[2.206s] INFO:colcon.colcon_core.shell:Skip shell extension 'powershell' for command environment: Not usable outside of PowerShell
[2.206s] DEBUG:colcon.colcon_core.shell:Skip shell extension 'dsv' for command environment
[2.482s] INFO:colcon.colcon_core.task.python.build:Building Python package in '/home/sfr2024/assessment/team3_project/src/map'
[2.482s] INFO:colcon.colcon_core.shell:Skip shell extension 'powershell' for command environment: Not usable outside of PowerShell
[2.482s] DEBUG:colcon.colcon_core.shell:Skip shell extension 'dsv' for command environment
[2.747s] INFO:colcon.colcon_core.task.python.build:Building Python package in '/home/sfr2024/assessment/team3_project/src/navigation'
[2.747s] INFO:colcon.colcon_core.shell:Skip shell extension 'powershell' for command environment: Not usable outside of PowerShell
[2.748s] DEBUG:colcon.colcon_core.shell:Skip shell extension 'dsv' for command environment
[3.027s] INFO:colcon.colcon_core.task.python.build:Building Python package in '/home/sfr2024/assessment/team3_project/src/nuc'
[3.027s] INFO:colcon.colcon_core.shell:Skip shell extension 'powershell' for command environment: Not usable outside of PowerShell
[3.027s] DEBUG:colcon.colcon_core.shell:Skip shell extension 'dsv' for command environment
[3.311s] INFO:colcon.colcon_core.task.python.build:Building Python package in '/home/sfr2024/assessment/team3_project/src/robotic_arm'
[3.312s] INFO:colcon.colcon_core.shell:Skip shell extension 'powershell' for command environment: Not usable outside of PowerShell
[3.312s] DEBUG:colcon.colcon_core.shell:Skip shell extension 'dsv' for command environment
[4.087s] DEBUG:colcon.colcon_core.event_handler.log_command:Invoking command in '/home/sfr2024/assessment/team3_project/src/imu': PYTHONPATH=/home/sfr2024/assessment/team3_project/build/imu/prefix_override:/usr/lib/python3/dist-packages/colcon_core/task/python/colcon_distutils_commands:/home/sfr2024/assessment/team3_project/install/imu/lib/python3.10/site-packages:${PYTHONPATH} /usr/bin/python3 -W ignore:setup.py install is deprecated setup.py egg_info --egg-base ../../build/imu build --build-base /home/sfr2024/assessment/team3_project/build/imu/build install --record /home/sfr2024/assessment/team3_project/build/imu/install.log --single-version-externally-managed install_data
[4.304s] DEBUG:colcon.colcon_core.event_handler.log_command:Invoking command in '/home/sfr2024/assessment/team3_project/src/nuc': PYTHONPATH=/home/sfr2024/assessment/team3_project/build/nuc/prefix_override:/usr/lib/python3/dist-packages/colcon_core/task/python/colcon_distutils_commands:/home/sfr2024/assessment/team3_project/install/nuc/lib/python3.10/site-packages:${PYTHONPATH} /usr/bin/python3 -W ignore:setup.py install is deprecated setup.py egg_info --egg-base ../../build/nuc build --build-base /home/sfr2024/assessment/team3_project/build/nuc/build install --record /home/sfr2024/assessment/team3_project/build/nuc/install.log --single-version-externally-managed install_data
[4.774s] DEBUG:colcon.colcon_core.event_handler.log_command:Invoking command in '/home/sfr2024/assessment/team3_project/src/data_integration': PYTHONPATH=/home/sfr2024/assessment/team3_project/build/data_integration/prefix_override:/usr/lib/python3/dist-packages/colcon_core/task/python/colcon_distutils_commands:/home/sfr2024/assessment/team3_project/install/data_integration/lib/python3.10/site-packages:${PYTHONPATH} /usr/bin/python3 -W ignore:setup.py install is deprecated setup.py egg_info --egg-base ../../build/data_integration build --build-base /home/sfr2024/assessment/team3_project/build/data_integration/build install --record /home/sfr2024/assessment/team3_project/build/data_integration/install.log --single-version-externally-managed install_data
[4.813s] DEBUG:colcon.colcon_core.event_handler.log_command:Invoked command in '/home/sfr2024/assessment/team3_project/src/imu' returned '0': PYTHONPATH=/home/sfr2024/assessment/team3_project/build/imu/prefix_override:/usr/lib/python3/dist-packages/colcon_core/task/python/colcon_distutils_commands:/home/sfr2024/assessment/team3_project/install/imu/lib/python3.10/site-packages:${PYTHONPATH} /usr/bin/python3 -W ignore:setup.py install is deprecated setup.py egg_info --egg-base ../../build/imu build --build-base /home/sfr2024/assessment/team3_project/build/imu/build install --record /home/sfr2024/assessment/team3_project/build/imu/install.log --single-version-externally-managed install_data
[4.815s] Level 1:colcon.colcon_core.environment:checking '/home/sfr2024/assessment/team3_project/install/imu' for CMake module files
[4.816s] Level 1:colcon.colcon_core.environment:checking '/home/sfr2024/assessment/team3_project/install/imu' for CMake config files
[4.818s] Level 1:colcon.colcon_core.environment:checking '/home/sfr2024/assessment/team3_project/install/imu/lib'
[4.818s] Level 1:colcon.colcon_core.environment:checking '/home/sfr2024/assessment/team3_project/install/imu/bin'
[4.818s] Level 1:colcon.colcon_core.environment:checking '/home/sfr2024/assessment/team3_project/install/imu/lib/pkgconfig/imu.pc'
[4.818s] Level 1:colcon.colcon_core.environment:checking '/home/sfr2024/assessment/team3_project/install/imu/lib/python3.10/site-packages'
[4.819s] Level 1:colcon.colcon_core.shell:create_environment_hook('imu', 'pythonpath')
[4.819s] INFO:colcon.colcon_core.shell:Creating environment hook '/home/sfr2024/assessment/team3_project/install/imu/share/imu/hook/pythonpath.ps1'
[4.820s] INFO:colcon.colcon_core.shell:Creating environment descriptor '/home/sfr2024/assessment/team3_project/install/imu/share/imu/hook/pythonpath.dsv'
[4.822s] INFO:colcon.colcon_core.shell:Creating environment hook '/home/sfr2024/assessment/team3_project/install/imu/share/imu/hook/pythonpath.sh'
[4.823s] Level 1:colcon.colcon_core.environment:checking '/home/sfr2024/assessment/team3_project/install/imu/bin'
[4.824s] Level 1:colcon.colcon_core.environment:create_environment_scripts_only(imu)
[4.825s] INFO:colcon.colcon_core.shell:Creating package script '/home/sfr2024/assessment/team3_project/install/imu/share/imu/package.ps1'
[4.826s] INFO:colcon.colcon_core.shell:Creating package descriptor '/home/sfr2024/assessment/team3_project/install/imu/share/imu/package.dsv'
[4.828s] INFO:colcon.colcon_core.shell:Creating package script '/home/sfr2024/assessment/team3_project/install/imu/share/imu/package.sh'
[4.830s] INFO:colcon.colcon_core.shell:Creating package script '/home/sfr2024/assessment/team3_project/install/imu/share/imu/package.bash'
[4.832s] INFO:colcon.colcon_core.shell:Creating package script '/home/sfr2024/assessment/team3_project/install/imu/share/imu/package.zsh'
[4.833s] Level 1:colcon.colcon_core.environment:create_file_with_runtime_dependencies(/home/sfr2024/assessment/team3_project/install/imu/share/colcon-core/packages/imu)
[4.941s] DEBUG:colcon.colcon_core.event_handler.log_command:Invoking command in '/home/sfr2024/assessment/team3_project/src/lidar': PYTHONPATH=/home/sfr2024/assessment/team3_project/build/lidar/prefix_override:/usr/lib/python3/dist-packages/colcon_core/task/python/colcon_distutils_commands:/home/sfr2024/assessment/team3_project/install/lidar/lib/python3.10/site-packages:${PYTHONPATH} /usr/bin/python3 -W ignore:setup.py install is deprecated setup.py egg_info --egg-base ../../build/lidar build --build-base /home/sfr2024/assessment/team3_project/build/lidar/build install --record /home/sfr2024/assessment/team3_project/build/lidar/install.log --single-version-externally-managed install_data
[4.992s] DEBUG:colcon.colcon_core.event_handler.log_command:Invoking command in '/home/sfr2024/assessment/team3_project/src/camera': PYTHONPATH=/home/sfr2024/assessment/team3_project/build/camera/prefix_override:/usr/lib/python3/dist-packages/colcon_core/task/python/colcon_distutils_commands:/home/sfr2024/assessment/team3_project/install/camera/lib/python3.10/site-packages:${PYTHONPATH} /usr/bin/python3 -W ignore:setup.py install is deprecated setup.py egg_info --egg-base ../../build/camera build --build-base /home/sfr2024/assessment/team3_project/build/camera/build install --record /home/sfr2024/assessment/team3_project/build/camera/install.log --single-version-externally-managed install_data
[5.080s] DEBUG:colcon.colcon_core.event_handler.log_command:Invoking command in '/home/sfr2024/assessment/team3_project/src/controller_server': PYTHONPATH=/home/sfr2024/assessment/team3_project/build/controller_server/prefix_override:/usr/lib/python3/dist-packages/colcon_core/task/python/colcon_distutils_commands:/home/sfr2024/assessment/team3_project/install/controller_server/lib/python3.10/site-packages:${PYTHONPATH} /usr/bin/python3 -W ignore:setup.py install is deprecated setup.py egg_info --egg-base ../../build/controller_server build --build-base /home/sfr2024/assessment/team3_project/build/controller_server/build install --record /home/sfr2024/assessment/team3_project/build/controller_server/install.log --single-version-externally-managed install_data
[5.136s] DEBUG:colcon.colcon_core.event_handler.log_command:Invoking command in '/home/sfr2024/assessment/team3_project/src/navigation': PYTHONPATH=/home/sfr2024/assessment/team3_project/build/navigation/prefix_override:/usr/lib/python3/dist-packages/colcon_core/task/python/colcon_distutils_commands:/home/sfr2024/assessment/team3_project/install/navigation/lib/python3.10/site-packages:${PYTHONPATH} /usr/bin/python3 -W ignore:setup.py install is deprecated setup.py egg_info --egg-base ../../build/navigation build --build-base /home/sfr2024/assessment/team3_project/build/navigation/build install --record /home/sfr2024/assessment/team3_project/build/navigation/install.log --single-version-externally-managed install_data
[5.203s] DEBUG:colcon.colcon_core.event_handler.log_command:Invoking command in '/home/sfr2024/assessment/team3_project/src/leo_rover': PYTHONPATH=/home/sfr2024/assessment/team3_project/build/leo_rover/prefix_override:/usr/lib/python3/dist-packages/colcon_core/task/python/colcon_distutils_commands:/home/sfr2024/assessment/team3_project/install/leo_rover/lib/python3.10/site-packages:${PYTHONPATH} /usr/bin/python3 -W ignore:setup.py install is deprecated setup.py egg_info --egg-base ../../build/leo_rover build --build-base /home/sfr2024/assessment/team3_project/build/leo_rover/build install --record /home/sfr2024/assessment/team3_project/build/leo_rover/install.log --single-version-externally-managed install_data
[5.320s] DEBUG:colcon.colcon_core.event_handler.log_command:Invoking command in '/home/sfr2024/assessment/team3_project/src/robotic_arm': PYTHONPATH=/home/sfr2024/assessment/team3_project/build/robotic_arm/prefix_override:/usr/lib/python3/dist-packages/colcon_core/task/python/colcon_distutils_commands:/home/sfr2024/assessment/team3_project/install/robotic_arm/lib/python3.10/site-packages:${PYTHONPATH} /usr/bin/python3 -W ignore:setup.py install is deprecated setup.py egg_info --egg-base ../../build/robotic_arm build --build-base /home/sfr2024/assessment/team3_project/build/robotic_arm/build install --record /home/sfr2024/assessment/team3_project/build/robotic_arm/install.log --single-version-externally-managed install_data
[5.331s] DEBUG:colcon.colcon_core.event_handler.log_command:Invoking command in '/home/sfr2024/assessment/team3_project/src/map': PYTHONPATH=/home/sfr2024/assessment/team3_project/build/map/prefix_override:/usr/lib/python3/dist-packages/colcon_core/task/python/colcon_distutils_commands:/home/sfr2024/assessment/team3_project/install/map/lib/python3.10/site-packages:${PYTHONPATH} /usr/bin/python3 -W ignore:setup.py install is deprecated setup.py egg_info --egg-base ../../build/map build --build-base /home/sfr2024/assessment/team3_project/build/map/build install --record /home/sfr2024/assessment/team3_project/build/map/install.log --single-version-externally-managed install_data
[5.446s] Level 1:colcon.colcon_core.environment:checking '/home/sfr2024/assessment/team3_project/install/nuc' for CMake module files
[5.449s] Level 1:colcon.colcon_core.environment:checking '/home/sfr2024/assessment/team3_project/install/nuc' for CMake config files
[5.450s] DEBUG:colcon.colcon_core.event_handler.log_command:Invoked command in '/home/sfr2024/assessment/team3_project/src/nuc' returned '0': PYTHONPATH=/home/sfr2024/assessment/team3_project/build/nuc/prefix_override:/usr/lib/python3/dist-packages/colcon_core/task/python/colcon_distutils_commands:/home/sfr2024/assessment/team3_project/install/nuc/lib/python3.10/site-packages:${PYTHONPATH} /usr/bin/python3 -W ignore:setup.py install is deprecated setup.py egg_info --egg-base ../../build/nuc build --build-base /home/sfr2024/assessment/team3_project/build/nuc/build install --record /home/sfr2024/assessment/team3_project/build/nuc/install.log --single-version-externally-managed install_data
[5.452s] Level 1:colcon.colcon_core.environment:checking '/home/sfr2024/assessment/team3_project/install/nuc/lib'
[5.453s] Level 1:colcon.colcon_core.environment:checking '/home/sfr2024/assessment/team3_project/install/nuc/bin'
[5.453s] Level 1:colcon.colcon_core.environment:checking '/home/sfr2024/assessment/team3_project/install/nuc/lib/pkgconfig/nuc.pc'
[5.454s] Level 1:colcon.colcon_core.environment:checking '/home/sfr2024/assessment/team3_project/install/nuc/lib/python3.10/site-packages'
[5.455s] Level 1:colcon.colcon_core.shell:create_environment_hook('nuc', 'pythonpath')
[5.456s] INFO:colcon.colcon_core.shell:Creating environment hook '/home/sfr2024/assessment/team3_project/install/nuc/share/nuc/hook/pythonpath.ps1'
[5.458s] INFO:colcon.colcon_core.shell:Creating environment descriptor '/home/sfr2024/assessment/team3_project/install/nuc/share/nuc/hook/pythonpath.dsv'
[5.460s] INFO:colcon.colcon_core.shell:Creating environment hook '/home/sfr2024/assessment/team3_project/install/nuc/share/nuc/hook/pythonpath.sh'
[5.463s] Level 1:colcon.colcon_core.environment:checking '/home/sfr2024/assessment/team3_project/install/nuc/bin'
[5.463s] Level 1:colcon.colcon_core.environment:create_environment_scripts_only(nuc)
[5.465s] INFO:colcon.colcon_core.shell:Creating package script '/home/sfr2024/assessment/team3_project/install/nuc/share/nuc/package.ps1'
[5.467s] INFO:colcon.colcon_core.shell:Creating package descriptor '/home/sfr2024/assessment/team3_project/install/nuc/share/nuc/package.dsv'
[5.469s] INFO:colcon.colcon_core.shell:Creating package script '/home/sfr2024/assessment/team3_project/install/nuc/share/nuc/package.sh'
[5.471s] INFO:colcon.colcon_core.shell:Creating package script '/home/sfr2024/assessment/team3_project/install/nuc/share/nuc/package.bash'
[5.472s] INFO:colcon.colcon_core.shell:Creating package script '/home/sfr2024/assessment/team3_project/install/nuc/share/nuc/package.zsh'
[5.474s] Level 1:colcon.colcon_core.environment:create_file_with_runtime_dependencies(/home/sfr2024/assessment/team3_project/install/nuc/share/colcon-core/packages/nuc)
[5.855s] Level 1:colcon.colcon_core.environment:checking '/home/sfr2024/assessment/team3_project/install/navigation' for CMake module files
[5.858s] DEBUG:colcon.colcon_core.event_handler.log_command:Invoked command in '/home/sfr2024/assessment/team3_project/src/navigation' returned '0': PYTHONPATH=/home/sfr2024/assessment/team3_project/build/navigation/prefix_override:/usr/lib/python3/dist-packages/colcon_core/task/python/colcon_distutils_commands:/home/sfr2024/assessment/team3_project/install/navigation/lib/python3.10/site-packages:${PYTHONPATH} /usr/bin/python3 -W ignore:setup.py install is deprecated setup.py egg_info --egg-base ../../build/navigation build --build-base /home/sfr2024/assessment/team3_project/build/navigation/build install --record /home/sfr2024/assessment/team3_project/build/navigation/install.log --single-version-externally-managed install_data
[5.859s] Level 1:colcon.colcon_core.environment:checking '/home/sfr2024/assessment/team3_project/install/navigation' for CMake config files
[5.861s] Level 1:colcon.colcon_core.environment:checking '/home/sfr2024/assessment/team3_project/install/navigation/lib'
[5.862s] Level 1:colcon.colcon_core.environment:checking '/home/sfr2024/assessment/team3_project/install/navigation/bin'
[5.862s] Level 1:colcon.colcon_core.environment:checking '/home/sfr2024/assessment/team3_project/install/navigation/lib/pkgconfig/navigation.pc'
[5.863s] Level 1:colcon.colcon_core.environment:checking '/home/sfr2024/assessment/team3_project/install/navigation/lib/python3.10/site-packages'
[5.863s] Level 1:colcon.colcon_core.shell:create_environment_hook('navigation', 'pythonpath')
[5.864s] INFO:colcon.colcon_core.shell:Creating environment hook '/home/sfr2024/assessment/team3_project/install/navigation/share/navigation/hook/pythonpath.ps1'
[5.866s] INFO:colcon.colcon_core.shell:Creating environment descriptor '/home/sfr2024/assessment/team3_project/install/navigation/share/navigation/hook/pythonpath.dsv'
[5.868s] INFO:colcon.colcon_core.shell:Creating environment hook '/home/sfr2024/assessment/team3_project/install/navigation/share/navigation/hook/pythonpath.sh'
[5.871s] Level 1:colcon.colcon_core.environment:checking '/home/sfr2024/assessment/team3_project/install/navigation/bin'
[5.872s] Level 1:colcon.colcon_core.environment:create_environment_scripts_only(navigation)
[5.873s] INFO:colcon.colcon_core.shell:Creating package script '/home/sfr2024/assessment/team3_project/install/navigation/share/navigation/package.ps1'
[5.875s] INFO:colcon.colcon_core.shell:Creating package descriptor '/home/sfr2024/assessment/team3_project/install/navigation/share/navigation/package.dsv'
[5.876s] INFO:colcon.colcon_core.shell:Creating package script '/home/sfr2024/assessment/team3_project/install/navigation/share/navigation/package.sh'
[5.878s] INFO:colcon.colcon_core.shell:Creating package script '/home/sfr2024/assessment/team3_project/install/navigation/share/navigation/package.bash'
[5.879s] INFO:colcon.colcon_core.shell:Creating package script '/home/sfr2024/assessment/team3_project/install/navigation/share/navigation/package.zsh'
[5.881s] Level 1:colcon.colcon_core.environment:create_file_with_runtime_dependencies(/home/sfr2024/assessment/team3_project/install/navigation/share/colcon-core/packages/navigation)
[6.117s] Level 1:colcon.colcon_core.environment:checking '/home/sfr2024/assessment/team3_project/install/data_integration' for CMake module files
[6.118s] Level 1:colcon.colcon_core.environment:checking '/home/sfr2024/assessment/team3_project/install/data_integration' for CMake config files
[6.123s] DEBUG:colcon.colcon_core.event_handler.log_command:Invoked command in '/home/sfr2024/assessment/team3_project/src/data_integration' returned '0': PYTHONPATH=/home/sfr2024/assessment/team3_project/build/data_integration/prefix_override:/usr/lib/python3/dist-packages/colcon_core/task/python/colcon_distutils_commands:/home/sfr2024/assessment/team3_project/install/data_integration/lib/python3.10/site-packages:${PYTHONPATH} /usr/bin/python3 -W ignore:setup.py install is deprecated setup.py egg_info --egg-base ../../build/data_integration build --build-base /home/sfr2024/assessment/team3_project/build/data_integration/build install --record /home/sfr2024/assessment/team3_project/build/data_integration/install.log --single-version-externally-managed install_data
[6.128s] Level 1:colcon.colcon_core.environment:checking '/home/sfr2024/assessment/team3_project/install/data_integration/lib'
[6.129s] Level 1:colcon.colcon_core.environment:checking '/home/sfr2024/assessment/team3_project/install/data_integration/bin'
[6.129s] Level 1:colcon.colcon_core.environment:checking '/home/sfr2024/assessment/team3_project/install/data_integration/lib/pkgconfig/data_integration.pc'
[6.130s] Level 1:colcon.colcon_core.environment:checking '/home/sfr2024/assessment/team3_project/install/data_integration/lib/python3.10/site-packages'
[6.130s] Level 1:colcon.colcon_core.shell:create_environment_hook('data_integration', 'pythonpath')
[6.133s] INFO:colcon.colcon_core.shell:Creating environment hook '/home/sfr2024/assessment/team3_project/install/data_integration/share/data_integration/hook/pythonpath.ps1'
[6.134s] INFO:colcon.colcon_core.shell:Creating environment descriptor '/home/sfr2024/assessment/team3_project/install/data_integration/share/data_integration/hook/pythonpath.dsv'
[6.136s] INFO:colcon.colcon_core.shell:Creating environment hook '/home/sfr2024/assessment/team3_project/install/data_integration/share/data_integration/hook/pythonpath.sh'
[6.137s] Level 1:colcon.colcon_core.environment:checking '/home/sfr2024/assessment/team3_project/install/data_integration/bin'
[6.137s] Level 1:colcon.colcon_core.environment:create_environment_scripts_only(data_integration)
[6.138s] INFO:colcon.colcon_core.shell:Creating package script '/home/sfr2024/assessment/team3_project/install/data_integration/share/data_integration/package.ps1'
[6.139s] INFO:colcon.colcon_core.shell:Creating package descriptor '/home/sfr2024/assessment/team3_project/install/data_integration/share/data_integration/package.dsv'
[6.140s] INFO:colcon.colcon_core.shell:Creating package script '/home/sfr2024/assessment/team3_project/install/data_integration/share/data_integration/package.sh'
[6.140s] INFO:colcon.colcon_core.shell:Creating package script '/home/sfr2024/assessment/team3_project/install/data_integration/share/data_integration/package.bash'
[6.141s] INFO:colcon.colcon_core.shell:Creating package script '/home/sfr2024/assessment/team3_project/install/data_integration/share/data_integration/package.zsh'
[6.142s] Level 1:colcon.colcon_core.environment:create_file_with_runtime_dependencies(/home/sfr2024/assessment/team3_project/install/data_integration/share/colcon-core/packages/data_integration)
[6.145s] Level 1:colcon.colcon_core.environment:checking '/home/sfr2024/assessment/team3_project/install/robotic_arm' for CMake module files
[6.147s] DEBUG:colcon.colcon_core.event_handler.log_command:Invoked command in '/home/sfr2024/assessment/team3_project/src/robotic_arm' returned '0': PYTHONPATH=/home/sfr2024/assessment/team3_project/build/robotic_arm/prefix_override:/usr/lib/python3/dist-packages/colcon_core/task/python/colcon_distutils_commands:/home/sfr2024/assessment/team3_project/install/robotic_arm/lib/python3.10/site-packages:${PYTHONPATH} /usr/bin/python3 -W ignore:setup.py install is deprecated setup.py egg_info --egg-base ../../build/robotic_arm build --build-base /home/sfr2024/assessment/team3_project/build/robotic_arm/build install --record /home/sfr2024/assessment/team3_project/build/robotic_arm/install.log --single-version-externally-managed install_data
[6.149s] Level 1:colcon.colcon_core.environment:checking '/home/sfr2024/assessment/team3_project/install/robotic_arm' for CMake config files
[6.150s] Level 1:colcon.colcon_core.environment:checking '/home/sfr2024/assessment/team3_project/install/robotic_arm/lib'
[6.150s] Level 1:colcon.colcon_core.environment:checking '/home/sfr2024/assessment/team3_project/install/robotic_arm/bin'
[6.151s] Level 1:colcon.colcon_core.environment:checking '/home/sfr2024/assessment/team3_project/install/robotic_arm/lib/pkgconfig/robotic_arm.pc'
[6.151s] Level 1:colcon.colcon_core.environment:checking '/home/sfr2024/assessment/team3_project/install/robotic_arm/lib/python3.10/site-packages'
[6.151s] Level 1:colcon.colcon_core.shell:create_environment_hook('robotic_arm', 'pythonpath')
[6.152s] INFO:colcon.colcon_core.shell:Creating environment hook '/home/sfr2024/assessment/team3_project/install/robotic_arm/share/robotic_arm/hook/pythonpath.ps1'
[6.155s] INFO:colcon.colcon_core.shell:Creating environment descriptor '/home/sfr2024/assessment/team3_project/install/robotic_arm/share/robotic_arm/hook/pythonpath.dsv'
[6.157s] INFO:colcon.colcon_core.shell:Creating environment hook '/home/sfr2024/assessment/team3_project/install/robotic_arm/share/robotic_arm/hook/pythonpath.sh'
[6.160s] Level 1:colcon.colcon_core.environment:checking '/home/sfr2024/assessment/team3_project/install/robotic_arm/bin'
[6.160s] Level 1:colcon.colcon_core.environment:create_environment_scripts_only(robotic_arm)
[6.163s] INFO:colcon.colcon_core.shell:Creating package script '/home/sfr2024/assessment/team3_project/install/robotic_arm/share/robotic_arm/package.ps1'
[6.168s] INFO:colcon.colcon_core.shell:Creating package descriptor '/home/sfr2024/assessment/team3_project/install/robotic_arm/share/robotic_arm/package.dsv'
[6.171s] INFO:colcon.colcon_core.shell:Creating package script '/home/sfr2024/assessment/team3_project/install/robotic_arm/share/robotic_arm/package.sh'
[6.173s] INFO:colcon.colcon_core.shell:Creating package script '/home/sfr2024/assessment/team3_project/install/robotic_arm/share/robotic_arm/package.bash'
[6.174s] INFO:colcon.colcon_core.shell:Creating package script '/home/sfr2024/assessment/team3_project/install/robotic_arm/share/robotic_arm/package.zsh'
[6.181s] Level 1:colcon.colcon_core.environment:create_file_with_runtime_dependencies(/home/sfr2024/assessment/team3_project/install/robotic_arm/share/colcon-core/packages/robotic_arm)
[6.280s] Level 1:colcon.colcon_core.environment:checking '/home/sfr2024/assessment/team3_project/install/map' for CMake module files
[6.281s] Level 1:colcon.colcon_core.environment:checking '/home/sfr2024/assessment/team3_project/install/map' for CMake config files
[6.282s] Level 1:colcon.colcon_core.environment:checking '/home/sfr2024/assessment/team3_project/install/map/lib'
[6.283s] Level 1:colcon.colcon_core.environment:checking '/home/sfr2024/assessment/team3_project/install/map/bin'
[6.283s] Level 1:colcon.colcon_core.environment:checking '/home/sfr2024/assessment/team3_project/install/map/lib/pkgconfig/map.pc'
[6.283s] DEBUG:colcon.colcon_core.event_handler.log_command:Invoked command in '/home/sfr2024/assessment/team3_project/src/map' returned '0': PYTHONPATH=/home/sfr2024/assessment/team3_project/build/map/prefix_override:/usr/lib/python3/dist-packages/colcon_core/task/python/colcon_distutils_commands:/home/sfr2024/assessment/team3_project/install/map/lib/python3.10/site-packages:${PYTHONPATH} /usr/bin/python3 -W ignore:setup.py install is deprecated setup.py egg_info --egg-base ../../build/map build --build-base /home/sfr2024/assessment/team3_project/build/map/build install --record /home/sfr2024/assessment/team3_project/build/map/install.log --single-version-externally-managed install_data
[6.284s] Level 1:colcon.colcon_core.environment:checking '/home/sfr2024/assessment/team3_project/install/map/lib/python3.10/site-packages'
[6.285s] Level 1:colcon.colcon_core.shell:create_environment_hook('map', 'pythonpath')
[6.285s] INFO:colcon.colcon_core.shell:Creating environment hook '/home/sfr2024/assessment/team3_project/install/map/share/map/hook/pythonpath.ps1'
[6.287s] INFO:colcon.colcon_core.shell:Creating environment descriptor '/home/sfr2024/assessment/team3_project/install/map/share/map/hook/pythonpath.dsv'
[6.288s] INFO:colcon.colcon_core.shell:Creating environment hook '/home/sfr2024/assessment/team3_project/install/map/share/map/hook/pythonpath.sh'
[6.290s] Level 1:colcon.colcon_core.environment:checking '/home/sfr2024/assessment/team3_project/install/map/bin'
[6.290s] Level 1:colcon.colcon_core.environment:create_environment_scripts_only(map)
[6.291s] INFO:colcon.colcon_core.shell:Creating package script '/home/sfr2024/assessment/team3_project/install/map/share/map/package.ps1'
[6.292s] INFO:colcon.colcon_core.shell:Creating package descriptor '/home/sfr2024/assessment/team3_project/install/map/share/map/package.dsv'
[6.293s] INFO:colcon.colcon_core.shell:Creating package script '/home/sfr2024/assessment/team3_project/install/map/share/map/package.sh'
[6.294s] INFO:colcon.colcon_core.shell:Creating package script '/home/sfr2024/assessment/team3_project/install/map/share/map/package.bash'
[6.295s] INFO:colcon.colcon_core.shell:Creating package script '/home/sfr2024/assessment/team3_project/install/map/share/map/package.zsh'
[6.297s] Level 1:colcon.colcon_core.environment:create_file_with_runtime_dependencies(/home/sfr2024/assessment/team3_project/install/map/share/colcon-core/packages/map)
[6.363s] Level 1:colcon.colcon_core.environment:checking '/home/sfr2024/assessment/team3_project/install/camera' for CMake module files
[6.364s] DEBUG:colcon.colcon_core.event_handler.log_command:Invoked command in '/home/sfr2024/assessment/team3_project/src/camera' returned '0': PYTHONPATH=/home/sfr2024/assessment/team3_project/build/camera/prefix_override:/usr/lib/python3/dist-packages/colcon_core/task/python/colcon_distutils_commands:/home/sfr2024/assessment/team3_project/install/camera/lib/python3.10/site-packages:${PYTHONPATH} /usr/bin/python3 -W ignore:setup.py install is deprecated setup.py egg_info --egg-base ../../build/camera build --build-base /home/sfr2024/assessment/team3_project/build/camera/build install --record /home/sfr2024/assessment/team3_project/build/camera/install.log --single-version-externally-managed install_data
[6.366s] Level 1:colcon.colcon_core.environment:checking '/home/sfr2024/assessment/team3_project/install/camera' for CMake config files
[6.368s] Level 1:colcon.colcon_core.environment:checking '/home/sfr2024/assessment/team3_project/install/camera/lib'
[6.368s] Level 1:colcon.colcon_core.environment:checking '/home/sfr2024/assessment/team3_project/install/camera/bin'
[6.369s] Level 1:colcon.colcon_core.environment:checking '/home/sfr2024/assessment/team3_project/install/camera/lib/pkgconfig/camera.pc'
[6.369s] Level 1:colcon.colcon_core.environment:checking '/home/sfr2024/assessment/team3_project/install/camera/lib/python3.10/site-packages'
[6.370s] Level 1:colcon.colcon_core.shell:create_environment_hook('camera', 'pythonpath')
[6.370s] INFO:colcon.colcon_core.shell:Creating environment hook '/home/sfr2024/assessment/team3_project/install/camera/share/camera/hook/pythonpath.ps1'
[6.372s] INFO:colcon.colcon_core.shell:Creating environment descriptor '/home/sfr2024/assessment/team3_project/install/camera/share/camera/hook/pythonpath.dsv'
[6.374s] INFO:colcon.colcon_core.shell:Creating environment hook '/home/sfr2024/assessment/team3_project/install/camera/share/camera/hook/pythonpath.sh'
[6.376s] Level 1:colcon.colcon_core.environment:checking '/home/sfr2024/assessment/team3_project/install/camera/bin'
[6.376s] Level 1:colcon.colcon_core.environment:create_environment_scripts_only(camera)
[6.378s] INFO:colcon.colcon_core.shell:Creating package script '/home/sfr2024/assessment/team3_project/install/camera/share/camera/package.ps1'
[6.381s] INFO:colcon.colcon_core.shell:Creating package descriptor '/home/sfr2024/assessment/team3_project/install/camera/share/camera/package.dsv'
[6.384s] INFO:colcon.colcon_core.shell:Creating package script '/home/sfr2024/assessment/team3_project/install/camera/share/camera/package.sh'
[6.386s] INFO:colcon.colcon_core.shell:Creating package script '/home/sfr2024/assessment/team3_project/install/camera/share/camera/package.bash'
[6.389s] INFO:colcon.colcon_core.shell:Creating package script '/home/sfr2024/assessment/team3_project/install/camera/share/camera/package.zsh'
[6.392s] Level 1:colcon.colcon_core.environment:create_file_with_runtime_dependencies(/home/sfr2024/assessment/team3_project/install/camera/share/colcon-core/packages/camera)
[6.399s] Level 1:colcon.colcon_core.environment:checking '/home/sfr2024/assessment/team3_project/install/lidar' for CMake module files
[6.405s] Level 1:colcon.colcon_core.environment:checking '/home/sfr2024/assessment/team3_project/install/lidar' for CMake config files
[6.407s] DEBUG:colcon.colcon_core.event_handler.log_command:Invoked command in '/home/sfr2024/assessment/team3_project/src/lidar' returned '0': PYTHONPATH=/home/sfr2024/assessment/team3_project/build/lidar/prefix_override:/usr/lib/python3/dist-packages/colcon_core/task/python/colcon_distutils_commands:/home/sfr2024/assessment/team3_project/install/lidar/lib/python3.10/site-packages:${PYTHONPATH} /usr/bin/python3 -W ignore:setup.py install is deprecated setup.py egg_info --egg-base ../../build/lidar build --build-base /home/sfr2024/assessment/team3_project/build/lidar/build install --record /home/sfr2024/assessment/team3_project/build/lidar/install.log --single-version-externally-managed install_data
[6.411s] Level 1:colcon.colcon_core.environment:checking '/home/sfr2024/assessment/team3_project/install/lidar/lib'
[6.412s] Level 1:colcon.colcon_core.environment:checking '/home/sfr2024/assessment/team3_project/install/lidar/bin'
[6.412s] Level 1:colcon.colcon_core.environment:checking '/home/sfr2024/assessment/team3_project/install/lidar/lib/pkgconfig/lidar.pc'
[6.413s] Level 1:colcon.colcon_core.environment:checking '/home/sfr2024/assessment/team3_project/install/lidar/lib/python3.10/site-packages'
[6.414s] Level 1:colcon.colcon_core.shell:create_environment_hook('lidar', 'pythonpath')
[6.415s] INFO:colcon.colcon_core.shell:Creating environment hook '/home/sfr2024/assessment/team3_project/install/lidar/share/lidar/hook/pythonpath.ps1'
[6.418s] INFO:colcon.colcon_core.shell:Creating environment descriptor '/home/sfr2024/assessment/team3_project/install/lidar/share/lidar/hook/pythonpath.dsv'
[6.427s] INFO:colcon.colcon_core.shell:Creating environment hook '/home/sfr2024/assessment/team3_project/install/lidar/share/lidar/hook/pythonpath.sh'
[6.431s] Level 1:colcon.colcon_core.environment:checking '/home/sfr2024/assessment/team3_project/install/lidar/bin'
[6.435s] Level 1:colcon.colcon_core.environment:create_environment_scripts_only(lidar)
[6.438s] INFO:colcon.colcon_core.shell:Creating package script '/home/sfr2024/assessment/team3_project/install/lidar/share/lidar/package.ps1'
[6.440s] INFO:colcon.colcon_core.shell:Creating package descriptor '/home/sfr2024/assessment/team3_project/install/lidar/share/lidar/package.dsv'
[6.447s] INFO:colcon.colcon_core.shell:Creating package script '/home/sfr2024/assessment/team3_project/install/lidar/share/lidar/package.sh'
[6.449s] INFO:colcon.colcon_core.shell:Creating package script '/home/sfr2024/assessment/team3_project/install/lidar/share/lidar/package.bash'
[6.450s] INFO:colcon.colcon_core.shell:Creating package script '/home/sfr2024/assessment/team3_project/install/lidar/share/lidar/package.zsh'
[6.452s] Level 1:colcon.colcon_core.environment:create_file_with_runtime_dependencies(/home/sfr2024/assessment/team3_project/install/lidar/share/colcon-core/packages/lidar)
[6.456s] Level 1:colcon.colcon_core.environment:checking '/home/sfr2024/assessment/team3_project/install/controller_server' for CMake module files
[6.460s] Level 1:colcon.colcon_core.environment:checking '/home/sfr2024/assessment/team3_project/install/controller_server' for CMake config files
[6.460s] DEBUG:colcon.colcon_core.event_handler.log_command:Invoked command in '/home/sfr2024/assessment/team3_project/src/controller_server' returned '0': PYTHONPATH=/home/sfr2024/assessment/team3_project/build/controller_server/prefix_override:/usr/lib/python3/dist-packages/colcon_core/task/python/colcon_distutils_commands:/home/sfr2024/assessment/team3_project/install/controller_server/lib/python3.10/site-packages:${PYTHONPATH} /usr/bin/python3 -W ignore:setup.py install is deprecated setup.py egg_info --egg-base ../../build/controller_server build --build-base /home/sfr2024/assessment/team3_project/build/controller_server/build install --record /home/sfr2024/assessment/team3_project/build/controller_server/install.log --single-version-externally-managed install_data
[6.462s] Level 1:colcon.colcon_core.environment:checking '/home/sfr2024/assessment/team3_project/install/controller_server/lib'
[6.463s] Level 1:colcon.colcon_core.environment:checking '/home/sfr2024/assessment/team3_project/install/controller_server/bin'
[6.463s] Level 1:colcon.colcon_core.environment:checking '/home/sfr2024/assessment/team3_project/install/controller_server/lib/pkgconfig/controller_server.pc'
[6.464s] Level 1:colcon.colcon_core.environment:checking '/home/sfr2024/assessment/team3_project/install/controller_server/lib/python3.10/site-packages'
[6.464s] Level 1:colcon.colcon_core.shell:create_environment_hook('controller_server', 'pythonpath')
[6.465s] INFO:colcon.colcon_core.shell:Creating environment hook '/home/sfr2024/assessment/team3_project/install/controller_server/share/controller_server/hook/pythonpath.ps1'
[6.467s] INFO:colcon.colcon_core.shell:Creating environment descriptor '/home/sfr2024/assessment/team3_project/install/controller_server/share/controller_server/hook/pythonpath.dsv'
[6.468s] INFO:colcon.colcon_core.shell:Creating environment hook '/home/sfr2024/assessment/team3_project/install/controller_server/share/controller_server/hook/pythonpath.sh'
[6.470s] Level 1:colcon.colcon_core.environment:checking '/home/sfr2024/assessment/team3_project/install/controller_server/bin'
[6.470s] Level 1:colcon.colcon_core.environment:create_environment_scripts_only(controller_server)
[6.471s] INFO:colcon.colcon_core.shell:Creating package script '/home/sfr2024/assessment/team3_project/install/controller_server/share/controller_server/package.ps1'
[6.475s] INFO:colcon.colcon_core.shell:Creating package descriptor '/home/sfr2024/assessment/team3_project/install/controller_server/share/controller_server/package.dsv'
[6.476s] INFO:colcon.colcon_core.shell:Creating package script '/home/sfr2024/assessment/team3_project/install/controller_server/share/controller_server/package.sh'
[6.478s] INFO:colcon.colcon_core.shell:Creating package script '/home/sfr2024/assessment/team3_project/install/controller_server/share/controller_server/package.bash'
[6.480s] INFO:colcon.colcon_core.shell:Creating package script '/home/sfr2024/assessment/team3_project/install/controller_server/share/controller_server/package.zsh'
[6.481s] Level 1:colcon.colcon_core.environment:create_file_with_runtime_dependencies(/home/sfr2024/assessment/team3_project/install/controller_server/share/colcon-core/packages/controller_server)
[6.516s] Level 1:colcon.colcon_core.environment:checking '/home/sfr2024/assessment/team3_project/install/leo_rover' for CMake module files
[6.517s] Level 1:colcon.colcon_core.environment:checking '/home/sfr2024/assessment/team3_project/install/leo_rover' for CMake config files
[6.518s] Level 1:colcon.colcon_core.environment:checking '/home/sfr2024/assessment/team3_project/install/leo_rover/lib'
[6.518s] Level 1:colcon.colcon_core.environment:checking '/home/sfr2024/assessment/team3_project/install/leo_rover/bin'
[6.518s] Level 1:colcon.colcon_core.environment:checking '/home/sfr2024/assessment/team3_project/install/leo_rover/lib/pkgconfig/leo_rover.pc'
[6.519s] Level 1:colcon.colcon_core.environment:checking '/home/sfr2024/assessment/team3_project/install/leo_rover/lib/python3.10/site-packages'
[6.519s] Level 1:colcon.colcon_core.shell:create_environment_hook('leo_rover', 'pythonpath')
[6.519s] DEBUG:colcon.colcon_core.event_handler.log_command:Invoked command in '/home/sfr2024/assessment/team3_project/src/leo_rover' returned '0': PYTHONPATH=/home/sfr2024/assessment/team3_project/build/leo_rover/prefix_override:/usr/lib/python3/dist-packages/colcon_core/task/python/colcon_distutils_commands:/home/sfr2024/assessment/team3_project/install/leo_rover/lib/python3.10/site-packages:${PYTHONPATH} /usr/bin/python3 -W ignore:setup.py install is deprecated setup.py egg_info --egg-base ../../build/leo_rover build --build-base /home/sfr2024/assessment/team3_project/build/leo_rover/build install --record /home/sfr2024/assessment/team3_project/build/leo_rover/install.log --single-version-externally-managed install_data
[6.520s] INFO:colcon.colcon_core.shell:Creating environment hook '/home/sfr2024/assessment/team3_project/install/leo_rover/share/leo_rover/hook/pythonpath.ps1'
[6.521s] INFO:colcon.colcon_core.shell:Creating environment descriptor '/home/sfr2024/assessment/team3_project/install/leo_rover/share/leo_rover/hook/pythonpath.dsv'
[6.522s] INFO:colcon.colcon_core.shell:Creating environment hook '/home/sfr2024/assessment/team3_project/install/leo_rover/share/leo_rover/hook/pythonpath.sh'
[6.524s] Level 1:colcon.colcon_core.environment:checking '/home/sfr2024/assessment/team3_project/install/leo_rover/bin'
[6.524s] Level 1:colcon.colcon_core.environment:create_environment_scripts_only(leo_rover)
[6.525s] INFO:colcon.colcon_core.shell:Creating package script '/home/sfr2024/assessment/team3_project/install/leo_rover/share/leo_rover/package.ps1'
[6.526s] INFO:colcon.colcon_core.shell:Creating package descriptor '/home/sfr2024/assessment/team3_project/install/leo_rover/share/leo_rover/package.dsv'
[6.527s] INFO:colcon.colcon_core.shell:Creating package script '/home/sfr2024/assessment/team3_project/install/leo_rover/share/leo_rover/package.sh'
[6.528s] INFO:colcon.colcon_core.shell:Creating package script '/home/sfr2024/assessment/team3_project/install/leo_rover/share/leo_rover/package.bash'
[6.529s] INFO:colcon.colcon_core.shell:Creating package script '/home/sfr2024/assessment/team3_project/install/leo_rover/share/leo_rover/package.zsh'
[6.530s] Level 1:colcon.colcon_core.environment:create_file_with_runtime_dependencies(/home/sfr2024/assessment/team3_project/install/leo_rover/share/colcon-core/packages/leo_rover)
[6.531s] DEBUG:colcon.colcon_parallel_executor.executor.parallel:closing loop
[6.531s] DEBUG:colcon.colcon_parallel_executor.executor.parallel:loop closed
[6.531s] DEBUG:colcon.colcon_parallel_executor.executor.parallel:run_until_complete finished with '0'
[6.532s] DEBUG:colcon.colcon_core.event_reactor:joining thread
[6.551s] INFO:colcon.colcon_core.plugin_system:Skipping extension 'colcon_notification.desktop_notification.terminal_notifier': Not used on non-Darwin systems
[6.551s] INFO:colcon.colcon_core.plugin_system:Skipping extension 'colcon_notification.desktop_notification.win32': Not used on non-Windows systems
[6.551s] INFO:colcon.colcon_notification.desktop_notification:Sending desktop notification using 'notify2'
[6.601s] DEBUG:colcon.colcon_core.event_reactor:joined thread
[6.602s] INFO:colcon.colcon_core.shell:Creating prefix script '/home/sfr2024/assessment/team3_project/install/local_setup.ps1'
[6.604s] INFO:colcon.colcon_core.shell:Creating prefix util module '/home/sfr2024/assessment/team3_project/install/_local_setup_util_ps1.py'
[6.607s] INFO:colcon.colcon_core.shell:Creating prefix chain script '/home/sfr2024/assessment/team3_project/install/setup.ps1'
[6.617s] INFO:colcon.colcon_core.shell:Creating prefix script '/home/sfr2024/assessment/team3_project/install/local_setup.sh'
[6.620s] INFO:colcon.colcon_core.shell:Creating prefix util module '/home/sfr2024/assessment/team3_project/install/_local_setup_util_sh.py'
[6.622s] INFO:colcon.colcon_core.shell:Creating prefix chain script '/home/sfr2024/assessment/team3_project/install/setup.sh'
[6.630s] INFO:colcon.colcon_core.shell:Creating prefix script '/home/sfr2024/assessment/team3_project/install/local_setup.bash'
[6.632s] INFO:colcon.colcon_core.shell:Creating prefix chain script '/home/sfr2024/assessment/team3_project/install/setup.bash'
[6.638s] INFO:colcon.colcon_core.shell:Creating prefix script '/home/sfr2024/assessment/team3_project/install/local_setup.zsh'
[6.639s] INFO:colcon.colcon_core.shell:Creating prefix chain script '/home/sfr2024/assessment/team3_project/install/setup.zsh'
