[4.373s] Invoking command in '/home/sfr2024/assessment/team3_project/src/leo_rover': PYTHONPATH=/home/sfr2024/assessment/team3_project/build/leo_rover/prefix_override:/usr/lib/python3/dist-packages/colcon_core/task/python/colcon_distutils_commands:/home/sfr2024/assessment/team3_project/install/leo_rover/lib/python3.10/site-packages:${PYTHONPATH} /usr/bin/python3 -W ignore:setup.py install is deprecated setup.py egg_info --egg-base ../../build/leo_rover build --build-base /home/sfr2024/assessment/team3_project/build/leo_rover/build install --record /home/sfr2024/assessment/team3_project/build/leo_rover/install.log --single-version-externally-managed install_data
[5.290s] running egg_info
[5.292s] writing ../../build/leo_rover/leo_rover.egg-info/PKG-INFO
[5.293s] writing dependency_links to ../../build/leo_rover/leo_rover.egg-info/dependency_links.txt
[5.295s] writing entry points to ../../build/leo_rover/leo_rover.egg-info/entry_points.txt
[5.296s] writing requirements to ../../build/leo_rover/leo_rover.egg-info/requires.txt
[5.297s] writing top-level names to ../../build/leo_rover/leo_rover.egg-info/top_level.txt
[5.304s] reading manifest file '../../build/leo_rover/leo_rover.egg-info/SOURCES.txt'
[5.316s] writing manifest file '../../build/leo_rover/leo_rover.egg-info/SOURCES.txt'
[5.316s] running build
[5.316s] running build_py
[5.316s] running install
[5.317s] running install_lib
[5.322s] running install_data
[5.322s] running install_egg_info
[5.334s] removing '/home/sfr2024/assessment/team3_project/install/leo_rover/lib/python3.10/site-packages/leo_rover-0.0.0-py3.10.egg-info' (and everything under it)
[5.335s] Copying ../../build/leo_rover/leo_rover.egg-info to /home/sfr2024/assessment/team3_project/install/leo_rover/lib/python3.10/site-packages/leo_rover-0.0.0-py3.10.egg-info
[5.345s] running install_scripts
[5.393s] Installing leo_rover_node script to /home/sfr2024/assessment/team3_project/install/leo_rover/lib/leo_rover
[5.394s] writing list of installed files to '/home/sfr2024/assessment/team3_project/build/leo_rover/install.log'
[5.474s] Invoked command in '/home/sfr2024/assessment/team3_project/src/leo_rover' returned '0': PYTHONPATH=/home/sfr2024/assessment/team3_project/build/leo_rover/prefix_override:/usr/lib/python3/dist-packages/colcon_core/task/python/colcon_distutils_commands:/home/sfr2024/assessment/team3_project/install/leo_rover/lib/python3.10/site-packages:${PYTHONPATH} /usr/bin/python3 -W ignore:setup.py install is deprecated setup.py egg_info --egg-base ../../build/leo_rover build --build-base /home/sfr2024/assessment/team3_project/build/leo_rover/build install --record /home/sfr2024/assessment/team3_project/build/leo_rover/install.log --single-version-externally-managed install_data
