[2.303s] Invoking command in '/home/mscrobotics2425laptop14/Desktop/project/team3/team3-project/src/controller_server': CONDA_PROMPT_MODIFIER=(ros2) PYTHONPATH=/home/mscrobotics2425laptop14/Desktop/project/team3/team3-project/build/controller_server/prefix_override:/usr/lib/python3/dist-packages/colcon_core/task/python/colcon_distutils_commands:/home/mscrobotics2425laptop14/Desktop/project/team3/team3-project/install/controller_server/lib/python3.10/site-packages:${PYTHONPATH} /usr/bin/python3 -W ignore:setup.py install is deprecated setup.py egg_info --egg-base ../../build/controller_server build --build-base /home/mscrobotics2425laptop14/Desktop/project/team3/team3-project/build/controller_server/build install --record /home/mscrobotics2425laptop14/Desktop/project/team3/team3-project/build/controller_server/install.log --single-version-externally-managed install_data
[2.792s] running egg_info
[2.792s] writing ../../build/controller_server/controller_server.egg-info/PKG-INFO
[2.792s] writing dependency_links to ../../build/controller_server/controller_server.egg-info/dependency_links.txt
[2.792s] writing entry points to ../../build/controller_server/controller_server.egg-info/entry_points.txt
[2.792s] writing requirements to ../../build/controller_server/controller_server.egg-info/requires.txt
[2.792s] writing top-level names to ../../build/controller_server/controller_server.egg-info/top_level.txt
[2.797s] reading manifest file '../../build/controller_server/controller_server.egg-info/SOURCES.txt'
[2.797s] writing manifest file '../../build/controller_server/controller_server.egg-info/SOURCES.txt'
[2.800s] running build
[2.800s] running build_py
[2.800s] running install
[2.801s] running install_lib
[2.810s] running install_data
[2.810s] running install_egg_info
[2.811s] removing '/home/mscrobotics2425laptop14/Desktop/project/team3/team3-project/install/controller_server/lib/python3.10/site-packages/controller_server-0.0.0-py3.10.egg-info' (and everything under it)
[2.812s] Copying ../../build/controller_server/controller_server.egg-info to /home/mscrobotics2425laptop14/Desktop/project/team3/team3-project/install/controller_server/lib/python3.10/site-packages/controller_server-0.0.0-py3.10.egg-info
[2.814s] running install_scripts
[2.858s] Installing controller_server_node script to /home/mscrobotics2425laptop14/Desktop/project/team3/team3-project/install/controller_server/lib/controller_server
[2.859s] writing list of installed files to '/home/mscrobotics2425laptop14/Desktop/project/team3/team3-project/build/controller_server/install.log'
[2.959s] Invoked command in '/home/mscrobotics2425laptop14/Desktop/project/team3/team3-project/src/controller_server' returned '0': CONDA_PROMPT_MODIFIER=(ros2) PYTHONPATH=/home/mscrobotics2425laptop14/Desktop/project/team3/team3-project/build/controller_server/prefix_override:/usr/lib/python3/dist-packages/colcon_core/task/python/colcon_distutils_commands:/home/mscrobotics2425laptop14/Desktop/project/team3/team3-project/install/controller_server/lib/python3.10/site-packages:${PYTHONPATH} /usr/bin/python3 -W ignore:setup.py install is deprecated setup.py egg_info --egg-base ../../build/controller_server build --build-base /home/mscrobotics2425laptop14/Desktop/project/team3/team3-project/build/controller_server/build install --record /home/mscrobotics2425laptop14/Desktop/project/team3/team3-project/build/controller_server/install.log --single-version-externally-managed install_data
