[3.111s] Invoking command in '/home/sfr2024/assessment/team3_project/src/lidar': PYTHONPATH=/home/sfr2024/assessment/team3_project/build/lidar/prefix_override:/usr/lib/python3/dist-packages/colcon_core/task/python/colcon_distutils_commands:/home/sfr2024/assessment/team3_project/install/lidar/lib/python3.10/site-packages:${PYTHONPATH} /usr/bin/python3 -W ignore:setup.py install is deprecated setup.py egg_info --egg-base ../../build/lidar build --build-base /home/sfr2024/assessment/team3_project/build/lidar/build install --record /home/sfr2024/assessment/team3_project/build/lidar/install.log --single-version-externally-managed install_data
[3.625s] running egg_info
[3.626s] writing ../../build/lidar/lidar.egg-info/PKG-INFO
[3.627s] writing dependency_links to ../../build/lidar/lidar.egg-info/dependency_links.txt
[3.627s] writing entry points to ../../build/lidar/lidar.egg-info/entry_points.txt
[3.627s] writing requirements to ../../build/lidar/lidar.egg-info/requires.txt
[3.628s] writing top-level names to ../../build/lidar/lidar.egg-info/top_level.txt
[3.632s] reading manifest file '../../build/lidar/lidar.egg-info/SOURCES.txt'
[3.633s] writing manifest file '../../build/lidar/lidar.egg-info/SOURCES.txt'
[3.633s] running build
[3.633s] running build_py
[3.634s] running install
[3.634s] running install_lib
[3.636s] running install_data
[3.637s] running install_egg_info
[3.639s] removing '/home/sfr2024/assessment/team3_project/install/lidar/lib/python3.10/site-packages/lidar-0.0.0-py3.10.egg-info' (and everything under it)
[3.640s] Copying ../../build/lidar/lidar.egg-info to /home/sfr2024/assessment/team3_project/install/lidar/lib/python3.10/site-packages/lidar-0.0.0-py3.10.egg-info
[3.641s] running install_scripts
[3.678s] Installing lidar_node script to /home/sfr2024/assessment/team3_project/install/lidar/lib/lidar
[3.679s] writing list of installed files to '/home/sfr2024/assessment/team3_project/build/lidar/install.log'
[3.719s] Invoked command in '/home/sfr2024/assessment/team3_project/src/lidar' returned '0': PYTHONPATH=/home/sfr2024/assessment/team3_project/build/lidar/prefix_override:/usr/lib/python3/dist-packages/colcon_core/task/python/colcon_distutils_commands:/home/sfr2024/assessment/team3_project/install/lidar/lib/python3.10/site-packages:${PYTHONPATH} /usr/bin/python3 -W ignore:setup.py install is deprecated setup.py egg_info --egg-base ../../build/lidar build --build-base /home/sfr2024/assessment/team3_project/build/lidar/build install --record /home/sfr2024/assessment/team3_project/build/lidar/install.log --single-version-externally-managed install_data
