[4.899s] Invoking command in '/home/mscrobotics2425laptop14/Desktop/project/team3/team3-project/src/map': CONDA_PROMPT_MODIFIER=(ros2) PYTHONPATH=/home/mscrobotics2425laptop14/Desktop/project/team3/team3-project/build/map/prefix_override:/usr/lib/python3/dist-packages/colcon_core/task/python/colcon_distutils_commands:/home/mscrobotics2425laptop14/Desktop/project/team3/team3-project/install/map/lib/python3.10/site-packages:${PYTHONPATH} /usr/bin/python3 -W ignore:setup.py install is deprecated setup.py egg_info --egg-base ../../build/map build --build-base /home/mscrobotics2425laptop14/Desktop/project/team3/team3-project/build/map/build install --record /home/mscrobotics2425laptop14/Desktop/project/team3/team3-project/build/map/install.log --single-version-externally-managed install_data
[6.498s] running egg_info
[6.502s] writing ../../build/map/map.egg-info/PKG-INFO
[6.502s] writing dependency_links to ../../build/map/map.egg-info/dependency_links.txt
[6.505s] writing entry points to ../../build/map/map.egg-info/entry_points.txt
[6.505s] writing requirements to ../../build/map/map.egg-info/requires.txt
[6.509s] writing top-level names to ../../build/map/map.egg-info/top_level.txt
[6.509s] reading manifest file '../../build/map/map.egg-info/SOURCES.txt'
[6.519s] writing manifest file '../../build/map/map.egg-info/SOURCES.txt'
[6.521s] running build
[6.521s] running build_py
[6.522s] running install
[6.525s] running install_lib
[6.532s] running install_data
[6.535s] running install_egg_info
[6.545s] removing '/home/mscrobotics2425laptop14/Desktop/project/team3/team3-project/install/map/lib/python3.10/site-packages/map-0.0.0-py3.10.egg-info' (and everything under it)
[6.549s] Copying ../../build/map/map.egg-info to /home/mscrobotics2425laptop14/Desktop/project/team3/team3-project/install/map/lib/python3.10/site-packages/map-0.0.0-py3.10.egg-info
[6.559s] running install_scripts
[6.671s] Installing map_node script to /home/mscrobotics2425laptop14/Desktop/project/team3/team3-project/install/map/lib/map
[6.675s] writing list of installed files to '/home/mscrobotics2425laptop14/Desktop/project/team3/team3-project/build/map/install.log'
[6.804s] Invoked command in '/home/mscrobotics2425laptop14/Desktop/project/team3/team3-project/src/map' returned '0': CONDA_PROMPT_MODIFIER=(ros2) PYTHONPATH=/home/mscrobotics2425laptop14/Desktop/project/team3/team3-project/build/map/prefix_override:/usr/lib/python3/dist-packages/colcon_core/task/python/colcon_distutils_commands:/home/mscrobotics2425laptop14/Desktop/project/team3/team3-project/install/map/lib/python3.10/site-packages:${PYTHONPATH} /usr/bin/python3 -W ignore:setup.py install is deprecated setup.py egg_info --egg-base ../../build/map build --build-base /home/mscrobotics2425laptop14/Desktop/project/team3/team3-project/build/map/build install --record /home/mscrobotics2425laptop14/Desktop/project/team3/team3-project/build/map/install.log --single-version-externally-managed install_data
