[4.134s] Invoking command in '/home/sfr2024/assessment/team3_project/src/nuc': PYTHONPATH=/home/sfr2024/assessment/team3_project/build/nuc/prefix_override:/usr/lib/python3/dist-packages/colcon_core/task/python/colcon_distutils_commands:/home/sfr2024/assessment/team3_project/install/nuc/lib/python3.10/site-packages:${PYTHONPATH} /usr/bin/python3 -W ignore:setup.py install is deprecated setup.py egg_info --egg-base ../../build/nuc build --build-base /home/sfr2024/assessment/team3_project/build/nuc/build install --record /home/sfr2024/assessment/team3_project/build/nuc/install.log --single-version-externally-managed install_data
[5.198s] running egg_info
[5.201s] writing ../../build/nuc/nuc.egg-info/PKG-INFO
[5.202s] writing dependency_links to ../../build/nuc/nuc.egg-info/dependency_links.txt
[5.204s] writing entry points to ../../build/nuc/nuc.egg-info/entry_points.txt
[5.204s] writing requirements to ../../build/nuc/nuc.egg-info/requires.txt
[5.204s] writing top-level names to ../../build/nuc/nuc.egg-info/top_level.txt
[5.212s] reading manifest file '../../build/nuc/nuc.egg-info/SOURCES.txt'
[5.217s] writing manifest file '../../build/nuc/nuc.egg-info/SOURCES.txt'
[5.217s] running build
[5.218s] running build_py
[5.218s] running install
[5.220s] running install_lib
[5.225s] running install_data
[5.225s] copying launch/start_all_nodes.launch.py -> /home/sfr2024/assessment/team3_project/install/nuc/share/nuc/launch
[5.226s] running install_egg_info
[5.236s] removing '/home/sfr2024/assessment/team3_project/install/nuc/lib/python3.10/site-packages/nuc-0.0.0-py3.10.egg-info' (and everything under it)
[5.238s] Copying ../../build/nuc/nuc.egg-info to /home/sfr2024/assessment/team3_project/install/nuc/lib/python3.10/site-packages/nuc-0.0.0-py3.10.egg-info
[5.243s] running install_scripts
[5.335s] Installing nuc_node script to /home/sfr2024/assessment/team3_project/install/nuc/lib/nuc
[5.337s] writing list of installed files to '/home/sfr2024/assessment/team3_project/build/nuc/install.log'
[5.395s] Invoked command in '/home/sfr2024/assessment/team3_project/src/nuc' returned '0': PYTHONPATH=/home/sfr2024/assessment/team3_project/build/nuc/prefix_override:/usr/lib/python3/dist-packages/colcon_core/task/python/colcon_distutils_commands:/home/sfr2024/assessment/team3_project/install/nuc/lib/python3.10/site-packages:${PYTHONPATH} /usr/bin/python3 -W ignore:setup.py install is deprecated setup.py egg_info --egg-base ../../build/nuc build --build-base /home/sfr2024/assessment/team3_project/build/nuc/build install --record /home/sfr2024/assessment/team3_project/build/nuc/install.log --single-version-externally-managed install_data
