[4.237s] Invoking command in '/home/sfr2024/assessment/team3_project/src/leo_rover': PYTHONPATH=/home/sfr2024/assessment/team3_project/build/leo_rover/prefix_override:/usr/lib/python3/dist-packages/colcon_core/task/python/colcon_distutils_commands:/home/sfr2024/assessment/team3_project/install/leo_rover/lib/python3.10/site-packages:${PYTHONPATH} /usr/bin/python3 -W ignore:setup.py install is deprecated setup.py egg_info --egg-base ../../build/leo_rover build --build-base /home/sfr2024/assessment/team3_project/build/leo_rover/build install --record /home/sfr2024/assessment/team3_project/build/leo_rover/install.log --single-version-externally-managed install_data
[5.366s] running egg_info
[5.369s] creating ../../build/leo_rover/leo_rover.egg-info
[5.369s] writing ../../build/leo_rover/leo_rover.egg-info/PKG-INFO
[5.370s] writing dependency_links to ../../build/leo_rover/leo_rover.egg-info/dependency_links.txt
[5.370s] writing entry points to ../../build/leo_rover/leo_rover.egg-info/entry_points.txt
[5.370s] writing requirements to ../../build/leo_rover/leo_rover.egg-info/requires.txt
[5.371s] writing top-level names to ../../build/leo_rover/leo_rover.egg-info/top_level.txt
[5.371s] writing manifest file '../../build/leo_rover/leo_rover.egg-info/SOURCES.txt'
[5.384s] reading manifest file '../../build/leo_rover/leo_rover.egg-info/SOURCES.txt'
[5.384s] writing manifest file '../../build/leo_rover/leo_rover.egg-info/SOURCES.txt'
[5.384s] running build
[5.384s] running build_py
[5.385s] creating /home/sfr2024/assessment/team3_project/build/leo_rover/build
[5.385s] creating /home/sfr2024/assessment/team3_project/build/leo_rover/build/lib
[5.386s] creating /home/sfr2024/assessment/team3_project/build/leo_rover/build/lib/leo_rover
[5.386s] copying leo_rover/__init__.py -> /home/sfr2024/assessment/team3_project/build/leo_rover/build/lib/leo_rover
[5.387s] copying leo_rover/leo_rover_node.py -> /home/sfr2024/assessment/team3_project/build/leo_rover/build/lib/leo_rover
[5.387s] running install
[5.388s] running install_lib
[5.391s] creating /home/sfr2024/assessment/team3_project/install/leo_rover/lib/python3.10/site-packages/leo_rover
[5.392s] copying /home/sfr2024/assessment/team3_project/build/leo_rover/build/lib/leo_rover/__init__.py -> /home/sfr2024/assessment/team3_project/install/leo_rover/lib/python3.10/site-packages/leo_rover
[5.393s] copying /home/sfr2024/assessment/team3_project/build/leo_rover/build/lib/leo_rover/leo_rover_node.py -> /home/sfr2024/assessment/team3_project/install/leo_rover/lib/python3.10/site-packages/leo_rover
[5.395s] byte-compiling /home/sfr2024/assessment/team3_project/install/leo_rover/lib/python3.10/site-packages/leo_rover/__init__.py to __init__.cpython-310.pyc
[5.395s] byte-compiling /home/sfr2024/assessment/team3_project/install/leo_rover/lib/python3.10/site-packages/leo_rover/leo_rover_node.py to leo_rover_node.cpython-310.pyc
[5.398s] running install_data
[5.398s] creating /home/sfr2024/assessment/team3_project/install/leo_rover/share/ament_index
[5.399s] creating /home/sfr2024/assessment/team3_project/install/leo_rover/share/ament_index/resource_index
[5.399s] creating /home/sfr2024/assessment/team3_project/install/leo_rover/share/ament_index/resource_index/packages
[5.399s] copying resource/leo_rover -> /home/sfr2024/assessment/team3_project/install/leo_rover/share/ament_index/resource_index/packages
[5.399s] copying package.xml -> /home/sfr2024/assessment/team3_project/install/leo_rover/share/leo_rover
[5.400s] running install_egg_info
[5.407s] Copying ../../build/leo_rover/leo_rover.egg-info to /home/sfr2024/assessment/team3_project/install/leo_rover/lib/python3.10/site-packages/leo_rover-0.0.0-py3.10.egg-info
[5.410s] running install_scripts
[5.488s] Installing leo_rover_node script to /home/sfr2024/assessment/team3_project/install/leo_rover/lib/leo_rover
[5.489s] writing list of installed files to '/home/sfr2024/assessment/team3_project/build/leo_rover/install.log'
[5.597s] Invoked command in '/home/sfr2024/assessment/team3_project/src/leo_rover' returned '0': PYTHONPATH=/home/sfr2024/assessment/team3_project/build/leo_rover/prefix_override:/usr/lib/python3/dist-packages/colcon_core/task/python/colcon_distutils_commands:/home/sfr2024/assessment/team3_project/install/leo_rover/lib/python3.10/site-packages:${PYTHONPATH} /usr/bin/python3 -W ignore:setup.py install is deprecated setup.py egg_info --egg-base ../../build/leo_rover build --build-base /home/sfr2024/assessment/team3_project/build/leo_rover/build install --record /home/sfr2024/assessment/team3_project/build/leo_rover/install.log --single-version-externally-managed install_data
