[4.357s] Invoking command in '/home/sfr2024/assessment/team3_project/src/camera': PYTHONPATH=/home/sfr2024/assessment/team3_project/build/camera/prefix_override:/usr/lib/python3/dist-packages/colcon_core/task/python/colcon_distutils_commands:/home/sfr2024/assessment/team3_project/install/camera/lib/python3.10/site-packages:${PYTHONPATH} /usr/bin/python3 -W ignore:setup.py install is deprecated setup.py egg_info --egg-base ../../build/camera build --build-base /home/sfr2024/assessment/team3_project/build/camera/build install --record /home/sfr2024/assessment/team3_project/build/camera/install.log --single-version-externally-managed install_data
[5.426s] running egg_info
[5.428s] writing ../../build/camera/camera.egg-info/PKG-INFO
[5.428s] writing dependency_links to ../../build/camera/camera.egg-info/dependency_links.txt
[5.429s] writing entry points to ../../build/camera/camera.egg-info/entry_points.txt
[5.431s] writing requirements to ../../build/camera/camera.egg-info/requires.txt
[5.431s] writing top-level names to ../../build/camera/camera.egg-info/top_level.txt
[5.438s] reading manifest file '../../build/camera/camera.egg-info/SOURCES.txt'
[5.441s] writing manifest file '../../build/camera/camera.egg-info/SOURCES.txt'
[5.441s] running build
[5.441s] running build_py
[5.442s] running install
[5.445s] running install_lib
[5.454s] running install_data
[5.454s] running install_egg_info
[5.463s] removing '/home/sfr2024/assessment/team3_project/install/camera/lib/python3.10/site-packages/camera-0.0.0-py3.10.egg-info' (and everything under it)
[5.464s] Copying ../../build/camera/camera.egg-info to /home/sfr2024/assessment/team3_project/install/camera/lib/python3.10/site-packages/camera-0.0.0-py3.10.egg-info
[5.467s] running install_scripts
[5.558s] Installing camera_node script to /home/sfr2024/assessment/team3_project/install/camera/lib/camera
[5.561s] writing list of installed files to '/home/sfr2024/assessment/team3_project/build/camera/install.log'
[5.649s] Invoked command in '/home/sfr2024/assessment/team3_project/src/camera' returned '0': PYTHONPATH=/home/sfr2024/assessment/team3_project/build/camera/prefix_override:/usr/lib/python3/dist-packages/colcon_core/task/python/colcon_distutils_commands:/home/sfr2024/assessment/team3_project/install/camera/lib/python3.10/site-packages:${PYTHONPATH} /usr/bin/python3 -W ignore:setup.py install is deprecated setup.py egg_info --egg-base ../../build/camera build --build-base /home/sfr2024/assessment/team3_project/build/camera/build install --record /home/sfr2024/assessment/team3_project/build/camera/install.log --single-version-externally-managed install_data
