[4.174s] Invoking command in '/home/sfr2024/assessment/team3_project/src/lidar': PYTHONPATH=/home/sfr2024/assessment/team3_project/build/lidar/prefix_override:/usr/lib/python3/dist-packages/colcon_core/task/python/colcon_distutils_commands:/home/sfr2024/assessment/team3_project/install/lidar/lib/python3.10/site-packages:${PYTHONPATH} /usr/bin/python3 -W ignore:setup.py install is deprecated setup.py egg_info --egg-base ../../build/lidar build --build-base /home/sfr2024/assessment/team3_project/build/lidar/build install --record /home/sfr2024/assessment/team3_project/build/lidar/install.log --single-version-externally-managed install_data
[4.791s] running egg_info
[4.793s] writing ../../build/lidar/lidar.egg-info/PKG-INFO
[4.794s] writing dependency_links to ../../build/lidar/lidar.egg-info/dependency_links.txt
[4.794s] writing entry points to ../../build/lidar/lidar.egg-info/entry_points.txt
[4.794s] writing requirements to ../../build/lidar/lidar.egg-info/requires.txt
[4.795s] writing top-level names to ../../build/lidar/lidar.egg-info/top_level.txt
[4.797s] reading manifest file '../../build/lidar/lidar.egg-info/SOURCES.txt'
[4.799s] writing manifest file '../../build/lidar/lidar.egg-info/SOURCES.txt'
[4.799s] running build
[4.799s] running build_py
[4.800s] running install
[4.801s] running install_lib
[4.804s] running install_data
[4.804s] running install_egg_info
[4.811s] removing '/home/sfr2024/assessment/team3_project/install/lidar/lib/python3.10/site-packages/lidar-0.0.0-py3.10.egg-info' (and everything under it)
[4.812s] Copying ../../build/lidar/lidar.egg-info to /home/sfr2024/assessment/team3_project/install/lidar/lib/python3.10/site-packages/lidar-0.0.0-py3.10.egg-info
[4.816s] running install_scripts
[4.878s] Installing lidar_node script to /home/sfr2024/assessment/team3_project/install/lidar/lib/lidar
[4.879s] writing list of installed files to '/home/sfr2024/assessment/team3_project/build/lidar/install.log'
[4.926s] Invoked command in '/home/sfr2024/assessment/team3_project/src/lidar' returned '0': PYTHONPATH=/home/sfr2024/assessment/team3_project/build/lidar/prefix_override:/usr/lib/python3/dist-packages/colcon_core/task/python/colcon_distutils_commands:/home/sfr2024/assessment/team3_project/install/lidar/lib/python3.10/site-packages:${PYTHONPATH} /usr/bin/python3 -W ignore:setup.py install is deprecated setup.py egg_info --egg-base ../../build/lidar build --build-base /home/sfr2024/assessment/team3_project/build/lidar/build install --record /home/sfr2024/assessment/team3_project/build/lidar/install.log --single-version-externally-managed install_data
