[5.538s] Invoking command in '/home/mscrobotics2425laptop14/Desktop/project/team3/team3-project/src/robotic_arm': CONDA_PROMPT_MODIFIER=(ros2) PYTHONPATH=/home/mscrobotics2425laptop14/Desktop/project/team3/team3-project/build/robotic_arm/prefix_override:/usr/lib/python3/dist-packages/colcon_core/task/python/colcon_distutils_commands:/home/mscrobotics2425laptop14/Desktop/project/team3/team3-project/install/robotic_arm/lib/python3.10/site-packages:${PYTHONPATH} /usr/bin/python3 -W ignore:setup.py install is deprecated setup.py egg_info --egg-base ../../build/robotic_arm build --build-base /home/mscrobotics2425laptop14/Desktop/project/team3/team3-project/build/robotic_arm/build install --record /home/mscrobotics2425laptop14/Desktop/project/team3/team3-project/build/robotic_arm/install.log --single-version-externally-managed install_data
[6.987s] running egg_info
[6.992s] writing ../../build/robotic_arm/robotic_arm.egg-info/PKG-INFO
[6.996s] writing dependency_links to ../../build/robotic_arm/robotic_arm.egg-info/dependency_links.txt
[6.996s] writing entry points to ../../build/robotic_arm/robotic_arm.egg-info/entry_points.txt
[6.996s] writing requirements to ../../build/robotic_arm/robotic_arm.egg-info/requires.txt
[6.997s] writing top-level names to ../../build/robotic_arm/robotic_arm.egg-info/top_level.txt
[7.004s] reading manifest file '../../build/robotic_arm/robotic_arm.egg-info/SOURCES.txt'
[7.004s] writing manifest file '../../build/robotic_arm/robotic_arm.egg-info/SOURCES.txt'
[7.004s] running build
[7.004s] running build_py
[7.004s] running install
[7.005s] running install_lib
[7.009s] running install_data
[7.009s] running install_egg_info
[7.017s] removing '/home/mscrobotics2425laptop14/Desktop/project/team3/team3-project/install/robotic_arm/lib/python3.10/site-packages/robotic_arm-0.0.0-py3.10.egg-info' (and everything under it)
[7.017s] Copying ../../build/robotic_arm/robotic_arm.egg-info to /home/mscrobotics2425laptop14/Desktop/project/team3/team3-project/install/robotic_arm/lib/python3.10/site-packages/robotic_arm-0.0.0-py3.10.egg-info
[7.021s] running install_scripts
[7.092s] Installing robotic_arm_node script to /home/mscrobotics2425laptop14/Desktop/project/team3/team3-project/install/robotic_arm/lib/robotic_arm
[7.092s] writing list of installed files to '/home/mscrobotics2425laptop14/Desktop/project/team3/team3-project/build/robotic_arm/install.log'
[7.167s] Invoked command in '/home/mscrobotics2425laptop14/Desktop/project/team3/team3-project/src/robotic_arm' returned '0': CONDA_PROMPT_MODIFIER=(ros2) PYTHONPATH=/home/mscrobotics2425laptop14/Desktop/project/team3/team3-project/build/robotic_arm/prefix_override:/usr/lib/python3/dist-packages/colcon_core/task/python/colcon_distutils_commands:/home/mscrobotics2425laptop14/Desktop/project/team3/team3-project/install/robotic_arm/lib/python3.10/site-packages:${PYTHONPATH} /usr/bin/python3 -W ignore:setup.py install is deprecated setup.py egg_info --egg-base ../../build/robotic_arm build --build-base /home/mscrobotics2425laptop14/Desktop/project/team3/team3-project/build/robotic_arm/build install --record /home/mscrobotics2425laptop14/Desktop/project/team3/team3-project/build/robotic_arm/install.log --single-version-externally-managed install_data
