[3.645s] Invoking command in '/home/sfr2024/assessment/team3_project/src/navigation': PYTHONPATH=/home/sfr2024/assessment/team3_project/build/navigation/prefix_override:/usr/lib/python3/dist-packages/colcon_core/task/python/colcon_distutils_commands:/home/sfr2024/assessment/team3_project/install/navigation/lib/python3.10/site-packages:${PYTHONPATH} /usr/bin/python3 -W ignore:setup.py install is deprecated setup.py egg_info --egg-base ../../build/navigation build --build-base /home/sfr2024/assessment/team3_project/build/navigation/build install --record /home/sfr2024/assessment/team3_project/build/navigation/install.log --single-version-externally-managed install_data
[4.804s] running egg_info
[4.807s] writing ../../build/navigation/navigation.egg-info/PKG-INFO
[4.808s] writing dependency_links to ../../build/navigation/navigation.egg-info/dependency_links.txt
[4.809s] writing entry points to ../../build/navigation/navigation.egg-info/entry_points.txt
[4.812s] writing requirements to ../../build/navigation/navigation.egg-info/requires.txt
[4.812s] writing top-level names to ../../build/navigation/navigation.egg-info/top_level.txt
[4.817s] reading manifest file '../../build/navigation/navigation.egg-info/SOURCES.txt'
[4.823s] writing manifest file '../../build/navigation/navigation.egg-info/SOURCES.txt'
[4.824s] running build
[4.824s] running build_py
[4.825s] copying navigation/navigation_node.py -> /home/sfr2024/assessment/team3_project/build/navigation/build/lib/navigation
[4.828s] running install
[4.831s] running install_lib
[4.834s] copying /home/sfr2024/assessment/team3_project/build/navigation/build/lib/navigation/navigation_node.py -> /home/sfr2024/assessment/team3_project/install/navigation/lib/python3.10/site-packages/navigation
[4.837s] byte-compiling /home/sfr2024/assessment/team3_project/install/navigation/lib/python3.10/site-packages/navigation/navigation_node.py to navigation_node.cpython-310.pyc
[4.840s] running install_data
[4.841s] running install_egg_info
[4.871s] removing '/home/sfr2024/assessment/team3_project/install/navigation/lib/python3.10/site-packages/navigation-0.0.0-py3.10.egg-info' (and everything under it)
[4.876s] Copying ../../build/navigation/navigation.egg-info to /home/sfr2024/assessment/team3_project/install/navigation/lib/python3.10/site-packages/navigation-0.0.0-py3.10.egg-info
[4.886s] running install_scripts
[4.992s] Installing navigation_node script to /home/sfr2024/assessment/team3_project/install/navigation/lib/navigation
[4.993s] writing list of installed files to '/home/sfr2024/assessment/team3_project/build/navigation/install.log'
[5.069s] Invoked command in '/home/sfr2024/assessment/team3_project/src/navigation' returned '0': PYTHONPATH=/home/sfr2024/assessment/team3_project/build/navigation/prefix_override:/usr/lib/python3/dist-packages/colcon_core/task/python/colcon_distutils_commands:/home/sfr2024/assessment/team3_project/install/navigation/lib/python3.10/site-packages:${PYTHONPATH} /usr/bin/python3 -W ignore:setup.py install is deprecated setup.py egg_info --egg-base ../../build/navigation build --build-base /home/sfr2024/assessment/team3_project/build/navigation/build install --record /home/sfr2024/assessment/team3_project/build/navigation/install.log --single-version-externally-managed install_data
