running egg_info
writing ../../build/leo_rover/leo_rover.egg-info/PKG-INFO
writing dependency_links to ../../build/leo_rover/leo_rover.egg-info/dependency_links.txt
writing entry points to ../../build/leo_rover/leo_rover.egg-info/entry_points.txt
writing requirements to ../../build/leo_rover/leo_rover.egg-info/requires.txt
writing top-level names to ../../build/leo_rover/leo_rover.egg-info/top_level.txt
reading manifest file '../../build/leo_rover/leo_rover.egg-info/SOURCES.txt'
writing manifest file '../../build/leo_rover/leo_rover.egg-info/SOURCES.txt'
running build
running build_py
copying leo_rover/leo_rover_node.py -> /home/sfr2024/assessment/team3_project/build/leo_rover/build/lib/leo_rover
running install
running install_lib
copying /home/sfr2024/assessment/team3_project/build/leo_rover/build/lib/leo_rover/leo_rover_node.py -> /home/sfr2024/assessment/team3_project/install/leo_rover/lib/python3.10/site-packages/leo_rover
byte-compiling /home/sfr2024/assessment/team3_project/install/leo_rover/lib/python3.10/site-packages/leo_rover/leo_rover_node.py to leo_rover_node.cpython-310.pyc
running install_data
running install_egg_info
removing '/home/sfr2024/assessment/team3_project/install/leo_rover/lib/python3.10/site-packages/leo_rover-0.0.0-py3.10.egg-info' (and everything under it)
Copying ../../build/leo_rover/leo_rover.egg-info to /home/sfr2024/assessment/team3_project/install/leo_rover/lib/python3.10/site-packages/leo_rover-0.0.0-py3.10.egg-info
running install_scripts
Installing leo_rover_node script to /home/sfr2024/assessment/team3_project/install/leo_rover/lib/leo_rover
writing list of installed files to '/home/sfr2024/assessment/team3_project/build/leo_rover/install.log'
