[2.754s] Invoking command in '/home/mscrobotics2425laptop14/Desktop/project/team3/team3-project/src/controller_server': CONDA_PROMPT_MODIFIER=(ros2) PYTHONPATH=/home/mscrobotics2425laptop14/Desktop/project/team3/team3-project/build/controller_server/prefix_override:/usr/lib/python3/dist-packages/colcon_core/task/python/colcon_distutils_commands:/home/mscrobotics2425laptop14/Desktop/project/team3/team3-project/install/controller_server/lib/python3.10/site-packages:${PYTHONPATH} /usr/bin/python3 -W ignore:setup.py install is deprecated setup.py egg_info --egg-base ../../build/controller_server build --build-base /home/mscrobotics2425laptop14/Desktop/project/team3/team3-project/build/controller_server/build install --record /home/mscrobotics2425laptop14/Desktop/project/team3/team3-project/build/controller_server/install.log --single-version-externally-managed install_data
[3.372s] running egg_info
[3.375s] writing ../../build/controller_server/controller_server.egg-info/PKG-INFO
[3.375s] writing dependency_links to ../../build/controller_server/controller_server.egg-info/dependency_links.txt
[3.376s] writing entry points to ../../build/controller_server/controller_server.egg-info/entry_points.txt
[3.376s] writing requirements to ../../build/controller_server/controller_server.egg-info/requires.txt
[3.376s] writing top-level names to ../../build/controller_server/controller_server.egg-info/top_level.txt
[3.380s] reading manifest file '../../build/controller_server/controller_server.egg-info/SOURCES.txt'
[3.382s] writing manifest file '../../build/controller_server/controller_server.egg-info/SOURCES.txt'
[3.382s] running build
[3.382s] running build_py
[3.383s] running install
[3.383s] running install_lib
[3.387s] byte-compiling /home/mscrobotics2425laptop14/Desktop/project/team3/team3-project/install/controller_server/lib/python3.10/site-packages/controller_server/controller_server_node.py to controller_server_node.cpython-310.pyc
[3.388s] byte-compiling /home/mscrobotics2425laptop14/Desktop/project/team3/team3-project/install/controller_server/lib/python3.10/site-packages/controller_server/__init__.py to __init__.cpython-310.pyc
[3.388s] running install_data
[3.389s] running install_egg_info
[3.398s] removing '/home/mscrobotics2425laptop14/Desktop/project/team3/team3-project/install/controller_server/lib/python3.10/site-packages/controller_server-0.0.0-py3.10.egg-info' (and everything under it)
[3.398s] Copying ../../build/controller_server/controller_server.egg-info to /home/mscrobotics2425laptop14/Desktop/project/team3/team3-project/install/controller_server/lib/python3.10/site-packages/controller_server-0.0.0-py3.10.egg-info
[3.398s] running install_scripts
[3.453s] Installing controller_server_node script to /home/mscrobotics2425laptop14/Desktop/project/team3/team3-project/install/controller_server/lib/controller_server
[3.454s] writing list of installed files to '/home/mscrobotics2425laptop14/Desktop/project/team3/team3-project/build/controller_server/install.log'
[3.546s] Invoked command in '/home/mscrobotics2425laptop14/Desktop/project/team3/team3-project/src/controller_server' returned '0': CONDA_PROMPT_MODIFIER=(ros2) PYTHONPATH=/home/mscrobotics2425laptop14/Desktop/project/team3/team3-project/build/controller_server/prefix_override:/usr/lib/python3/dist-packages/colcon_core/task/python/colcon_distutils_commands:/home/mscrobotics2425laptop14/Desktop/project/team3/team3-project/install/controller_server/lib/python3.10/site-packages:${PYTHONPATH} /usr/bin/python3 -W ignore:setup.py install is deprecated setup.py egg_info --egg-base ../../build/controller_server build --build-base /home/mscrobotics2425laptop14/Desktop/project/team3/team3-project/build/controller_server/build install --record /home/mscrobotics2425laptop14/Desktop/project/team3/team3-project/build/controller_server/install.log --single-version-externally-managed install_data
