[4.624s] Invoking command in '/home/mscrobotics2425laptop14/Desktop/project/team3/team3-project/src/leo_rover': CONDA_PROMPT_MODIFIER=(ros2) PYTHONPATH=/home/mscrobotics2425laptop14/Desktop/project/team3/team3-project/build/leo_rover/prefix_override:/usr/lib/python3/dist-packages/colcon_core/task/python/colcon_distutils_commands:/home/mscrobotics2425laptop14/Desktop/project/team3/team3-project/install/leo_rover/lib/python3.10/site-packages:${PYTHONPATH} /usr/bin/python3 -W ignore:setup.py install is deprecated setup.py egg_info --egg-base ../../build/leo_rover build --build-base /home/mscrobotics2425laptop14/Desktop/project/team3/team3-project/build/leo_rover/build install --record /home/mscrobotics2425laptop14/Desktop/project/team3/team3-project/build/leo_rover/install.log --single-version-externally-managed install_data
[5.660s] running egg_info
[5.660s] writing ../../build/leo_rover/leo_rover.egg-info/PKG-INFO
[5.660s] writing dependency_links to ../../build/leo_rover/leo_rover.egg-info/dependency_links.txt
[5.660s] writing entry points to ../../build/leo_rover/leo_rover.egg-info/entry_points.txt
[5.660s] writing requirements to ../../build/leo_rover/leo_rover.egg-info/requires.txt
[5.661s] writing top-level names to ../../build/leo_rover/leo_rover.egg-info/top_level.txt
[5.673s] reading manifest file '../../build/leo_rover/leo_rover.egg-info/SOURCES.txt'
[5.677s] writing manifest file '../../build/leo_rover/leo_rover.egg-info/SOURCES.txt'
[5.678s] running build
[5.678s] running build_py
[5.681s] running install
[5.689s] running install_lib
[5.691s] running install_data
[5.692s] running install_egg_info
[5.701s] removing '/home/mscrobotics2425laptop14/Desktop/project/team3/team3-project/install/leo_rover/lib/python3.10/site-packages/leo_rover-0.0.0-py3.10.egg-info' (and everything under it)
[5.704s] Copying ../../build/leo_rover/leo_rover.egg-info to /home/mscrobotics2425laptop14/Desktop/project/team3/team3-project/install/leo_rover/lib/python3.10/site-packages/leo_rover-0.0.0-py3.10.egg-info
[5.704s] running install_scripts
[5.765s] Installing leo_rover_node script to /home/mscrobotics2425laptop14/Desktop/project/team3/team3-project/install/leo_rover/lib/leo_rover
[5.768s] writing list of installed files to '/home/mscrobotics2425laptop14/Desktop/project/team3/team3-project/build/leo_rover/install.log'
[5.900s] Invoked command in '/home/mscrobotics2425laptop14/Desktop/project/team3/team3-project/src/leo_rover' returned '0': CONDA_PROMPT_MODIFIER=(ros2) PYTHONPATH=/home/mscrobotics2425laptop14/Desktop/project/team3/team3-project/build/leo_rover/prefix_override:/usr/lib/python3/dist-packages/colcon_core/task/python/colcon_distutils_commands:/home/mscrobotics2425laptop14/Desktop/project/team3/team3-project/install/leo_rover/lib/python3.10/site-packages:${PYTHONPATH} /usr/bin/python3 -W ignore:setup.py install is deprecated setup.py egg_info --egg-base ../../build/leo_rover build --build-base /home/mscrobotics2425laptop14/Desktop/project/team3/team3-project/build/leo_rover/build install --record /home/mscrobotics2425laptop14/Desktop/project/team3/team3-project/build/leo_rover/install.log --single-version-externally-managed install_data
