running egg_info
creating ../../build/map/map.egg-info
writing ../../build/map/map.egg-info/PKG-INFO
writing dependency_links to ../../build/map/map.egg-info/dependency_links.txt
writing entry points to ../../build/map/map.egg-info/entry_points.txt
writing requirements to ../../build/map/map.egg-info/requires.txt
writing top-level names to ../../build/map/map.egg-info/top_level.txt
writing manifest file '../../build/map/map.egg-info/SOURCES.txt'
reading manifest file '../../build/map/map.egg-info/SOURCES.txt'
writing manifest file '../../build/map/map.egg-info/SOURCES.txt'
running build
running build_py
creating /home/sfr2024/assessment/team3_project/build/map/build
creating /home/sfr2024/assessment/team3_project/build/map/build/lib
creating /home/sfr2024/assessment/team3_project/build/map/build/lib/map
copying map/__init__.py -> /home/sfr2024/assessment/team3_project/build/map/build/lib/map
copying map/map_node.py -> /home/sfr2024/assessment/team3_project/build/map/build/lib/map
running install
running install_lib
creating /home/sfr2024/assessment/team3_project/install/map/lib/python3.10/site-packages/map
copying /home/sfr2024/assessment/team3_project/build/map/build/lib/map/__init__.py -> /home/sfr2024/assessment/team3_project/install/map/lib/python3.10/site-packages/map
copying /home/sfr2024/assessment/team3_project/build/map/build/lib/map/map_node.py -> /home/sfr2024/assessment/team3_project/install/map/lib/python3.10/site-packages/map
byte-compiling /home/sfr2024/assessment/team3_project/install/map/lib/python3.10/site-packages/map/__init__.py to __init__.cpython-310.pyc
byte-compiling /home/sfr2024/assessment/team3_project/install/map/lib/python3.10/site-packages/map/map_node.py to map_node.cpython-310.pyc
running install_data
creating /home/sfr2024/assessment/team3_project/install/map/share/ament_index
creating /home/sfr2024/assessment/team3_project/install/map/share/ament_index/resource_index
creating /home/sfr2024/assessment/team3_project/install/map/share/ament_index/resource_index/packages
copying resource/map -> /home/sfr2024/assessment/team3_project/install/map/share/ament_index/resource_index/packages
copying package.xml -> /home/sfr2024/assessment/team3_project/install/map/share/map
running install_egg_info
Copying ../../build/map/map.egg-info to /home/sfr2024/assessment/team3_project/install/map/lib/python3.10/site-packages/map-0.0.0-py3.10.egg-info
running install_scripts
Installing map_node script to /home/sfr2024/assessment/team3_project/install/map/lib/map
writing list of installed files to '/home/sfr2024/assessment/team3_project/build/map/install.log'
