[0.054s] Invoking command in '/home/mscrobotics2425laptop14/Desktop/project/team3/team3-project/build/package_with_interfaces': CMAKE_PREFIX_PATH=/opt/ros/humble CONDA_PROMPT_MODIFIER=(ros2) /usr/bin/cmake --build /home/mscrobotics2425laptop14/Desktop/project/team3/team3-project/build/package_with_interfaces -- -j12 -l12
[1.377s] [  3%] Built target package_with_interfaces__cpp
[1.377s] [  6%] Built target ament_cmake_python_copy_package_with_interfaces
[1.378s] [ 12%] Built target package_with_interfaces__rosidl_generator_c
[1.379s] [ 41%] Built target package_with_interfaces__rosidl_typesupport_fastrtps_cpp
[1.379s] [ 41%] Built target package_with_interfaces__rosidl_typesupport_introspection_cpp
[1.379s] [ 41%] Built target package_with_interfaces__rosidl_typesupport_cpp
[1.379s] [ 51%] Built target package_with_interfaces__rosidl_typesupport_c
[1.379s] [ 61%] Built target package_with_interfaces__rosidl_typesupport_introspection_c
[1.379s] [ 70%] Built target package_with_interfaces__rosidl_typesupport_fastrtps_c
[1.379s] [ 70%] Built target package_with_interfaces
[1.379s] [ 74%] Built target package_with_interfaces__py
[1.379s] [ 80%] Built target package_with_interfaces__rosidl_generator_py
[1.379s] [ 87%] Built target package_with_interfaces__rosidl_typesupport_fastrtps_c__pyext
[1.379s] [ 93%] Built target package_with_interfaces__rosidl_typesupport_c__pyext
[1.379s] [100%] Built target package_with_interfaces__rosidl_typesupport_introspection_c__pyext
[1.379s] running egg_info
[1.379s] writing package_with_interfaces.egg-info/PKG-INFO
[1.380s] writing dependency_links to package_with_interfaces.egg-info/dependency_links.txt
[1.380s] writing top-level names to package_with_interfaces.egg-info/top_level.txt
[1.380s] reading manifest file 'package_with_interfaces.egg-info/SOURCES.txt'
[1.380s] writing manifest file 'package_with_interfaces.egg-info/SOURCES.txt'
[1.380s] [100%] Built target ament_cmake_python_build_package_with_interfaces_egg
[1.534s] Invoked command in '/home/mscrobotics2425laptop14/Desktop/project/team3/team3-project/build/package_with_interfaces' returned '0': CMAKE_PREFIX_PATH=/opt/ros/humble CONDA_PROMPT_MODIFIER=(ros2) /usr/bin/cmake --build /home/mscrobotics2425laptop14/Desktop/project/team3/team3-project/build/package_with_interfaces -- -j12 -l12
[1.657s] Invoking command in '/home/mscrobotics2425laptop14/Desktop/project/team3/team3-project/build/package_with_interfaces': CMAKE_PREFIX_PATH=/opt/ros/humble CONDA_PROMPT_MODIFIER=(ros2) /usr/bin/cmake --install /home/mscrobotics2425laptop14/Desktop/project/team3/team3-project/build/package_with_interfaces
[1.669s] -- Install configuration: ""
[1.669s] -- Up-to-date: /home/mscrobotics2425laptop14/Desktop/project/team3/team3-project/install/package_with_interfaces/share/ament_index/resource_index/rosidl_interfaces/package_with_interfaces
[1.670s] -- Up-to-date: /home/mscrobotics2425laptop14/Desktop/project/team3/team3-project/install/package_with_interfaces/include/package_with_interfaces/package_with_interfaces
[1.670s] -- Up-to-date: /home/mscrobotics2425laptop14/Desktop/project/team3/team3-project/install/package_with_interfaces/include/package_with_interfaces/package_with_interfaces/msg
[1.670s] -- Up-to-date: /home/mscrobotics2425laptop14/Desktop/project/team3/team3-project/install/package_with_interfaces/include/package_with_interfaces/package_with_interfaces/msg/target_block.h
[1.670s] -- Up-to-date: /home/mscrobotics2425laptop14/Desktop/project/team3/team3-project/install/package_with_interfaces/include/package_with_interfaces/package_with_interfaces/msg/detail
[1.670s] -- Up-to-date: /home/mscrobotics2425laptop14/Desktop/project/team3/team3-project/install/package_with_interfaces/include/package_with_interfaces/package_with_interfaces/msg/detail/target_block__functions.c
[1.670s] -- Up-to-date: /home/mscrobotics2425laptop14/Desktop/project/team3/team3-project/install/package_with_interfaces/include/package_with_interfaces/package_with_interfaces/msg/detail/target_block__struct.h
[1.670s] -- Up-to-date: /home/mscrobotics2425laptop14/Desktop/project/team3/team3-project/install/package_with_interfaces/include/package_with_interfaces/package_with_interfaces/msg/detail/target_block__type_support.h
[1.670s] -- Up-to-date: /home/mscrobotics2425laptop14/Desktop/project/team3/team3-project/install/package_with_interfaces/include/package_with_interfaces/package_with_interfaces/msg/detail/target_block__functions.h
[1.670s] -- Up-to-date: /home/mscrobotics2425laptop14/Desktop/project/team3/team3-project/install/package_with_interfaces/include/package_with_interfaces/package_with_interfaces/msg/rosidl_generator_c__visibility_control.h
[1.670s] -- Up-to-date: /home/mscrobotics2425laptop14/Desktop/project/team3/team3-project/install/package_with_interfaces/share/package_with_interfaces/environment/library_path.sh
[1.670s] -- Up-to-date: /home/mscrobotics2425laptop14/Desktop/project/team3/team3-project/install/package_with_interfaces/share/package_with_interfaces/environment/library_path.dsv
[1.670s] -- Up-to-date: /home/mscrobotics2425laptop14/Desktop/project/team3/team3-project/install/package_with_interfaces/lib/libpackage_with_interfaces__rosidl_generator_c.so
[1.671s] -- Up-to-date: /home/mscrobotics2425laptop14/Desktop/project/team3/team3-project/install/package_with_interfaces/include/package_with_interfaces/package_with_interfaces
[1.671s] -- Up-to-date: /home/mscrobotics2425laptop14/Desktop/project/team3/team3-project/install/package_with_interfaces/include/package_with_interfaces/package_with_interfaces/msg
[1.671s] -- Up-to-date: /home/mscrobotics2425laptop14/Desktop/project/team3/team3-project/install/package_with_interfaces/include/package_with_interfaces/package_with_interfaces/msg/rosidl_typesupport_fastrtps_c__visibility_control.h
[1.671s] -- Up-to-date: /home/mscrobotics2425laptop14/Desktop/project/team3/team3-project/install/package_with_interfaces/include/package_with_interfaces/package_with_interfaces/msg/detail
[1.671s] -- Up-to-date: /home/mscrobotics2425laptop14/Desktop/project/team3/team3-project/install/package_with_interfaces/include/package_with_interfaces/package_with_interfaces/msg/detail/target_block__rosidl_typesupport_fastrtps_c.h
[1.671s] -- Up-to-date: /home/mscrobotics2425laptop14/Desktop/project/team3/team3-project/install/package_with_interfaces/lib/libpackage_with_interfaces__rosidl_typesupport_fastrtps_c.so
[1.671s] -- Up-to-date: /home/mscrobotics2425laptop14/Desktop/project/team3/team3-project/install/package_with_interfaces/include/package_with_interfaces/package_with_interfaces
[1.671s] -- Up-to-date: /home/mscrobotics2425laptop14/Desktop/project/team3/team3-project/install/package_with_interfaces/include/package_with_interfaces/package_with_interfaces/msg
[1.672s] -- Up-to-date: /home/mscrobotics2425laptop14/Desktop/project/team3/team3-project/install/package_with_interfaces/include/package_with_interfaces/package_with_interfaces/msg/detail
[1.672s] -- Up-to-date: /home/mscrobotics2425laptop14/Desktop/project/team3/team3-project/install/package_with_interfaces/include/package_with_interfaces/package_with_interfaces/msg/detail/target_block__struct.hpp
[1.672s] -- Up-to-date: /home/mscrobotics2425laptop14/Desktop/project/team3/team3-project/install/package_with_interfaces/include/package_with_interfaces/package_with_interfaces/msg/detail/target_block__traits.hpp
[1.672s] -- Up-to-date: /home/mscrobotics2425laptop14/Desktop/project/team3/team3-project/install/package_with_interfaces/include/package_with_interfaces/package_with_interfaces/msg/detail/target_block__builder.hpp
[1.672s] -- Up-to-date: /home/mscrobotics2425laptop14/Desktop/project/team3/team3-project/install/package_with_interfaces/include/package_with_interfaces/package_with_interfaces/msg/target_block.hpp
[1.672s] -- Up-to-date: /home/mscrobotics2425laptop14/Desktop/project/team3/team3-project/install/package_with_interfaces/include/package_with_interfaces/package_with_interfaces
[1.672s] -- Up-to-date: /home/mscrobotics2425laptop14/Desktop/project/team3/team3-project/install/package_with_interfaces/include/package_with_interfaces/package_with_interfaces/msg
[1.672s] -- Up-to-date: /home/mscrobotics2425laptop14/Desktop/project/team3/team3-project/install/package_with_interfaces/include/package_with_interfaces/package_with_interfaces/msg/rosidl_typesupport_fastrtps_cpp__visibility_control.h
[1.672s] -- Up-to-date: /home/mscrobotics2425laptop14/Desktop/project/team3/team3-project/install/package_with_interfaces/include/package_with_interfaces/package_with_interfaces/msg/detail
[1.672s] -- Up-to-date: /home/mscrobotics2425laptop14/Desktop/project/team3/team3-project/install/package_with_interfaces/include/package_with_interfaces/package_with_interfaces/msg/detail/dds_fastrtps
[1.673s] -- Up-to-date: /home/mscrobotics2425laptop14/Desktop/project/team3/team3-project/install/package_with_interfaces/include/package_with_interfaces/package_with_interfaces/msg/detail/target_block__rosidl_typesupport_fastrtps_cpp.hpp
[1.673s] -- Up-to-date: /home/mscrobotics2425laptop14/Desktop/project/team3/team3-project/install/package_with_interfaces/lib/libpackage_with_interfaces__rosidl_typesupport_fastrtps_cpp.so
[1.673s] -- Up-to-date: /home/mscrobotics2425laptop14/Desktop/project/team3/team3-project/install/package_with_interfaces/include/package_with_interfaces/package_with_interfaces
[1.673s] -- Up-to-date: /home/mscrobotics2425laptop14/Desktop/project/team3/team3-project/install/package_with_interfaces/include/package_with_interfaces/package_with_interfaces/msg
[1.674s] -- Up-to-date: /home/mscrobotics2425laptop14/Desktop/project/team3/team3-project/install/package_with_interfaces/include/package_with_interfaces/package_with_interfaces/msg/rosidl_typesupport_introspection_c__visibility_control.h
[1.675s] -- Up-to-date: /home/mscrobotics2425laptop14/Desktop/project/team3/team3-project/install/package_with_interfaces/include/package_with_interfaces/package_with_interfaces/msg/detail
[1.675s] -- Up-to-date: /home/mscrobotics2425laptop14/Desktop/project/team3/team3-project/install/package_with_interfaces/include/package_with_interfaces/package_with_interfaces/msg/detail/target_block__rosidl_typesupport_introspection_c.h
[1.677s] -- Up-to-date: /home/mscrobotics2425laptop14/Desktop/project/team3/team3-project/install/package_with_interfaces/include/package_with_interfaces/package_with_interfaces/msg/detail/target_block__type_support.c
[1.677s] -- Up-to-date: /home/mscrobotics2425laptop14/Desktop/project/team3/team3-project/install/package_with_interfaces/lib/libpackage_with_interfaces__rosidl_typesupport_introspection_c.so
[1.678s] -- Up-to-date: /home/mscrobotics2425laptop14/Desktop/project/team3/team3-project/install/package_with_interfaces/lib/libpackage_with_interfaces__rosidl_typesupport_c.so
[1.678s] -- Up-to-date: /home/mscrobotics2425laptop14/Desktop/project/team3/team3-project/install/package_with_interfaces/include/package_with_interfaces/package_with_interfaces
[1.678s] -- Up-to-date: /home/mscrobotics2425laptop14/Desktop/project/team3/team3-project/install/package_with_interfaces/include/package_with_interfaces/package_with_interfaces/msg
[1.678s] -- Up-to-date: /home/mscrobotics2425laptop14/Desktop/project/team3/team3-project/install/package_with_interfaces/include/package_with_interfaces/package_with_interfaces/msg/detail
[1.678s] -- Up-to-date: /home/mscrobotics2425laptop14/Desktop/project/team3/team3-project/install/package_with_interfaces/include/package_with_interfaces/package_with_interfaces/msg/detail/target_block__type_support.cpp
[1.678s] -- Up-to-date: /home/mscrobotics2425laptop14/Desktop/project/team3/team3-project/install/package_with_interfaces/include/package_with_interfaces/package_with_interfaces/msg/detail/target_block__rosidl_typesupport_introspection_cpp.hpp
[1.678s] -- Up-to-date: /home/mscrobotics2425laptop14/Desktop/project/team3/team3-project/install/package_with_interfaces/lib/libpackage_with_interfaces__rosidl_typesupport_introspection_cpp.so
[1.678s] -- Up-to-date: /home/mscrobotics2425laptop14/Desktop/project/team3/team3-project/install/package_with_interfaces/lib/libpackage_with_interfaces__rosidl_typesupport_cpp.so
[1.678s] -- Up-to-date: /home/mscrobotics2425laptop14/Desktop/project/team3/team3-project/install/package_with_interfaces/share/package_with_interfaces/environment/pythonpath.sh
[1.678s] -- Up-to-date: /home/mscrobotics2425laptop14/Desktop/project/team3/team3-project/install/package_with_interfaces/share/package_with_interfaces/environment/pythonpath.dsv
[1.678s] -- Up-to-date: /home/mscrobotics2425laptop14/Desktop/project/team3/team3-project/install/package_with_interfaces/lib/python3.10/site-packages/package_with_interfaces-0.0.0-py3.10.egg-info
[1.678s] -- Installing: /home/mscrobotics2425laptop14/Desktop/project/team3/team3-project/install/package_with_interfaces/lib/python3.10/site-packages/package_with_interfaces-0.0.0-py3.10.egg-info/PKG-INFO
[1.679s] -- Installing: /home/mscrobotics2425laptop14/Desktop/project/team3/team3-project/install/package_with_interfaces/lib/python3.10/site-packages/package_with_interfaces-0.0.0-py3.10.egg-info/top_level.txt
[1.679s] -- Installing: /home/mscrobotics2425laptop14/Desktop/project/team3/team3-project/install/package_with_interfaces/lib/python3.10/site-packages/package_with_interfaces-0.0.0-py3.10.egg-info/SOURCES.txt
[1.679s] -- Installing: /home/mscrobotics2425laptop14/Desktop/project/team3/team3-project/install/package_with_interfaces/lib/python3.10/site-packages/package_with_interfaces-0.0.0-py3.10.egg-info/dependency_links.txt
[1.679s] -- Up-to-date: /home/mscrobotics2425laptop14/Desktop/project/team3/team3-project/install/package_with_interfaces/lib/python3.10/site-packages/package_with_interfaces
[1.679s] -- Up-to-date: /home/mscrobotics2425laptop14/Desktop/project/team3/team3-project/install/package_with_interfaces/lib/python3.10/site-packages/package_with_interfaces/msg
[1.679s] -- Up-to-date: /home/mscrobotics2425laptop14/Desktop/project/team3/team3-project/install/package_with_interfaces/lib/python3.10/site-packages/package_with_interfaces/msg/__init__.py
[1.679s] -- Up-to-date: /home/mscrobotics2425laptop14/Desktop/project/team3/team3-project/install/package_with_interfaces/lib/python3.10/site-packages/package_with_interfaces/msg/_target_block.py
[1.679s] -- Up-to-date: /home/mscrobotics2425laptop14/Desktop/project/team3/team3-project/install/package_with_interfaces/lib/python3.10/site-packages/package_with_interfaces/msg/_target_block_s.c
[1.679s] -- Up-to-date: /home/mscrobotics2425laptop14/Desktop/project/team3/team3-project/install/package_with_interfaces/lib/python3.10/site-packages/package_with_interfaces/package_with_interfaces_s__rosidl_typesupport_introspection_c.cpython-310-x86_64-linux-gnu.so
[1.679s] -- Up-to-date: /home/mscrobotics2425laptop14/Desktop/project/team3/team3-project/install/package_with_interfaces/lib/python3.10/site-packages/package_with_interfaces/_package_with_interfaces_s.ep.rosidl_typesupport_introspection_c.c
[1.679s] -- Up-to-date: /home/mscrobotics2425laptop14/Desktop/project/team3/team3-project/install/package_with_interfaces/lib/python3.10/site-packages/package_with_interfaces/_package_with_interfaces_s.ep.rosidl_typesupport_fastrtps_c.c
[1.680s] -- Up-to-date: /home/mscrobotics2425laptop14/Desktop/project/team3/team3-project/install/package_with_interfaces/lib/python3.10/site-packages/package_with_interfaces/package_with_interfaces_s__rosidl_typesupport_c.cpython-310-x86_64-linux-gnu.so
[1.680s] -- Up-to-date: /home/mscrobotics2425laptop14/Desktop/project/team3/team3-project/install/package_with_interfaces/lib/python3.10/site-packages/package_with_interfaces/libpackage_with_interfaces__rosidl_generator_py.so
[1.680s] -- Up-to-date: /home/mscrobotics2425laptop14/Desktop/project/team3/team3-project/install/package_with_interfaces/lib/python3.10/site-packages/package_with_interfaces/_package_with_interfaces_s.ep.rosidl_typesupport_c.c
[1.680s] -- Up-to-date: /home/mscrobotics2425laptop14/Desktop/project/team3/team3-project/install/package_with_interfaces/lib/python3.10/site-packages/package_with_interfaces/package_with_interfaces_s__rosidl_typesupport_fastrtps_c.cpython-310-x86_64-linux-gnu.so
[1.680s] -- Up-to-date: /home/mscrobotics2425laptop14/Desktop/project/team3/team3-project/install/package_with_interfaces/lib/python3.10/site-packages/package_with_interfaces/__init__.py
[1.728s] Listing '/home/mscrobotics2425laptop14/Desktop/project/team3/team3-project/install/package_with_interfaces/lib/python3.10/site-packages/package_with_interfaces'...
[1.728s] Listing '/home/mscrobotics2425laptop14/Desktop/project/team3/team3-project/install/package_with_interfaces/lib/python3.10/site-packages/package_with_interfaces/msg'...
[1.737s] -- Up-to-date: /home/mscrobotics2425laptop14/Desktop/project/team3/team3-project/install/package_with_interfaces/lib/python3.10/site-packages/package_with_interfaces/package_with_interfaces_s__rosidl_typesupport_fastrtps_c.cpython-310-x86_64-linux-gnu.so
[1.737s] -- Up-to-date: /home/mscrobotics2425laptop14/Desktop/project/team3/team3-project/install/package_with_interfaces/lib/python3.10/site-packages/package_with_interfaces/package_with_interfaces_s__rosidl_typesupport_introspection_c.cpython-310-x86_64-linux-gnu.so
[1.737s] -- Up-to-date: /home/mscrobotics2425laptop14/Desktop/project/team3/team3-project/install/package_with_interfaces/lib/python3.10/site-packages/package_with_interfaces/package_with_interfaces_s__rosidl_typesupport_c.cpython-310-x86_64-linux-gnu.so
[1.738s] -- Up-to-date: /home/mscrobotics2425laptop14/Desktop/project/team3/team3-project/install/package_with_interfaces/lib/libpackage_with_interfaces__rosidl_generator_py.so
[1.738s] -- Up-to-date: /home/mscrobotics2425laptop14/Desktop/project/team3/team3-project/install/package_with_interfaces/share/package_with_interfaces/msg/TargetBlock.idl
[1.740s] -- Up-to-date: /home/mscrobotics2425laptop14/Desktop/project/team3/team3-project/install/package_with_interfaces/share/package_with_interfaces/msg/TargetBlock.msg
[1.740s] -- Up-to-date: /home/mscrobotics2425laptop14/Desktop/project/team3/team3-project/install/package_with_interfaces/share/ament_index/resource_index/package_run_dependencies/package_with_interfaces
[1.740s] -- Up-to-date: /home/mscrobotics2425laptop14/Desktop/project/team3/team3-project/install/package_with_interfaces/share/ament_index/resource_index/parent_prefix_path/package_with_interfaces
[1.741s] -- Up-to-date: /home/mscrobotics2425laptop14/Desktop/project/team3/team3-project/install/package_with_interfaces/share/package_with_interfaces/environment/ament_prefix_path.sh
[1.741s] -- Up-to-date: /home/mscrobotics2425laptop14/Desktop/project/team3/team3-project/install/package_with_interfaces/share/package_with_interfaces/environment/ament_prefix_path.dsv
[1.741s] -- Up-to-date: /home/mscrobotics2425laptop14/Desktop/project/team3/team3-project/install/package_with_interfaces/share/package_with_interfaces/environment/path.sh
[1.741s] -- Up-to-date: /home/mscrobotics2425laptop14/Desktop/project/team3/team3-project/install/package_with_interfaces/share/package_with_interfaces/environment/path.dsv
[1.741s] -- Up-to-date: /home/mscrobotics2425laptop14/Desktop/project/team3/team3-project/install/package_with_interfaces/share/package_with_interfaces/local_setup.bash
[1.741s] -- Up-to-date: /home/mscrobotics2425laptop14/Desktop/project/team3/team3-project/install/package_with_interfaces/share/package_with_interfaces/local_setup.sh
[1.742s] -- Up-to-date: /home/mscrobotics2425laptop14/Desktop/project/team3/team3-project/install/package_with_interfaces/share/package_with_interfaces/local_setup.zsh
[1.742s] -- Up-to-date: /home/mscrobotics2425laptop14/Desktop/project/team3/team3-project/install/package_with_interfaces/share/package_with_interfaces/local_setup.dsv
[1.742s] -- Installing: /home/mscrobotics2425laptop14/Desktop/project/team3/team3-project/install/package_with_interfaces/share/package_with_interfaces/package.dsv
[1.742s] -- Up-to-date: /home/mscrobotics2425laptop14/Desktop/project/team3/team3-project/install/package_with_interfaces/share/ament_index/resource_index/packages/package_with_interfaces
[1.742s] -- Up-to-date: /home/mscrobotics2425laptop14/Desktop/project/team3/team3-project/install/package_with_interfaces/share/package_with_interfaces/cmake/export_package_with_interfaces__rosidl_generator_cExport.cmake
[1.742s] -- Up-to-date: /home/mscrobotics2425laptop14/Desktop/project/team3/team3-project/install/package_with_interfaces/share/package_with_interfaces/cmake/export_package_with_interfaces__rosidl_generator_cExport-noconfig.cmake
[1.742s] -- Up-to-date: /home/mscrobotics2425laptop14/Desktop/project/team3/team3-project/install/package_with_interfaces/share/package_with_interfaces/cmake/export_package_with_interfaces__rosidl_typesupport_fastrtps_cExport.cmake
[1.743s] -- Up-to-date: /home/mscrobotics2425laptop14/Desktop/project/team3/team3-project/install/package_with_interfaces/share/package_with_interfaces/cmake/export_package_with_interfaces__rosidl_typesupport_fastrtps_cExport-noconfig.cmake
[1.743s] -- Up-to-date: /home/mscrobotics2425laptop14/Desktop/project/team3/team3-project/install/package_with_interfaces/share/package_with_interfaces/cmake/export_package_with_interfaces__rosidl_generator_cppExport.cmake
[1.743s] -- Up-to-date: /home/mscrobotics2425laptop14/Desktop/project/team3/team3-project/install/package_with_interfaces/share/package_with_interfaces/cmake/export_package_with_interfaces__rosidl_typesupport_fastrtps_cppExport.cmake
[1.743s] -- Up-to-date: /home/mscrobotics2425laptop14/Desktop/project/team3/team3-project/install/package_with_interfaces/share/package_with_interfaces/cmake/export_package_with_interfaces__rosidl_typesupport_fastrtps_cppExport-noconfig.cmake
[1.743s] -- Up-to-date: /home/mscrobotics2425laptop14/Desktop/project/team3/team3-project/install/package_with_interfaces/share/package_with_interfaces/cmake/package_with_interfaces__rosidl_typesupport_introspection_cExport.cmake
[1.743s] -- Up-to-date: /home/mscrobotics2425laptop14/Desktop/project/team3/team3-project/install/package_with_interfaces/share/package_with_interfaces/cmake/package_with_interfaces__rosidl_typesupport_introspection_cExport-noconfig.cmake
[1.743s] -- Up-to-date: /home/mscrobotics2425laptop14/Desktop/project/team3/team3-project/install/package_with_interfaces/share/package_with_interfaces/cmake/package_with_interfaces__rosidl_typesupport_cExport.cmake
[1.743s] -- Up-to-date: /home/mscrobotics2425laptop14/Desktop/project/team3/team3-project/install/package_with_interfaces/share/package_with_interfaces/cmake/package_with_interfaces__rosidl_typesupport_cExport-noconfig.cmake
[1.743s] -- Up-to-date: /home/mscrobotics2425laptop14/Desktop/project/team3/team3-project/install/package_with_interfaces/share/package_with_interfaces/cmake/package_with_interfaces__rosidl_typesupport_introspection_cppExport.cmake
[1.743s] -- Up-to-date: /home/mscrobotics2425laptop14/Desktop/project/team3/team3-project/install/package_with_interfaces/share/package_with_interfaces/cmake/package_with_interfaces__rosidl_typesupport_introspection_cppExport-noconfig.cmake
[1.744s] -- Up-to-date: /home/mscrobotics2425laptop14/Desktop/project/team3/team3-project/install/package_with_interfaces/share/package_with_interfaces/cmake/package_with_interfaces__rosidl_typesupport_cppExport.cmake
[1.744s] -- Up-to-date: /home/mscrobotics2425laptop14/Desktop/project/team3/team3-project/install/package_with_interfaces/share/package_with_interfaces/cmake/package_with_interfaces__rosidl_typesupport_cppExport-noconfig.cmake
[1.744s] -- Up-to-date: /home/mscrobotics2425laptop14/Desktop/project/team3/team3-project/install/package_with_interfaces/share/package_with_interfaces/cmake/export_package_with_interfaces__rosidl_generator_pyExport.cmake
[1.744s] -- Up-to-date: /home/mscrobotics2425laptop14/Desktop/project/team3/team3-project/install/package_with_interfaces/share/package_with_interfaces/cmake/export_package_with_interfaces__rosidl_generator_pyExport-noconfig.cmake
[1.744s] -- Up-to-date: /home/mscrobotics2425laptop14/Desktop/project/team3/team3-project/install/package_with_interfaces/share/package_with_interfaces/cmake/rosidl_cmake-extras.cmake
[1.744s] -- Up-to-date: /home/mscrobotics2425laptop14/Desktop/project/team3/team3-project/install/package_with_interfaces/share/package_with_interfaces/cmake/ament_cmake_export_dependencies-extras.cmake
[1.745s] -- Up-to-date: /home/mscrobotics2425laptop14/Desktop/project/team3/team3-project/install/package_with_interfaces/share/package_with_interfaces/cmake/ament_cmake_export_include_directories-extras.cmake
[1.745s] -- Up-to-date: /home/mscrobotics2425laptop14/Desktop/project/team3/team3-project/install/package_with_interfaces/share/package_with_interfaces/cmake/ament_cmake_export_libraries-extras.cmake
[1.745s] -- Up-to-date: /home/mscrobotics2425laptop14/Desktop/project/team3/team3-project/install/package_with_interfaces/share/package_with_interfaces/cmake/ament_cmake_export_targets-extras.cmake
[1.745s] -- Up-to-date: /home/mscrobotics2425laptop14/Desktop/project/team3/team3-project/install/package_with_interfaces/share/package_with_interfaces/cmake/rosidl_cmake_export_typesupport_targets-extras.cmake
[1.745s] -- Up-to-date: /home/mscrobotics2425laptop14/Desktop/project/team3/team3-project/install/package_with_interfaces/share/package_with_interfaces/cmake/rosidl_cmake_export_typesupport_libraries-extras.cmake
[1.745s] -- Up-to-date: /home/mscrobotics2425laptop14/Desktop/project/team3/team3-project/install/package_with_interfaces/share/package_with_interfaces/cmake/package_with_interfacesConfig.cmake
[1.745s] -- Up-to-date: /home/mscrobotics2425laptop14/Desktop/project/team3/team3-project/install/package_with_interfaces/share/package_with_interfaces/cmake/package_with_interfacesConfig-version.cmake
[1.746s] -- Up-to-date: /home/mscrobotics2425laptop14/Desktop/project/team3/team3-project/install/package_with_interfaces/share/package_with_interfaces/package.xml
[1.750s] Invoked command in '/home/mscrobotics2425laptop14/Desktop/project/team3/team3-project/build/package_with_interfaces' returned '0': CMAKE_PREFIX_PATH=/opt/ros/humble CONDA_PROMPT_MODIFIER=(ros2) /usr/bin/cmake --install /home/mscrobotics2425laptop14/Desktop/project/team3/team3-project/build/package_with_interfaces
