[2.628s] Invoking command in '/home/sfr2024/assessment/team3_project/src/imu': PYTHONPATH=/home/sfr2024/assessment/team3_project/build/imu/prefix_override:/usr/lib/python3/dist-packages/colcon_core/task/python/colcon_distutils_commands:/home/sfr2024/assessment/team3_project/install/imu/lib/python3.10/site-packages:${PYTHONPATH} /usr/bin/python3 -W ignore:setup.py install is deprecated setup.py egg_info --egg-base ../../build/imu build --build-base /home/sfr2024/assessment/team3_project/build/imu/build install --record /home/sfr2024/assessment/team3_project/build/imu/install.log --single-version-externally-managed install_data
[3.300s] running egg_info
[3.302s] writing ../../build/imu/imu.egg-info/PKG-INFO
[3.302s] writing dependency_links to ../../build/imu/imu.egg-info/dependency_links.txt
[3.303s] writing entry points to ../../build/imu/imu.egg-info/entry_points.txt
[3.303s] writing requirements to ../../build/imu/imu.egg-info/requires.txt
[3.303s] writing top-level names to ../../build/imu/imu.egg-info/top_level.txt
[3.306s] reading manifest file '../../build/imu/imu.egg-info/SOURCES.txt'
[3.307s] writing manifest file '../../build/imu/imu.egg-info/SOURCES.txt'
[3.307s] running build
[3.307s] running build_py
[3.308s] running install
[3.308s] running install_lib
[3.311s] running install_data
[3.311s] running install_egg_info
[3.316s] removing '/home/sfr2024/assessment/team3_project/install/imu/lib/python3.10/site-packages/imu-0.0.0-py3.10.egg-info' (and everything under it)
[3.318s] Copying ../../build/imu/imu.egg-info to /home/sfr2024/assessment/team3_project/install/imu/lib/python3.10/site-packages/imu-0.0.0-py3.10.egg-info
[3.320s] running install_scripts
[3.366s] Installing imu_node script to /home/sfr2024/assessment/team3_project/install/imu/lib/imu
[3.367s] writing list of installed files to '/home/sfr2024/assessment/team3_project/build/imu/install.log'
[3.406s] Invoked command in '/home/sfr2024/assessment/team3_project/src/imu' returned '0': PYTHONPATH=/home/sfr2024/assessment/team3_project/build/imu/prefix_override:/usr/lib/python3/dist-packages/colcon_core/task/python/colcon_distutils_commands:/home/sfr2024/assessment/team3_project/install/imu/lib/python3.10/site-packages:${PYTHONPATH} /usr/bin/python3 -W ignore:setup.py install is deprecated setup.py egg_info --egg-base ../../build/imu build --build-base /home/sfr2024/assessment/team3_project/build/imu/build install --record /home/sfr2024/assessment/team3_project/build/imu/install.log --single-version-externally-managed install_data
