running egg_info
creating ../../build/controller_server/controller_server.egg-info
writing ../../build/controller_server/controller_server.egg-info/PKG-INFO
writing dependency_links to ../../build/controller_server/controller_server.egg-info/dependency_links.txt
writing entry points to ../../build/controller_server/controller_server.egg-info/entry_points.txt
writing requirements to ../../build/controller_server/controller_server.egg-info/requires.txt
writing top-level names to ../../build/controller_server/controller_server.egg-info/top_level.txt
writing manifest file '../../build/controller_server/controller_server.egg-info/SOURCES.txt'
reading manifest file '../../build/controller_server/controller_server.egg-info/SOURCES.txt'
writing manifest file '../../build/controller_server/controller_server.egg-info/SOURCES.txt'
running build
running build_py
creating /home/sfr2024/assessment/team3_project/build/controller_server/build
creating /home/sfr2024/assessment/team3_project/build/controller_server/build/lib
creating /home/sfr2024/assessment/team3_project/build/controller_server/build/lib/controller_server
copying controller_server/__init__.py -> /home/sfr2024/assessment/team3_project/build/controller_server/build/lib/controller_server
copying controller_server/controller_server_node.py -> /home/sfr2024/assessment/team3_project/build/controller_server/build/lib/controller_server
running install
running install_lib
creating /home/sfr2024/assessment/team3_project/install/controller_server/lib/python3.10/site-packages/controller_server
copying /home/sfr2024/assessment/team3_project/build/controller_server/build/lib/controller_server/__init__.py -> /home/sfr2024/assessment/team3_project/install/controller_server/lib/python3.10/site-packages/controller_server
copying /home/sfr2024/assessment/team3_project/build/controller_server/build/lib/controller_server/controller_server_node.py -> /home/sfr2024/assessment/team3_project/install/controller_server/lib/python3.10/site-packages/controller_server
byte-compiling /home/sfr2024/assessment/team3_project/install/controller_server/lib/python3.10/site-packages/controller_server/__init__.py to __init__.cpython-310.pyc
byte-compiling /home/sfr2024/assessment/team3_project/install/controller_server/lib/python3.10/site-packages/controller_server/controller_server_node.py to controller_server_node.cpython-310.pyc
running install_data
creating /home/sfr2024/assessment/team3_project/install/controller_server/share/ament_index
creating /home/sfr2024/assessment/team3_project/install/controller_server/share/ament_index/resource_index
creating /home/sfr2024/assessment/team3_project/install/controller_server/share/ament_index/resource_index/packages
copying resource/controller_server -> /home/sfr2024/assessment/team3_project/install/controller_server/share/ament_index/resource_index/packages
copying package.xml -> /home/sfr2024/assessment/team3_project/install/controller_server/share/controller_server
running install_egg_info
Copying ../../build/controller_server/controller_server.egg-info to /home/sfr2024/assessment/team3_project/install/controller_server/lib/python3.10/site-packages/controller_server-0.0.0-py3.10.egg-info
running install_scripts
Installing controller_server_node script to /home/sfr2024/assessment/team3_project/install/controller_server/lib/controller_server
writing list of installed files to '/home/sfr2024/assessment/team3_project/build/controller_server/install.log'
