[4.857s] Invoking command in '/home/sfr2024/assessment/team3_project/src/leo_rover': PYTHONPATH=/home/sfr2024/assessment/team3_project/build/leo_rover/prefix_override:/usr/lib/python3/dist-packages/colcon_core/task/python/colcon_distutils_commands:/home/sfr2024/assessment/team3_project/install/leo_rover/lib/python3.10/site-packages:${PYTHONPATH} /usr/bin/python3 -W ignore:setup.py install is deprecated setup.py egg_info --egg-base ../../build/leo_rover build --build-base /home/sfr2024/assessment/team3_project/build/leo_rover/build install --record /home/sfr2024/assessment/team3_project/build/leo_rover/install.log --single-version-externally-managed install_data
[6.054s] running egg_info
[6.055s] writing ../../build/leo_rover/leo_rover.egg-info/PKG-INFO
[6.055s] writing dependency_links to ../../build/leo_rover/leo_rover.egg-info/dependency_links.txt
[6.056s] writing entry points to ../../build/leo_rover/leo_rover.egg-info/entry_points.txt
[6.059s] writing requirements to ../../build/leo_rover/leo_rover.egg-info/requires.txt
[6.059s] writing top-level names to ../../build/leo_rover/leo_rover.egg-info/top_level.txt
[6.061s] reading manifest file '../../build/leo_rover/leo_rover.egg-info/SOURCES.txt'
[6.062s] writing manifest file '../../build/leo_rover/leo_rover.egg-info/SOURCES.txt'
[6.062s] running build
[6.071s] running build_py
[6.073s] running install
[6.073s] running install_lib
[6.075s] running install_data
[6.076s] running install_egg_info
[6.076s] removing '/home/sfr2024/assessment/team3_project/install/leo_rover/lib/python3.10/site-packages/leo_rover-0.0.0-py3.10.egg-info' (and everything under it)
[6.077s] Copying ../../build/leo_rover/leo_rover.egg-info to /home/sfr2024/assessment/team3_project/install/leo_rover/lib/python3.10/site-packages/leo_rover-0.0.0-py3.10.egg-info
[6.077s] running install_scripts
[6.127s] Installing leo_rover_node script to /home/sfr2024/assessment/team3_project/install/leo_rover/lib/leo_rover
[6.128s] writing list of installed files to '/home/sfr2024/assessment/team3_project/build/leo_rover/install.log'
[6.173s] Invoked command in '/home/sfr2024/assessment/team3_project/src/leo_rover' returned '0': PYTHONPATH=/home/sfr2024/assessment/team3_project/build/leo_rover/prefix_override:/usr/lib/python3/dist-packages/colcon_core/task/python/colcon_distutils_commands:/home/sfr2024/assessment/team3_project/install/leo_rover/lib/python3.10/site-packages:${PYTHONPATH} /usr/bin/python3 -W ignore:setup.py install is deprecated setup.py egg_info --egg-base ../../build/leo_rover build --build-base /home/sfr2024/assessment/team3_project/build/leo_rover/build install --record /home/sfr2024/assessment/team3_project/build/leo_rover/install.log --single-version-externally-managed install_data
