[2.551s] Invoking command in '/home/mscrobotics2425laptop14/Desktop/project/team3/team3-project/src/data_integration': CONDA_PROMPT_MODIFIER=(ros2) PYTHONPATH=/home/mscrobotics2425laptop14/Desktop/project/team3/team3-project/build/data_integration/prefix_override:/usr/lib/python3/dist-packages/colcon_core/task/python/colcon_distutils_commands:/home/mscrobotics2425laptop14/Desktop/project/team3/team3-project/install/data_integration/lib/python3.10/site-packages:${PYTHONPATH} /usr/bin/python3 -W ignore:setup.py install is deprecated setup.py egg_info --egg-base ../../build/data_integration build --build-base /home/mscrobotics2425laptop14/Desktop/project/team3/team3-project/build/data_integration/build install --record /home/mscrobotics2425laptop14/Desktop/project/team3/team3-project/build/data_integration/install.log --single-version-externally-managed install_data
[3.141s] running egg_info
[3.159s] writing ../../build/data_integration/data_integration.egg-info/PKG-INFO
[3.159s] writing dependency_links to ../../build/data_integration/data_integration.egg-info/dependency_links.txt
[3.171s] writing entry points to ../../build/data_integration/data_integration.egg-info/entry_points.txt
[3.171s] writing requirements to ../../build/data_integration/data_integration.egg-info/requires.txt
[3.171s] writing top-level names to ../../build/data_integration/data_integration.egg-info/top_level.txt
[3.191s] reading manifest file '../../build/data_integration/data_integration.egg-info/SOURCES.txt'
[3.191s] writing manifest file '../../build/data_integration/data_integration.egg-info/SOURCES.txt'
[3.191s] running build
[3.191s] running build_py
[3.191s] running install
[3.191s] running install_lib
[3.192s] running install_data
[3.193s] running install_egg_info
[3.193s] removing '/home/mscrobotics2425laptop14/Desktop/project/team3/team3-project/install/data_integration/lib/python3.10/site-packages/data_integration-0.0.0-py3.10.egg-info' (and everything under it)
[3.194s] Copying ../../build/data_integration/data_integration.egg-info to /home/mscrobotics2425laptop14/Desktop/project/team3/team3-project/install/data_integration/lib/python3.10/site-packages/data_integration-0.0.0-py3.10.egg-info
[3.194s] running install_scripts
[3.212s] Installing data_integration_node script to /home/mscrobotics2425laptop14/Desktop/project/team3/team3-project/install/data_integration/lib/data_integration
[3.213s] writing list of installed files to '/home/mscrobotics2425laptop14/Desktop/project/team3/team3-project/build/data_integration/install.log'
[3.294s] Invoked command in '/home/mscrobotics2425laptop14/Desktop/project/team3/team3-project/src/data_integration' returned '0': CONDA_PROMPT_MODIFIER=(ros2) PYTHONPATH=/home/mscrobotics2425laptop14/Desktop/project/team3/team3-project/build/data_integration/prefix_override:/usr/lib/python3/dist-packages/colcon_core/task/python/colcon_distutils_commands:/home/mscrobotics2425laptop14/Desktop/project/team3/team3-project/install/data_integration/lib/python3.10/site-packages:${PYTHONPATH} /usr/bin/python3 -W ignore:setup.py install is deprecated setup.py egg_info --egg-base ../../build/data_integration build --build-base /home/mscrobotics2425laptop14/Desktop/project/team3/team3-project/build/data_integration/build install --record /home/mscrobotics2425laptop14/Desktop/project/team3/team3-project/build/data_integration/install.log --single-version-externally-managed install_data
