[0.059s] Invoking command in '/home/mscrobotics2425laptop14/Desktop/project/team3/team3-project/build/package_with_interfaces': CMAKE_PREFIX_PATH=${CMAKE_PREFIX_PATH}:/home/mscrobotics2425laptop14/Desktop/project/team3/team3-project/install/robotic_arm:/home/mscrobotics2425laptop14/Desktop/project/team3/team3-project/install/nuc:/home/mscrobotics2425laptop14/Desktop/project/team3/team3-project/install/navigation:/home/mscrobotics2425laptop14/Desktop/project/team3/team3-project/install/map:/home/mscrobotics2425laptop14/Desktop/project/team3/team3-project/install/lidar:/home/mscrobotics2425laptop14/Desktop/project/team3/team3-project/install/leo_rover:/home/mscrobotics2425laptop14/Desktop/project/team3/team3-project/install/imu:/home/mscrobotics2425laptop14/Desktop/project/team3/team3-project/install/data_integration:/home/mscrobotics2425laptop14/Desktop/project/team3/team3-project/install/controller_server:/home/mscrobotics2425laptop14/Desktop/project/team3/team3-project/install/camera:/opt/ros/humble CONDA_PROMPT_MODIFIER=(ros2) /usr/bin/cmake --build /home/mscrobotics2425laptop14/Desktop/project/team3/team3-project/build/package_with_interfaces -- -j12 -l12
[1.834s] [35m[1mConsolidate compiler generated dependencies of target package_with_interfaces__rosidl_generator_c[0m
[1.834s] [  3%] Built target package_with_interfaces__cpp
[1.834s] [ 12%] Built target package_with_interfaces__rosidl_generator_c
[1.834s] [ 12%] Built target ament_cmake_python_copy_package_with_interfaces
[1.834s] [35m[1mConsolidate compiler generated dependencies of target package_with_interfaces__rosidl_typesupport_cpp[0m
[1.834s] [35m[1mConsolidate compiler generated dependencies of target package_with_interfaces__rosidl_typesupport_introspection_cpp[0m
[1.834s] [35m[1mConsolidate compiler generated dependencies of target package_with_interfaces__rosidl_typesupport_fastrtps_cpp[0m
[1.834s] [35m[1mConsolidate compiler generated dependencies of target package_with_interfaces__rosidl_typesupport_fastrtps_c[0m
[1.834s] [35m[1mConsolidate compiler generated dependencies of target package_with_interfaces__rosidl_typesupport_c[0m
[1.834s] [35m[1mConsolidate compiler generated dependencies of target package_with_interfaces__rosidl_typesupport_introspection_c[0m
[1.834s] [ 22%] Built target package_with_interfaces__rosidl_typesupport_cpp
[1.834s] [ 32%] Built target package_with_interfaces__rosidl_typesupport_introspection_cpp
[1.834s] [ 41%] Built target package_with_interfaces__rosidl_typesupport_c
[1.834s] [ 51%] Built target package_with_interfaces__rosidl_typesupport_fastrtps_c
[1.834s] [ 70%] Built target package_with_interfaces__rosidl_typesupport_fastrtps_cpp
[1.834s] [ 70%] Built target package_with_interfaces__rosidl_typesupport_introspection_c
[1.834s] [ 70%] Built target package_with_interfaces
[1.834s] [ 74%] Built target package_with_interfaces__py
[1.834s] [35m[1mConsolidate compiler generated dependencies of target package_with_interfaces__rosidl_generator_py[0m
[1.835s] [ 80%] Built target package_with_interfaces__rosidl_generator_py
[1.835s] [35m[1mConsolidate compiler generated dependencies of target package_with_interfaces__rosidl_typesupport_fastrtps_c__pyext[0m
[1.835s] [35m[1mConsolidate compiler generated dependencies of target package_with_interfaces__rosidl_typesupport_introspection_c__pyext[0m
[1.835s] [35m[1mConsolidate compiler generated dependencies of target package_with_interfaces__rosidl_typesupport_c__pyext[0m
[1.835s] [ 93%] Built target package_with_interfaces__rosidl_typesupport_fastrtps_c__pyext
[1.835s] [ 93%] Built target package_with_interfaces__rosidl_typesupport_introspection_c__pyext
[1.835s] [100%] Built target package_with_interfaces__rosidl_typesupport_c__pyext
[1.835s] running egg_info
[1.835s] writing package_with_interfaces.egg-info/PKG-INFO
[1.835s] writing dependency_links to package_with_interfaces.egg-info/dependency_links.txt
[1.835s] writing top-level names to package_with_interfaces.egg-info/top_level.txt
[1.835s] reading manifest file 'package_with_interfaces.egg-info/SOURCES.txt'
[1.835s] writing manifest file 'package_with_interfaces.egg-info/SOURCES.txt'
[1.835s] [100%] Built target ament_cmake_python_build_package_with_interfaces_egg
[1.836s] Invoked command in '/home/mscrobotics2425laptop14/Desktop/project/team3/team3-project/build/package_with_interfaces' returned '0': CMAKE_PREFIX_PATH=${CMAKE_PREFIX_PATH}:/home/mscrobotics2425laptop14/Desktop/project/team3/team3-project/install/robotic_arm:/home/mscrobotics2425laptop14/Desktop/project/team3/team3-project/install/nuc:/home/mscrobotics2425laptop14/Desktop/project/team3/team3-project/install/navigation:/home/mscrobotics2425laptop14/Desktop/project/team3/team3-project/install/map:/home/mscrobotics2425laptop14/Desktop/project/team3/team3-project/install/lidar:/home/mscrobotics2425laptop14/Desktop/project/team3/team3-project/install/leo_rover:/home/mscrobotics2425laptop14/Desktop/project/team3/team3-project/install/imu:/home/mscrobotics2425laptop14/Desktop/project/team3/team3-project/install/data_integration:/home/mscrobotics2425laptop14/Desktop/project/team3/team3-project/install/controller_server:/home/mscrobotics2425laptop14/Desktop/project/team3/team3-project/install/camera:/opt/ros/humble CONDA_PROMPT_MODIFIER=(ros2) /usr/bin/cmake --build /home/mscrobotics2425laptop14/Desktop/project/team3/team3-project/build/package_with_interfaces -- -j12 -l12
[1.957s] Invoking command in '/home/mscrobotics2425laptop14/Desktop/project/team3/team3-project/build/package_with_interfaces': CMAKE_PREFIX_PATH=${CMAKE_PREFIX_PATH}:/home/mscrobotics2425laptop14/Desktop/project/team3/team3-project/install/robotic_arm:/home/mscrobotics2425laptop14/Desktop/project/team3/team3-project/install/nuc:/home/mscrobotics2425laptop14/Desktop/project/team3/team3-project/install/navigation:/home/mscrobotics2425laptop14/Desktop/project/team3/team3-project/install/map:/home/mscrobotics2425laptop14/Desktop/project/team3/team3-project/install/lidar:/home/mscrobotics2425laptop14/Desktop/project/team3/team3-project/install/leo_rover:/home/mscrobotics2425laptop14/Desktop/project/team3/team3-project/install/imu:/home/mscrobotics2425laptop14/Desktop/project/team3/team3-project/install/data_integration:/home/mscrobotics2425laptop14/Desktop/project/team3/team3-project/install/controller_server:/home/mscrobotics2425laptop14/Desktop/project/team3/team3-project/install/camera:/opt/ros/humble CONDA_PROMPT_MODIFIER=(ros2) /usr/bin/cmake --install /home/mscrobotics2425laptop14/Desktop/project/team3/team3-project/build/package_with_interfaces
[1.971s] -- Install configuration: ""
[1.971s] -- Up-to-date: /home/mscrobotics2425laptop14/Desktop/project/team3/team3-project/install/package_with_interfaces/share/ament_index/resource_index/rosidl_interfaces/package_with_interfaces
[1.972s] -- Up-to-date: /home/mscrobotics2425laptop14/Desktop/project/team3/team3-project/install/package_with_interfaces/include/package_with_interfaces/package_with_interfaces
[1.972s] -- Up-to-date: /home/mscrobotics2425laptop14/Desktop/project/team3/team3-project/install/package_with_interfaces/include/package_with_interfaces/package_with_interfaces/msg
[1.972s] -- Up-to-date: /home/mscrobotics2425laptop14/Desktop/project/team3/team3-project/install/package_with_interfaces/include/package_with_interfaces/package_with_interfaces/msg/target_block.h
[1.972s] -- Up-to-date: /home/mscrobotics2425laptop14/Desktop/project/team3/team3-project/install/package_with_interfaces/include/package_with_interfaces/package_with_interfaces/msg/detail
[1.973s] -- Up-to-date: /home/mscrobotics2425laptop14/Desktop/project/team3/team3-project/install/package_with_interfaces/include/package_with_interfaces/package_with_interfaces/msg/detail/target_block__functions.c
[1.976s] -- Up-to-date: /home/mscrobotics2425laptop14/Desktop/project/team3/team3-project/install/package_with_interfaces/include/package_with_interfaces/package_with_interfaces/msg/detail/target_block__struct.h
[1.977s] -- Up-to-date: /home/mscrobotics2425laptop14/Desktop/project/team3/team3-project/install/package_with_interfaces/include/package_with_interfaces/package_with_interfaces/msg/detail/target_block__type_support.h
[1.977s] -- Up-to-date: /home/mscrobotics2425laptop14/Desktop/project/team3/team3-project/install/package_with_interfaces/include/package_with_interfaces/package_with_interfaces/msg/detail/target_block__functions.h
[1.977s] -- Up-to-date: /home/mscrobotics2425laptop14/Desktop/project/team3/team3-project/install/package_with_interfaces/include/package_with_interfaces/package_with_interfaces/msg/rosidl_generator_c__visibility_control.h
[1.977s] -- Up-to-date: /home/mscrobotics2425laptop14/Desktop/project/team3/team3-project/install/package_with_interfaces/share/package_with_interfaces/environment/library_path.sh
[1.977s] -- Up-to-date: /home/mscrobotics2425laptop14/Desktop/project/team3/team3-project/install/package_with_interfaces/share/package_with_interfaces/environment/library_path.dsv
[1.977s] -- Up-to-date: /home/mscrobotics2425laptop14/Desktop/project/team3/team3-project/install/package_with_interfaces/lib/libpackage_with_interfaces__rosidl_generator_c.so
[1.978s] -- Up-to-date: /home/mscrobotics2425laptop14/Desktop/project/team3/team3-project/install/package_with_interfaces/include/package_with_interfaces/package_with_interfaces
[1.978s] -- Up-to-date: /home/mscrobotics2425laptop14/Desktop/project/team3/team3-project/install/package_with_interfaces/include/package_with_interfaces/package_with_interfaces/msg
[1.978s] -- Up-to-date: /home/mscrobotics2425laptop14/Desktop/project/team3/team3-project/install/package_with_interfaces/include/package_with_interfaces/package_with_interfaces/msg/rosidl_typesupport_fastrtps_c__visibility_control.h
[1.978s] -- Up-to-date: /home/mscrobotics2425laptop14/Desktop/project/team3/team3-project/install/package_with_interfaces/include/package_with_interfaces/package_with_interfaces/msg/detail
[1.978s] -- Up-to-date: /home/mscrobotics2425laptop14/Desktop/project/team3/team3-project/install/package_with_interfaces/include/package_with_interfaces/package_with_interfaces/msg/detail/target_block__rosidl_typesupport_fastrtps_c.h
[1.979s] -- Up-to-date: /home/mscrobotics2425laptop14/Desktop/project/team3/team3-project/install/package_with_interfaces/lib/libpackage_with_interfaces__rosidl_typesupport_fastrtps_c.so
[1.979s] -- Up-to-date: /home/mscrobotics2425laptop14/Desktop/project/team3/team3-project/install/package_with_interfaces/include/package_with_interfaces/package_with_interfaces
[1.979s] -- Up-to-date: /home/mscrobotics2425laptop14/Desktop/project/team3/team3-project/install/package_with_interfaces/include/package_with_interfaces/package_with_interfaces/msg
[1.979s] -- Up-to-date: /home/mscrobotics2425laptop14/Desktop/project/team3/team3-project/install/package_with_interfaces/include/package_with_interfaces/package_with_interfaces/msg/detail
[1.979s] -- Up-to-date: /home/mscrobotics2425laptop14/Desktop/project/team3/team3-project/install/package_with_interfaces/include/package_with_interfaces/package_with_interfaces/msg/detail/target_block__struct.hpp
[1.979s] -- Up-to-date: /home/mscrobotics2425laptop14/Desktop/project/team3/team3-project/install/package_with_interfaces/include/package_with_interfaces/package_with_interfaces/msg/detail/target_block__traits.hpp
[1.979s] -- Up-to-date: /home/mscrobotics2425laptop14/Desktop/project/team3/team3-project/install/package_with_interfaces/include/package_with_interfaces/package_with_interfaces/msg/detail/target_block__builder.hpp
[1.979s] -- Up-to-date: /home/mscrobotics2425laptop14/Desktop/project/team3/team3-project/install/package_with_interfaces/include/package_with_interfaces/package_with_interfaces/msg/target_block.hpp
[1.980s] -- Up-to-date: /home/mscrobotics2425laptop14/Desktop/project/team3/team3-project/install/package_with_interfaces/include/package_with_interfaces/package_with_interfaces
[1.980s] -- Up-to-date: /home/mscrobotics2425laptop14/Desktop/project/team3/team3-project/install/package_with_interfaces/include/package_with_interfaces/package_with_interfaces/msg
[1.980s] -- Up-to-date: /home/mscrobotics2425laptop14/Desktop/project/team3/team3-project/install/package_with_interfaces/include/package_with_interfaces/package_with_interfaces/msg/rosidl_typesupport_fastrtps_cpp__visibility_control.h
[1.980s] -- Up-to-date: /home/mscrobotics2425laptop14/Desktop/project/team3/team3-project/install/package_with_interfaces/include/package_with_interfaces/package_with_interfaces/msg/detail
[1.980s] -- Up-to-date: /home/mscrobotics2425laptop14/Desktop/project/team3/team3-project/install/package_with_interfaces/include/package_with_interfaces/package_with_interfaces/msg/detail/dds_fastrtps
[1.980s] -- Up-to-date: /home/mscrobotics2425laptop14/Desktop/project/team3/team3-project/install/package_with_interfaces/include/package_with_interfaces/package_with_interfaces/msg/detail/target_block__rosidl_typesupport_fastrtps_cpp.hpp
[1.980s] -- Up-to-date: /home/mscrobotics2425laptop14/Desktop/project/team3/team3-project/install/package_with_interfaces/lib/libpackage_with_interfaces__rosidl_typesupport_fastrtps_cpp.so
[1.981s] -- Up-to-date: /home/mscrobotics2425laptop14/Desktop/project/team3/team3-project/install/package_with_interfaces/include/package_with_interfaces/package_with_interfaces
[1.981s] -- Up-to-date: /home/mscrobotics2425laptop14/Desktop/project/team3/team3-project/install/package_with_interfaces/include/package_with_interfaces/package_with_interfaces/msg
[1.981s] -- Up-to-date: /home/mscrobotics2425laptop14/Desktop/project/team3/team3-project/install/package_with_interfaces/include/package_with_interfaces/package_with_interfaces/msg/rosidl_typesupport_introspection_c__visibility_control.h
[1.981s] -- Up-to-date: /home/mscrobotics2425laptop14/Desktop/project/team3/team3-project/install/package_with_interfaces/include/package_with_interfaces/package_with_interfaces/msg/detail
[1.981s] -- Up-to-date: /home/mscrobotics2425laptop14/Desktop/project/team3/team3-project/install/package_with_interfaces/include/package_with_interfaces/package_with_interfaces/msg/detail/target_block__rosidl_typesupport_introspection_c.h
[1.981s] -- Up-to-date: /home/mscrobotics2425laptop14/Desktop/project/team3/team3-project/install/package_with_interfaces/include/package_with_interfaces/package_with_interfaces/msg/detail/target_block__type_support.c
[1.981s] -- Up-to-date: /home/mscrobotics2425laptop14/Desktop/project/team3/team3-project/install/package_with_interfaces/lib/libpackage_with_interfaces__rosidl_typesupport_introspection_c.so
[1.981s] -- Up-to-date: /home/mscrobotics2425laptop14/Desktop/project/team3/team3-project/install/package_with_interfaces/lib/libpackage_with_interfaces__rosidl_typesupport_c.so
[1.982s] -- Up-to-date: /home/mscrobotics2425laptop14/Desktop/project/team3/team3-project/install/package_with_interfaces/include/package_with_interfaces/package_with_interfaces
[1.982s] -- Up-to-date: /home/mscrobotics2425laptop14/Desktop/project/team3/team3-project/install/package_with_interfaces/include/package_with_interfaces/package_with_interfaces/msg
[1.982s] -- Up-to-date: /home/mscrobotics2425laptop14/Desktop/project/team3/team3-project/install/package_with_interfaces/include/package_with_interfaces/package_with_interfaces/msg/detail
[1.982s] -- Up-to-date: /home/mscrobotics2425laptop14/Desktop/project/team3/team3-project/install/package_with_interfaces/include/package_with_interfaces/package_with_interfaces/msg/detail/target_block__type_support.cpp
[1.982s] -- Up-to-date: /home/mscrobotics2425laptop14/Desktop/project/team3/team3-project/install/package_with_interfaces/include/package_with_interfaces/package_with_interfaces/msg/detail/target_block__rosidl_typesupport_introspection_cpp.hpp
[1.982s] -- Up-to-date: /home/mscrobotics2425laptop14/Desktop/project/team3/team3-project/install/package_with_interfaces/lib/libpackage_with_interfaces__rosidl_typesupport_introspection_cpp.so
[1.982s] -- Up-to-date: /home/mscrobotics2425laptop14/Desktop/project/team3/team3-project/install/package_with_interfaces/lib/libpackage_with_interfaces__rosidl_typesupport_cpp.so
[1.986s] -- Up-to-date: /home/mscrobotics2425laptop14/Desktop/project/team3/team3-project/install/package_with_interfaces/share/package_with_interfaces/environment/pythonpath.sh
[1.986s] -- Up-to-date: /home/mscrobotics2425laptop14/Desktop/project/team3/team3-project/install/package_with_interfaces/share/package_with_interfaces/environment/pythonpath.dsv
[1.986s] -- Up-to-date: /home/mscrobotics2425laptop14/Desktop/project/team3/team3-project/install/package_with_interfaces/lib/python3.10/site-packages/package_with_interfaces-0.0.0-py3.10.egg-info
[1.986s] -- Installing: /home/mscrobotics2425laptop14/Desktop/project/team3/team3-project/install/package_with_interfaces/lib/python3.10/site-packages/package_with_interfaces-0.0.0-py3.10.egg-info/PKG-INFO
[1.986s] -- Installing: /home/mscrobotics2425laptop14/Desktop/project/team3/team3-project/install/package_with_interfaces/lib/python3.10/site-packages/package_with_interfaces-0.0.0-py3.10.egg-info/top_level.txt
[1.986s] -- Installing: /home/mscrobotics2425laptop14/Desktop/project/team3/team3-project/install/package_with_interfaces/lib/python3.10/site-packages/package_with_interfaces-0.0.0-py3.10.egg-info/SOURCES.txt
[1.986s] -- Installing: /home/mscrobotics2425laptop14/Desktop/project/team3/team3-project/install/package_with_interfaces/lib/python3.10/site-packages/package_with_interfaces-0.0.0-py3.10.egg-info/dependency_links.txt
[1.987s] -- Up-to-date: /home/mscrobotics2425laptop14/Desktop/project/team3/team3-project/install/package_with_interfaces/lib/python3.10/site-packages/package_with_interfaces
[1.987s] -- Up-to-date: /home/mscrobotics2425laptop14/Desktop/project/team3/team3-project/install/package_with_interfaces/lib/python3.10/site-packages/package_with_interfaces/msg
[1.987s] -- Up-to-date: /home/mscrobotics2425laptop14/Desktop/project/team3/team3-project/install/package_with_interfaces/lib/python3.10/site-packages/package_with_interfaces/msg/__init__.py
[1.987s] -- Up-to-date: /home/mscrobotics2425laptop14/Desktop/project/team3/team3-project/install/package_with_interfaces/lib/python3.10/site-packages/package_with_interfaces/msg/_target_block.py
[1.987s] -- Up-to-date: /home/mscrobotics2425laptop14/Desktop/project/team3/team3-project/install/package_with_interfaces/lib/python3.10/site-packages/package_with_interfaces/msg/_target_block_s.c
[1.987s] -- Up-to-date: /home/mscrobotics2425laptop14/Desktop/project/team3/team3-project/install/package_with_interfaces/lib/python3.10/site-packages/package_with_interfaces/package_with_interfaces_s__rosidl_typesupport_introspection_c.cpython-310-x86_64-linux-gnu.so
[1.987s] -- Up-to-date: /home/mscrobotics2425laptop14/Desktop/project/team3/team3-project/install/package_with_interfaces/lib/python3.10/site-packages/package_with_interfaces/_package_with_interfaces_s.ep.rosidl_typesupport_introspection_c.c
[1.988s] -- Up-to-date: /home/mscrobotics2425laptop14/Desktop/project/team3/team3-project/install/package_with_interfaces/lib/python3.10/site-packages/package_with_interfaces/_package_with_interfaces_s.ep.rosidl_typesupport_fastrtps_c.c
[1.988s] -- Up-to-date: /home/mscrobotics2425laptop14/Desktop/project/team3/team3-project/install/package_with_interfaces/lib/python3.10/site-packages/package_with_interfaces/package_with_interfaces_s__rosidl_typesupport_c.cpython-310-x86_64-linux-gnu.so
[1.988s] -- Up-to-date: /home/mscrobotics2425laptop14/Desktop/project/team3/team3-project/install/package_with_interfaces/lib/python3.10/site-packages/package_with_interfaces/libpackage_with_interfaces__rosidl_generator_py.so
[1.988s] -- Up-to-date: /home/mscrobotics2425laptop14/Desktop/project/team3/team3-project/install/package_with_interfaces/lib/python3.10/site-packages/package_with_interfaces/_package_with_interfaces_s.ep.rosidl_typesupport_c.c
[1.988s] -- Up-to-date: /home/mscrobotics2425laptop14/Desktop/project/team3/team3-project/install/package_with_interfaces/lib/python3.10/site-packages/package_with_interfaces/package_with_interfaces_s__rosidl_typesupport_fastrtps_c.cpython-310-x86_64-linux-gnu.so
[1.988s] -- Up-to-date: /home/mscrobotics2425laptop14/Desktop/project/team3/team3-project/install/package_with_interfaces/lib/python3.10/site-packages/package_with_interfaces/__init__.py
[2.040s] Listing '/home/mscrobotics2425laptop14/Desktop/project/team3/team3-project/install/package_with_interfaces/lib/python3.10/site-packages/package_with_interfaces'...
[2.041s] Listing '/home/mscrobotics2425laptop14/Desktop/project/team3/team3-project/install/package_with_interfaces/lib/python3.10/site-packages/package_with_interfaces/msg'...
[2.047s] -- Up-to-date: /home/mscrobotics2425laptop14/Desktop/project/team3/team3-project/install/package_with_interfaces/lib/python3.10/site-packages/package_with_interfaces/package_with_interfaces_s__rosidl_typesupport_fastrtps_c.cpython-310-x86_64-linux-gnu.so
[2.048s] -- Up-to-date: /home/mscrobotics2425laptop14/Desktop/project/team3/team3-project/install/package_with_interfaces/lib/python3.10/site-packages/package_with_interfaces/package_with_interfaces_s__rosidl_typesupport_introspection_c.cpython-310-x86_64-linux-gnu.so
[2.048s] -- Up-to-date: /home/mscrobotics2425laptop14/Desktop/project/team3/team3-project/install/package_with_interfaces/lib/python3.10/site-packages/package_with_interfaces/package_with_interfaces_s__rosidl_typesupport_c.cpython-310-x86_64-linux-gnu.so
[2.050s] -- Up-to-date: /home/mscrobotics2425laptop14/Desktop/project/team3/team3-project/install/package_with_interfaces/lib/libpackage_with_interfaces__rosidl_generator_py.so
[2.050s] -- Up-to-date: /home/mscrobotics2425laptop14/Desktop/project/team3/team3-project/install/package_with_interfaces/share/package_with_interfaces/msg/TargetBlock.idl
[2.050s] -- Up-to-date: /home/mscrobotics2425laptop14/Desktop/project/team3/team3-project/install/package_with_interfaces/share/package_with_interfaces/msg/TargetBlock.msg
[2.051s] -- Up-to-date: /home/mscrobotics2425laptop14/Desktop/project/team3/team3-project/install/package_with_interfaces/share/ament_index/resource_index/package_run_dependencies/package_with_interfaces
[2.051s] -- Up-to-date: /home/mscrobotics2425laptop14/Desktop/project/team3/team3-project/install/package_with_interfaces/share/ament_index/resource_index/parent_prefix_path/package_with_interfaces
[2.051s] -- Up-to-date: /home/mscrobotics2425laptop14/Desktop/project/team3/team3-project/install/package_with_interfaces/share/package_with_interfaces/environment/ament_prefix_path.sh
[2.051s] -- Up-to-date: /home/mscrobotics2425laptop14/Desktop/project/team3/team3-project/install/package_with_interfaces/share/package_with_interfaces/environment/ament_prefix_path.dsv
[2.051s] -- Up-to-date: /home/mscrobotics2425laptop14/Desktop/project/team3/team3-project/install/package_with_interfaces/share/package_with_interfaces/environment/path.sh
[2.052s] -- Up-to-date: /home/mscrobotics2425laptop14/Desktop/project/team3/team3-project/install/package_with_interfaces/share/package_with_interfaces/environment/path.dsv
[2.052s] -- Up-to-date: /home/mscrobotics2425laptop14/Desktop/project/team3/team3-project/install/package_with_interfaces/share/package_with_interfaces/local_setup.bash
[2.052s] -- Up-to-date: /home/mscrobotics2425laptop14/Desktop/project/team3/team3-project/install/package_with_interfaces/share/package_with_interfaces/local_setup.sh
[2.052s] -- Up-to-date: /home/mscrobotics2425laptop14/Desktop/project/team3/team3-project/install/package_with_interfaces/share/package_with_interfaces/local_setup.zsh
[2.052s] -- Up-to-date: /home/mscrobotics2425laptop14/Desktop/project/team3/team3-project/install/package_with_interfaces/share/package_with_interfaces/local_setup.dsv
[2.052s] -- Installing: /home/mscrobotics2425laptop14/Desktop/project/team3/team3-project/install/package_with_interfaces/share/package_with_interfaces/package.dsv
[2.056s] -- Up-to-date: /home/mscrobotics2425laptop14/Desktop/project/team3/team3-project/install/package_with_interfaces/share/ament_index/resource_index/packages/package_with_interfaces
[2.056s] -- Up-to-date: /home/mscrobotics2425laptop14/Desktop/project/team3/team3-project/install/package_with_interfaces/share/package_with_interfaces/cmake/export_package_with_interfaces__rosidl_generator_cExport.cmake
[2.056s] -- Up-to-date: /home/mscrobotics2425laptop14/Desktop/project/team3/team3-project/install/package_with_interfaces/share/package_with_interfaces/cmake/export_package_with_interfaces__rosidl_generator_cExport-noconfig.cmake
[2.056s] -- Up-to-date: /home/mscrobotics2425laptop14/Desktop/project/team3/team3-project/install/package_with_interfaces/share/package_with_interfaces/cmake/export_package_with_interfaces__rosidl_typesupport_fastrtps_cExport.cmake
[2.056s] -- Up-to-date: /home/mscrobotics2425laptop14/Desktop/project/team3/team3-project/install/package_with_interfaces/share/package_with_interfaces/cmake/export_package_with_interfaces__rosidl_typesupport_fastrtps_cExport-noconfig.cmake
[2.056s] -- Up-to-date: /home/mscrobotics2425laptop14/Desktop/project/team3/team3-project/install/package_with_interfaces/share/package_with_interfaces/cmake/export_package_with_interfaces__rosidl_generator_cppExport.cmake
[2.056s] -- Up-to-date: /home/mscrobotics2425laptop14/Desktop/project/team3/team3-project/install/package_with_interfaces/share/package_with_interfaces/cmake/export_package_with_interfaces__rosidl_typesupport_fastrtps_cppExport.cmake
[2.056s] -- Up-to-date: /home/mscrobotics2425laptop14/Desktop/project/team3/team3-project/install/package_with_interfaces/share/package_with_interfaces/cmake/export_package_with_interfaces__rosidl_typesupport_fastrtps_cppExport-noconfig.cmake
[2.057s] -- Up-to-date: /home/mscrobotics2425laptop14/Desktop/project/team3/team3-project/install/package_with_interfaces/share/package_with_interfaces/cmake/package_with_interfaces__rosidl_typesupport_introspection_cExport.cmake
[2.057s] -- Up-to-date: /home/mscrobotics2425laptop14/Desktop/project/team3/team3-project/install/package_with_interfaces/share/package_with_interfaces/cmake/package_with_interfaces__rosidl_typesupport_introspection_cExport-noconfig.cmake
[2.057s] -- Up-to-date: /home/mscrobotics2425laptop14/Desktop/project/team3/team3-project/install/package_with_interfaces/share/package_with_interfaces/cmake/package_with_interfaces__rosidl_typesupport_cExport.cmake
[2.057s] -- Up-to-date: /home/mscrobotics2425laptop14/Desktop/project/team3/team3-project/install/package_with_interfaces/share/package_with_interfaces/cmake/package_with_interfaces__rosidl_typesupport_cExport-noconfig.cmake
[2.057s] -- Up-to-date: /home/mscrobotics2425laptop14/Desktop/project/team3/team3-project/install/package_with_interfaces/share/package_with_interfaces/cmake/package_with_interfaces__rosidl_typesupport_introspection_cppExport.cmake
[2.058s] -- Up-to-date: /home/mscrobotics2425laptop14/Desktop/project/team3/team3-project/install/package_with_interfaces/share/package_with_interfaces/cmake/package_with_interfaces__rosidl_typesupport_introspection_cppExport-noconfig.cmake
[2.058s] -- Up-to-date: /home/mscrobotics2425laptop14/Desktop/project/team3/team3-project/install/package_with_interfaces/share/package_with_interfaces/cmake/package_with_interfaces__rosidl_typesupport_cppExport.cmake
[2.058s] -- Up-to-date: /home/mscrobotics2425laptop14/Desktop/project/team3/team3-project/install/package_with_interfaces/share/package_with_interfaces/cmake/package_with_interfaces__rosidl_typesupport_cppExport-noconfig.cmake
[2.058s] -- Up-to-date: /home/mscrobotics2425laptop14/Desktop/project/team3/team3-project/install/package_with_interfaces/share/package_with_interfaces/cmake/export_package_with_interfaces__rosidl_generator_pyExport.cmake
[2.058s] -- Up-to-date: /home/mscrobotics2425laptop14/Desktop/project/team3/team3-project/install/package_with_interfaces/share/package_with_interfaces/cmake/export_package_with_interfaces__rosidl_generator_pyExport-noconfig.cmake
[2.058s] -- Up-to-date: /home/mscrobotics2425laptop14/Desktop/project/team3/team3-project/install/package_with_interfaces/share/package_with_interfaces/cmake/rosidl_cmake-extras.cmake
[2.058s] -- Up-to-date: /home/mscrobotics2425laptop14/Desktop/project/team3/team3-project/install/package_with_interfaces/share/package_with_interfaces/cmake/ament_cmake_export_dependencies-extras.cmake
[2.059s] -- Up-to-date: /home/mscrobotics2425laptop14/Desktop/project/team3/team3-project/install/package_with_interfaces/share/package_with_interfaces/cmake/ament_cmake_export_include_directories-extras.cmake
[2.059s] -- Up-to-date: /home/mscrobotics2425laptop14/Desktop/project/team3/team3-project/install/package_with_interfaces/share/package_with_interfaces/cmake/ament_cmake_export_libraries-extras.cmake
[2.059s] -- Up-to-date: /home/mscrobotics2425laptop14/Desktop/project/team3/team3-project/install/package_with_interfaces/share/package_with_interfaces/cmake/ament_cmake_export_targets-extras.cmake
[2.059s] -- Up-to-date: /home/mscrobotics2425laptop14/Desktop/project/team3/team3-project/install/package_with_interfaces/share/package_with_interfaces/cmake/rosidl_cmake_export_typesupport_targets-extras.cmake
[2.064s] -- Up-to-date: /home/mscrobotics2425laptop14/Desktop/project/team3/team3-project/install/package_with_interfaces/share/package_with_interfaces/cmake/rosidl_cmake_export_typesupport_libraries-extras.cmake
[2.064s] -- Up-to-date: /home/mscrobotics2425laptop14/Desktop/project/team3/team3-project/install/package_with_interfaces/share/package_with_interfaces/cmake/package_with_interfacesConfig.cmake
[2.064s] -- Up-to-date: /home/mscrobotics2425laptop14/Desktop/project/team3/team3-project/install/package_with_interfaces/share/package_with_interfaces/cmake/package_with_interfacesConfig-version.cmake
[2.064s] -- Up-to-date: /home/mscrobotics2425laptop14/Desktop/project/team3/team3-project/install/package_with_interfaces/share/package_with_interfaces/package.xml
[2.064s] Invoked command in '/home/mscrobotics2425laptop14/Desktop/project/team3/team3-project/build/package_with_interfaces' returned '0': CMAKE_PREFIX_PATH=${CMAKE_PREFIX_PATH}:/home/mscrobotics2425laptop14/Desktop/project/team3/team3-project/install/robotic_arm:/home/mscrobotics2425laptop14/Desktop/project/team3/team3-project/install/nuc:/home/mscrobotics2425laptop14/Desktop/project/team3/team3-project/install/navigation:/home/mscrobotics2425laptop14/Desktop/project/team3/team3-project/install/map:/home/mscrobotics2425laptop14/Desktop/project/team3/team3-project/install/lidar:/home/mscrobotics2425laptop14/Desktop/project/team3/team3-project/install/leo_rover:/home/mscrobotics2425laptop14/Desktop/project/team3/team3-project/install/imu:/home/mscrobotics2425laptop14/Desktop/project/team3/team3-project/install/data_integration:/home/mscrobotics2425laptop14/Desktop/project/team3/team3-project/install/controller_server:/home/mscrobotics2425laptop14/Desktop/project/team3/team3-project/install/camera:/opt/ros/humble CONDA_PROMPT_MODIFIER=(ros2) /usr/bin/cmake --install /home/mscrobotics2425laptop14/Desktop/project/team3/team3-project/build/package_with_interfaces
