[3.907s] Invoking command in '/home/sfr2024/assessment/team3_project/src/leo_rover': PYTHONPATH=/home/sfr2024/assessment/team3_project/build/leo_rover/prefix_override:/usr/lib/python3/dist-packages/colcon_core/task/python/colcon_distutils_commands:/home/sfr2024/assessment/team3_project/install/leo_rover/lib/python3.10/site-packages:${PYTHONPATH} /usr/bin/python3 -W ignore:setup.py install is deprecated setup.py egg_info --egg-base ../../build/leo_rover build --build-base /home/sfr2024/assessment/team3_project/build/leo_rover/build install --record /home/sfr2024/assessment/team3_project/build/leo_rover/install.log --single-version-externally-managed install_data
[4.483s] running egg_info
[4.484s] writing ../../build/leo_rover/leo_rover.egg-info/PKG-INFO
[4.485s] writing dependency_links to ../../build/leo_rover/leo_rover.egg-info/dependency_links.txt
[4.486s] writing entry points to ../../build/leo_rover/leo_rover.egg-info/entry_points.txt
[4.486s] writing requirements to ../../build/leo_rover/leo_rover.egg-info/requires.txt
[4.487s] writing top-level names to ../../build/leo_rover/leo_rover.egg-info/top_level.txt
[4.492s] reading manifest file '../../build/leo_rover/leo_rover.egg-info/SOURCES.txt'
[4.492s] writing manifest file '../../build/leo_rover/leo_rover.egg-info/SOURCES.txt'
[4.493s] running build
[4.493s] running build_py
[4.494s] running install
[4.495s] running install_lib
[4.498s] running install_data
[4.501s] running install_egg_info
[4.504s] removing '/home/sfr2024/assessment/team3_project/install/leo_rover/lib/python3.10/site-packages/leo_rover-0.0.0-py3.10.egg-info' (and everything under it)
[4.509s] Copying ../../build/leo_rover/leo_rover.egg-info to /home/sfr2024/assessment/team3_project/install/leo_rover/lib/python3.10/site-packages/leo_rover-0.0.0-py3.10.egg-info
[4.510s] running install_scripts
[4.558s] Installing leo_rover_node script to /home/sfr2024/assessment/team3_project/install/leo_rover/lib/leo_rover
[4.558s] writing list of installed files to '/home/sfr2024/assessment/team3_project/build/leo_rover/install.log'
[4.607s] Invoked command in '/home/sfr2024/assessment/team3_project/src/leo_rover' returned '0': PYTHONPATH=/home/sfr2024/assessment/team3_project/build/leo_rover/prefix_override:/usr/lib/python3/dist-packages/colcon_core/task/python/colcon_distutils_commands:/home/sfr2024/assessment/team3_project/install/leo_rover/lib/python3.10/site-packages:${PYTHONPATH} /usr/bin/python3 -W ignore:setup.py install is deprecated setup.py egg_info --egg-base ../../build/leo_rover build --build-base /home/sfr2024/assessment/team3_project/build/leo_rover/build install --record /home/sfr2024/assessment/team3_project/build/leo_rover/install.log --single-version-externally-managed install_data
