[2.955s] Invoking command in '/home/sfr2024/assessment/team3_project/src/robotic_arm': PYTHONPATH=/home/sfr2024/assessment/team3_project/build/robotic_arm/prefix_override:/usr/lib/python3/dist-packages/colcon_core/task/python/colcon_distutils_commands:/home/sfr2024/assessment/team3_project/install/robotic_arm/lib/python3.10/site-packages:${PYTHONPATH} /usr/bin/python3 -W ignore:setup.py install is deprecated setup.py egg_info --egg-base ../../build/robotic_arm build --build-base /home/sfr2024/assessment/team3_project/build/robotic_arm/build install --record /home/sfr2024/assessment/team3_project/build/robotic_arm/install.log --single-version-externally-managed install_data
[3.734s] running egg_info
[3.736s] writing ../../build/robotic_arm/robotic_arm.egg-info/PKG-INFO
[3.737s] writing dependency_links to ../../build/robotic_arm/robotic_arm.egg-info/dependency_links.txt
[3.737s] writing entry points to ../../build/robotic_arm/robotic_arm.egg-info/entry_points.txt
[3.738s] writing requirements to ../../build/robotic_arm/robotic_arm.egg-info/requires.txt
[3.739s] writing top-level names to ../../build/robotic_arm/robotic_arm.egg-info/top_level.txt
[3.744s] reading manifest file '../../build/robotic_arm/robotic_arm.egg-info/SOURCES.txt'
[3.746s] writing manifest file '../../build/robotic_arm/robotic_arm.egg-info/SOURCES.txt'
[3.747s] running build
[3.747s] running build_py
[3.748s] running install
[3.749s] running install_lib
[3.752s] running install_data
[3.752s] running install_egg_info
[3.759s] removing '/home/sfr2024/assessment/team3_project/install/robotic_arm/lib/python3.10/site-packages/robotic_arm-0.0.0-py3.10.egg-info' (and everything under it)
[3.760s] Copying ../../build/robotic_arm/robotic_arm.egg-info to /home/sfr2024/assessment/team3_project/install/robotic_arm/lib/python3.10/site-packages/robotic_arm-0.0.0-py3.10.egg-info
[3.762s] running install_scripts
[3.811s] Installing robotic_arm_node script to /home/sfr2024/assessment/team3_project/install/robotic_arm/lib/robotic_arm
[3.812s] writing list of installed files to '/home/sfr2024/assessment/team3_project/build/robotic_arm/install.log'
[3.859s] Invoked command in '/home/sfr2024/assessment/team3_project/src/robotic_arm' returned '0': PYTHONPATH=/home/sfr2024/assessment/team3_project/build/robotic_arm/prefix_override:/usr/lib/python3/dist-packages/colcon_core/task/python/colcon_distutils_commands:/home/sfr2024/assessment/team3_project/install/robotic_arm/lib/python3.10/site-packages:${PYTHONPATH} /usr/bin/python3 -W ignore:setup.py install is deprecated setup.py egg_info --egg-base ../../build/robotic_arm build --build-base /home/sfr2024/assessment/team3_project/build/robotic_arm/build install --record /home/sfr2024/assessment/team3_project/build/robotic_arm/install.log --single-version-externally-managed install_data
