[2.775s] Invoking command in '/home/mscrobotics2425laptop14/Desktop/project/team3/team3-project/src/controller_server': CONDA_PROMPT_MODIFIER=(ros2) PYTHONPATH=/home/mscrobotics2425laptop14/Desktop/project/team3/team3-project/build/controller_server/prefix_override:/usr/lib/python3/dist-packages/colcon_core/task/python/colcon_distutils_commands:/home/mscrobotics2425laptop14/Desktop/project/team3/team3-project/install/controller_server/lib/python3.10/site-packages:${PYTHONPATH} /usr/bin/python3 -W ignore:setup.py install is deprecated setup.py egg_info --egg-base ../../build/controller_server build --build-base /home/mscrobotics2425laptop14/Desktop/project/team3/team3-project/build/controller_server/build install --record /home/mscrobotics2425laptop14/Desktop/project/team3/team3-project/build/controller_server/install.log --single-version-externally-managed install_data
[3.316s] running egg_info
[3.325s] writing ../../build/controller_server/controller_server.egg-info/PKG-INFO
[3.325s] writing dependency_links to ../../build/controller_server/controller_server.egg-info/dependency_links.txt
[3.326s] writing entry points to ../../build/controller_server/controller_server.egg-info/entry_points.txt
[3.326s] writing requirements to ../../build/controller_server/controller_server.egg-info/requires.txt
[3.326s] writing top-level names to ../../build/controller_server/controller_server.egg-info/top_level.txt
[3.330s] reading manifest file '../../build/controller_server/controller_server.egg-info/SOURCES.txt'
[3.331s] writing manifest file '../../build/controller_server/controller_server.egg-info/SOURCES.txt'
[3.333s] running build
[3.333s] running build_py
[3.333s] running install
[3.338s] running install_lib
[3.340s] running install_data
[3.341s] running install_egg_info
[3.346s] removing '/home/mscrobotics2425laptop14/Desktop/project/team3/team3-project/install/controller_server/lib/python3.10/site-packages/controller_server-0.0.0-py3.10.egg-info' (and everything under it)
[3.350s] Copying ../../build/controller_server/controller_server.egg-info to /home/mscrobotics2425laptop14/Desktop/project/team3/team3-project/install/controller_server/lib/python3.10/site-packages/controller_server-0.0.0-py3.10.egg-info
[3.354s] running install_scripts
[3.406s] Installing controller_server_node script to /home/mscrobotics2425laptop14/Desktop/project/team3/team3-project/install/controller_server/lib/controller_server
[3.408s] writing list of installed files to '/home/mscrobotics2425laptop14/Desktop/project/team3/team3-project/build/controller_server/install.log'
[3.566s] Invoked command in '/home/mscrobotics2425laptop14/Desktop/project/team3/team3-project/src/controller_server' returned '0': CONDA_PROMPT_MODIFIER=(ros2) PYTHONPATH=/home/mscrobotics2425laptop14/Desktop/project/team3/team3-project/build/controller_server/prefix_override:/usr/lib/python3/dist-packages/colcon_core/task/python/colcon_distutils_commands:/home/mscrobotics2425laptop14/Desktop/project/team3/team3-project/install/controller_server/lib/python3.10/site-packages:${PYTHONPATH} /usr/bin/python3 -W ignore:setup.py install is deprecated setup.py egg_info --egg-base ../../build/controller_server build --build-base /home/mscrobotics2425laptop14/Desktop/project/team3/team3-project/build/controller_server/build install --record /home/mscrobotics2425laptop14/Desktop/project/team3/team3-project/build/controller_server/install.log --single-version-externally-managed install_data
