[4.379s] Invoking command in '/home/sfr2024/assessment/team3_project/src/lidar': PYTHONPATH=/home/sfr2024/assessment/team3_project/build/lidar/prefix_override:/usr/lib/python3/dist-packages/colcon_core/task/python/colcon_distutils_commands:/home/sfr2024/assessment/team3_project/install/lidar/lib/python3.10/site-packages:${PYTHONPATH} /usr/bin/python3 -W ignore:setup.py install is deprecated setup.py egg_info --egg-base ../../build/lidar build --build-base /home/sfr2024/assessment/team3_project/build/lidar/build install --record /home/sfr2024/assessment/team3_project/build/lidar/install.log --single-version-externally-managed install_data
[5.440s] running egg_info
[5.442s] writing ../../build/lidar/lidar.egg-info/PKG-INFO
[5.443s] writing dependency_links to ../../build/lidar/lidar.egg-info/dependency_links.txt
[5.443s] writing entry points to ../../build/lidar/lidar.egg-info/entry_points.txt
[5.443s] writing requirements to ../../build/lidar/lidar.egg-info/requires.txt
[5.444s] writing top-level names to ../../build/lidar/lidar.egg-info/top_level.txt
[5.446s] reading manifest file '../../build/lidar/lidar.egg-info/SOURCES.txt'
[5.449s] writing manifest file '../../build/lidar/lidar.egg-info/SOURCES.txt'
[5.449s] running build
[5.449s] running build_py
[5.450s] running install
[5.451s] running install_lib
[5.452s] running install_data
[5.453s] running install_egg_info
[5.458s] removing '/home/sfr2024/assessment/team3_project/install/lidar/lib/python3.10/site-packages/lidar-0.0.0-py3.10.egg-info' (and everything under it)
[5.458s] Copying ../../build/lidar/lidar.egg-info to /home/sfr2024/assessment/team3_project/install/lidar/lib/python3.10/site-packages/lidar-0.0.0-py3.10.egg-info
[5.461s] running install_scripts
[5.503s] Installing lidar_node script to /home/sfr2024/assessment/team3_project/install/lidar/lib/lidar
[5.504s] writing list of installed files to '/home/sfr2024/assessment/team3_project/build/lidar/install.log'
[5.568s] Invoked command in '/home/sfr2024/assessment/team3_project/src/lidar' returned '0': PYTHONPATH=/home/sfr2024/assessment/team3_project/build/lidar/prefix_override:/usr/lib/python3/dist-packages/colcon_core/task/python/colcon_distutils_commands:/home/sfr2024/assessment/team3_project/install/lidar/lib/python3.10/site-packages:${PYTHONPATH} /usr/bin/python3 -W ignore:setup.py install is deprecated setup.py egg_info --egg-base ../../build/lidar build --build-base /home/sfr2024/assessment/team3_project/build/lidar/build install --record /home/sfr2024/assessment/team3_project/build/lidar/install.log --single-version-externally-managed install_data
