[4.870s] Invoking command in '/home/mscrobotics2425laptop14/Desktop/project/team3/team3-project/src/data_integration': CONDA_PROMPT_MODIFIER=(ros2) PYTHONPATH=/home/mscrobotics2425laptop14/Desktop/project/team3/team3-project/build/data_integration/prefix_override:/usr/lib/python3/dist-packages/colcon_core/task/python/colcon_distutils_commands:/home/mscrobotics2425laptop14/Desktop/project/team3/team3-project/install/data_integration/lib/python3.10/site-packages:${PYTHONPATH} /usr/bin/python3 -W ignore:setup.py install is deprecated setup.py egg_info --egg-base ../../build/data_integration build --build-base /home/mscrobotics2425laptop14/Desktop/project/team3/team3-project/build/data_integration/build install --record /home/mscrobotics2425laptop14/Desktop/project/team3/team3-project/build/data_integration/install.log --single-version-externally-managed install_data
[5.834s] running egg_info
[5.845s] writing ../../build/data_integration/data_integration.egg-info/PKG-INFO
[5.877s] writing dependency_links to ../../build/data_integration/data_integration.egg-info/dependency_links.txt
[5.880s] writing entry points to ../../build/data_integration/data_integration.egg-info/entry_points.txt
[5.883s] writing requirements to ../../build/data_integration/data_integration.egg-info/requires.txt
[5.885s] writing top-level names to ../../build/data_integration/data_integration.egg-info/top_level.txt
[5.885s] reading manifest file '../../build/data_integration/data_integration.egg-info/SOURCES.txt'
[5.885s] writing manifest file '../../build/data_integration/data_integration.egg-info/SOURCES.txt'
[5.885s] running build
[5.886s] running build_py
[5.886s] running install
[5.886s] running install_lib
[5.893s] running install_data
[5.894s] running install_egg_info
[5.905s] removing '/home/mscrobotics2425laptop14/Desktop/project/team3/team3-project/install/data_integration/lib/python3.10/site-packages/data_integration-0.0.0-py3.10.egg-info' (and everything under it)
[5.908s] Copying ../../build/data_integration/data_integration.egg-info to /home/mscrobotics2425laptop14/Desktop/project/team3/team3-project/install/data_integration/lib/python3.10/site-packages/data_integration-0.0.0-py3.10.egg-info
[5.917s] running install_scripts
[6.089s] Installing data_integration_node script to /home/mscrobotics2425laptop14/Desktop/project/team3/team3-project/install/data_integration/lib/data_integration
[6.089s] writing list of installed files to '/home/mscrobotics2425laptop14/Desktop/project/team3/team3-project/build/data_integration/install.log'
[6.316s] Invoked command in '/home/mscrobotics2425laptop14/Desktop/project/team3/team3-project/src/data_integration' returned '0': CONDA_PROMPT_MODIFIER=(ros2) PYTHONPATH=/home/mscrobotics2425laptop14/Desktop/project/team3/team3-project/build/data_integration/prefix_override:/usr/lib/python3/dist-packages/colcon_core/task/python/colcon_distutils_commands:/home/mscrobotics2425laptop14/Desktop/project/team3/team3-project/install/data_integration/lib/python3.10/site-packages:${PYTHONPATH} /usr/bin/python3 -W ignore:setup.py install is deprecated setup.py egg_info --egg-base ../../build/data_integration build --build-base /home/mscrobotics2425laptop14/Desktop/project/team3/team3-project/build/data_integration/build install --record /home/mscrobotics2425laptop14/Desktop/project/team3/team3-project/build/data_integration/install.log --single-version-externally-managed install_data
