[3.378s] Invoking command in '/home/sfr2024/assessment/team3_project/src/navigation': PYTHONPATH=/home/sfr2024/assessment/team3_project/build/navigation/prefix_override:/usr/lib/python3/dist-packages/colcon_core/task/python/colcon_distutils_commands:/home/sfr2024/assessment/team3_project/install/navigation/lib/python3.10/site-packages:${PYTHONPATH} /usr/bin/python3 -W ignore:setup.py install is deprecated setup.py egg_info --egg-base ../../build/navigation build --build-base /home/sfr2024/assessment/team3_project/build/navigation/build install --record /home/sfr2024/assessment/team3_project/build/navigation/install.log --single-version-externally-managed install_data
[4.222s] running egg_info
[4.225s] writing ../../build/navigation/navigation.egg-info/PKG-INFO
[4.226s] writing dependency_links to ../../build/navigation/navigation.egg-info/dependency_links.txt
[4.226s] writing entry points to ../../build/navigation/navigation.egg-info/entry_points.txt
[4.227s] writing requirements to ../../build/navigation/navigation.egg-info/requires.txt
[4.230s] writing top-level names to ../../build/navigation/navigation.egg-info/top_level.txt
[4.233s] reading manifest file '../../build/navigation/navigation.egg-info/SOURCES.txt'
[4.236s] writing manifest file '../../build/navigation/navigation.egg-info/SOURCES.txt'
[4.236s] running build
[4.237s] running build_py
[4.238s] running install
[4.239s] running install_lib
[4.243s] running install_data
[4.243s] running install_egg_info
[4.259s] removing '/home/sfr2024/assessment/team3_project/install/navigation/lib/python3.10/site-packages/navigation-0.0.0-py3.10.egg-info' (and everything under it)
[4.259s] Copying ../../build/navigation/navigation.egg-info to /home/sfr2024/assessment/team3_project/install/navigation/lib/python3.10/site-packages/navigation-0.0.0-py3.10.egg-info
[4.259s] running install_scripts
[4.320s] Installing navigation_node script to /home/sfr2024/assessment/team3_project/install/navigation/lib/navigation
[4.321s] writing list of installed files to '/home/sfr2024/assessment/team3_project/build/navigation/install.log'
[4.385s] Invoked command in '/home/sfr2024/assessment/team3_project/src/navigation' returned '0': PYTHONPATH=/home/sfr2024/assessment/team3_project/build/navigation/prefix_override:/usr/lib/python3/dist-packages/colcon_core/task/python/colcon_distutils_commands:/home/sfr2024/assessment/team3_project/install/navigation/lib/python3.10/site-packages:${PYTHONPATH} /usr/bin/python3 -W ignore:setup.py install is deprecated setup.py egg_info --egg-base ../../build/navigation build --build-base /home/sfr2024/assessment/team3_project/build/navigation/build install --record /home/sfr2024/assessment/team3_project/build/navigation/install.log --single-version-externally-managed install_data
