[4.582s] Invoking command in '/home/sfr2024/assessment/team3_project/src/lidar': PYTHONPATH=/home/sfr2024/assessment/team3_project/build/lidar/prefix_override:/usr/lib/python3/dist-packages/colcon_core/task/python/colcon_distutils_commands:/home/sfr2024/assessment/team3_project/install/lidar/lib/python3.10/site-packages:${PYTHONPATH} /usr/bin/python3 -W ignore:setup.py install is deprecated setup.py egg_info --egg-base ../../build/lidar build --build-base /home/sfr2024/assessment/team3_project/build/lidar/build install --record /home/sfr2024/assessment/team3_project/build/lidar/install.log --single-version-externally-managed install_data
[5.798s] running egg_info
[5.802s] writing ../../build/lidar/lidar.egg-info/PKG-INFO
[5.803s] writing dependency_links to ../../build/lidar/lidar.egg-info/dependency_links.txt
[5.806s] writing entry points to ../../build/lidar/lidar.egg-info/entry_points.txt
[5.806s] writing requirements to ../../build/lidar/lidar.egg-info/requires.txt
[5.808s] writing top-level names to ../../build/lidar/lidar.egg-info/top_level.txt
[5.812s] reading manifest file '../../build/lidar/lidar.egg-info/SOURCES.txt'
[5.817s] writing manifest file '../../build/lidar/lidar.egg-info/SOURCES.txt'
[5.819s] running build
[5.820s] running build_py
[5.821s] running install
[5.822s] running install_lib
[5.827s] running install_data
[5.827s] running install_egg_info
[5.837s] removing '/home/sfr2024/assessment/team3_project/install/lidar/lib/python3.10/site-packages/lidar-0.0.0-py3.10.egg-info' (and everything under it)
[5.839s] Copying ../../build/lidar/lidar.egg-info to /home/sfr2024/assessment/team3_project/install/lidar/lib/python3.10/site-packages/lidar-0.0.0-py3.10.egg-info
[5.841s] running install_scripts
[5.938s] Installing lidar_node script to /home/sfr2024/assessment/team3_project/install/lidar/lib/lidar
[5.942s] writing list of installed files to '/home/sfr2024/assessment/team3_project/build/lidar/install.log'
[6.048s] Invoked command in '/home/sfr2024/assessment/team3_project/src/lidar' returned '0': PYTHONPATH=/home/sfr2024/assessment/team3_project/build/lidar/prefix_override:/usr/lib/python3/dist-packages/colcon_core/task/python/colcon_distutils_commands:/home/sfr2024/assessment/team3_project/install/lidar/lib/python3.10/site-packages:${PYTHONPATH} /usr/bin/python3 -W ignore:setup.py install is deprecated setup.py egg_info --egg-base ../../build/lidar build --build-base /home/sfr2024/assessment/team3_project/build/lidar/build install --record /home/sfr2024/assessment/team3_project/build/lidar/install.log --single-version-externally-managed install_data
