running egg_info
creating ../../build/data_integration/data_integration.egg-info
writing ../../build/data_integration/data_integration.egg-info/PKG-INFO
writing dependency_links to ../../build/data_integration/data_integration.egg-info/dependency_links.txt
writing entry points to ../../build/data_integration/data_integration.egg-info/entry_points.txt
writing requirements to ../../build/data_integration/data_integration.egg-info/requires.txt
writing top-level names to ../../build/data_integration/data_integration.egg-info/top_level.txt
writing manifest file '../../build/data_integration/data_integration.egg-info/SOURCES.txt'
reading manifest file '../../build/data_integration/data_integration.egg-info/SOURCES.txt'
writing manifest file '../../build/data_integration/data_integration.egg-info/SOURCES.txt'
running build
running build_py
creating /home/sfr2024/assessment/team3_project/build/data_integration/build
creating /home/sfr2024/assessment/team3_project/build/data_integration/build/lib
creating /home/sfr2024/assessment/team3_project/build/data_integration/build/lib/data_integration
copying data_integration/__init__.py -> /home/sfr2024/assessment/team3_project/build/data_integration/build/lib/data_integration
copying data_integration/data_integration_node.py -> /home/sfr2024/assessment/team3_project/build/data_integration/build/lib/data_integration
running install
running install_lib
creating /home/sfr2024/assessment/team3_project/install/data_integration/lib/python3.10/site-packages/data_integration
copying /home/sfr2024/assessment/team3_project/build/data_integration/build/lib/data_integration/__init__.py -> /home/sfr2024/assessment/team3_project/install/data_integration/lib/python3.10/site-packages/data_integration
copying /home/sfr2024/assessment/team3_project/build/data_integration/build/lib/data_integration/data_integration_node.py -> /home/sfr2024/assessment/team3_project/install/data_integration/lib/python3.10/site-packages/data_integration
byte-compiling /home/sfr2024/assessment/team3_project/install/data_integration/lib/python3.10/site-packages/data_integration/__init__.py to __init__.cpython-310.pyc
byte-compiling /home/sfr2024/assessment/team3_project/install/data_integration/lib/python3.10/site-packages/data_integration/data_integration_node.py to data_integration_node.cpython-310.pyc
running install_data
creating /home/sfr2024/assessment/team3_project/install/data_integration/share/ament_index
creating /home/sfr2024/assessment/team3_project/install/data_integration/share/ament_index/resource_index
creating /home/sfr2024/assessment/team3_project/install/data_integration/share/ament_index/resource_index/packages
copying resource/data_integration -> /home/sfr2024/assessment/team3_project/install/data_integration/share/ament_index/resource_index/packages
copying package.xml -> /home/sfr2024/assessment/team3_project/install/data_integration/share/data_integration
running install_egg_info
Copying ../../build/data_integration/data_integration.egg-info to /home/sfr2024/assessment/team3_project/install/data_integration/lib/python3.10/site-packages/data_integration-0.0.0-py3.10.egg-info
running install_scripts
Installing data_integration_node script to /home/sfr2024/assessment/team3_project/install/data_integration/lib/data_integration
writing list of installed files to '/home/sfr2024/assessment/team3_project/build/data_integration/install.log'
