[3.848s] Invoking command in '/home/sfr2024/assessment/team3_project/src/data_integration': PYTHONPATH=/home/sfr2024/assessment/team3_project/build/data_integration/prefix_override:/usr/lib/python3/dist-packages/colcon_core/task/python/colcon_distutils_commands:/home/sfr2024/assessment/team3_project/install/data_integration/lib/python3.10/site-packages:${PYTHONPATH} /usr/bin/python3 -W ignore:setup.py install is deprecated setup.py egg_info --egg-base ../../build/data_integration build --build-base /home/sfr2024/assessment/team3_project/build/data_integration/build install --record /home/sfr2024/assessment/team3_project/build/data_integration/install.log --single-version-externally-managed install_data
[4.565s] running egg_info
[4.569s] creating ../../build/data_integration/data_integration.egg-info
[4.569s] writing ../../build/data_integration/data_integration.egg-info/PKG-INFO
[4.573s] writing dependency_links to ../../build/data_integration/data_integration.egg-info/dependency_links.txt
[4.573s] writing entry points to ../../build/data_integration/data_integration.egg-info/entry_points.txt
[4.573s] writing requirements to ../../build/data_integration/data_integration.egg-info/requires.txt
[4.573s] writing top-level names to ../../build/data_integration/data_integration.egg-info/top_level.txt
[4.573s] writing manifest file '../../build/data_integration/data_integration.egg-info/SOURCES.txt'
[4.580s] reading manifest file '../../build/data_integration/data_integration.egg-info/SOURCES.txt'
[4.581s] writing manifest file '../../build/data_integration/data_integration.egg-info/SOURCES.txt'
[4.582s] running build
[4.582s] running build_py
[4.583s] creating /home/sfr2024/assessment/team3_project/build/data_integration/build
[4.584s] creating /home/sfr2024/assessment/team3_project/build/data_integration/build/lib
[4.585s] creating /home/sfr2024/assessment/team3_project/build/data_integration/build/lib/data_integration
[4.585s] copying data_integration/__init__.py -> /home/sfr2024/assessment/team3_project/build/data_integration/build/lib/data_integration
[4.588s] copying data_integration/data_integration_node.py -> /home/sfr2024/assessment/team3_project/build/data_integration/build/lib/data_integration
[4.589s] running install
[4.589s] running install_lib
[4.590s] creating /home/sfr2024/assessment/team3_project/install/data_integration/lib/python3.10/site-packages/data_integration
[4.591s] copying /home/sfr2024/assessment/team3_project/build/data_integration/build/lib/data_integration/__init__.py -> /home/sfr2024/assessment/team3_project/install/data_integration/lib/python3.10/site-packages/data_integration
[4.591s] copying /home/sfr2024/assessment/team3_project/build/data_integration/build/lib/data_integration/data_integration_node.py -> /home/sfr2024/assessment/team3_project/install/data_integration/lib/python3.10/site-packages/data_integration
[4.595s] byte-compiling /home/sfr2024/assessment/team3_project/install/data_integration/lib/python3.10/site-packages/data_integration/__init__.py to __init__.cpython-310.pyc
[4.595s] byte-compiling /home/sfr2024/assessment/team3_project/install/data_integration/lib/python3.10/site-packages/data_integration/data_integration_node.py to data_integration_node.cpython-310.pyc
[4.597s] running install_data
[4.598s] creating /home/sfr2024/assessment/team3_project/install/data_integration/share/ament_index
[4.598s] creating /home/sfr2024/assessment/team3_project/install/data_integration/share/ament_index/resource_index
[4.598s] creating /home/sfr2024/assessment/team3_project/install/data_integration/share/ament_index/resource_index/packages
[4.601s] copying resource/data_integration -> /home/sfr2024/assessment/team3_project/install/data_integration/share/ament_index/resource_index/packages
[4.602s] copying package.xml -> /home/sfr2024/assessment/team3_project/install/data_integration/share/data_integration
[4.602s] running install_egg_info
[4.609s] Copying ../../build/data_integration/data_integration.egg-info to /home/sfr2024/assessment/team3_project/install/data_integration/lib/python3.10/site-packages/data_integration-0.0.0-py3.10.egg-info
[4.615s] running install_scripts
[4.698s] Installing data_integration_node script to /home/sfr2024/assessment/team3_project/install/data_integration/lib/data_integration
[4.699s] writing list of installed files to '/home/sfr2024/assessment/team3_project/build/data_integration/install.log'
[4.782s] Invoked command in '/home/sfr2024/assessment/team3_project/src/data_integration' returned '0': PYTHONPATH=/home/sfr2024/assessment/team3_project/build/data_integration/prefix_override:/usr/lib/python3/dist-packages/colcon_core/task/python/colcon_distutils_commands:/home/sfr2024/assessment/team3_project/install/data_integration/lib/python3.10/site-packages:${PYTHONPATH} /usr/bin/python3 -W ignore:setup.py install is deprecated setup.py egg_info --egg-base ../../build/data_integration build --build-base /home/sfr2024/assessment/team3_project/build/data_integration/build install --record /home/sfr2024/assessment/team3_project/build/data_integration/install.log --single-version-externally-managed install_data
