running egg_info
writing ../../build/lidar/lidar.egg-info/PKG-INFO
writing dependency_links to ../../build/lidar/lidar.egg-info/dependency_links.txt
writing entry points to ../../build/lidar/lidar.egg-info/entry_points.txt
writing requirements to ../../build/lidar/lidar.egg-info/requires.txt
writing top-level names to ../../build/lidar/lidar.egg-info/top_level.txt
reading manifest file '../../build/lidar/lidar.egg-info/SOURCES.txt'
writing manifest file '../../build/lidar/lidar.egg-info/SOURCES.txt'
running build
running build_py
running install
running install_lib
byte-compiling /home/mscrobotics2425laptop14/Desktop/project/team3/team3-project/install/lidar/lib/python3.10/site-packages/lidar/lidar_node.py to lidar_node.cpython-310.pyc
byte-compiling /home/mscrobotics2425laptop14/Desktop/project/team3/team3-project/install/lidar/lib/python3.10/site-packages/lidar/__init__.py to __init__.cpython-310.pyc
running install_data
running install_egg_info
removing '/home/mscrobotics2425laptop14/Desktop/project/team3/team3-project/install/lidar/lib/python3.10/site-packages/lidar-0.0.0-py3.10.egg-info' (and everything under it)
Copying ../../build/lidar/lidar.egg-info to /home/mscrobotics2425laptop14/Desktop/project/team3/team3-project/install/lidar/lib/python3.10/site-packages/lidar-0.0.0-py3.10.egg-info
running install_scripts
Installing lidar_node script to /home/mscrobotics2425laptop14/Desktop/project/team3/team3-project/install/lidar/lib/lidar
writing list of installed files to '/home/mscrobotics2425laptop14/Desktop/project/team3/team3-project/build/lidar/install.log'
