[2.777s] Invoking command in '/home/mscrobotics2425laptop14/Desktop/project/team3/team3-project/src/lidar': CONDA_PROMPT_MODIFIER=(ros2) PYTHONPATH=/home/mscrobotics2425laptop14/Desktop/project/team3/team3-project/build/lidar/prefix_override:/usr/lib/python3/dist-packages/colcon_core/task/python/colcon_distutils_commands:/home/mscrobotics2425laptop14/Desktop/project/team3/team3-project/install/lidar/lib/python3.10/site-packages:${PYTHONPATH} /usr/bin/python3 -W ignore:setup.py install is deprecated setup.py egg_info --egg-base ../../build/lidar build --build-base /home/mscrobotics2425laptop14/Desktop/project/team3/team3-project/build/lidar/build install --record /home/mscrobotics2425laptop14/Desktop/project/team3/team3-project/build/lidar/install.log --single-version-externally-managed install_data
[3.389s] running egg_info
[3.390s] writing ../../build/lidar/lidar.egg-info/PKG-INFO
[3.390s] writing dependency_links to ../../build/lidar/lidar.egg-info/dependency_links.txt
[3.390s] writing entry points to ../../build/lidar/lidar.egg-info/entry_points.txt
[3.391s] writing requirements to ../../build/lidar/lidar.egg-info/requires.txt
[3.392s] writing top-level names to ../../build/lidar/lidar.egg-info/top_level.txt
[3.393s] reading manifest file '../../build/lidar/lidar.egg-info/SOURCES.txt'
[3.399s] writing manifest file '../../build/lidar/lidar.egg-info/SOURCES.txt'
[3.399s] running build
[3.399s] running build_py
[3.399s] running install
[3.400s] running install_lib
[3.400s] byte-compiling /home/mscrobotics2425laptop14/Desktop/project/team3/team3-project/install/lidar/lib/python3.10/site-packages/lidar/lidar_node.py to lidar_node.cpython-310.pyc
[3.400s] byte-compiling /home/mscrobotics2425laptop14/Desktop/project/team3/team3-project/install/lidar/lib/python3.10/site-packages/lidar/__init__.py to __init__.cpython-310.pyc
[3.400s] running install_data
[3.400s] running install_egg_info
[3.400s] removing '/home/mscrobotics2425laptop14/Desktop/project/team3/team3-project/install/lidar/lib/python3.10/site-packages/lidar-0.0.0-py3.10.egg-info' (and everything under it)
[3.400s] Copying ../../build/lidar/lidar.egg-info to /home/mscrobotics2425laptop14/Desktop/project/team3/team3-project/install/lidar/lib/python3.10/site-packages/lidar-0.0.0-py3.10.egg-info
[3.401s] running install_scripts
[3.421s] Installing lidar_node script to /home/mscrobotics2425laptop14/Desktop/project/team3/team3-project/install/lidar/lib/lidar
[3.421s] writing list of installed files to '/home/mscrobotics2425laptop14/Desktop/project/team3/team3-project/build/lidar/install.log'
[3.498s] Invoked command in '/home/mscrobotics2425laptop14/Desktop/project/team3/team3-project/src/lidar' returned '0': CONDA_PROMPT_MODIFIER=(ros2) PYTHONPATH=/home/mscrobotics2425laptop14/Desktop/project/team3/team3-project/build/lidar/prefix_override:/usr/lib/python3/dist-packages/colcon_core/task/python/colcon_distutils_commands:/home/mscrobotics2425laptop14/Desktop/project/team3/team3-project/install/lidar/lib/python3.10/site-packages:${PYTHONPATH} /usr/bin/python3 -W ignore:setup.py install is deprecated setup.py egg_info --egg-base ../../build/lidar build --build-base /home/mscrobotics2425laptop14/Desktop/project/team3/team3-project/build/lidar/build install --record /home/mscrobotics2425laptop14/Desktop/project/team3/team3-project/build/lidar/install.log --single-version-externally-managed install_data
