[0.088s] DEBUG:colcon:Command line arguments: ['/usr/bin/colcon', 'build']
[0.089s] DEBUG:colcon:Parsed command line arguments: Namespace(log_base=None, log_level=None, verb_name='build', build_base='build', install_base='install', merge_install=False, symlink_install=False, test_result_base=None, continue_on_error=False, executor='parallel', parallel_workers=10, event_handlers=None, ignore_user_meta=False, metas=['./colcon.meta'], base_paths=['.'], packages_ignore=None, packages_ignore_regex=None, paths=None, packages_up_to=None, packages_up_to_regex=None, packages_above=None, packages_above_and_dependencies=None, packages_above_depth=None, packages_select_by_dep=None, packages_skip_by_dep=None, packages_skip_up_to=None, packages_select_build_failed=False, packages_skip_build_finished=False, packages_select_test_failures=False, packages_skip_test_passed=False, packages_select=None, packages_skip=None, packages_select_regex=None, packages_skip_regex=None, packages_start=None, packages_end=None, allow_overriding=[], cmake_args=None, cmake_target=None, cmake_target_skip_unavailable=False, cmake_clean_cache=False, cmake_clean_first=False, cmake_force_configure=False, ament_cmake_args=None, catkin_cmake_args=None, catkin_skip_building_tests=False, mixin_files=None, mixin=None, verb_parser=<colcon_mixin.mixin.mixin_argument.MixinArgumentDecorator object at 0x731110951330>, verb_extension=<colcon_core.verb.build.BuildVerb object at 0x731110a5d990>, main=<bound method BuildVerb.main of <colcon_core.verb.build.BuildVerb object at 0x731110a5d990>>, mixin_verb=('build',))
[0.209s] Level 1:colcon.colcon_core.package_discovery:discover_packages(colcon_meta) check parameters
[0.209s] Level 1:colcon.colcon_core.package_discovery:discover_packages(recursive) check parameters
[0.209s] Level 1:colcon.colcon_core.package_discovery:discover_packages(ignore) check parameters
[0.209s] Level 1:colcon.colcon_core.package_discovery:discover_packages(path) check parameters
[0.209s] Level 1:colcon.colcon_core.package_discovery:discover_packages(colcon_meta) discover
[0.209s] Level 1:colcon.colcon_core.package_discovery:discover_packages(recursive) discover
[0.209s] INFO:colcon.colcon_core.package_discovery:Crawling recursively for packages in '/home/sfr2024/assessment/team3_project'
[0.209s] Level 1:colcon.colcon_core.package_identification:_identify(.) by extensions ['ignore', 'ignore_ament_install']
[0.209s] Level 1:colcon.colcon_core.package_identification:_identify(.) by extension 'ignore'
[0.209s] Level 1:colcon.colcon_core.package_identification:_identify(.) by extension 'ignore_ament_install'
[0.209s] Level 1:colcon.colcon_core.package_identification:_identify(.) by extensions ['colcon_pkg']
[0.209s] Level 1:colcon.colcon_core.package_identification:_identify(.) by extension 'colcon_pkg'
[0.209s] Level 1:colcon.colcon_core.package_identification:_identify(.) by extensions ['colcon_meta']
[0.209s] Level 1:colcon.colcon_core.package_identification:_identify(.) by extension 'colcon_meta'
[0.209s] Level 1:colcon.colcon_core.package_identification:_identify(.) by extensions ['ros']
[0.209s] Level 1:colcon.colcon_core.package_identification:_identify(.) by extension 'ros'
[0.218s] Level 1:colcon.colcon_core.package_identification:_identify(.) by extensions ['cmake', 'python']
[0.218s] Level 1:colcon.colcon_core.package_identification:_identify(.) by extension 'cmake'
[0.218s] Level 1:colcon.colcon_core.package_identification:_identify(.) by extension 'python'
[0.218s] Level 1:colcon.colcon_core.package_identification:_identify(.) by extensions ['python_setup_py']
[0.218s] Level 1:colcon.colcon_core.package_identification:_identify(.) by extension 'python_setup_py'
[0.218s] Level 1:colcon.colcon_core.package_identification:_identify(build) by extensions ['ignore', 'ignore_ament_install']
[0.218s] Level 1:colcon.colcon_core.package_identification:_identify(build) by extension 'ignore'
[0.218s] Level 1:colcon.colcon_core.package_identification:_identify(build) ignored
[0.218s] Level 1:colcon.colcon_core.package_identification:_identify(install) by extensions ['ignore', 'ignore_ament_install']
[0.218s] Level 1:colcon.colcon_core.package_identification:_identify(install) by extension 'ignore'
[0.218s] Level 1:colcon.colcon_core.package_identification:_identify(install) ignored
[0.218s] Level 1:colcon.colcon_core.package_identification:_identify(log) by extensions ['ignore', 'ignore_ament_install']
[0.218s] Level 1:colcon.colcon_core.package_identification:_identify(log) by extension 'ignore'
[0.218s] Level 1:colcon.colcon_core.package_identification:_identify(log) ignored
[0.218s] Level 1:colcon.colcon_core.package_identification:_identify(src) by extensions ['ignore', 'ignore_ament_install']
[0.218s] Level 1:colcon.colcon_core.package_identification:_identify(src) by extension 'ignore'
[0.218s] Level 1:colcon.colcon_core.package_identification:_identify(src) by extension 'ignore_ament_install'
[0.219s] Level 1:colcon.colcon_core.package_identification:_identify(src) by extensions ['colcon_pkg']
[0.219s] Level 1:colcon.colcon_core.package_identification:_identify(src) by extension 'colcon_pkg'
[0.219s] Level 1:colcon.colcon_core.package_identification:_identify(src) by extensions ['colcon_meta']
[0.219s] Level 1:colcon.colcon_core.package_identification:_identify(src) by extension 'colcon_meta'
[0.219s] Level 1:colcon.colcon_core.package_identification:_identify(src) by extensions ['ros']
[0.219s] Level 1:colcon.colcon_core.package_identification:_identify(src) by extension 'ros'
[0.219s] Level 1:colcon.colcon_core.package_identification:_identify(src) by extensions ['cmake', 'python']
[0.219s] Level 1:colcon.colcon_core.package_identification:_identify(src) by extension 'cmake'
[0.219s] Level 1:colcon.colcon_core.package_identification:_identify(src) by extension 'python'
[0.219s] Level 1:colcon.colcon_core.package_identification:_identify(src) by extensions ['python_setup_py']
[0.219s] Level 1:colcon.colcon_core.package_identification:_identify(src) by extension 'python_setup_py'
[0.219s] Level 1:colcon.colcon_core.package_identification:_identify(src/camera) by extensions ['ignore', 'ignore_ament_install']
[0.219s] Level 1:colcon.colcon_core.package_identification:_identify(src/camera) by extension 'ignore'
[0.219s] Level 1:colcon.colcon_core.package_identification:_identify(src/camera) by extension 'ignore_ament_install'
[0.219s] Level 1:colcon.colcon_core.package_identification:_identify(src/camera) by extensions ['colcon_pkg']
[0.219s] Level 1:colcon.colcon_core.package_identification:_identify(src/camera) by extension 'colcon_pkg'
[0.219s] Level 1:colcon.colcon_core.package_identification:_identify(src/camera) by extensions ['colcon_meta']
[0.219s] Level 1:colcon.colcon_core.package_identification:_identify(src/camera) by extension 'colcon_meta'
[0.219s] Level 1:colcon.colcon_core.package_identification:_identify(src/camera) by extensions ['ros']
[0.219s] Level 1:colcon.colcon_core.package_identification:_identify(src/camera) by extension 'ros'
[0.221s] DEBUG:colcon.colcon_core.package_identification:Package 'src/camera' with type 'ros.ament_python' and name 'camera'
[0.221s] Level 1:colcon.colcon_core.package_identification:_identify(src/controller_server) by extensions ['ignore', 'ignore_ament_install']
[0.221s] Level 1:colcon.colcon_core.package_identification:_identify(src/controller_server) by extension 'ignore'
[0.221s] Level 1:colcon.colcon_core.package_identification:_identify(src/controller_server) by extension 'ignore_ament_install'
[0.221s] Level 1:colcon.colcon_core.package_identification:_identify(src/controller_server) by extensions ['colcon_pkg']
[0.221s] Level 1:colcon.colcon_core.package_identification:_identify(src/controller_server) by extension 'colcon_pkg'
[0.221s] Level 1:colcon.colcon_core.package_identification:_identify(src/controller_server) by extensions ['colcon_meta']
[0.221s] Level 1:colcon.colcon_core.package_identification:_identify(src/controller_server) by extension 'colcon_meta'
[0.221s] Level 1:colcon.colcon_core.package_identification:_identify(src/controller_server) by extensions ['ros']
[0.221s] Level 1:colcon.colcon_core.package_identification:_identify(src/controller_server) by extension 'ros'
[0.221s] DEBUG:colcon.colcon_core.package_identification:Package 'src/controller_server' with type 'ros.ament_python' and name 'controller_server'
[0.221s] Level 1:colcon.colcon_core.package_identification:_identify(src/data_integration) by extensions ['ignore', 'ignore_ament_install']
[0.222s] Level 1:colcon.colcon_core.package_identification:_identify(src/data_integration) by extension 'ignore'
[0.222s] Level 1:colcon.colcon_core.package_identification:_identify(src/data_integration) by extension 'ignore_ament_install'
[0.222s] Level 1:colcon.colcon_core.package_identification:_identify(src/data_integration) by extensions ['colcon_pkg']
[0.222s] Level 1:colcon.colcon_core.package_identification:_identify(src/data_integration) by extension 'colcon_pkg'
[0.222s] Level 1:colcon.colcon_core.package_identification:_identify(src/data_integration) by extensions ['colcon_meta']
[0.222s] Level 1:colcon.colcon_core.package_identification:_identify(src/data_integration) by extension 'colcon_meta'
[0.222s] Level 1:colcon.colcon_core.package_identification:_identify(src/data_integration) by extensions ['ros']
[0.222s] Level 1:colcon.colcon_core.package_identification:_identify(src/data_integration) by extension 'ros'
[0.222s] DEBUG:colcon.colcon_core.package_identification:Package 'src/data_integration' with type 'ros.ament_python' and name 'data_integration'
[0.222s] Level 1:colcon.colcon_core.package_identification:_identify(src/imu) by extensions ['ignore', 'ignore_ament_install']
[0.222s] Level 1:colcon.colcon_core.package_identification:_identify(src/imu) by extension 'ignore'
[0.222s] Level 1:colcon.colcon_core.package_identification:_identify(src/imu) by extension 'ignore_ament_install'
[0.222s] Level 1:colcon.colcon_core.package_identification:_identify(src/imu) by extensions ['colcon_pkg']
[0.222s] Level 1:colcon.colcon_core.package_identification:_identify(src/imu) by extension 'colcon_pkg'
[0.222s] Level 1:colcon.colcon_core.package_identification:_identify(src/imu) by extensions ['colcon_meta']
[0.222s] Level 1:colcon.colcon_core.package_identification:_identify(src/imu) by extension 'colcon_meta'
[0.222s] Level 1:colcon.colcon_core.package_identification:_identify(src/imu) by extensions ['ros']
[0.222s] Level 1:colcon.colcon_core.package_identification:_identify(src/imu) by extension 'ros'
[0.223s] DEBUG:colcon.colcon_core.package_identification:Package 'src/imu' with type 'ros.ament_python' and name 'imu'
[0.223s] Level 1:colcon.colcon_core.package_identification:_identify(src/leo_rover) by extensions ['ignore', 'ignore_ament_install']
[0.223s] Level 1:colcon.colcon_core.package_identification:_identify(src/leo_rover) by extension 'ignore'
[0.223s] Level 1:colcon.colcon_core.package_identification:_identify(src/leo_rover) by extension 'ignore_ament_install'
[0.223s] Level 1:colcon.colcon_core.package_identification:_identify(src/leo_rover) by extensions ['colcon_pkg']
[0.223s] Level 1:colcon.colcon_core.package_identification:_identify(src/leo_rover) by extension 'colcon_pkg'
[0.223s] Level 1:colcon.colcon_core.package_identification:_identify(src/leo_rover) by extensions ['colcon_meta']
[0.223s] Level 1:colcon.colcon_core.package_identification:_identify(src/leo_rover) by extension 'colcon_meta'
[0.223s] Level 1:colcon.colcon_core.package_identification:_identify(src/leo_rover) by extensions ['ros']
[0.223s] Level 1:colcon.colcon_core.package_identification:_identify(src/leo_rover) by extension 'ros'
[0.224s] DEBUG:colcon.colcon_core.package_identification:Package 'src/leo_rover' with type 'ros.ament_python' and name 'leo_rover'
[0.224s] Level 1:colcon.colcon_core.package_identification:_identify(src/lidar) by extensions ['ignore', 'ignore_ament_install']
[0.224s] Level 1:colcon.colcon_core.package_identification:_identify(src/lidar) by extension 'ignore'
[0.224s] Level 1:colcon.colcon_core.package_identification:_identify(src/lidar) by extension 'ignore_ament_install'
[0.224s] Level 1:colcon.colcon_core.package_identification:_identify(src/lidar) by extensions ['colcon_pkg']
[0.224s] Level 1:colcon.colcon_core.package_identification:_identify(src/lidar) by extension 'colcon_pkg'
[0.224s] Level 1:colcon.colcon_core.package_identification:_identify(src/lidar) by extensions ['colcon_meta']
[0.224s] Level 1:colcon.colcon_core.package_identification:_identify(src/lidar) by extension 'colcon_meta'
[0.224s] Level 1:colcon.colcon_core.package_identification:_identify(src/lidar) by extensions ['ros']
[0.224s] Level 1:colcon.colcon_core.package_identification:_identify(src/lidar) by extension 'ros'
[0.224s] DEBUG:colcon.colcon_core.package_identification:Package 'src/lidar' with type 'ros.ament_python' and name 'lidar'
[0.224s] Level 1:colcon.colcon_core.package_identification:_identify(src/map) by extensions ['ignore', 'ignore_ament_install']
[0.224s] Level 1:colcon.colcon_core.package_identification:_identify(src/map) by extension 'ignore'
[0.224s] Level 1:colcon.colcon_core.package_identification:_identify(src/map) by extension 'ignore_ament_install'
[0.224s] Level 1:colcon.colcon_core.package_identification:_identify(src/map) by extensions ['colcon_pkg']
[0.224s] Level 1:colcon.colcon_core.package_identification:_identify(src/map) by extension 'colcon_pkg'
[0.224s] Level 1:colcon.colcon_core.package_identification:_identify(src/map) by extensions ['colcon_meta']
[0.224s] Level 1:colcon.colcon_core.package_identification:_identify(src/map) by extension 'colcon_meta'
[0.224s] Level 1:colcon.colcon_core.package_identification:_identify(src/map) by extensions ['ros']
[0.224s] Level 1:colcon.colcon_core.package_identification:_identify(src/map) by extension 'ros'
[0.225s] DEBUG:colcon.colcon_core.package_identification:Package 'src/map' with type 'ros.ament_python' and name 'map'
[0.225s] Level 1:colcon.colcon_core.package_identification:_identify(src/navigation) by extensions ['ignore', 'ignore_ament_install']
[0.225s] Level 1:colcon.colcon_core.package_identification:_identify(src/navigation) by extension 'ignore'
[0.225s] Level 1:colcon.colcon_core.package_identification:_identify(src/navigation) by extension 'ignore_ament_install'
[0.225s] Level 1:colcon.colcon_core.package_identification:_identify(src/navigation) by extensions ['colcon_pkg']
[0.225s] Level 1:colcon.colcon_core.package_identification:_identify(src/navigation) by extension 'colcon_pkg'
[0.225s] Level 1:colcon.colcon_core.package_identification:_identify(src/navigation) by extensions ['colcon_meta']
[0.225s] Level 1:colcon.colcon_core.package_identification:_identify(src/navigation) by extension 'colcon_meta'
[0.225s] Level 1:colcon.colcon_core.package_identification:_identify(src/navigation) by extensions ['ros']
[0.225s] Level 1:colcon.colcon_core.package_identification:_identify(src/navigation) by extension 'ros'
[0.225s] DEBUG:colcon.colcon_core.package_identification:Package 'src/navigation' with type 'ros.ament_python' and name 'navigation'
[0.225s] Level 1:colcon.colcon_core.package_identification:_identify(src/nuc) by extensions ['ignore', 'ignore_ament_install']
[0.226s] Level 1:colcon.colcon_core.package_identification:_identify(src/nuc) by extension 'ignore'
[0.226s] Level 1:colcon.colcon_core.package_identification:_identify(src/nuc) by extension 'ignore_ament_install'
[0.226s] Level 1:colcon.colcon_core.package_identification:_identify(src/nuc) by extensions ['colcon_pkg']
[0.226s] Level 1:colcon.colcon_core.package_identification:_identify(src/nuc) by extension 'colcon_pkg'
[0.226s] Level 1:colcon.colcon_core.package_identification:_identify(src/nuc) by extensions ['colcon_meta']
[0.226s] Level 1:colcon.colcon_core.package_identification:_identify(src/nuc) by extension 'colcon_meta'
[0.226s] Level 1:colcon.colcon_core.package_identification:_identify(src/nuc) by extensions ['ros']
[0.226s] Level 1:colcon.colcon_core.package_identification:_identify(src/nuc) by extension 'ros'
[0.226s] DEBUG:colcon.colcon_core.package_identification:Package 'src/nuc' with type 'ros.ament_python' and name 'nuc'
[0.226s] Level 1:colcon.colcon_core.package_identification:_identify(src/robotic_arm) by extensions ['ignore', 'ignore_ament_install']
[0.226s] Level 1:colcon.colcon_core.package_identification:_identify(src/robotic_arm) by extension 'ignore'
[0.226s] Level 1:colcon.colcon_core.package_identification:_identify(src/robotic_arm) by extension 'ignore_ament_install'
[0.226s] Level 1:colcon.colcon_core.package_identification:_identify(src/robotic_arm) by extensions ['colcon_pkg']
[0.226s] Level 1:colcon.colcon_core.package_identification:_identify(src/robotic_arm) by extension 'colcon_pkg'
[0.226s] Level 1:colcon.colcon_core.package_identification:_identify(src/robotic_arm) by extensions ['colcon_meta']
[0.226s] Level 1:colcon.colcon_core.package_identification:_identify(src/robotic_arm) by extension 'colcon_meta'
[0.226s] Level 1:colcon.colcon_core.package_identification:_identify(src/robotic_arm) by extensions ['ros']
[0.226s] Level 1:colcon.colcon_core.package_identification:_identify(src/robotic_arm) by extension 'ros'
[0.227s] DEBUG:colcon.colcon_core.package_identification:Package 'src/robotic_arm' with type 'ros.ament_python' and name 'robotic_arm'
[0.227s] Level 1:colcon.colcon_core.package_discovery:discover_packages(recursive) using defaults
[0.227s] Level 1:colcon.colcon_core.package_discovery:discover_packages(ignore) discover
[0.227s] Level 1:colcon.colcon_core.package_discovery:discover_packages(ignore) using defaults
[0.227s] Level 1:colcon.colcon_core.package_discovery:discover_packages(path) discover
[0.227s] Level 1:colcon.colcon_core.package_discovery:discover_packages(path) using defaults
[0.253s] Level 1:colcon.colcon_core.package_discovery:discover_packages(prefix_path) check parameters
[0.253s] Level 1:colcon.colcon_core.package_discovery:discover_packages(prefix_path) discover
[0.255s] DEBUG:colcon.colcon_installed_package_information.package_discovery:Found 11 installed packages in /home/sfr2024/assessment/team3_project/install
[0.255s] DEBUG:colcon.colcon_installed_package_information.package_discovery:Found 18 installed packages in /home/sfr2024/ros2_tutorial_workspace/install
[0.256s] DEBUG:colcon.colcon_installed_package_information.package_discovery:Found 339 installed packages in /opt/ros/humble
[0.257s] Level 1:colcon.colcon_core.package_discovery:discover_packages(prefix_path) using defaults
[0.287s] Level 5:colcon.colcon_core.verb:set package 'camera' build argument 'cmake_args' from command line to 'None'
[0.287s] Level 5:colcon.colcon_core.verb:set package 'camera' build argument 'cmake_target' from command line to 'None'
[0.287s] Level 5:colcon.colcon_core.verb:set package 'camera' build argument 'cmake_target_skip_unavailable' from command line to 'False'
[0.287s] Level 5:colcon.colcon_core.verb:set package 'camera' build argument 'cmake_clean_cache' from command line to 'False'
[0.287s] Level 5:colcon.colcon_core.verb:set package 'camera' build argument 'cmake_clean_first' from command line to 'False'
[0.287s] Level 5:colcon.colcon_core.verb:set package 'camera' build argument 'cmake_force_configure' from command line to 'False'
[0.287s] Level 5:colcon.colcon_core.verb:set package 'camera' build argument 'ament_cmake_args' from command line to 'None'
[0.287s] Level 5:colcon.colcon_core.verb:set package 'camera' build argument 'catkin_cmake_args' from command line to 'None'
[0.287s] Level 5:colcon.colcon_core.verb:set package 'camera' build argument 'catkin_skip_building_tests' from command line to 'False'
[0.287s] DEBUG:colcon.colcon_core.verb:Building package 'camera' with the following arguments: {'ament_cmake_args': None, 'build_base': '/home/sfr2024/assessment/team3_project/build/camera', 'catkin_cmake_args': None, 'catkin_skip_building_tests': False, 'cmake_args': None, 'cmake_clean_cache': False, 'cmake_clean_first': False, 'cmake_force_configure': False, 'cmake_target': None, 'cmake_target_skip_unavailable': False, 'install_base': '/home/sfr2024/assessment/team3_project/install/camera', 'merge_install': False, 'path': '/home/sfr2024/assessment/team3_project/src/camera', 'symlink_install': False, 'test_result_base': None}
[0.287s] Level 5:colcon.colcon_core.verb:set package 'controller_server' build argument 'cmake_args' from command line to 'None'
[0.287s] Level 5:colcon.colcon_core.verb:set package 'controller_server' build argument 'cmake_target' from command line to 'None'
[0.287s] Level 5:colcon.colcon_core.verb:set package 'controller_server' build argument 'cmake_target_skip_unavailable' from command line to 'False'
[0.287s] Level 5:colcon.colcon_core.verb:set package 'controller_server' build argument 'cmake_clean_cache' from command line to 'False'
[0.287s] Level 5:colcon.colcon_core.verb:set package 'controller_server' build argument 'cmake_clean_first' from command line to 'False'
[0.287s] Level 5:colcon.colcon_core.verb:set package 'controller_server' build argument 'cmake_force_configure' from command line to 'False'
[0.287s] Level 5:colcon.colcon_core.verb:set package 'controller_server' build argument 'ament_cmake_args' from command line to 'None'
[0.287s] Level 5:colcon.colcon_core.verb:set package 'controller_server' build argument 'catkin_cmake_args' from command line to 'None'
[0.288s] Level 5:colcon.colcon_core.verb:set package 'controller_server' build argument 'catkin_skip_building_tests' from command line to 'False'
[0.288s] DEBUG:colcon.colcon_core.verb:Building package 'controller_server' with the following arguments: {'ament_cmake_args': None, 'build_base': '/home/sfr2024/assessment/team3_project/build/controller_server', 'catkin_cmake_args': None, 'catkin_skip_building_tests': False, 'cmake_args': None, 'cmake_clean_cache': False, 'cmake_clean_first': False, 'cmake_force_configure': False, 'cmake_target': None, 'cmake_target_skip_unavailable': False, 'install_base': '/home/sfr2024/assessment/team3_project/install/controller_server', 'merge_install': False, 'path': '/home/sfr2024/assessment/team3_project/src/controller_server', 'symlink_install': False, 'test_result_base': None}
[0.288s] Level 5:colcon.colcon_core.verb:set package 'data_integration' build argument 'cmake_args' from command line to 'None'
[0.288s] Level 5:colcon.colcon_core.verb:set package 'data_integration' build argument 'cmake_target' from command line to 'None'
[0.288s] Level 5:colcon.colcon_core.verb:set package 'data_integration' build argument 'cmake_target_skip_unavailable' from command line to 'False'
[0.288s] Level 5:colcon.colcon_core.verb:set package 'data_integration' build argument 'cmake_clean_cache' from command line to 'False'
[0.288s] Level 5:colcon.colcon_core.verb:set package 'data_integration' build argument 'cmake_clean_first' from command line to 'False'
[0.288s] Level 5:colcon.colcon_core.verb:set package 'data_integration' build argument 'cmake_force_configure' from command line to 'False'
[0.288s] Level 5:colcon.colcon_core.verb:set package 'data_integration' build argument 'ament_cmake_args' from command line to 'None'
[0.288s] Level 5:colcon.colcon_core.verb:set package 'data_integration' build argument 'catkin_cmake_args' from command line to 'None'
[0.288s] Level 5:colcon.colcon_core.verb:set package 'data_integration' build argument 'catkin_skip_building_tests' from command line to 'False'
[0.288s] DEBUG:colcon.colcon_core.verb:Building package 'data_integration' with the following arguments: {'ament_cmake_args': None, 'build_base': '/home/sfr2024/assessment/team3_project/build/data_integration', 'catkin_cmake_args': None, 'catkin_skip_building_tests': False, 'cmake_args': None, 'cmake_clean_cache': False, 'cmake_clean_first': False, 'cmake_force_configure': False, 'cmake_target': None, 'cmake_target_skip_unavailable': False, 'install_base': '/home/sfr2024/assessment/team3_project/install/data_integration', 'merge_install': False, 'path': '/home/sfr2024/assessment/team3_project/src/data_integration', 'symlink_install': False, 'test_result_base': None}
[0.288s] Level 5:colcon.colcon_core.verb:set package 'imu' build argument 'cmake_args' from command line to 'None'
[0.288s] Level 5:colcon.colcon_core.verb:set package 'imu' build argument 'cmake_target' from command line to 'None'
[0.288s] Level 5:colcon.colcon_core.verb:set package 'imu' build argument 'cmake_target_skip_unavailable' from command line to 'False'
[0.288s] Level 5:colcon.colcon_core.verb:set package 'imu' build argument 'cmake_clean_cache' from command line to 'False'
[0.288s] Level 5:colcon.colcon_core.verb:set package 'imu' build argument 'cmake_clean_first' from command line to 'False'
[0.288s] Level 5:colcon.colcon_core.verb:set package 'imu' build argument 'cmake_force_configure' from command line to 'False'
[0.288s] Level 5:colcon.colcon_core.verb:set package 'imu' build argument 'ament_cmake_args' from command line to 'None'
[0.288s] Level 5:colcon.colcon_core.verb:set package 'imu' build argument 'catkin_cmake_args' from command line to 'None'
[0.288s] Level 5:colcon.colcon_core.verb:set package 'imu' build argument 'catkin_skip_building_tests' from command line to 'False'
[0.288s] DEBUG:colcon.colcon_core.verb:Building package 'imu' with the following arguments: {'ament_cmake_args': None, 'build_base': '/home/sfr2024/assessment/team3_project/build/imu', 'catkin_cmake_args': None, 'catkin_skip_building_tests': False, 'cmake_args': None, 'cmake_clean_cache': False, 'cmake_clean_first': False, 'cmake_force_configure': False, 'cmake_target': None, 'cmake_target_skip_unavailable': False, 'install_base': '/home/sfr2024/assessment/team3_project/install/imu', 'merge_install': False, 'path': '/home/sfr2024/assessment/team3_project/src/imu', 'symlink_install': False, 'test_result_base': None}
[0.288s] Level 5:colcon.colcon_core.verb:set package 'leo_rover' build argument 'cmake_args' from command line to 'None'
[0.288s] Level 5:colcon.colcon_core.verb:set package 'leo_rover' build argument 'cmake_target' from command line to 'None'
[0.288s] Level 5:colcon.colcon_core.verb:set package 'leo_rover' build argument 'cmake_target_skip_unavailable' from command line to 'False'
[0.288s] Level 5:colcon.colcon_core.verb:set package 'leo_rover' build argument 'cmake_clean_cache' from command line to 'False'
[0.288s] Level 5:colcon.colcon_core.verb:set package 'leo_rover' build argument 'cmake_clean_first' from command line to 'False'
[0.288s] Level 5:colcon.colcon_core.verb:set package 'leo_rover' build argument 'cmake_force_configure' from command line to 'False'
[0.288s] Level 5:colcon.colcon_core.verb:set package 'leo_rover' build argument 'ament_cmake_args' from command line to 'None'
[0.288s] Level 5:colcon.colcon_core.verb:set package 'leo_rover' build argument 'catkin_cmake_args' from command line to 'None'
[0.288s] Level 5:colcon.colcon_core.verb:set package 'leo_rover' build argument 'catkin_skip_building_tests' from command line to 'False'
[0.289s] DEBUG:colcon.colcon_core.verb:Building package 'leo_rover' with the following arguments: {'ament_cmake_args': None, 'build_base': '/home/sfr2024/assessment/team3_project/build/leo_rover', 'catkin_cmake_args': None, 'catkin_skip_building_tests': False, 'cmake_args': None, 'cmake_clean_cache': False, 'cmake_clean_first': False, 'cmake_force_configure': False, 'cmake_target': None, 'cmake_target_skip_unavailable': False, 'install_base': '/home/sfr2024/assessment/team3_project/install/leo_rover', 'merge_install': False, 'path': '/home/sfr2024/assessment/team3_project/src/leo_rover', 'symlink_install': False, 'test_result_base': None}
[0.289s] Level 5:colcon.colcon_core.verb:set package 'lidar' build argument 'cmake_args' from command line to 'None'
[0.289s] Level 5:colcon.colcon_core.verb:set package 'lidar' build argument 'cmake_target' from command line to 'None'
[0.289s] Level 5:colcon.colcon_core.verb:set package 'lidar' build argument 'cmake_target_skip_unavailable' from command line to 'False'
[0.289s] Level 5:colcon.colcon_core.verb:set package 'lidar' build argument 'cmake_clean_cache' from command line to 'False'
[0.289s] Level 5:colcon.colcon_core.verb:set package 'lidar' build argument 'cmake_clean_first' from command line to 'False'
[0.289s] Level 5:colcon.colcon_core.verb:set package 'lidar' build argument 'cmake_force_configure' from command line to 'False'
[0.289s] Level 5:colcon.colcon_core.verb:set package 'lidar' build argument 'ament_cmake_args' from command line to 'None'
[0.289s] Level 5:colcon.colcon_core.verb:set package 'lidar' build argument 'catkin_cmake_args' from command line to 'None'
[0.289s] Level 5:colcon.colcon_core.verb:set package 'lidar' build argument 'catkin_skip_building_tests' from command line to 'False'
[0.289s] DEBUG:colcon.colcon_core.verb:Building package 'lidar' with the following arguments: {'ament_cmake_args': None, 'build_base': '/home/sfr2024/assessment/team3_project/build/lidar', 'catkin_cmake_args': None, 'catkin_skip_building_tests': False, 'cmake_args': None, 'cmake_clean_cache': False, 'cmake_clean_first': False, 'cmake_force_configure': False, 'cmake_target': None, 'cmake_target_skip_unavailable': False, 'install_base': '/home/sfr2024/assessment/team3_project/install/lidar', 'merge_install': False, 'path': '/home/sfr2024/assessment/team3_project/src/lidar', 'symlink_install': False, 'test_result_base': None}
[0.289s] Level 5:colcon.colcon_core.verb:set package 'map' build argument 'cmake_args' from command line to 'None'
[0.289s] Level 5:colcon.colcon_core.verb:set package 'map' build argument 'cmake_target' from command line to 'None'
[0.289s] Level 5:colcon.colcon_core.verb:set package 'map' build argument 'cmake_target_skip_unavailable' from command line to 'False'
[0.289s] Level 5:colcon.colcon_core.verb:set package 'map' build argument 'cmake_clean_cache' from command line to 'False'
[0.289s] Level 5:colcon.colcon_core.verb:set package 'map' build argument 'cmake_clean_first' from command line to 'False'
[0.289s] Level 5:colcon.colcon_core.verb:set package 'map' build argument 'cmake_force_configure' from command line to 'False'
[0.289s] Level 5:colcon.colcon_core.verb:set package 'map' build argument 'ament_cmake_args' from command line to 'None'
[0.289s] Level 5:colcon.colcon_core.verb:set package 'map' build argument 'catkin_cmake_args' from command line to 'None'
[0.289s] Level 5:colcon.colcon_core.verb:set package 'map' build argument 'catkin_skip_building_tests' from command line to 'False'
[0.289s] DEBUG:colcon.colcon_core.verb:Building package 'map' with the following arguments: {'ament_cmake_args': None, 'build_base': '/home/sfr2024/assessment/team3_project/build/map', 'catkin_cmake_args': None, 'catkin_skip_building_tests': False, 'cmake_args': None, 'cmake_clean_cache': False, 'cmake_clean_first': False, 'cmake_force_configure': False, 'cmake_target': None, 'cmake_target_skip_unavailable': False, 'install_base': '/home/sfr2024/assessment/team3_project/install/map', 'merge_install': False, 'path': '/home/sfr2024/assessment/team3_project/src/map', 'symlink_install': False, 'test_result_base': None}
[0.289s] Level 5:colcon.colcon_core.verb:set package 'navigation' build argument 'cmake_args' from command line to 'None'
[0.289s] Level 5:colcon.colcon_core.verb:set package 'navigation' build argument 'cmake_target' from command line to 'None'
[0.289s] Level 5:colcon.colcon_core.verb:set package 'navigation' build argument 'cmake_target_skip_unavailable' from command line to 'False'
[0.289s] Level 5:colcon.colcon_core.verb:set package 'navigation' build argument 'cmake_clean_cache' from command line to 'False'
[0.289s] Level 5:colcon.colcon_core.verb:set package 'navigation' build argument 'cmake_clean_first' from command line to 'False'
[0.289s] Level 5:colcon.colcon_core.verb:set package 'navigation' build argument 'cmake_force_configure' from command line to 'False'
[0.289s] Level 5:colcon.colcon_core.verb:set package 'navigation' build argument 'ament_cmake_args' from command line to 'None'
[0.289s] Level 5:colcon.colcon_core.verb:set package 'navigation' build argument 'catkin_cmake_args' from command line to 'None'
[0.289s] Level 5:colcon.colcon_core.verb:set package 'navigation' build argument 'catkin_skip_building_tests' from command line to 'False'
[0.290s] DEBUG:colcon.colcon_core.verb:Building package 'navigation' with the following arguments: {'ament_cmake_args': None, 'build_base': '/home/sfr2024/assessment/team3_project/build/navigation', 'catkin_cmake_args': None, 'catkin_skip_building_tests': False, 'cmake_args': None, 'cmake_clean_cache': False, 'cmake_clean_first': False, 'cmake_force_configure': False, 'cmake_target': None, 'cmake_target_skip_unavailable': False, 'install_base': '/home/sfr2024/assessment/team3_project/install/navigation', 'merge_install': False, 'path': '/home/sfr2024/assessment/team3_project/src/navigation', 'symlink_install': False, 'test_result_base': None}
[0.290s] Level 5:colcon.colcon_core.verb:set package 'nuc' build argument 'cmake_args' from command line to 'None'
[0.290s] Level 5:colcon.colcon_core.verb:set package 'nuc' build argument 'cmake_target' from command line to 'None'
[0.290s] Level 5:colcon.colcon_core.verb:set package 'nuc' build argument 'cmake_target_skip_unavailable' from command line to 'False'
[0.290s] Level 5:colcon.colcon_core.verb:set package 'nuc' build argument 'cmake_clean_cache' from command line to 'False'
[0.290s] Level 5:colcon.colcon_core.verb:set package 'nuc' build argument 'cmake_clean_first' from command line to 'False'
[0.290s] Level 5:colcon.colcon_core.verb:set package 'nuc' build argument 'cmake_force_configure' from command line to 'False'
[0.290s] Level 5:colcon.colcon_core.verb:set package 'nuc' build argument 'ament_cmake_args' from command line to 'None'
[0.290s] Level 5:colcon.colcon_core.verb:set package 'nuc' build argument 'catkin_cmake_args' from command line to 'None'
[0.290s] Level 5:colcon.colcon_core.verb:set package 'nuc' build argument 'catkin_skip_building_tests' from command line to 'False'
[0.290s] DEBUG:colcon.colcon_core.verb:Building package 'nuc' with the following arguments: {'ament_cmake_args': None, 'build_base': '/home/sfr2024/assessment/team3_project/build/nuc', 'catkin_cmake_args': None, 'catkin_skip_building_tests': False, 'cmake_args': None, 'cmake_clean_cache': False, 'cmake_clean_first': False, 'cmake_force_configure': False, 'cmake_target': None, 'cmake_target_skip_unavailable': False, 'install_base': '/home/sfr2024/assessment/team3_project/install/nuc', 'merge_install': False, 'path': '/home/sfr2024/assessment/team3_project/src/nuc', 'symlink_install': False, 'test_result_base': None}
[0.290s] Level 5:colcon.colcon_core.verb:set package 'robotic_arm' build argument 'cmake_args' from command line to 'None'
[0.290s] Level 5:colcon.colcon_core.verb:set package 'robotic_arm' build argument 'cmake_target' from command line to 'None'
[0.290s] Level 5:colcon.colcon_core.verb:set package 'robotic_arm' build argument 'cmake_target_skip_unavailable' from command line to 'False'
[0.290s] Level 5:colcon.colcon_core.verb:set package 'robotic_arm' build argument 'cmake_clean_cache' from command line to 'False'
[0.290s] Level 5:colcon.colcon_core.verb:set package 'robotic_arm' build argument 'cmake_clean_first' from command line to 'False'
[0.290s] Level 5:colcon.colcon_core.verb:set package 'robotic_arm' build argument 'cmake_force_configure' from command line to 'False'
[0.290s] Level 5:colcon.colcon_core.verb:set package 'robotic_arm' build argument 'ament_cmake_args' from command line to 'None'
[0.290s] Level 5:colcon.colcon_core.verb:set package 'robotic_arm' build argument 'catkin_cmake_args' from command line to 'None'
[0.290s] Level 5:colcon.colcon_core.verb:set package 'robotic_arm' build argument 'catkin_skip_building_tests' from command line to 'False'
[0.290s] DEBUG:colcon.colcon_core.verb:Building package 'robotic_arm' with the following arguments: {'ament_cmake_args': None, 'build_base': '/home/sfr2024/assessment/team3_project/build/robotic_arm', 'catkin_cmake_args': None, 'catkin_skip_building_tests': False, 'cmake_args': None, 'cmake_clean_cache': False, 'cmake_clean_first': False, 'cmake_force_configure': False, 'cmake_target': None, 'cmake_target_skip_unavailable': False, 'install_base': '/home/sfr2024/assessment/team3_project/install/robotic_arm', 'merge_install': False, 'path': '/home/sfr2024/assessment/team3_project/src/robotic_arm', 'symlink_install': False, 'test_result_base': None}
[0.290s] INFO:colcon.colcon_core.executor:Executing jobs using 'parallel' executor
[0.291s] DEBUG:colcon.colcon_parallel_executor.executor.parallel:run_until_complete
[0.292s] INFO:colcon.colcon_ros.task.ament_python.build:Building ROS package in '/home/sfr2024/assessment/team3_project/src/camera' with build type 'ament_python'
[0.292s] Level 1:colcon.colcon_core.shell:create_environment_hook('camera', 'ament_prefix_path')
[0.295s] INFO:colcon.colcon_core.plugin_system:Skipping extension 'colcon_core.shell.bat': Not used on non-Windows systems
[0.295s] INFO:colcon.colcon_core.shell:Creating environment hook '/home/sfr2024/assessment/team3_project/install/camera/share/camera/hook/ament_prefix_path.ps1'
[0.296s] INFO:colcon.colcon_core.shell:Creating environment descriptor '/home/sfr2024/assessment/team3_project/install/camera/share/camera/hook/ament_prefix_path.dsv'
[0.296s] INFO:colcon.colcon_core.shell:Creating environment hook '/home/sfr2024/assessment/team3_project/install/camera/share/camera/hook/ament_prefix_path.sh'
[0.297s] INFO:colcon.colcon_core.shell:Skip shell extension 'powershell' for command environment: Not usable outside of PowerShell
[0.297s] DEBUG:colcon.colcon_core.shell:Skip shell extension 'dsv' for command environment
[0.301s] INFO:colcon.colcon_ros.task.ament_python.build:Building ROS package in '/home/sfr2024/assessment/team3_project/src/controller_server' with build type 'ament_python'
[0.301s] Level 1:colcon.colcon_core.shell:create_environment_hook('controller_server', 'ament_prefix_path')
[0.302s] INFO:colcon.colcon_core.shell:Creating environment hook '/home/sfr2024/assessment/team3_project/install/controller_server/share/controller_server/hook/ament_prefix_path.ps1'
[0.302s] INFO:colcon.colcon_core.shell:Creating environment descriptor '/home/sfr2024/assessment/team3_project/install/controller_server/share/controller_server/hook/ament_prefix_path.dsv'
[0.303s] INFO:colcon.colcon_core.shell:Creating environment hook '/home/sfr2024/assessment/team3_project/install/controller_server/share/controller_server/hook/ament_prefix_path.sh'
[0.303s] INFO:colcon.colcon_core.shell:Skip shell extension 'powershell' for command environment: Not usable outside of PowerShell
[0.304s] DEBUG:colcon.colcon_core.shell:Skip shell extension 'dsv' for command environment
[0.309s] INFO:colcon.colcon_ros.task.ament_python.build:Building ROS package in '/home/sfr2024/assessment/team3_project/src/data_integration' with build type 'ament_python'
[0.310s] Level 1:colcon.colcon_core.shell:create_environment_hook('data_integration', 'ament_prefix_path')
[0.310s] INFO:colcon.colcon_core.shell:Creating environment hook '/home/sfr2024/assessment/team3_project/install/data_integration/share/data_integration/hook/ament_prefix_path.ps1'
[0.312s] INFO:colcon.colcon_core.shell:Creating environment descriptor '/home/sfr2024/assessment/team3_project/install/data_integration/share/data_integration/hook/ament_prefix_path.dsv'
[0.312s] INFO:colcon.colcon_core.shell:Creating environment hook '/home/sfr2024/assessment/team3_project/install/data_integration/share/data_integration/hook/ament_prefix_path.sh'
[0.313s] INFO:colcon.colcon_core.shell:Skip shell extension 'powershell' for command environment: Not usable outside of PowerShell
[0.314s] DEBUG:colcon.colcon_core.shell:Skip shell extension 'dsv' for command environment
[0.320s] INFO:colcon.colcon_ros.task.ament_python.build:Building ROS package in '/home/sfr2024/assessment/team3_project/src/imu' with build type 'ament_python'
[0.321s] Level 1:colcon.colcon_core.shell:create_environment_hook('imu', 'ament_prefix_path')
[0.321s] INFO:colcon.colcon_core.shell:Creating environment hook '/home/sfr2024/assessment/team3_project/install/imu/share/imu/hook/ament_prefix_path.ps1'
[0.322s] INFO:colcon.colcon_core.shell:Creating environment descriptor '/home/sfr2024/assessment/team3_project/install/imu/share/imu/hook/ament_prefix_path.dsv'
[0.323s] INFO:colcon.colcon_core.shell:Creating environment hook '/home/sfr2024/assessment/team3_project/install/imu/share/imu/hook/ament_prefix_path.sh'
[0.324s] INFO:colcon.colcon_core.shell:Skip shell extension 'powershell' for command environment: Not usable outside of PowerShell
[0.324s] DEBUG:colcon.colcon_core.shell:Skip shell extension 'dsv' for command environment
[0.333s] INFO:colcon.colcon_ros.task.ament_python.build:Building ROS package in '/home/sfr2024/assessment/team3_project/src/leo_rover' with build type 'ament_python'
[0.334s] Level 1:colcon.colcon_core.shell:create_environment_hook('leo_rover', 'ament_prefix_path')
[0.334s] INFO:colcon.colcon_core.shell:Creating environment hook '/home/sfr2024/assessment/team3_project/install/leo_rover/share/leo_rover/hook/ament_prefix_path.ps1'
[0.336s] INFO:colcon.colcon_core.shell:Creating environment descriptor '/home/sfr2024/assessment/team3_project/install/leo_rover/share/leo_rover/hook/ament_prefix_path.dsv'
[0.337s] INFO:colcon.colcon_core.shell:Creating environment hook '/home/sfr2024/assessment/team3_project/install/leo_rover/share/leo_rover/hook/ament_prefix_path.sh'
[0.338s] INFO:colcon.colcon_core.shell:Skip shell extension 'powershell' for command environment: Not usable outside of PowerShell
[0.338s] DEBUG:colcon.colcon_core.shell:Skip shell extension 'dsv' for command environment
[0.351s] INFO:colcon.colcon_ros.task.ament_python.build:Building ROS package in '/home/sfr2024/assessment/team3_project/src/lidar' with build type 'ament_python'
[0.351s] Level 1:colcon.colcon_core.shell:create_environment_hook('lidar', 'ament_prefix_path')
[0.351s] INFO:colcon.colcon_core.shell:Creating environment hook '/home/sfr2024/assessment/team3_project/install/lidar/share/lidar/hook/ament_prefix_path.ps1'
[0.353s] INFO:colcon.colcon_core.shell:Creating environment descriptor '/home/sfr2024/assessment/team3_project/install/lidar/share/lidar/hook/ament_prefix_path.dsv'
[0.357s] INFO:colcon.colcon_core.shell:Creating environment hook '/home/sfr2024/assessment/team3_project/install/lidar/share/lidar/hook/ament_prefix_path.sh'
[0.359s] INFO:colcon.colcon_core.shell:Skip shell extension 'powershell' for command environment: Not usable outside of PowerShell
[0.360s] DEBUG:colcon.colcon_core.shell:Skip shell extension 'dsv' for command environment
[0.369s] INFO:colcon.colcon_ros.task.ament_python.build:Building ROS package in '/home/sfr2024/assessment/team3_project/src/map' with build type 'ament_python'
[0.369s] Level 1:colcon.colcon_core.shell:create_environment_hook('map', 'ament_prefix_path')
[0.370s] INFO:colcon.colcon_core.shell:Creating environment hook '/home/sfr2024/assessment/team3_project/install/map/share/map/hook/ament_prefix_path.ps1'
[0.373s] INFO:colcon.colcon_core.shell:Creating environment descriptor '/home/sfr2024/assessment/team3_project/install/map/share/map/hook/ament_prefix_path.dsv'
[0.375s] INFO:colcon.colcon_core.shell:Creating environment hook '/home/sfr2024/assessment/team3_project/install/map/share/map/hook/ament_prefix_path.sh'
[0.378s] INFO:colcon.colcon_core.shell:Skip shell extension 'powershell' for command environment: Not usable outside of PowerShell
[0.378s] DEBUG:colcon.colcon_core.shell:Skip shell extension 'dsv' for command environment
[0.390s] INFO:colcon.colcon_ros.task.ament_python.build:Building ROS package in '/home/sfr2024/assessment/team3_project/src/navigation' with build type 'ament_python'
[0.391s] Level 1:colcon.colcon_core.shell:create_environment_hook('navigation', 'ament_prefix_path')
[0.392s] INFO:colcon.colcon_core.shell:Creating environment hook '/home/sfr2024/assessment/team3_project/install/navigation/share/navigation/hook/ament_prefix_path.ps1'
[0.395s] INFO:colcon.colcon_core.shell:Creating environment descriptor '/home/sfr2024/assessment/team3_project/install/navigation/share/navigation/hook/ament_prefix_path.dsv'
[0.397s] INFO:colcon.colcon_core.shell:Creating environment hook '/home/sfr2024/assessment/team3_project/install/navigation/share/navigation/hook/ament_prefix_path.sh'
[0.400s] INFO:colcon.colcon_core.shell:Skip shell extension 'powershell' for command environment: Not usable outside of PowerShell
[0.400s] DEBUG:colcon.colcon_core.shell:Skip shell extension 'dsv' for command environment
[0.414s] INFO:colcon.colcon_ros.task.ament_python.build:Building ROS package in '/home/sfr2024/assessment/team3_project/src/nuc' with build type 'ament_python'
[0.415s] Level 1:colcon.colcon_core.shell:create_environment_hook('nuc', 'ament_prefix_path')
[0.415s] INFO:colcon.colcon_core.shell:Creating environment hook '/home/sfr2024/assessment/team3_project/install/nuc/share/nuc/hook/ament_prefix_path.ps1'
[0.420s] INFO:colcon.colcon_core.shell:Creating environment descriptor '/home/sfr2024/assessment/team3_project/install/nuc/share/nuc/hook/ament_prefix_path.dsv'
[0.422s] INFO:colcon.colcon_core.shell:Creating environment hook '/home/sfr2024/assessment/team3_project/install/nuc/share/nuc/hook/ament_prefix_path.sh'
[0.425s] INFO:colcon.colcon_core.shell:Skip shell extension 'powershell' for command environment: Not usable outside of PowerShell
[0.425s] DEBUG:colcon.colcon_core.shell:Skip shell extension 'dsv' for command environment
[0.438s] INFO:colcon.colcon_ros.task.ament_python.build:Building ROS package in '/home/sfr2024/assessment/team3_project/src/robotic_arm' with build type 'ament_python'
[0.439s] Level 1:colcon.colcon_core.shell:create_environment_hook('robotic_arm', 'ament_prefix_path')
[0.440s] INFO:colcon.colcon_core.shell:Creating environment hook '/home/sfr2024/assessment/team3_project/install/robotic_arm/share/robotic_arm/hook/ament_prefix_path.ps1'
[0.446s] INFO:colcon.colcon_core.shell:Creating environment descriptor '/home/sfr2024/assessment/team3_project/install/robotic_arm/share/robotic_arm/hook/ament_prefix_path.dsv'
[0.448s] INFO:colcon.colcon_core.shell:Creating environment hook '/home/sfr2024/assessment/team3_project/install/robotic_arm/share/robotic_arm/hook/ament_prefix_path.sh'
[0.451s] INFO:colcon.colcon_core.shell:Skip shell extension 'powershell' for command environment: Not usable outside of PowerShell
[0.451s] DEBUG:colcon.colcon_core.shell:Skip shell extension 'dsv' for command environment
[0.797s] INFO:colcon.colcon_core.task.python.build:Building Python package in '/home/sfr2024/assessment/team3_project/src/camera'
[0.797s] INFO:colcon.colcon_core.shell:Skip shell extension 'powershell' for command environment: Not usable outside of PowerShell
[0.797s] DEBUG:colcon.colcon_core.shell:Skip shell extension 'dsv' for command environment
[1.069s] INFO:colcon.colcon_core.task.python.build:Building Python package in '/home/sfr2024/assessment/team3_project/src/controller_server'
[1.069s] INFO:colcon.colcon_core.shell:Skip shell extension 'powershell' for command environment: Not usable outside of PowerShell
[1.069s] DEBUG:colcon.colcon_core.shell:Skip shell extension 'dsv' for command environment
[1.307s] INFO:colcon.colcon_core.task.python.build:Building Python package in '/home/sfr2024/assessment/team3_project/src/data_integration'
[1.308s] INFO:colcon.colcon_core.shell:Skip shell extension 'powershell' for command environment: Not usable outside of PowerShell
[1.308s] DEBUG:colcon.colcon_core.shell:Skip shell extension 'dsv' for command environment
[1.555s] INFO:colcon.colcon_core.task.python.build:Building Python package in '/home/sfr2024/assessment/team3_project/src/imu'
[1.556s] INFO:colcon.colcon_core.shell:Skip shell extension 'powershell' for command environment: Not usable outside of PowerShell
[1.556s] DEBUG:colcon.colcon_core.shell:Skip shell extension 'dsv' for command environment
[1.803s] INFO:colcon.colcon_core.task.python.build:Building Python package in '/home/sfr2024/assessment/team3_project/src/leo_rover'
[1.803s] INFO:colcon.colcon_core.shell:Skip shell extension 'powershell' for command environment: Not usable outside of PowerShell
[1.803s] DEBUG:colcon.colcon_core.shell:Skip shell extension 'dsv' for command environment
[2.055s] INFO:colcon.colcon_core.task.python.build:Building Python package in '/home/sfr2024/assessment/team3_project/src/lidar'
[2.056s] INFO:colcon.colcon_core.shell:Skip shell extension 'powershell' for command environment: Not usable outside of PowerShell
[2.056s] DEBUG:colcon.colcon_core.shell:Skip shell extension 'dsv' for command environment
[2.320s] INFO:colcon.colcon_core.task.python.build:Building Python package in '/home/sfr2024/assessment/team3_project/src/map'
[2.320s] INFO:colcon.colcon_core.shell:Skip shell extension 'powershell' for command environment: Not usable outside of PowerShell
[2.320s] DEBUG:colcon.colcon_core.shell:Skip shell extension 'dsv' for command environment
[2.594s] INFO:colcon.colcon_core.task.python.build:Building Python package in '/home/sfr2024/assessment/team3_project/src/navigation'
[2.594s] INFO:colcon.colcon_core.shell:Skip shell extension 'powershell' for command environment: Not usable outside of PowerShell
[2.594s] DEBUG:colcon.colcon_core.shell:Skip shell extension 'dsv' for command environment
[2.829s] INFO:colcon.colcon_core.task.python.build:Building Python package in '/home/sfr2024/assessment/team3_project/src/nuc'
[2.829s] INFO:colcon.colcon_core.shell:Skip shell extension 'powershell' for command environment: Not usable outside of PowerShell
[2.829s] DEBUG:colcon.colcon_core.shell:Skip shell extension 'dsv' for command environment
[3.103s] INFO:colcon.colcon_core.task.python.build:Building Python package in '/home/sfr2024/assessment/team3_project/src/robotic_arm'
[3.103s] INFO:colcon.colcon_core.shell:Skip shell extension 'powershell' for command environment: Not usable outside of PowerShell
[3.104s] DEBUG:colcon.colcon_core.shell:Skip shell extension 'dsv' for command environment
[3.813s] DEBUG:colcon.colcon_core.event_handler.log_command:Invoking command in '/home/sfr2024/assessment/team3_project/src/camera': PYTHONPATH=/home/sfr2024/assessment/team3_project/build/camera/prefix_override:/usr/lib/python3/dist-packages/colcon_core/task/python/colcon_distutils_commands:/home/sfr2024/assessment/team3_project/install/camera/lib/python3.10/site-packages:${PYTHONPATH} /usr/bin/python3 -W ignore:setup.py install is deprecated setup.py egg_info --egg-base ../../build/camera build --build-base /home/sfr2024/assessment/team3_project/build/camera/build install --record /home/sfr2024/assessment/team3_project/build/camera/install.log --single-version-externally-managed install_data
[4.001s] DEBUG:colcon.colcon_core.event_handler.log_command:Invoking command in '/home/sfr2024/assessment/team3_project/src/nuc': PYTHONPATH=/home/sfr2024/assessment/team3_project/build/nuc/prefix_override:/usr/lib/python3/dist-packages/colcon_core/task/python/colcon_distutils_commands:/home/sfr2024/assessment/team3_project/install/nuc/lib/python3.10/site-packages:${PYTHONPATH} /usr/bin/python3 -W ignore:setup.py install is deprecated setup.py egg_info --egg-base ../../build/nuc build --build-base /home/sfr2024/assessment/team3_project/build/nuc/build install --record /home/sfr2024/assessment/team3_project/build/nuc/install.log --single-version-externally-managed install_data
[4.606s] DEBUG:colcon.colcon_core.event_handler.log_command:Invoking command in '/home/sfr2024/assessment/team3_project/src/imu': PYTHONPATH=/home/sfr2024/assessment/team3_project/build/imu/prefix_override:/usr/lib/python3/dist-packages/colcon_core/task/python/colcon_distutils_commands:/home/sfr2024/assessment/team3_project/install/imu/lib/python3.10/site-packages:${PYTHONPATH} /usr/bin/python3 -W ignore:setup.py install is deprecated setup.py egg_info --egg-base ../../build/imu build --build-base /home/sfr2024/assessment/team3_project/build/imu/build install --record /home/sfr2024/assessment/team3_project/build/imu/install.log --single-version-externally-managed install_data
[4.621s] DEBUG:colcon.colcon_core.event_handler.log_command:Invoked command in '/home/sfr2024/assessment/team3_project/src/camera' returned '0': PYTHONPATH=/home/sfr2024/assessment/team3_project/build/camera/prefix_override:/usr/lib/python3/dist-packages/colcon_core/task/python/colcon_distutils_commands:/home/sfr2024/assessment/team3_project/install/camera/lib/python3.10/site-packages:${PYTHONPATH} /usr/bin/python3 -W ignore:setup.py install is deprecated setup.py egg_info --egg-base ../../build/camera build --build-base /home/sfr2024/assessment/team3_project/build/camera/build install --record /home/sfr2024/assessment/team3_project/build/camera/install.log --single-version-externally-managed install_data
[4.633s] Level 1:colcon.colcon_core.environment:checking '/home/sfr2024/assessment/team3_project/install/camera' for CMake module files
[4.635s] Level 1:colcon.colcon_core.environment:checking '/home/sfr2024/assessment/team3_project/install/camera' for CMake config files
[4.638s] Level 1:colcon.colcon_core.environment:checking '/home/sfr2024/assessment/team3_project/install/camera/lib'
[4.639s] Level 1:colcon.colcon_core.environment:checking '/home/sfr2024/assessment/team3_project/install/camera/bin'
[4.640s] Level 1:colcon.colcon_core.environment:checking '/home/sfr2024/assessment/team3_project/install/camera/lib/pkgconfig/camera.pc'
[4.641s] Level 1:colcon.colcon_core.environment:checking '/home/sfr2024/assessment/team3_project/install/camera/lib/python3.10/site-packages'
[4.641s] Level 1:colcon.colcon_core.shell:create_environment_hook('camera', 'pythonpath')
[4.642s] INFO:colcon.colcon_core.shell:Creating environment hook '/home/sfr2024/assessment/team3_project/install/camera/share/camera/hook/pythonpath.ps1'
[4.646s] INFO:colcon.colcon_core.shell:Creating environment descriptor '/home/sfr2024/assessment/team3_project/install/camera/share/camera/hook/pythonpath.dsv'
[4.648s] INFO:colcon.colcon_core.shell:Creating environment hook '/home/sfr2024/assessment/team3_project/install/camera/share/camera/hook/pythonpath.sh'
[4.655s] Level 1:colcon.colcon_core.environment:checking '/home/sfr2024/assessment/team3_project/install/camera/bin'
[4.657s] Level 1:colcon.colcon_core.environment:create_environment_scripts_only(camera)
[4.659s] INFO:colcon.colcon_core.shell:Creating package script '/home/sfr2024/assessment/team3_project/install/camera/share/camera/package.ps1'
[4.668s] INFO:colcon.colcon_core.shell:Creating package descriptor '/home/sfr2024/assessment/team3_project/install/camera/share/camera/package.dsv'
[4.673s] INFO:colcon.colcon_core.shell:Creating package script '/home/sfr2024/assessment/team3_project/install/camera/share/camera/package.sh'
[4.677s] INFO:colcon.colcon_core.shell:Creating package script '/home/sfr2024/assessment/team3_project/install/camera/share/camera/package.bash'
[4.682s] INFO:colcon.colcon_core.shell:Creating package script '/home/sfr2024/assessment/team3_project/install/camera/share/camera/package.zsh'
[4.685s] Level 1:colcon.colcon_core.environment:create_file_with_runtime_dependencies(/home/sfr2024/assessment/team3_project/install/camera/share/colcon-core/packages/camera)
[4.703s] DEBUG:colcon.colcon_core.event_handler.log_command:Invoking command in '/home/sfr2024/assessment/team3_project/src/lidar': PYTHONPATH=/home/sfr2024/assessment/team3_project/build/lidar/prefix_override:/usr/lib/python3/dist-packages/colcon_core/task/python/colcon_distutils_commands:/home/sfr2024/assessment/team3_project/install/lidar/lib/python3.10/site-packages:${PYTHONPATH} /usr/bin/python3 -W ignore:setup.py install is deprecated setup.py egg_info --egg-base ../../build/lidar build --build-base /home/sfr2024/assessment/team3_project/build/lidar/build install --record /home/sfr2024/assessment/team3_project/build/lidar/install.log --single-version-externally-managed install_data
[4.708s] DEBUG:colcon.colcon_core.event_handler.log_command:Invoking command in '/home/sfr2024/assessment/team3_project/src/leo_rover': PYTHONPATH=/home/sfr2024/assessment/team3_project/build/leo_rover/prefix_override:/usr/lib/python3/dist-packages/colcon_core/task/python/colcon_distutils_commands:/home/sfr2024/assessment/team3_project/install/leo_rover/lib/python3.10/site-packages:${PYTHONPATH} /usr/bin/python3 -W ignore:setup.py install is deprecated setup.py egg_info --egg-base ../../build/leo_rover build --build-base /home/sfr2024/assessment/team3_project/build/leo_rover/build install --record /home/sfr2024/assessment/team3_project/build/leo_rover/install.log --single-version-externally-managed install_data
[4.864s] DEBUG:colcon.colcon_core.event_handler.log_command:Invoking command in '/home/sfr2024/assessment/team3_project/src/controller_server': PYTHONPATH=/home/sfr2024/assessment/team3_project/build/controller_server/prefix_override:/usr/lib/python3/dist-packages/colcon_core/task/python/colcon_distutils_commands:/home/sfr2024/assessment/team3_project/install/controller_server/lib/python3.10/site-packages:${PYTHONPATH} /usr/bin/python3 -W ignore:setup.py install is deprecated setup.py egg_info --egg-base ../../build/controller_server build --build-base /home/sfr2024/assessment/team3_project/build/controller_server/build install --record /home/sfr2024/assessment/team3_project/build/controller_server/install.log --single-version-externally-managed install_data
[4.877s] DEBUG:colcon.colcon_core.event_handler.log_command:Invoking command in '/home/sfr2024/assessment/team3_project/src/navigation': PYTHONPATH=/home/sfr2024/assessment/team3_project/build/navigation/prefix_override:/usr/lib/python3/dist-packages/colcon_core/task/python/colcon_distutils_commands:/home/sfr2024/assessment/team3_project/install/navigation/lib/python3.10/site-packages:${PYTHONPATH} /usr/bin/python3 -W ignore:setup.py install is deprecated setup.py egg_info --egg-base ../../build/navigation build --build-base /home/sfr2024/assessment/team3_project/build/navigation/build install --record /home/sfr2024/assessment/team3_project/build/navigation/install.log --single-version-externally-managed install_data
[4.898s] DEBUG:colcon.colcon_core.event_handler.log_command:Invoking command in '/home/sfr2024/assessment/team3_project/src/data_integration': PYTHONPATH=/home/sfr2024/assessment/team3_project/build/data_integration/prefix_override:/usr/lib/python3/dist-packages/colcon_core/task/python/colcon_distutils_commands:/home/sfr2024/assessment/team3_project/install/data_integration/lib/python3.10/site-packages:${PYTHONPATH} /usr/bin/python3 -W ignore:setup.py install is deprecated setup.py egg_info --egg-base ../../build/data_integration build --build-base /home/sfr2024/assessment/team3_project/build/data_integration/build install --record /home/sfr2024/assessment/team3_project/build/data_integration/install.log --single-version-externally-managed install_data
[4.924s] DEBUG:colcon.colcon_core.event_handler.log_command:Invoking command in '/home/sfr2024/assessment/team3_project/src/robotic_arm': PYTHONPATH=/home/sfr2024/assessment/team3_project/build/robotic_arm/prefix_override:/usr/lib/python3/dist-packages/colcon_core/task/python/colcon_distutils_commands:/home/sfr2024/assessment/team3_project/install/robotic_arm/lib/python3.10/site-packages:${PYTHONPATH} /usr/bin/python3 -W ignore:setup.py install is deprecated setup.py egg_info --egg-base ../../build/robotic_arm build --build-base /home/sfr2024/assessment/team3_project/build/robotic_arm/build install --record /home/sfr2024/assessment/team3_project/build/robotic_arm/install.log --single-version-externally-managed install_data
[4.932s] Level 1:colcon.colcon_core.environment:checking '/home/sfr2024/assessment/team3_project/install/nuc' for CMake module files
[4.949s] DEBUG:colcon.colcon_core.event_handler.log_command:Invoked command in '/home/sfr2024/assessment/team3_project/src/nuc' returned '0': PYTHONPATH=/home/sfr2024/assessment/team3_project/build/nuc/prefix_override:/usr/lib/python3/dist-packages/colcon_core/task/python/colcon_distutils_commands:/home/sfr2024/assessment/team3_project/install/nuc/lib/python3.10/site-packages:${PYTHONPATH} /usr/bin/python3 -W ignore:setup.py install is deprecated setup.py egg_info --egg-base ../../build/nuc build --build-base /home/sfr2024/assessment/team3_project/build/nuc/build install --record /home/sfr2024/assessment/team3_project/build/nuc/install.log --single-version-externally-managed install_data
[4.952s] Level 1:colcon.colcon_core.environment:checking '/home/sfr2024/assessment/team3_project/install/nuc' for CMake config files
[4.953s] Level 1:colcon.colcon_core.environment:checking '/home/sfr2024/assessment/team3_project/install/nuc/lib'
[4.954s] Level 1:colcon.colcon_core.environment:checking '/home/sfr2024/assessment/team3_project/install/nuc/bin'
[4.954s] Level 1:colcon.colcon_core.environment:checking '/home/sfr2024/assessment/team3_project/install/nuc/lib/pkgconfig/nuc.pc'
[4.954s] Level 1:colcon.colcon_core.environment:checking '/home/sfr2024/assessment/team3_project/install/nuc/lib/python3.10/site-packages'
[4.955s] Level 1:colcon.colcon_core.shell:create_environment_hook('nuc', 'pythonpath')
[4.955s] INFO:colcon.colcon_core.shell:Creating environment hook '/home/sfr2024/assessment/team3_project/install/nuc/share/nuc/hook/pythonpath.ps1'
[4.956s] INFO:colcon.colcon_core.shell:Creating environment descriptor '/home/sfr2024/assessment/team3_project/install/nuc/share/nuc/hook/pythonpath.dsv'
[4.957s] INFO:colcon.colcon_core.shell:Creating environment hook '/home/sfr2024/assessment/team3_project/install/nuc/share/nuc/hook/pythonpath.sh'
[4.959s] Level 1:colcon.colcon_core.environment:checking '/home/sfr2024/assessment/team3_project/install/nuc/bin'
[4.959s] Level 1:colcon.colcon_core.environment:create_environment_scripts_only(nuc)
[4.959s] INFO:colcon.colcon_core.shell:Creating package script '/home/sfr2024/assessment/team3_project/install/nuc/share/nuc/package.ps1'
[4.960s] INFO:colcon.colcon_core.shell:Creating package descriptor '/home/sfr2024/assessment/team3_project/install/nuc/share/nuc/package.dsv'
[4.963s] INFO:colcon.colcon_core.shell:Creating package script '/home/sfr2024/assessment/team3_project/install/nuc/share/nuc/package.sh'
[4.964s] INFO:colcon.colcon_core.shell:Creating package script '/home/sfr2024/assessment/team3_project/install/nuc/share/nuc/package.bash'
[4.965s] INFO:colcon.colcon_core.shell:Creating package script '/home/sfr2024/assessment/team3_project/install/nuc/share/nuc/package.zsh'
[4.966s] Level 1:colcon.colcon_core.environment:create_file_with_runtime_dependencies(/home/sfr2024/assessment/team3_project/install/nuc/share/colcon-core/packages/nuc)
[4.973s] DEBUG:colcon.colcon_core.event_handler.log_command:Invoking command in '/home/sfr2024/assessment/team3_project/src/map': PYTHONPATH=/home/sfr2024/assessment/team3_project/build/map/prefix_override:/usr/lib/python3/dist-packages/colcon_core/task/python/colcon_distutils_commands:/home/sfr2024/assessment/team3_project/install/map/lib/python3.10/site-packages:${PYTHONPATH} /usr/bin/python3 -W ignore:setup.py install is deprecated setup.py egg_info --egg-base ../../build/map build --build-base /home/sfr2024/assessment/team3_project/build/map/build install --record /home/sfr2024/assessment/team3_project/build/map/install.log --single-version-externally-managed install_data
[5.549s] Level 1:colcon.colcon_core.environment:checking '/home/sfr2024/assessment/team3_project/install/robotic_arm' for CMake module files
[5.549s] DEBUG:colcon.colcon_core.event_handler.log_command:Invoked command in '/home/sfr2024/assessment/team3_project/src/robotic_arm' returned '0': PYTHONPATH=/home/sfr2024/assessment/team3_project/build/robotic_arm/prefix_override:/usr/lib/python3/dist-packages/colcon_core/task/python/colcon_distutils_commands:/home/sfr2024/assessment/team3_project/install/robotic_arm/lib/python3.10/site-packages:${PYTHONPATH} /usr/bin/python3 -W ignore:setup.py install is deprecated setup.py egg_info --egg-base ../../build/robotic_arm build --build-base /home/sfr2024/assessment/team3_project/build/robotic_arm/build install --record /home/sfr2024/assessment/team3_project/build/robotic_arm/install.log --single-version-externally-managed install_data
[5.550s] Level 1:colcon.colcon_core.environment:checking '/home/sfr2024/assessment/team3_project/install/robotic_arm' for CMake config files
[5.551s] Level 1:colcon.colcon_core.environment:checking '/home/sfr2024/assessment/team3_project/install/robotic_arm/lib'
[5.551s] Level 1:colcon.colcon_core.environment:checking '/home/sfr2024/assessment/team3_project/install/robotic_arm/bin'
[5.551s] Level 1:colcon.colcon_core.environment:checking '/home/sfr2024/assessment/team3_project/install/robotic_arm/lib/pkgconfig/robotic_arm.pc'
[5.552s] Level 1:colcon.colcon_core.environment:checking '/home/sfr2024/assessment/team3_project/install/robotic_arm/lib/python3.10/site-packages'
[5.552s] Level 1:colcon.colcon_core.shell:create_environment_hook('robotic_arm', 'pythonpath')
[5.552s] INFO:colcon.colcon_core.shell:Creating environment hook '/home/sfr2024/assessment/team3_project/install/robotic_arm/share/robotic_arm/hook/pythonpath.ps1'
[5.553s] INFO:colcon.colcon_core.shell:Creating environment descriptor '/home/sfr2024/assessment/team3_project/install/robotic_arm/share/robotic_arm/hook/pythonpath.dsv'
[5.554s] INFO:colcon.colcon_core.shell:Creating environment hook '/home/sfr2024/assessment/team3_project/install/robotic_arm/share/robotic_arm/hook/pythonpath.sh'
[5.556s] Level 1:colcon.colcon_core.environment:checking '/home/sfr2024/assessment/team3_project/install/robotic_arm/bin'
[5.556s] Level 1:colcon.colcon_core.environment:create_environment_scripts_only(robotic_arm)
[5.557s] INFO:colcon.colcon_core.shell:Creating package script '/home/sfr2024/assessment/team3_project/install/robotic_arm/share/robotic_arm/package.ps1'
[5.558s] INFO:colcon.colcon_core.shell:Creating package descriptor '/home/sfr2024/assessment/team3_project/install/robotic_arm/share/robotic_arm/package.dsv'
[5.559s] INFO:colcon.colcon_core.shell:Creating package script '/home/sfr2024/assessment/team3_project/install/robotic_arm/share/robotic_arm/package.sh'
[5.559s] INFO:colcon.colcon_core.shell:Creating package script '/home/sfr2024/assessment/team3_project/install/robotic_arm/share/robotic_arm/package.bash'
[5.560s] INFO:colcon.colcon_core.shell:Creating package script '/home/sfr2024/assessment/team3_project/install/robotic_arm/share/robotic_arm/package.zsh'
[5.561s] Level 1:colcon.colcon_core.environment:create_file_with_runtime_dependencies(/home/sfr2024/assessment/team3_project/install/robotic_arm/share/colcon-core/packages/robotic_arm)
[5.571s] Level 1:colcon.colcon_core.environment:checking '/home/sfr2024/assessment/team3_project/install/imu' for CMake module files
[5.572s] Level 1:colcon.colcon_core.environment:checking '/home/sfr2024/assessment/team3_project/install/imu' for CMake config files
[5.572s] Level 1:colcon.colcon_core.environment:checking '/home/sfr2024/assessment/team3_project/install/imu/lib'
[5.573s] Level 1:colcon.colcon_core.environment:checking '/home/sfr2024/assessment/team3_project/install/imu/bin'
[5.573s] Level 1:colcon.colcon_core.environment:checking '/home/sfr2024/assessment/team3_project/install/imu/lib/pkgconfig/imu.pc'
[5.573s] Level 1:colcon.colcon_core.environment:checking '/home/sfr2024/assessment/team3_project/install/imu/lib/python3.10/site-packages'
[5.573s] Level 1:colcon.colcon_core.shell:create_environment_hook('imu', 'pythonpath')
[5.574s] DEBUG:colcon.colcon_core.event_handler.log_command:Invoked command in '/home/sfr2024/assessment/team3_project/src/imu' returned '0': PYTHONPATH=/home/sfr2024/assessment/team3_project/build/imu/prefix_override:/usr/lib/python3/dist-packages/colcon_core/task/python/colcon_distutils_commands:/home/sfr2024/assessment/team3_project/install/imu/lib/python3.10/site-packages:${PYTHONPATH} /usr/bin/python3 -W ignore:setup.py install is deprecated setup.py egg_info --egg-base ../../build/imu build --build-base /home/sfr2024/assessment/team3_project/build/imu/build install --record /home/sfr2024/assessment/team3_project/build/imu/install.log --single-version-externally-managed install_data
[5.574s] INFO:colcon.colcon_core.shell:Creating environment hook '/home/sfr2024/assessment/team3_project/install/imu/share/imu/hook/pythonpath.ps1'
[5.575s] INFO:colcon.colcon_core.shell:Creating environment descriptor '/home/sfr2024/assessment/team3_project/install/imu/share/imu/hook/pythonpath.dsv'
[5.576s] INFO:colcon.colcon_core.shell:Creating environment hook '/home/sfr2024/assessment/team3_project/install/imu/share/imu/hook/pythonpath.sh'
[5.577s] Level 1:colcon.colcon_core.environment:checking '/home/sfr2024/assessment/team3_project/install/imu/bin'
[5.577s] Level 1:colcon.colcon_core.environment:create_environment_scripts_only(imu)
[5.578s] INFO:colcon.colcon_core.shell:Creating package script '/home/sfr2024/assessment/team3_project/install/imu/share/imu/package.ps1'
[5.579s] INFO:colcon.colcon_core.shell:Creating package descriptor '/home/sfr2024/assessment/team3_project/install/imu/share/imu/package.dsv'
[5.579s] INFO:colcon.colcon_core.shell:Creating package script '/home/sfr2024/assessment/team3_project/install/imu/share/imu/package.sh'
[5.580s] INFO:colcon.colcon_core.shell:Creating package script '/home/sfr2024/assessment/team3_project/install/imu/share/imu/package.bash'
[5.581s] INFO:colcon.colcon_core.shell:Creating package script '/home/sfr2024/assessment/team3_project/install/imu/share/imu/package.zsh'
[5.581s] Level 1:colcon.colcon_core.environment:create_file_with_runtime_dependencies(/home/sfr2024/assessment/team3_project/install/imu/share/colcon-core/packages/imu)
[5.762s] Level 1:colcon.colcon_core.environment:checking '/home/sfr2024/assessment/team3_project/install/lidar' for CMake module files
[5.766s] DEBUG:colcon.colcon_core.event_handler.log_command:Invoked command in '/home/sfr2024/assessment/team3_project/src/lidar' returned '0': PYTHONPATH=/home/sfr2024/assessment/team3_project/build/lidar/prefix_override:/usr/lib/python3/dist-packages/colcon_core/task/python/colcon_distutils_commands:/home/sfr2024/assessment/team3_project/install/lidar/lib/python3.10/site-packages:${PYTHONPATH} /usr/bin/python3 -W ignore:setup.py install is deprecated setup.py egg_info --egg-base ../../build/lidar build --build-base /home/sfr2024/assessment/team3_project/build/lidar/build install --record /home/sfr2024/assessment/team3_project/build/lidar/install.log --single-version-externally-managed install_data
[5.766s] Level 1:colcon.colcon_core.environment:checking '/home/sfr2024/assessment/team3_project/install/lidar' for CMake config files
[5.767s] Level 1:colcon.colcon_core.environment:checking '/home/sfr2024/assessment/team3_project/install/lidar/lib'
[5.768s] Level 1:colcon.colcon_core.environment:checking '/home/sfr2024/assessment/team3_project/install/lidar/bin'
[5.768s] Level 1:colcon.colcon_core.environment:checking '/home/sfr2024/assessment/team3_project/install/lidar/lib/pkgconfig/lidar.pc'
[5.768s] Level 1:colcon.colcon_core.environment:checking '/home/sfr2024/assessment/team3_project/install/lidar/lib/python3.10/site-packages'
[5.768s] Level 1:colcon.colcon_core.shell:create_environment_hook('lidar', 'pythonpath')
[5.769s] INFO:colcon.colcon_core.shell:Creating environment hook '/home/sfr2024/assessment/team3_project/install/lidar/share/lidar/hook/pythonpath.ps1'
[5.774s] INFO:colcon.colcon_core.shell:Creating environment descriptor '/home/sfr2024/assessment/team3_project/install/lidar/share/lidar/hook/pythonpath.dsv'
[5.775s] INFO:colcon.colcon_core.shell:Creating environment hook '/home/sfr2024/assessment/team3_project/install/lidar/share/lidar/hook/pythonpath.sh'
[5.777s] Level 1:colcon.colcon_core.environment:checking '/home/sfr2024/assessment/team3_project/install/lidar/bin'
[5.777s] Level 1:colcon.colcon_core.environment:create_environment_scripts_only(lidar)
[5.781s] INFO:colcon.colcon_core.shell:Creating package script '/home/sfr2024/assessment/team3_project/install/lidar/share/lidar/package.ps1'
[5.782s] INFO:colcon.colcon_core.shell:Creating package descriptor '/home/sfr2024/assessment/team3_project/install/lidar/share/lidar/package.dsv'
[5.785s] INFO:colcon.colcon_core.shell:Creating package script '/home/sfr2024/assessment/team3_project/install/lidar/share/lidar/package.sh'
[5.787s] INFO:colcon.colcon_core.shell:Creating package script '/home/sfr2024/assessment/team3_project/install/lidar/share/lidar/package.bash'
[5.788s] INFO:colcon.colcon_core.shell:Creating package script '/home/sfr2024/assessment/team3_project/install/lidar/share/lidar/package.zsh'
[5.792s] Level 1:colcon.colcon_core.environment:create_file_with_runtime_dependencies(/home/sfr2024/assessment/team3_project/install/lidar/share/colcon-core/packages/lidar)
[5.808s] Level 1:colcon.colcon_core.environment:checking '/home/sfr2024/assessment/team3_project/install/leo_rover' for CMake module files
[5.809s] DEBUG:colcon.colcon_core.event_handler.log_command:Invoked command in '/home/sfr2024/assessment/team3_project/src/leo_rover' returned '0': PYTHONPATH=/home/sfr2024/assessment/team3_project/build/leo_rover/prefix_override:/usr/lib/python3/dist-packages/colcon_core/task/python/colcon_distutils_commands:/home/sfr2024/assessment/team3_project/install/leo_rover/lib/python3.10/site-packages:${PYTHONPATH} /usr/bin/python3 -W ignore:setup.py install is deprecated setup.py egg_info --egg-base ../../build/leo_rover build --build-base /home/sfr2024/assessment/team3_project/build/leo_rover/build install --record /home/sfr2024/assessment/team3_project/build/leo_rover/install.log --single-version-externally-managed install_data
[5.810s] Level 1:colcon.colcon_core.environment:checking '/home/sfr2024/assessment/team3_project/install/leo_rover' for CMake config files
[5.811s] Level 1:colcon.colcon_core.environment:checking '/home/sfr2024/assessment/team3_project/install/leo_rover/lib'
[5.811s] Level 1:colcon.colcon_core.environment:checking '/home/sfr2024/assessment/team3_project/install/leo_rover/bin'
[5.811s] Level 1:colcon.colcon_core.environment:checking '/home/sfr2024/assessment/team3_project/install/leo_rover/lib/pkgconfig/leo_rover.pc'
[5.812s] Level 1:colcon.colcon_core.environment:checking '/home/sfr2024/assessment/team3_project/install/leo_rover/lib/python3.10/site-packages'
[5.812s] Level 1:colcon.colcon_core.shell:create_environment_hook('leo_rover', 'pythonpath')
[5.812s] INFO:colcon.colcon_core.shell:Creating environment hook '/home/sfr2024/assessment/team3_project/install/leo_rover/share/leo_rover/hook/pythonpath.ps1'
[5.813s] INFO:colcon.colcon_core.shell:Creating environment descriptor '/home/sfr2024/assessment/team3_project/install/leo_rover/share/leo_rover/hook/pythonpath.dsv'
[5.814s] INFO:colcon.colcon_core.shell:Creating environment hook '/home/sfr2024/assessment/team3_project/install/leo_rover/share/leo_rover/hook/pythonpath.sh'
[5.816s] Level 1:colcon.colcon_core.environment:checking '/home/sfr2024/assessment/team3_project/install/leo_rover/bin'
[5.816s] Level 1:colcon.colcon_core.environment:create_environment_scripts_only(leo_rover)
[5.817s] INFO:colcon.colcon_core.shell:Creating package script '/home/sfr2024/assessment/team3_project/install/leo_rover/share/leo_rover/package.ps1'
[5.818s] INFO:colcon.colcon_core.shell:Creating package descriptor '/home/sfr2024/assessment/team3_project/install/leo_rover/share/leo_rover/package.dsv'
[5.819s] INFO:colcon.colcon_core.shell:Creating package script '/home/sfr2024/assessment/team3_project/install/leo_rover/share/leo_rover/package.sh'
[5.821s] INFO:colcon.colcon_core.shell:Creating package script '/home/sfr2024/assessment/team3_project/install/leo_rover/share/leo_rover/package.bash'
[5.821s] INFO:colcon.colcon_core.shell:Creating package script '/home/sfr2024/assessment/team3_project/install/leo_rover/share/leo_rover/package.zsh'
[5.822s] Level 1:colcon.colcon_core.environment:create_file_with_runtime_dependencies(/home/sfr2024/assessment/team3_project/install/leo_rover/share/colcon-core/packages/leo_rover)
[6.087s] Level 1:colcon.colcon_core.environment:checking '/home/sfr2024/assessment/team3_project/install/map' for CMake module files
[6.088s] DEBUG:colcon.colcon_core.event_handler.log_command:Invoked command in '/home/sfr2024/assessment/team3_project/src/map' returned '0': PYTHONPATH=/home/sfr2024/assessment/team3_project/build/map/prefix_override:/usr/lib/python3/dist-packages/colcon_core/task/python/colcon_distutils_commands:/home/sfr2024/assessment/team3_project/install/map/lib/python3.10/site-packages:${PYTHONPATH} /usr/bin/python3 -W ignore:setup.py install is deprecated setup.py egg_info --egg-base ../../build/map build --build-base /home/sfr2024/assessment/team3_project/build/map/build install --record /home/sfr2024/assessment/team3_project/build/map/install.log --single-version-externally-managed install_data
[6.089s] Level 1:colcon.colcon_core.environment:checking '/home/sfr2024/assessment/team3_project/install/map' for CMake config files
[6.091s] Level 1:colcon.colcon_core.environment:checking '/home/sfr2024/assessment/team3_project/install/map/lib'
[6.091s] Level 1:colcon.colcon_core.environment:checking '/home/sfr2024/assessment/team3_project/install/map/bin'
[6.091s] Level 1:colcon.colcon_core.environment:checking '/home/sfr2024/assessment/team3_project/install/map/lib/pkgconfig/map.pc'
[6.091s] Level 1:colcon.colcon_core.environment:checking '/home/sfr2024/assessment/team3_project/install/map/lib/python3.10/site-packages'
[6.092s] Level 1:colcon.colcon_core.shell:create_environment_hook('map', 'pythonpath')
[6.092s] INFO:colcon.colcon_core.shell:Creating environment hook '/home/sfr2024/assessment/team3_project/install/map/share/map/hook/pythonpath.ps1'
[6.093s] INFO:colcon.colcon_core.shell:Creating environment descriptor '/home/sfr2024/assessment/team3_project/install/map/share/map/hook/pythonpath.dsv'
[6.095s] INFO:colcon.colcon_core.shell:Creating environment hook '/home/sfr2024/assessment/team3_project/install/map/share/map/hook/pythonpath.sh'
[6.096s] Level 1:colcon.colcon_core.environment:checking '/home/sfr2024/assessment/team3_project/install/map/bin'
[6.096s] Level 1:colcon.colcon_core.environment:create_environment_scripts_only(map)
[6.097s] INFO:colcon.colcon_core.shell:Creating package script '/home/sfr2024/assessment/team3_project/install/map/share/map/package.ps1'
[6.097s] INFO:colcon.colcon_core.shell:Creating package descriptor '/home/sfr2024/assessment/team3_project/install/map/share/map/package.dsv'
[6.098s] INFO:colcon.colcon_core.shell:Creating package script '/home/sfr2024/assessment/team3_project/install/map/share/map/package.sh'
[6.099s] INFO:colcon.colcon_core.shell:Creating package script '/home/sfr2024/assessment/team3_project/install/map/share/map/package.bash'
[6.100s] INFO:colcon.colcon_core.shell:Creating package script '/home/sfr2024/assessment/team3_project/install/map/share/map/package.zsh'
[6.100s] Level 1:colcon.colcon_core.environment:create_file_with_runtime_dependencies(/home/sfr2024/assessment/team3_project/install/map/share/colcon-core/packages/map)
[6.104s] Level 1:colcon.colcon_core.environment:checking '/home/sfr2024/assessment/team3_project/install/controller_server' for CMake module files
[6.106s] Level 1:colcon.colcon_core.environment:checking '/home/sfr2024/assessment/team3_project/install/controller_server' for CMake config files
[6.107s] DEBUG:colcon.colcon_core.event_handler.log_command:Invoked command in '/home/sfr2024/assessment/team3_project/src/controller_server' returned '0': PYTHONPATH=/home/sfr2024/assessment/team3_project/build/controller_server/prefix_override:/usr/lib/python3/dist-packages/colcon_core/task/python/colcon_distutils_commands:/home/sfr2024/assessment/team3_project/install/controller_server/lib/python3.10/site-packages:${PYTHONPATH} /usr/bin/python3 -W ignore:setup.py install is deprecated setup.py egg_info --egg-base ../../build/controller_server build --build-base /home/sfr2024/assessment/team3_project/build/controller_server/build install --record /home/sfr2024/assessment/team3_project/build/controller_server/install.log --single-version-externally-managed install_data
[6.109s] Level 1:colcon.colcon_core.environment:checking '/home/sfr2024/assessment/team3_project/install/controller_server/lib'
[6.110s] Level 1:colcon.colcon_core.environment:checking '/home/sfr2024/assessment/team3_project/install/controller_server/bin'
[6.110s] Level 1:colcon.colcon_core.environment:checking '/home/sfr2024/assessment/team3_project/install/controller_server/lib/pkgconfig/controller_server.pc'
[6.110s] Level 1:colcon.colcon_core.environment:checking '/home/sfr2024/assessment/team3_project/install/controller_server/lib/python3.10/site-packages'
[6.110s] Level 1:colcon.colcon_core.shell:create_environment_hook('controller_server', 'pythonpath')
[6.111s] INFO:colcon.colcon_core.shell:Creating environment hook '/home/sfr2024/assessment/team3_project/install/controller_server/share/controller_server/hook/pythonpath.ps1'
[6.113s] INFO:colcon.colcon_core.shell:Creating environment descriptor '/home/sfr2024/assessment/team3_project/install/controller_server/share/controller_server/hook/pythonpath.dsv'
[6.115s] INFO:colcon.colcon_core.shell:Creating environment hook '/home/sfr2024/assessment/team3_project/install/controller_server/share/controller_server/hook/pythonpath.sh'
[6.118s] Level 1:colcon.colcon_core.environment:checking '/home/sfr2024/assessment/team3_project/install/controller_server/bin'
[6.118s] Level 1:colcon.colcon_core.environment:create_environment_scripts_only(controller_server)
[6.120s] INFO:colcon.colcon_core.shell:Creating package script '/home/sfr2024/assessment/team3_project/install/controller_server/share/controller_server/package.ps1'
[6.122s] INFO:colcon.colcon_core.shell:Creating package descriptor '/home/sfr2024/assessment/team3_project/install/controller_server/share/controller_server/package.dsv'
[6.123s] INFO:colcon.colcon_core.shell:Creating package script '/home/sfr2024/assessment/team3_project/install/controller_server/share/controller_server/package.sh'
[6.124s] INFO:colcon.colcon_core.shell:Creating package script '/home/sfr2024/assessment/team3_project/install/controller_server/share/controller_server/package.bash'
[6.125s] INFO:colcon.colcon_core.shell:Creating package script '/home/sfr2024/assessment/team3_project/install/controller_server/share/controller_server/package.zsh'
[6.126s] Level 1:colcon.colcon_core.environment:create_file_with_runtime_dependencies(/home/sfr2024/assessment/team3_project/install/controller_server/share/colcon-core/packages/controller_server)
[6.132s] Level 1:colcon.colcon_core.environment:checking '/home/sfr2024/assessment/team3_project/install/navigation' for CMake module files
[6.133s] DEBUG:colcon.colcon_core.event_handler.log_command:Invoked command in '/home/sfr2024/assessment/team3_project/src/navigation' returned '0': PYTHONPATH=/home/sfr2024/assessment/team3_project/build/navigation/prefix_override:/usr/lib/python3/dist-packages/colcon_core/task/python/colcon_distutils_commands:/home/sfr2024/assessment/team3_project/install/navigation/lib/python3.10/site-packages:${PYTHONPATH} /usr/bin/python3 -W ignore:setup.py install is deprecated setup.py egg_info --egg-base ../../build/navigation build --build-base /home/sfr2024/assessment/team3_project/build/navigation/build install --record /home/sfr2024/assessment/team3_project/build/navigation/install.log --single-version-externally-managed install_data
[6.134s] Level 1:colcon.colcon_core.environment:checking '/home/sfr2024/assessment/team3_project/install/navigation' for CMake config files
[6.135s] Level 1:colcon.colcon_core.environment:checking '/home/sfr2024/assessment/team3_project/install/navigation/lib'
[6.135s] Level 1:colcon.colcon_core.environment:checking '/home/sfr2024/assessment/team3_project/install/navigation/bin'
[6.135s] Level 1:colcon.colcon_core.environment:checking '/home/sfr2024/assessment/team3_project/install/navigation/lib/pkgconfig/navigation.pc'
[6.136s] Level 1:colcon.colcon_core.environment:checking '/home/sfr2024/assessment/team3_project/install/navigation/lib/python3.10/site-packages'
[6.136s] Level 1:colcon.colcon_core.shell:create_environment_hook('navigation', 'pythonpath')
[6.137s] INFO:colcon.colcon_core.shell:Creating environment hook '/home/sfr2024/assessment/team3_project/install/navigation/share/navigation/hook/pythonpath.ps1'
[6.138s] INFO:colcon.colcon_core.shell:Creating environment descriptor '/home/sfr2024/assessment/team3_project/install/navigation/share/navigation/hook/pythonpath.dsv'
[6.139s] INFO:colcon.colcon_core.shell:Creating environment hook '/home/sfr2024/assessment/team3_project/install/navigation/share/navigation/hook/pythonpath.sh'
[6.143s] Level 1:colcon.colcon_core.environment:checking '/home/sfr2024/assessment/team3_project/install/navigation/bin'
[6.144s] Level 1:colcon.colcon_core.environment:create_environment_scripts_only(navigation)
[6.145s] INFO:colcon.colcon_core.shell:Creating package script '/home/sfr2024/assessment/team3_project/install/navigation/share/navigation/package.ps1'
[6.148s] INFO:colcon.colcon_core.shell:Creating package descriptor '/home/sfr2024/assessment/team3_project/install/navigation/share/navigation/package.dsv'
[6.151s] INFO:colcon.colcon_core.shell:Creating package script '/home/sfr2024/assessment/team3_project/install/navigation/share/navigation/package.sh'
[6.152s] INFO:colcon.colcon_core.shell:Creating package script '/home/sfr2024/assessment/team3_project/install/navigation/share/navigation/package.bash'
[6.153s] INFO:colcon.colcon_core.shell:Creating package script '/home/sfr2024/assessment/team3_project/install/navigation/share/navigation/package.zsh'
[6.155s] Level 1:colcon.colcon_core.environment:create_file_with_runtime_dependencies(/home/sfr2024/assessment/team3_project/install/navigation/share/colcon-core/packages/navigation)
[6.209s] Level 1:colcon.colcon_core.environment:checking '/home/sfr2024/assessment/team3_project/install/data_integration' for CMake module files
[6.210s] DEBUG:colcon.colcon_core.event_handler.log_command:Invoked command in '/home/sfr2024/assessment/team3_project/src/data_integration' returned '0': PYTHONPATH=/home/sfr2024/assessment/team3_project/build/data_integration/prefix_override:/usr/lib/python3/dist-packages/colcon_core/task/python/colcon_distutils_commands:/home/sfr2024/assessment/team3_project/install/data_integration/lib/python3.10/site-packages:${PYTHONPATH} /usr/bin/python3 -W ignore:setup.py install is deprecated setup.py egg_info --egg-base ../../build/data_integration build --build-base /home/sfr2024/assessment/team3_project/build/data_integration/build install --record /home/sfr2024/assessment/team3_project/build/data_integration/install.log --single-version-externally-managed install_data
[6.212s] Level 1:colcon.colcon_core.environment:checking '/home/sfr2024/assessment/team3_project/install/data_integration' for CMake config files
[6.213s] Level 1:colcon.colcon_core.environment:checking '/home/sfr2024/assessment/team3_project/install/data_integration/lib'
[6.213s] Level 1:colcon.colcon_core.environment:checking '/home/sfr2024/assessment/team3_project/install/data_integration/bin'
[6.213s] Level 1:colcon.colcon_core.environment:checking '/home/sfr2024/assessment/team3_project/install/data_integration/lib/pkgconfig/data_integration.pc'
[6.214s] Level 1:colcon.colcon_core.environment:checking '/home/sfr2024/assessment/team3_project/install/data_integration/lib/python3.10/site-packages'
[6.214s] Level 1:colcon.colcon_core.shell:create_environment_hook('data_integration', 'pythonpath')
[6.214s] INFO:colcon.colcon_core.shell:Creating environment hook '/home/sfr2024/assessment/team3_project/install/data_integration/share/data_integration/hook/pythonpath.ps1'
[6.215s] INFO:colcon.colcon_core.shell:Creating environment descriptor '/home/sfr2024/assessment/team3_project/install/data_integration/share/data_integration/hook/pythonpath.dsv'
[6.216s] INFO:colcon.colcon_core.shell:Creating environment hook '/home/sfr2024/assessment/team3_project/install/data_integration/share/data_integration/hook/pythonpath.sh'
[6.217s] Level 1:colcon.colcon_core.environment:checking '/home/sfr2024/assessment/team3_project/install/data_integration/bin'
[6.217s] Level 1:colcon.colcon_core.environment:create_environment_scripts_only(data_integration)
[6.218s] INFO:colcon.colcon_core.shell:Creating package script '/home/sfr2024/assessment/team3_project/install/data_integration/share/data_integration/package.ps1'
[6.218s] INFO:colcon.colcon_core.shell:Creating package descriptor '/home/sfr2024/assessment/team3_project/install/data_integration/share/data_integration/package.dsv'
[6.219s] INFO:colcon.colcon_core.shell:Creating package script '/home/sfr2024/assessment/team3_project/install/data_integration/share/data_integration/package.sh'
[6.220s] INFO:colcon.colcon_core.shell:Creating package script '/home/sfr2024/assessment/team3_project/install/data_integration/share/data_integration/package.bash'
[6.220s] INFO:colcon.colcon_core.shell:Creating package script '/home/sfr2024/assessment/team3_project/install/data_integration/share/data_integration/package.zsh'
[6.221s] Level 1:colcon.colcon_core.environment:create_file_with_runtime_dependencies(/home/sfr2024/assessment/team3_project/install/data_integration/share/colcon-core/packages/data_integration)
[6.221s] DEBUG:colcon.colcon_parallel_executor.executor.parallel:closing loop
[6.222s] DEBUG:colcon.colcon_parallel_executor.executor.parallel:loop closed
[6.223s] DEBUG:colcon.colcon_parallel_executor.executor.parallel:run_until_complete finished with '0'
[6.223s] DEBUG:colcon.colcon_core.event_reactor:joining thread
[6.240s] INFO:colcon.colcon_core.plugin_system:Skipping extension 'colcon_notification.desktop_notification.terminal_notifier': Not used on non-Darwin systems
[6.240s] INFO:colcon.colcon_core.plugin_system:Skipping extension 'colcon_notification.desktop_notification.win32': Not used on non-Windows systems
[6.240s] INFO:colcon.colcon_notification.desktop_notification:Sending desktop notification using 'notify2'
[6.270s] DEBUG:colcon.colcon_core.event_reactor:joined thread
[6.271s] INFO:colcon.colcon_core.shell:Creating prefix script '/home/sfr2024/assessment/team3_project/install/local_setup.ps1'
[6.272s] INFO:colcon.colcon_core.shell:Creating prefix util module '/home/sfr2024/assessment/team3_project/install/_local_setup_util_ps1.py'
[6.273s] INFO:colcon.colcon_core.shell:Creating prefix chain script '/home/sfr2024/assessment/team3_project/install/setup.ps1'
[6.275s] INFO:colcon.colcon_core.shell:Creating prefix script '/home/sfr2024/assessment/team3_project/install/local_setup.sh'
[6.276s] INFO:colcon.colcon_core.shell:Creating prefix util module '/home/sfr2024/assessment/team3_project/install/_local_setup_util_sh.py'
[6.277s] INFO:colcon.colcon_core.shell:Creating prefix chain script '/home/sfr2024/assessment/team3_project/install/setup.sh'
[6.279s] INFO:colcon.colcon_core.shell:Creating prefix script '/home/sfr2024/assessment/team3_project/install/local_setup.bash'
[6.281s] INFO:colcon.colcon_core.shell:Creating prefix chain script '/home/sfr2024/assessment/team3_project/install/setup.bash'
[6.289s] INFO:colcon.colcon_core.shell:Creating prefix script '/home/sfr2024/assessment/team3_project/install/local_setup.zsh'
[6.292s] INFO:colcon.colcon_core.shell:Creating prefix chain script '/home/sfr2024/assessment/team3_project/install/setup.zsh'
