[3.974s] Invoking command in '/home/sfr2024/assessment/team3_project/src/lidar': PYTHONPATH=/home/sfr2024/assessment/team3_project/build/lidar/prefix_override:/usr/lib/python3/dist-packages/colcon_core/task/python/colcon_distutils_commands:/home/sfr2024/assessment/team3_project/install/lidar/lib/python3.10/site-packages:${PYTHONPATH} /usr/bin/python3 -W ignore:setup.py install is deprecated setup.py egg_info --egg-base ../../build/lidar build --build-base /home/sfr2024/assessment/team3_project/build/lidar/build install --record /home/sfr2024/assessment/team3_project/build/lidar/install.log --single-version-externally-managed install_data
[5.087s] running egg_info
[5.091s] writing ../../build/lidar/lidar.egg-info/PKG-INFO
[5.096s] writing dependency_links to ../../build/lidar/lidar.egg-info/dependency_links.txt
[5.097s] writing entry points to ../../build/lidar/lidar.egg-info/entry_points.txt
[5.097s] writing requirements to ../../build/lidar/lidar.egg-info/requires.txt
[5.098s] writing top-level names to ../../build/lidar/lidar.egg-info/top_level.txt
[5.107s] reading manifest file '../../build/lidar/lidar.egg-info/SOURCES.txt'
[5.107s] writing manifest file '../../build/lidar/lidar.egg-info/SOURCES.txt'
[5.108s] running build
[5.108s] running build_py
[5.108s] running install
[5.108s] running install_lib
[5.120s] running install_data
[5.120s] running install_egg_info
[5.132s] removing '/home/sfr2024/assessment/team3_project/install/lidar/lib/python3.10/site-packages/lidar-0.0.0-py3.10.egg-info' (and everything under it)
[5.132s] Copying ../../build/lidar/lidar.egg-info to /home/sfr2024/assessment/team3_project/install/lidar/lib/python3.10/site-packages/lidar-0.0.0-py3.10.egg-info
[5.137s] running install_scripts
[5.229s] Installing lidar_node script to /home/sfr2024/assessment/team3_project/install/lidar/lib/lidar
[5.229s] writing list of installed files to '/home/sfr2024/assessment/team3_project/build/lidar/install.log'
[5.324s] Invoked command in '/home/sfr2024/assessment/team3_project/src/lidar' returned '0': PYTHONPATH=/home/sfr2024/assessment/team3_project/build/lidar/prefix_override:/usr/lib/python3/dist-packages/colcon_core/task/python/colcon_distutils_commands:/home/sfr2024/assessment/team3_project/install/lidar/lib/python3.10/site-packages:${PYTHONPATH} /usr/bin/python3 -W ignore:setup.py install is deprecated setup.py egg_info --egg-base ../../build/lidar build --build-base /home/sfr2024/assessment/team3_project/build/lidar/build install --record /home/sfr2024/assessment/team3_project/build/lidar/install.log --single-version-externally-managed install_data
