[1.135s] Invoking command in '/home/mscrobotics2425laptop14/Desktop/project/team3/team3-project/src/camera': AMENT_PREFIX_PATH=/home/mscrobotics2425laptop14/Desktop/project/team3/team3-project/install/package_with_interfaces:${AMENT_PREFIX_PATH} CMAKE_PREFIX_PATH=/home/mscrobotics2425laptop14/Desktop/project/team3/team3-project/install/package_with_interfaces CONDA_PROMPT_MODIFIER=(ros2) LD_LIBRARY_PATH=/home/mscrobotics2425laptop14/Desktop/project/team3/team3-project/install/package_with_interfaces/lib:${LD_LIBRARY_PATH} PYTHONPATH=/home/mscrobotics2425laptop14/Desktop/project/team3/team3-project/build/camera/prefix_override:/usr/lib/python3/dist-packages/colcon_core/task/python/colcon_distutils_commands:/home/mscrobotics2425laptop14/Desktop/project/team3/team3-project/install/camera/lib/python3.10/site-packages:/home/mscrobotics2425laptop14/Desktop/project/team3/team3-project/install/package_with_interfaces/lib/python3.10/site-packages:${PYTHONPATH} /usr/bin/python3 -W ignore:setup.py install is deprecated setup.py egg_info --egg-base ../../build/camera build --build-base /home/mscrobotics2425laptop14/Desktop/project/team3/team3-project/build/camera/build install --record /home/mscrobotics2425laptop14/Desktop/project/team3/team3-project/build/camera/install.log --single-version-externally-managed install_data
[1.357s] running egg_info
[1.358s] writing ../../build/camera/camera.egg-info/PKG-INFO
[1.358s] writing dependency_links to ../../build/camera/camera.egg-info/dependency_links.txt
[1.358s] writing entry points to ../../build/camera/camera.egg-info/entry_points.txt
[1.359s] writing requirements to ../../build/camera/camera.egg-info/requires.txt
[1.359s] writing top-level names to ../../build/camera/camera.egg-info/top_level.txt
[1.361s] reading manifest file '../../build/camera/camera.egg-info/SOURCES.txt'
[1.363s] writing manifest file '../../build/camera/camera.egg-info/SOURCES.txt'
[1.364s] running build
[1.364s] running build_py
[1.364s] running install
[1.364s] running install_lib
[1.367s] running install_data
[1.367s] running install_egg_info
[1.370s] removing '/home/mscrobotics2425laptop14/Desktop/project/team3/team3-project/install/camera/lib/python3.10/site-packages/camera-0.0.0-py3.10.egg-info' (and everything under it)
[1.370s] Copying ../../build/camera/camera.egg-info to /home/mscrobotics2425laptop14/Desktop/project/team3/team3-project/install/camera/lib/python3.10/site-packages/camera-0.0.0-py3.10.egg-info
[1.373s] running install_scripts
[1.407s] Installing camera_node script to /home/mscrobotics2425laptop14/Desktop/project/team3/team3-project/install/camera/lib/camera
[1.408s] writing list of installed files to '/home/mscrobotics2425laptop14/Desktop/project/team3/team3-project/build/camera/install.log'
[1.443s] Invoked command in '/home/mscrobotics2425laptop14/Desktop/project/team3/team3-project/src/camera' returned '0': AMENT_PREFIX_PATH=/home/mscrobotics2425laptop14/Desktop/project/team3/team3-project/install/package_with_interfaces:${AMENT_PREFIX_PATH} CMAKE_PREFIX_PATH=/home/mscrobotics2425laptop14/Desktop/project/team3/team3-project/install/package_with_interfaces CONDA_PROMPT_MODIFIER=(ros2) LD_LIBRARY_PATH=/home/mscrobotics2425laptop14/Desktop/project/team3/team3-project/install/package_with_interfaces/lib:${LD_LIBRARY_PATH} PYTHONPATH=/home/mscrobotics2425laptop14/Desktop/project/team3/team3-project/build/camera/prefix_override:/usr/lib/python3/dist-packages/colcon_core/task/python/colcon_distutils_commands:/home/mscrobotics2425laptop14/Desktop/project/team3/team3-project/install/camera/lib/python3.10/site-packages:/home/mscrobotics2425laptop14/Desktop/project/team3/team3-project/install/package_with_interfaces/lib/python3.10/site-packages:${PYTHONPATH} /usr/bin/python3 -W ignore:setup.py install is deprecated setup.py egg_info --egg-base ../../build/camera build --build-base /home/mscrobotics2425laptop14/Desktop/project/team3/team3-project/build/camera/build install --record /home/mscrobotics2425laptop14/Desktop/project/team3/team3-project/build/camera/install.log --single-version-externally-managed install_data
