[0.066s] Invoking command in '/home/mscrobotics2425laptop14/Desktop/project/team3/team3-project/build/package_with_interfaces': CMAKE_PREFIX_PATH=${CMAKE_PREFIX_PATH}:/home/mscrobotics2425laptop14/Desktop/project/team3/team3-project/install/robotic_arm:/home/mscrobotics2425laptop14/Desktop/project/team3/team3-project/install/nuc:/home/mscrobotics2425laptop14/Desktop/project/team3/team3-project/install/navigation:/home/mscrobotics2425laptop14/Desktop/project/team3/team3-project/install/map:/home/mscrobotics2425laptop14/Desktop/project/team3/team3-project/install/lidar:/home/mscrobotics2425laptop14/Desktop/project/team3/team3-project/install/leo_rover:/home/mscrobotics2425laptop14/Desktop/project/team3/team3-project/install/imu:/home/mscrobotics2425laptop14/Desktop/project/team3/team3-project/install/data_integration:/home/mscrobotics2425laptop14/Desktop/project/team3/team3-project/install/controller_server:/home/mscrobotics2425laptop14/Desktop/project/team3/team3-project/install/camera:/opt/ros/humble CONDA_PROMPT_MODIFIER=(ros2) /usr/bin/cmake --build /home/mscrobotics2425laptop14/Desktop/project/team3/team3-project/build/package_with_interfaces -- -j12 -l12
[1.851s] [  3%] Built target package_with_interfaces__cpp
[1.852s] [ 12%] Built target package_with_interfaces__rosidl_generator_c
[1.852s] [ 12%] Built target ament_cmake_python_copy_package_with_interfaces
[1.852s] [ 25%] Built target package_with_interfaces__rosidl_typesupport_c
[1.852s] [ 35%] Built target package_with_interfaces__rosidl_typesupport_fastrtps_cpp
[1.852s] [ 41%] Built target package_with_interfaces__rosidl_typesupport_cpp
[1.852s] [ 51%] Built target package_with_interfaces__rosidl_typesupport_introspection_cpp
[1.852s] [ 61%] Built target package_with_interfaces__rosidl_typesupport_introspection_c
[1.852s] [ 70%] Built target package_with_interfaces__rosidl_typesupport_fastrtps_c
[1.852s] [ 70%] Built target package_with_interfaces
[1.852s] [ 74%] Built target package_with_interfaces__py
[1.852s] [ 80%] Built target package_with_interfaces__rosidl_generator_py
[1.852s] [ 87%] Built target package_with_interfaces__rosidl_typesupport_c__pyext
[1.852s] [ 93%] Built target package_with_interfaces__rosidl_typesupport_fastrtps_c__pyext
[1.853s] [100%] Built target package_with_interfaces__rosidl_typesupport_introspection_c__pyext
[1.853s] running egg_info
[1.853s] writing package_with_interfaces.egg-info/PKG-INFO
[1.853s] writing dependency_links to package_with_interfaces.egg-info/dependency_links.txt
[1.853s] writing top-level names to package_with_interfaces.egg-info/top_level.txt
[1.853s] reading manifest file 'package_with_interfaces.egg-info/SOURCES.txt'
[1.853s] writing manifest file 'package_with_interfaces.egg-info/SOURCES.txt'
[1.853s] [100%] Built target ament_cmake_python_build_package_with_interfaces_egg
[1.855s] Invoked command in '/home/mscrobotics2425laptop14/Desktop/project/team3/team3-project/build/package_with_interfaces' returned '0': CMAKE_PREFIX_PATH=${CMAKE_PREFIX_PATH}:/home/mscrobotics2425laptop14/Desktop/project/team3/team3-project/install/robotic_arm:/home/mscrobotics2425laptop14/Desktop/project/team3/team3-project/install/nuc:/home/mscrobotics2425laptop14/Desktop/project/team3/team3-project/install/navigation:/home/mscrobotics2425laptop14/Desktop/project/team3/team3-project/install/map:/home/mscrobotics2425laptop14/Desktop/project/team3/team3-project/install/lidar:/home/mscrobotics2425laptop14/Desktop/project/team3/team3-project/install/leo_rover:/home/mscrobotics2425laptop14/Desktop/project/team3/team3-project/install/imu:/home/mscrobotics2425laptop14/Desktop/project/team3/team3-project/install/data_integration:/home/mscrobotics2425laptop14/Desktop/project/team3/team3-project/install/controller_server:/home/mscrobotics2425laptop14/Desktop/project/team3/team3-project/install/camera:/opt/ros/humble CONDA_PROMPT_MODIFIER=(ros2) /usr/bin/cmake --build /home/mscrobotics2425laptop14/Desktop/project/team3/team3-project/build/package_with_interfaces -- -j12 -l12
[1.973s] Invoking command in '/home/mscrobotics2425laptop14/Desktop/project/team3/team3-project/build/package_with_interfaces': CMAKE_PREFIX_PATH=${CMAKE_PREFIX_PATH}:/home/mscrobotics2425laptop14/Desktop/project/team3/team3-project/install/robotic_arm:/home/mscrobotics2425laptop14/Desktop/project/team3/team3-project/install/nuc:/home/mscrobotics2425laptop14/Desktop/project/team3/team3-project/install/navigation:/home/mscrobotics2425laptop14/Desktop/project/team3/team3-project/install/map:/home/mscrobotics2425laptop14/Desktop/project/team3/team3-project/install/lidar:/home/mscrobotics2425laptop14/Desktop/project/team3/team3-project/install/leo_rover:/home/mscrobotics2425laptop14/Desktop/project/team3/team3-project/install/imu:/home/mscrobotics2425laptop14/Desktop/project/team3/team3-project/install/data_integration:/home/mscrobotics2425laptop14/Desktop/project/team3/team3-project/install/controller_server:/home/mscrobotics2425laptop14/Desktop/project/team3/team3-project/install/camera:/opt/ros/humble CONDA_PROMPT_MODIFIER=(ros2) /usr/bin/cmake --install /home/mscrobotics2425laptop14/Desktop/project/team3/team3-project/build/package_with_interfaces
[1.981s] -- Install configuration: ""
[1.982s] -- Up-to-date: /home/mscrobotics2425laptop14/Desktop/project/team3/team3-project/install/package_with_interfaces/share/ament_index/resource_index/rosidl_interfaces/package_with_interfaces
[1.982s] -- Up-to-date: /home/mscrobotics2425laptop14/Desktop/project/team3/team3-project/install/package_with_interfaces/include/package_with_interfaces/package_with_interfaces
[1.982s] -- Up-to-date: /home/mscrobotics2425laptop14/Desktop/project/team3/team3-project/install/package_with_interfaces/include/package_with_interfaces/package_with_interfaces/msg
[1.982s] -- Up-to-date: /home/mscrobotics2425laptop14/Desktop/project/team3/team3-project/install/package_with_interfaces/include/package_with_interfaces/package_with_interfaces/msg/target_block.h
[1.982s] -- Up-to-date: /home/mscrobotics2425laptop14/Desktop/project/team3/team3-project/install/package_with_interfaces/include/package_with_interfaces/package_with_interfaces/msg/detail
[1.982s] -- Up-to-date: /home/mscrobotics2425laptop14/Desktop/project/team3/team3-project/install/package_with_interfaces/include/package_with_interfaces/package_with_interfaces/msg/detail/target_block__functions.c
[1.982s] -- Up-to-date: /home/mscrobotics2425laptop14/Desktop/project/team3/team3-project/install/package_with_interfaces/include/package_with_interfaces/package_with_interfaces/msg/detail/target_block__struct.h
[1.982s] -- Up-to-date: /home/mscrobotics2425laptop14/Desktop/project/team3/team3-project/install/package_with_interfaces/include/package_with_interfaces/package_with_interfaces/msg/detail/target_block__type_support.h
[1.982s] -- Up-to-date: /home/mscrobotics2425laptop14/Desktop/project/team3/team3-project/install/package_with_interfaces/include/package_with_interfaces/package_with_interfaces/msg/detail/target_block__functions.h
[1.982s] -- Up-to-date: /home/mscrobotics2425laptop14/Desktop/project/team3/team3-project/install/package_with_interfaces/include/package_with_interfaces/package_with_interfaces/msg/rosidl_generator_c__visibility_control.h
[1.983s] -- Up-to-date: /home/mscrobotics2425laptop14/Desktop/project/team3/team3-project/install/package_with_interfaces/share/package_with_interfaces/environment/library_path.sh
[1.983s] -- Up-to-date: /home/mscrobotics2425laptop14/Desktop/project/team3/team3-project/install/package_with_interfaces/share/package_with_interfaces/environment/library_path.dsv
[1.983s] -- Up-to-date: /home/mscrobotics2425laptop14/Desktop/project/team3/team3-project/install/package_with_interfaces/lib/libpackage_with_interfaces__rosidl_generator_c.so
[1.983s] -- Up-to-date: /home/mscrobotics2425laptop14/Desktop/project/team3/team3-project/install/package_with_interfaces/include/package_with_interfaces/package_with_interfaces
[1.983s] -- Up-to-date: /home/mscrobotics2425laptop14/Desktop/project/team3/team3-project/install/package_with_interfaces/include/package_with_interfaces/package_with_interfaces/msg
[1.984s] -- Up-to-date: /home/mscrobotics2425laptop14/Desktop/project/team3/team3-project/install/package_with_interfaces/include/package_with_interfaces/package_with_interfaces/msg/rosidl_typesupport_fastrtps_c__visibility_control.h
[1.984s] -- Up-to-date: /home/mscrobotics2425laptop14/Desktop/project/team3/team3-project/install/package_with_interfaces/include/package_with_interfaces/package_with_interfaces/msg/detail
[1.984s] -- Up-to-date: /home/mscrobotics2425laptop14/Desktop/project/team3/team3-project/install/package_with_interfaces/include/package_with_interfaces/package_with_interfaces/msg/detail/target_block__rosidl_typesupport_fastrtps_c.h
[1.984s] -- Up-to-date: /home/mscrobotics2425laptop14/Desktop/project/team3/team3-project/install/package_with_interfaces/lib/libpackage_with_interfaces__rosidl_typesupport_fastrtps_c.so
[1.984s] -- Up-to-date: /home/mscrobotics2425laptop14/Desktop/project/team3/team3-project/install/package_with_interfaces/include/package_with_interfaces/package_with_interfaces
[1.984s] -- Up-to-date: /home/mscrobotics2425laptop14/Desktop/project/team3/team3-project/install/package_with_interfaces/include/package_with_interfaces/package_with_interfaces/msg
[1.984s] -- Up-to-date: /home/mscrobotics2425laptop14/Desktop/project/team3/team3-project/install/package_with_interfaces/include/package_with_interfaces/package_with_interfaces/msg/detail
[1.984s] -- Up-to-date: /home/mscrobotics2425laptop14/Desktop/project/team3/team3-project/install/package_with_interfaces/include/package_with_interfaces/package_with_interfaces/msg/detail/target_block__struct.hpp
[1.985s] -- Up-to-date: /home/mscrobotics2425laptop14/Desktop/project/team3/team3-project/install/package_with_interfaces/include/package_with_interfaces/package_with_interfaces/msg/detail/target_block__traits.hpp
[1.989s] -- Up-to-date: /home/mscrobotics2425laptop14/Desktop/project/team3/team3-project/install/package_with_interfaces/include/package_with_interfaces/package_with_interfaces/msg/detail/target_block__builder.hpp
[1.989s] -- Up-to-date: /home/mscrobotics2425laptop14/Desktop/project/team3/team3-project/install/package_with_interfaces/include/package_with_interfaces/package_with_interfaces/msg/target_block.hpp
[1.989s] -- Up-to-date: /home/mscrobotics2425laptop14/Desktop/project/team3/team3-project/install/package_with_interfaces/include/package_with_interfaces/package_with_interfaces
[1.990s] -- Up-to-date: /home/mscrobotics2425laptop14/Desktop/project/team3/team3-project/install/package_with_interfaces/include/package_with_interfaces/package_with_interfaces/msg
[1.990s] -- Up-to-date: /home/mscrobotics2425laptop14/Desktop/project/team3/team3-project/install/package_with_interfaces/include/package_with_interfaces/package_with_interfaces/msg/rosidl_typesupport_fastrtps_cpp__visibility_control.h
[1.990s] -- Up-to-date: /home/mscrobotics2425laptop14/Desktop/project/team3/team3-project/install/package_with_interfaces/include/package_with_interfaces/package_with_interfaces/msg/detail
[1.990s] -- Up-to-date: /home/mscrobotics2425laptop14/Desktop/project/team3/team3-project/install/package_with_interfaces/include/package_with_interfaces/package_with_interfaces/msg/detail/dds_fastrtps
[1.990s] -- Up-to-date: /home/mscrobotics2425laptop14/Desktop/project/team3/team3-project/install/package_with_interfaces/include/package_with_interfaces/package_with_interfaces/msg/detail/target_block__rosidl_typesupport_fastrtps_cpp.hpp
[1.990s] -- Up-to-date: /home/mscrobotics2425laptop14/Desktop/project/team3/team3-project/install/package_with_interfaces/lib/libpackage_with_interfaces__rosidl_typesupport_fastrtps_cpp.so
[1.990s] -- Up-to-date: /home/mscrobotics2425laptop14/Desktop/project/team3/team3-project/install/package_with_interfaces/include/package_with_interfaces/package_with_interfaces
[1.991s] -- Up-to-date: /home/mscrobotics2425laptop14/Desktop/project/team3/team3-project/install/package_with_interfaces/include/package_with_interfaces/package_with_interfaces/msg
[1.991s] -- Up-to-date: /home/mscrobotics2425laptop14/Desktop/project/team3/team3-project/install/package_with_interfaces/include/package_with_interfaces/package_with_interfaces/msg/rosidl_typesupport_introspection_c__visibility_control.h
[1.991s] -- Up-to-date: /home/mscrobotics2425laptop14/Desktop/project/team3/team3-project/install/package_with_interfaces/include/package_with_interfaces/package_with_interfaces/msg/detail
[1.991s] -- Up-to-date: /home/mscrobotics2425laptop14/Desktop/project/team3/team3-project/install/package_with_interfaces/include/package_with_interfaces/package_with_interfaces/msg/detail/target_block__rosidl_typesupport_introspection_c.h
[1.991s] -- Up-to-date: /home/mscrobotics2425laptop14/Desktop/project/team3/team3-project/install/package_with_interfaces/include/package_with_interfaces/package_with_interfaces/msg/detail/target_block__type_support.c
[1.991s] -- Up-to-date: /home/mscrobotics2425laptop14/Desktop/project/team3/team3-project/install/package_with_interfaces/lib/libpackage_with_interfaces__rosidl_typesupport_introspection_c.so
[1.991s] -- Up-to-date: /home/mscrobotics2425laptop14/Desktop/project/team3/team3-project/install/package_with_interfaces/lib/libpackage_with_interfaces__rosidl_typesupport_c.so
[1.991s] -- Up-to-date: /home/mscrobotics2425laptop14/Desktop/project/team3/team3-project/install/package_with_interfaces/include/package_with_interfaces/package_with_interfaces
[1.995s] -- Up-to-date: /home/mscrobotics2425laptop14/Desktop/project/team3/team3-project/install/package_with_interfaces/include/package_with_interfaces/package_with_interfaces/msg
[1.995s] -- Up-to-date: /home/mscrobotics2425laptop14/Desktop/project/team3/team3-project/install/package_with_interfaces/include/package_with_interfaces/package_with_interfaces/msg/detail
[1.995s] -- Up-to-date: /home/mscrobotics2425laptop14/Desktop/project/team3/team3-project/install/package_with_interfaces/include/package_with_interfaces/package_with_interfaces/msg/detail/target_block__type_support.cpp
[1.995s] -- Up-to-date: /home/mscrobotics2425laptop14/Desktop/project/team3/team3-project/install/package_with_interfaces/include/package_with_interfaces/package_with_interfaces/msg/detail/target_block__rosidl_typesupport_introspection_cpp.hpp
[1.996s] -- Up-to-date: /home/mscrobotics2425laptop14/Desktop/project/team3/team3-project/install/package_with_interfaces/lib/libpackage_with_interfaces__rosidl_typesupport_introspection_cpp.so
[1.996s] -- Up-to-date: /home/mscrobotics2425laptop14/Desktop/project/team3/team3-project/install/package_with_interfaces/lib/libpackage_with_interfaces__rosidl_typesupport_cpp.so
[1.996s] -- Up-to-date: /home/mscrobotics2425laptop14/Desktop/project/team3/team3-project/install/package_with_interfaces/share/package_with_interfaces/environment/pythonpath.sh
[1.996s] -- Up-to-date: /home/mscrobotics2425laptop14/Desktop/project/team3/team3-project/install/package_with_interfaces/share/package_with_interfaces/environment/pythonpath.dsv
[1.996s] -- Up-to-date: /home/mscrobotics2425laptop14/Desktop/project/team3/team3-project/install/package_with_interfaces/lib/python3.10/site-packages/package_with_interfaces-0.0.0-py3.10.egg-info
[1.996s] -- Installing: /home/mscrobotics2425laptop14/Desktop/project/team3/team3-project/install/package_with_interfaces/lib/python3.10/site-packages/package_with_interfaces-0.0.0-py3.10.egg-info/PKG-INFO
[1.996s] -- Installing: /home/mscrobotics2425laptop14/Desktop/project/team3/team3-project/install/package_with_interfaces/lib/python3.10/site-packages/package_with_interfaces-0.0.0-py3.10.egg-info/top_level.txt
[1.996s] -- Installing: /home/mscrobotics2425laptop14/Desktop/project/team3/team3-project/install/package_with_interfaces/lib/python3.10/site-packages/package_with_interfaces-0.0.0-py3.10.egg-info/SOURCES.txt
[1.997s] -- Installing: /home/mscrobotics2425laptop14/Desktop/project/team3/team3-project/install/package_with_interfaces/lib/python3.10/site-packages/package_with_interfaces-0.0.0-py3.10.egg-info/dependency_links.txt
[1.997s] -- Up-to-date: /home/mscrobotics2425laptop14/Desktop/project/team3/team3-project/install/package_with_interfaces/lib/python3.10/site-packages/package_with_interfaces
[1.997s] -- Up-to-date: /home/mscrobotics2425laptop14/Desktop/project/team3/team3-project/install/package_with_interfaces/lib/python3.10/site-packages/package_with_interfaces/msg
[1.997s] -- Up-to-date: /home/mscrobotics2425laptop14/Desktop/project/team3/team3-project/install/package_with_interfaces/lib/python3.10/site-packages/package_with_interfaces/msg/__init__.py
[1.997s] -- Up-to-date: /home/mscrobotics2425laptop14/Desktop/project/team3/team3-project/install/package_with_interfaces/lib/python3.10/site-packages/package_with_interfaces/msg/_target_block.py
[1.997s] -- Up-to-date: /home/mscrobotics2425laptop14/Desktop/project/team3/team3-project/install/package_with_interfaces/lib/python3.10/site-packages/package_with_interfaces/msg/_target_block_s.c
[1.997s] -- Up-to-date: /home/mscrobotics2425laptop14/Desktop/project/team3/team3-project/install/package_with_interfaces/lib/python3.10/site-packages/package_with_interfaces/package_with_interfaces_s__rosidl_typesupport_introspection_c.cpython-310-x86_64-linux-gnu.so
[1.999s] -- Up-to-date: /home/mscrobotics2425laptop14/Desktop/project/team3/team3-project/install/package_with_interfaces/lib/python3.10/site-packages/package_with_interfaces/_package_with_interfaces_s.ep.rosidl_typesupport_introspection_c.c
[1.999s] -- Up-to-date: /home/mscrobotics2425laptop14/Desktop/project/team3/team3-project/install/package_with_interfaces/lib/python3.10/site-packages/package_with_interfaces/_package_with_interfaces_s.ep.rosidl_typesupport_fastrtps_c.c
[1.999s] -- Up-to-date: /home/mscrobotics2425laptop14/Desktop/project/team3/team3-project/install/package_with_interfaces/lib/python3.10/site-packages/package_with_interfaces/package_with_interfaces_s__rosidl_typesupport_c.cpython-310-x86_64-linux-gnu.so
[1.999s] -- Up-to-date: /home/mscrobotics2425laptop14/Desktop/project/team3/team3-project/install/package_with_interfaces/lib/python3.10/site-packages/package_with_interfaces/libpackage_with_interfaces__rosidl_generator_py.so
[1.999s] -- Up-to-date: /home/mscrobotics2425laptop14/Desktop/project/team3/team3-project/install/package_with_interfaces/lib/python3.10/site-packages/package_with_interfaces/_package_with_interfaces_s.ep.rosidl_typesupport_c.c
[1.999s] -- Up-to-date: /home/mscrobotics2425laptop14/Desktop/project/team3/team3-project/install/package_with_interfaces/lib/python3.10/site-packages/package_with_interfaces/package_with_interfaces_s__rosidl_typesupport_fastrtps_c.cpython-310-x86_64-linux-gnu.so
[1.999s] -- Up-to-date: /home/mscrobotics2425laptop14/Desktop/project/team3/team3-project/install/package_with_interfaces/lib/python3.10/site-packages/package_with_interfaces/__init__.py
[2.068s] Listing '/home/mscrobotics2425laptop14/Desktop/project/team3/team3-project/install/package_with_interfaces/lib/python3.10/site-packages/package_with_interfaces'...
[2.069s] Listing '/home/mscrobotics2425laptop14/Desktop/project/team3/team3-project/install/package_with_interfaces/lib/python3.10/site-packages/package_with_interfaces/msg'...
[2.078s] -- Up-to-date: /home/mscrobotics2425laptop14/Desktop/project/team3/team3-project/install/package_with_interfaces/lib/python3.10/site-packages/package_with_interfaces/package_with_interfaces_s__rosidl_typesupport_fastrtps_c.cpython-310-x86_64-linux-gnu.so
[2.078s] -- Up-to-date: /home/mscrobotics2425laptop14/Desktop/project/team3/team3-project/install/package_with_interfaces/lib/python3.10/site-packages/package_with_interfaces/package_with_interfaces_s__rosidl_typesupport_introspection_c.cpython-310-x86_64-linux-gnu.so
[2.078s] -- Up-to-date: /home/mscrobotics2425laptop14/Desktop/project/team3/team3-project/install/package_with_interfaces/lib/python3.10/site-packages/package_with_interfaces/package_with_interfaces_s__rosidl_typesupport_c.cpython-310-x86_64-linux-gnu.so
[2.079s] -- Up-to-date: /home/mscrobotics2425laptop14/Desktop/project/team3/team3-project/install/package_with_interfaces/lib/libpackage_with_interfaces__rosidl_generator_py.so
[2.079s] -- Up-to-date: /home/mscrobotics2425laptop14/Desktop/project/team3/team3-project/install/package_with_interfaces/share/package_with_interfaces/msg/TargetBlock.idl
[2.080s] -- Up-to-date: /home/mscrobotics2425laptop14/Desktop/project/team3/team3-project/install/package_with_interfaces/share/package_with_interfaces/msg/TargetBlock.msg
[2.080s] -- Up-to-date: /home/mscrobotics2425laptop14/Desktop/project/team3/team3-project/install/package_with_interfaces/share/ament_index/resource_index/package_run_dependencies/package_with_interfaces
[2.080s] -- Up-to-date: /home/mscrobotics2425laptop14/Desktop/project/team3/team3-project/install/package_with_interfaces/share/ament_index/resource_index/parent_prefix_path/package_with_interfaces
[2.080s] -- Up-to-date: /home/mscrobotics2425laptop14/Desktop/project/team3/team3-project/install/package_with_interfaces/share/package_with_interfaces/environment/ament_prefix_path.sh
[2.081s] -- Up-to-date: /home/mscrobotics2425laptop14/Desktop/project/team3/team3-project/install/package_with_interfaces/share/package_with_interfaces/environment/ament_prefix_path.dsv
[2.081s] -- Up-to-date: /home/mscrobotics2425laptop14/Desktop/project/team3/team3-project/install/package_with_interfaces/share/package_with_interfaces/environment/path.sh
[2.081s] -- Up-to-date: /home/mscrobotics2425laptop14/Desktop/project/team3/team3-project/install/package_with_interfaces/share/package_with_interfaces/environment/path.dsv
[2.081s] -- Up-to-date: /home/mscrobotics2425laptop14/Desktop/project/team3/team3-project/install/package_with_interfaces/share/package_with_interfaces/local_setup.bash
[2.081s] -- Up-to-date: /home/mscrobotics2425laptop14/Desktop/project/team3/team3-project/install/package_with_interfaces/share/package_with_interfaces/local_setup.sh
[2.081s] -- Up-to-date: /home/mscrobotics2425laptop14/Desktop/project/team3/team3-project/install/package_with_interfaces/share/package_with_interfaces/local_setup.zsh
[2.082s] -- Up-to-date: /home/mscrobotics2425laptop14/Desktop/project/team3/team3-project/install/package_with_interfaces/share/package_with_interfaces/local_setup.dsv
[2.082s] -- Installing: /home/mscrobotics2425laptop14/Desktop/project/team3/team3-project/install/package_with_interfaces/share/package_with_interfaces/package.dsv
[2.085s] -- Up-to-date: /home/mscrobotics2425laptop14/Desktop/project/team3/team3-project/install/package_with_interfaces/share/ament_index/resource_index/packages/package_with_interfaces
[2.085s] -- Up-to-date: /home/mscrobotics2425laptop14/Desktop/project/team3/team3-project/install/package_with_interfaces/share/package_with_interfaces/cmake/export_package_with_interfaces__rosidl_generator_cExport.cmake
[2.086s] -- Up-to-date: /home/mscrobotics2425laptop14/Desktop/project/team3/team3-project/install/package_with_interfaces/share/package_with_interfaces/cmake/export_package_with_interfaces__rosidl_generator_cExport-noconfig.cmake
[2.086s] -- Up-to-date: /home/mscrobotics2425laptop14/Desktop/project/team3/team3-project/install/package_with_interfaces/share/package_with_interfaces/cmake/export_package_with_interfaces__rosidl_typesupport_fastrtps_cExport.cmake
[2.087s] -- Up-to-date: /home/mscrobotics2425laptop14/Desktop/project/team3/team3-project/install/package_with_interfaces/share/package_with_interfaces/cmake/export_package_with_interfaces__rosidl_typesupport_fastrtps_cExport-noconfig.cmake
[2.087s] -- Up-to-date: /home/mscrobotics2425laptop14/Desktop/project/team3/team3-project/install/package_with_interfaces/share/package_with_interfaces/cmake/export_package_with_interfaces__rosidl_generator_cppExport.cmake
[2.087s] -- Up-to-date: /home/mscrobotics2425laptop14/Desktop/project/team3/team3-project/install/package_with_interfaces/share/package_with_interfaces/cmake/export_package_with_interfaces__rosidl_typesupport_fastrtps_cppExport.cmake
[2.087s] -- Up-to-date: /home/mscrobotics2425laptop14/Desktop/project/team3/team3-project/install/package_with_interfaces/share/package_with_interfaces/cmake/export_package_with_interfaces__rosidl_typesupport_fastrtps_cppExport-noconfig.cmake
[2.088s] -- Up-to-date: /home/mscrobotics2425laptop14/Desktop/project/team3/team3-project/install/package_with_interfaces/share/package_with_interfaces/cmake/package_with_interfaces__rosidl_typesupport_introspection_cExport.cmake
[2.088s] -- Up-to-date: /home/mscrobotics2425laptop14/Desktop/project/team3/team3-project/install/package_with_interfaces/share/package_with_interfaces/cmake/package_with_interfaces__rosidl_typesupport_introspection_cExport-noconfig.cmake
[2.088s] -- Up-to-date: /home/mscrobotics2425laptop14/Desktop/project/team3/team3-project/install/package_with_interfaces/share/package_with_interfaces/cmake/package_with_interfaces__rosidl_typesupport_cExport.cmake
[2.088s] -- Up-to-date: /home/mscrobotics2425laptop14/Desktop/project/team3/team3-project/install/package_with_interfaces/share/package_with_interfaces/cmake/package_with_interfaces__rosidl_typesupport_cExport-noconfig.cmake
[2.088s] -- Up-to-date: /home/mscrobotics2425laptop14/Desktop/project/team3/team3-project/install/package_with_interfaces/share/package_with_interfaces/cmake/package_with_interfaces__rosidl_typesupport_introspection_cppExport.cmake
[2.089s] -- Up-to-date: /home/mscrobotics2425laptop14/Desktop/project/team3/team3-project/install/package_with_interfaces/share/package_with_interfaces/cmake/package_with_interfaces__rosidl_typesupport_introspection_cppExport-noconfig.cmake
[2.089s] -- Up-to-date: /home/mscrobotics2425laptop14/Desktop/project/team3/team3-project/install/package_with_interfaces/share/package_with_interfaces/cmake/package_with_interfaces__rosidl_typesupport_cppExport.cmake
[2.089s] -- Up-to-date: /home/mscrobotics2425laptop14/Desktop/project/team3/team3-project/install/package_with_interfaces/share/package_with_interfaces/cmake/package_with_interfaces__rosidl_typesupport_cppExport-noconfig.cmake
[2.089s] -- Up-to-date: /home/mscrobotics2425laptop14/Desktop/project/team3/team3-project/install/package_with_interfaces/share/package_with_interfaces/cmake/export_package_with_interfaces__rosidl_generator_pyExport.cmake
[2.089s] -- Up-to-date: /home/mscrobotics2425laptop14/Desktop/project/team3/team3-project/install/package_with_interfaces/share/package_with_interfaces/cmake/export_package_with_interfaces__rosidl_generator_pyExport-noconfig.cmake
[2.090s] -- Up-to-date: /home/mscrobotics2425laptop14/Desktop/project/team3/team3-project/install/package_with_interfaces/share/package_with_interfaces/cmake/rosidl_cmake-extras.cmake
[2.090s] -- Up-to-date: /home/mscrobotics2425laptop14/Desktop/project/team3/team3-project/install/package_with_interfaces/share/package_with_interfaces/cmake/ament_cmake_export_dependencies-extras.cmake
[2.090s] -- Up-to-date: /home/mscrobotics2425laptop14/Desktop/project/team3/team3-project/install/package_with_interfaces/share/package_with_interfaces/cmake/ament_cmake_export_include_directories-extras.cmake
[2.090s] -- Up-to-date: /home/mscrobotics2425laptop14/Desktop/project/team3/team3-project/install/package_with_interfaces/share/package_with_interfaces/cmake/ament_cmake_export_libraries-extras.cmake
[2.090s] -- Up-to-date: /home/mscrobotics2425laptop14/Desktop/project/team3/team3-project/install/package_with_interfaces/share/package_with_interfaces/cmake/ament_cmake_export_targets-extras.cmake
[2.090s] -- Up-to-date: /home/mscrobotics2425laptop14/Desktop/project/team3/team3-project/install/package_with_interfaces/share/package_with_interfaces/cmake/rosidl_cmake_export_typesupport_targets-extras.cmake
[2.090s] -- Up-to-date: /home/mscrobotics2425laptop14/Desktop/project/team3/team3-project/install/package_with_interfaces/share/package_with_interfaces/cmake/rosidl_cmake_export_typesupport_libraries-extras.cmake
[2.090s] -- Up-to-date: /home/mscrobotics2425laptop14/Desktop/project/team3/team3-project/install/package_with_interfaces/share/package_with_interfaces/cmake/package_with_interfacesConfig.cmake
[2.091s] -- Up-to-date: /home/mscrobotics2425laptop14/Desktop/project/team3/team3-project/install/package_with_interfaces/share/package_with_interfaces/cmake/package_with_interfacesConfig-version.cmake
[2.091s] -- Up-to-date: /home/mscrobotics2425laptop14/Desktop/project/team3/team3-project/install/package_with_interfaces/share/package_with_interfaces/package.xml
[2.095s] Invoked command in '/home/mscrobotics2425laptop14/Desktop/project/team3/team3-project/build/package_with_interfaces' returned '0': CMAKE_PREFIX_PATH=${CMAKE_PREFIX_PATH}:/home/mscrobotics2425laptop14/Desktop/project/team3/team3-project/install/robotic_arm:/home/mscrobotics2425laptop14/Desktop/project/team3/team3-project/install/nuc:/home/mscrobotics2425laptop14/Desktop/project/team3/team3-project/install/navigation:/home/mscrobotics2425laptop14/Desktop/project/team3/team3-project/install/map:/home/mscrobotics2425laptop14/Desktop/project/team3/team3-project/install/lidar:/home/mscrobotics2425laptop14/Desktop/project/team3/team3-project/install/leo_rover:/home/mscrobotics2425laptop14/Desktop/project/team3/team3-project/install/imu:/home/mscrobotics2425laptop14/Desktop/project/team3/team3-project/install/data_integration:/home/mscrobotics2425laptop14/Desktop/project/team3/team3-project/install/controller_server:/home/mscrobotics2425laptop14/Desktop/project/team3/team3-project/install/camera:/opt/ros/humble CONDA_PROMPT_MODIFIER=(ros2) /usr/bin/cmake --install /home/mscrobotics2425laptop14/Desktop/project/team3/team3-project/build/package_with_interfaces
