[4.181s] Invoking command in '/home/sfr2024/assessment/team3_project/src/imu': PYTHONPATH=/home/sfr2024/assessment/team3_project/build/imu/prefix_override:/usr/lib/python3/dist-packages/colcon_core/task/python/colcon_distutils_commands:/home/sfr2024/assessment/team3_project/install/imu/lib/python3.10/site-packages:${PYTHONPATH} /usr/bin/python3 -W ignore:setup.py install is deprecated setup.py egg_info --egg-base ../../build/imu build --build-base /home/sfr2024/assessment/team3_project/build/imu/build install --record /home/sfr2024/assessment/team3_project/build/imu/install.log --single-version-externally-managed install_data
[5.260s] running egg_info
[5.262s] writing ../../build/imu/imu.egg-info/PKG-INFO
[5.262s] writing dependency_links to ../../build/imu/imu.egg-info/dependency_links.txt
[5.262s] writing entry points to ../../build/imu/imu.egg-info/entry_points.txt
[5.263s] writing requirements to ../../build/imu/imu.egg-info/requires.txt
[5.263s] writing top-level names to ../../build/imu/imu.egg-info/top_level.txt
[5.264s] reading manifest file '../../build/imu/imu.egg-info/SOURCES.txt'
[5.265s] writing manifest file '../../build/imu/imu.egg-info/SOURCES.txt'
[5.265s] running build
[5.265s] running build_py
[5.266s] running install
[5.266s] running install_lib
[5.267s] running install_data
[5.268s] running install_egg_info
[5.271s] removing '/home/sfr2024/assessment/team3_project/install/imu/lib/python3.10/site-packages/imu-0.0.0-py3.10.egg-info' (and everything under it)
[5.271s] Copying ../../build/imu/imu.egg-info to /home/sfr2024/assessment/team3_project/install/imu/lib/python3.10/site-packages/imu-0.0.0-py3.10.egg-info
[5.272s] running install_scripts
[5.309s] Installing imu_node script to /home/sfr2024/assessment/team3_project/install/imu/lib/imu
[5.310s] writing list of installed files to '/home/sfr2024/assessment/team3_project/build/imu/install.log'
[5.347s] Invoked command in '/home/sfr2024/assessment/team3_project/src/imu' returned '0': PYTHONPATH=/home/sfr2024/assessment/team3_project/build/imu/prefix_override:/usr/lib/python3/dist-packages/colcon_core/task/python/colcon_distutils_commands:/home/sfr2024/assessment/team3_project/install/imu/lib/python3.10/site-packages:${PYTHONPATH} /usr/bin/python3 -W ignore:setup.py install is deprecated setup.py egg_info --egg-base ../../build/imu build --build-base /home/sfr2024/assessment/team3_project/build/imu/build install --record /home/sfr2024/assessment/team3_project/build/imu/install.log --single-version-externally-managed install_data
