[0.090s] DEBUG:colcon:Command line arguments: ['/usr/bin/colcon', 'build']
[0.090s] DEBUG:colcon:Parsed command line arguments: Namespace(log_base=None, log_level=None, verb_name='build', build_base='build', install_base='install', merge_install=False, symlink_install=False, test_result_base=None, continue_on_error=False, executor='parallel', parallel_workers=10, event_handlers=None, ignore_user_meta=False, metas=['./colcon.meta'], base_paths=['.'], packages_ignore=None, packages_ignore_regex=None, paths=None, packages_up_to=None, packages_up_to_regex=None, packages_above=None, packages_above_and_dependencies=None, packages_above_depth=None, packages_select_by_dep=None, packages_skip_by_dep=None, packages_skip_up_to=None, packages_select_build_failed=False, packages_skip_build_finished=False, packages_select_test_failures=False, packages_skip_test_passed=False, packages_select=None, packages_skip=None, packages_select_regex=None, packages_skip_regex=None, packages_start=None, packages_end=None, allow_overriding=[], cmake_args=None, cmake_target=None, cmake_target_skip_unavailable=False, cmake_clean_cache=False, cmake_clean_first=False, cmake_force_configure=False, ament_cmake_args=None, catkin_cmake_args=None, catkin_skip_building_tests=False, mixin_files=None, mixin=None, verb_parser=<colcon_mixin.mixin.mixin_argument.MixinArgumentDecorator object at 0x7c3f46d591b0>, verb_extension=<colcon_core.verb.build.BuildVerb object at 0x7c3f46e61930>, main=<bound method BuildVerb.main of <colcon_core.verb.build.BuildVerb object at 0x7c3f46e61930>>, mixin_verb=('build',))
[0.210s] Level 1:colcon.colcon_core.package_discovery:discover_packages(colcon_meta) check parameters
[0.210s] Level 1:colcon.colcon_core.package_discovery:discover_packages(recursive) check parameters
[0.210s] Level 1:colcon.colcon_core.package_discovery:discover_packages(ignore) check parameters
[0.210s] Level 1:colcon.colcon_core.package_discovery:discover_packages(path) check parameters
[0.210s] Level 1:colcon.colcon_core.package_discovery:discover_packages(colcon_meta) discover
[0.210s] Level 1:colcon.colcon_core.package_discovery:discover_packages(recursive) discover
[0.211s] INFO:colcon.colcon_core.package_discovery:Crawling recursively for packages in '/home/sfr2024/assessment/team3_project'
[0.211s] Level 1:colcon.colcon_core.package_identification:_identify(.) by extensions ['ignore', 'ignore_ament_install']
[0.211s] Level 1:colcon.colcon_core.package_identification:_identify(.) by extension 'ignore'
[0.211s] Level 1:colcon.colcon_core.package_identification:_identify(.) by extension 'ignore_ament_install'
[0.211s] Level 1:colcon.colcon_core.package_identification:_identify(.) by extensions ['colcon_pkg']
[0.211s] Level 1:colcon.colcon_core.package_identification:_identify(.) by extension 'colcon_pkg'
[0.211s] Level 1:colcon.colcon_core.package_identification:_identify(.) by extensions ['colcon_meta']
[0.211s] Level 1:colcon.colcon_core.package_identification:_identify(.) by extension 'colcon_meta'
[0.211s] Level 1:colcon.colcon_core.package_identification:_identify(.) by extensions ['ros']
[0.211s] Level 1:colcon.colcon_core.package_identification:_identify(.) by extension 'ros'
[0.219s] Level 1:colcon.colcon_core.package_identification:_identify(.) by extensions ['cmake', 'python']
[0.220s] Level 1:colcon.colcon_core.package_identification:_identify(.) by extension 'cmake'
[0.220s] Level 1:colcon.colcon_core.package_identification:_identify(.) by extension 'python'
[0.220s] Level 1:colcon.colcon_core.package_identification:_identify(.) by extensions ['python_setup_py']
[0.220s] Level 1:colcon.colcon_core.package_identification:_identify(.) by extension 'python_setup_py'
[0.220s] Level 1:colcon.colcon_core.package_identification:_identify(build) by extensions ['ignore', 'ignore_ament_install']
[0.220s] Level 1:colcon.colcon_core.package_identification:_identify(build) by extension 'ignore'
[0.220s] Level 1:colcon.colcon_core.package_identification:_identify(build) ignored
[0.220s] Level 1:colcon.colcon_core.package_identification:_identify(install) by extensions ['ignore', 'ignore_ament_install']
[0.220s] Level 1:colcon.colcon_core.package_identification:_identify(install) by extension 'ignore'
[0.220s] Level 1:colcon.colcon_core.package_identification:_identify(install) ignored
[0.220s] Level 1:colcon.colcon_core.package_identification:_identify(log) by extensions ['ignore', 'ignore_ament_install']
[0.220s] Level 1:colcon.colcon_core.package_identification:_identify(log) by extension 'ignore'
[0.220s] Level 1:colcon.colcon_core.package_identification:_identify(log) ignored
[0.220s] Level 1:colcon.colcon_core.package_identification:_identify(src) by extensions ['ignore', 'ignore_ament_install']
[0.220s] Level 1:colcon.colcon_core.package_identification:_identify(src) by extension 'ignore'
[0.220s] Level 1:colcon.colcon_core.package_identification:_identify(src) by extension 'ignore_ament_install'
[0.220s] Level 1:colcon.colcon_core.package_identification:_identify(src) by extensions ['colcon_pkg']
[0.220s] Level 1:colcon.colcon_core.package_identification:_identify(src) by extension 'colcon_pkg'
[0.221s] Level 1:colcon.colcon_core.package_identification:_identify(src) by extensions ['colcon_meta']
[0.221s] Level 1:colcon.colcon_core.package_identification:_identify(src) by extension 'colcon_meta'
[0.221s] Level 1:colcon.colcon_core.package_identification:_identify(src) by extensions ['ros']
[0.221s] Level 1:colcon.colcon_core.package_identification:_identify(src) by extension 'ros'
[0.221s] Level 1:colcon.colcon_core.package_identification:_identify(src) by extensions ['cmake', 'python']
[0.221s] Level 1:colcon.colcon_core.package_identification:_identify(src) by extension 'cmake'
[0.221s] Level 1:colcon.colcon_core.package_identification:_identify(src) by extension 'python'
[0.221s] Level 1:colcon.colcon_core.package_identification:_identify(src) by extensions ['python_setup_py']
[0.221s] Level 1:colcon.colcon_core.package_identification:_identify(src) by extension 'python_setup_py'
[0.221s] Level 1:colcon.colcon_core.package_identification:_identify(src/camera) by extensions ['ignore', 'ignore_ament_install']
[0.221s] Level 1:colcon.colcon_core.package_identification:_identify(src/camera) by extension 'ignore'
[0.221s] Level 1:colcon.colcon_core.package_identification:_identify(src/camera) by extension 'ignore_ament_install'
[0.221s] Level 1:colcon.colcon_core.package_identification:_identify(src/camera) by extensions ['colcon_pkg']
[0.221s] Level 1:colcon.colcon_core.package_identification:_identify(src/camera) by extension 'colcon_pkg'
[0.221s] Level 1:colcon.colcon_core.package_identification:_identify(src/camera) by extensions ['colcon_meta']
[0.221s] Level 1:colcon.colcon_core.package_identification:_identify(src/camera) by extension 'colcon_meta'
[0.221s] Level 1:colcon.colcon_core.package_identification:_identify(src/camera) by extensions ['ros']
[0.221s] Level 1:colcon.colcon_core.package_identification:_identify(src/camera) by extension 'ros'
[0.223s] DEBUG:colcon.colcon_core.package_identification:Package 'src/camera' with type 'ros.ament_python' and name 'camera'
[0.223s] Level 1:colcon.colcon_core.package_identification:_identify(src/imu) by extensions ['ignore', 'ignore_ament_install']
[0.223s] Level 1:colcon.colcon_core.package_identification:_identify(src/imu) by extension 'ignore'
[0.223s] Level 1:colcon.colcon_core.package_identification:_identify(src/imu) by extension 'ignore_ament_install'
[0.223s] Level 1:colcon.colcon_core.package_identification:_identify(src/imu) by extensions ['colcon_pkg']
[0.223s] Level 1:colcon.colcon_core.package_identification:_identify(src/imu) by extension 'colcon_pkg'
[0.223s] Level 1:colcon.colcon_core.package_identification:_identify(src/imu) by extensions ['colcon_meta']
[0.223s] Level 1:colcon.colcon_core.package_identification:_identify(src/imu) by extension 'colcon_meta'
[0.223s] Level 1:colcon.colcon_core.package_identification:_identify(src/imu) by extensions ['ros']
[0.223s] Level 1:colcon.colcon_core.package_identification:_identify(src/imu) by extension 'ros'
[0.224s] DEBUG:colcon.colcon_core.package_identification:Package 'src/imu' with type 'ros.ament_python' and name 'imu'
[0.224s] Level 1:colcon.colcon_core.package_identification:_identify(src/lidar) by extensions ['ignore', 'ignore_ament_install']
[0.224s] Level 1:colcon.colcon_core.package_identification:_identify(src/lidar) by extension 'ignore'
[0.224s] Level 1:colcon.colcon_core.package_identification:_identify(src/lidar) by extension 'ignore_ament_install'
[0.224s] Level 1:colcon.colcon_core.package_identification:_identify(src/lidar) by extensions ['colcon_pkg']
[0.224s] Level 1:colcon.colcon_core.package_identification:_identify(src/lidar) by extension 'colcon_pkg'
[0.224s] Level 1:colcon.colcon_core.package_identification:_identify(src/lidar) by extensions ['colcon_meta']
[0.224s] Level 1:colcon.colcon_core.package_identification:_identify(src/lidar) by extension 'colcon_meta'
[0.224s] Level 1:colcon.colcon_core.package_identification:_identify(src/lidar) by extensions ['ros']
[0.224s] Level 1:colcon.colcon_core.package_identification:_identify(src/lidar) by extension 'ros'
[0.225s] DEBUG:colcon.colcon_core.package_identification:Package 'src/lidar' with type 'ros.ament_python' and name 'lidar'
[0.225s] Level 1:colcon.colcon_core.package_identification:_identify(src/map) by extensions ['ignore', 'ignore_ament_install']
[0.225s] Level 1:colcon.colcon_core.package_identification:_identify(src/map) by extension 'ignore'
[0.225s] Level 1:colcon.colcon_core.package_identification:_identify(src/map) by extension 'ignore_ament_install'
[0.225s] Level 1:colcon.colcon_core.package_identification:_identify(src/map) by extensions ['colcon_pkg']
[0.225s] Level 1:colcon.colcon_core.package_identification:_identify(src/map) by extension 'colcon_pkg'
[0.225s] Level 1:colcon.colcon_core.package_identification:_identify(src/map) by extensions ['colcon_meta']
[0.225s] Level 1:colcon.colcon_core.package_identification:_identify(src/map) by extension 'colcon_meta'
[0.225s] Level 1:colcon.colcon_core.package_identification:_identify(src/map) by extensions ['ros']
[0.225s] Level 1:colcon.colcon_core.package_identification:_identify(src/map) by extension 'ros'
[0.225s] DEBUG:colcon.colcon_core.package_identification:Package 'src/map' with type 'ros.ament_python' and name 'map'
[0.225s] Level 1:colcon.colcon_core.package_identification:_identify(src/navigation) by extensions ['ignore', 'ignore_ament_install']
[0.225s] Level 1:colcon.colcon_core.package_identification:_identify(src/navigation) by extension 'ignore'
[0.225s] Level 1:colcon.colcon_core.package_identification:_identify(src/navigation) by extension 'ignore_ament_install'
[0.225s] Level 1:colcon.colcon_core.package_identification:_identify(src/navigation) by extensions ['colcon_pkg']
[0.225s] Level 1:colcon.colcon_core.package_identification:_identify(src/navigation) by extension 'colcon_pkg'
[0.225s] Level 1:colcon.colcon_core.package_identification:_identify(src/navigation) by extensions ['colcon_meta']
[0.225s] Level 1:colcon.colcon_core.package_identification:_identify(src/navigation) by extension 'colcon_meta'
[0.225s] Level 1:colcon.colcon_core.package_identification:_identify(src/navigation) by extensions ['ros']
[0.225s] Level 1:colcon.colcon_core.package_identification:_identify(src/navigation) by extension 'ros'
[0.226s] DEBUG:colcon.colcon_core.package_identification:Package 'src/navigation' with type 'ros.ament_python' and name 'navigation'
[0.226s] Level 1:colcon.colcon_core.package_identification:_identify(src/nuc) by extensions ['ignore', 'ignore_ament_install']
[0.226s] Level 1:colcon.colcon_core.package_identification:_identify(src/nuc) by extension 'ignore'
[0.226s] Level 1:colcon.colcon_core.package_identification:_identify(src/nuc) by extension 'ignore_ament_install'
[0.226s] Level 1:colcon.colcon_core.package_identification:_identify(src/nuc) by extensions ['colcon_pkg']
[0.226s] Level 1:colcon.colcon_core.package_identification:_identify(src/nuc) by extension 'colcon_pkg'
[0.226s] Level 1:colcon.colcon_core.package_identification:_identify(src/nuc) by extensions ['colcon_meta']
[0.226s] Level 1:colcon.colcon_core.package_identification:_identify(src/nuc) by extension 'colcon_meta'
[0.226s] Level 1:colcon.colcon_core.package_identification:_identify(src/nuc) by extensions ['ros']
[0.226s] Level 1:colcon.colcon_core.package_identification:_identify(src/nuc) by extension 'ros'
[0.226s] DEBUG:colcon.colcon_core.package_identification:Package 'src/nuc' with type 'ros.ament_python' and name 'nuc'
[0.227s] Level 1:colcon.colcon_core.package_identification:_identify(src/robotic_arm) by extensions ['ignore', 'ignore_ament_install']
[0.227s] Level 1:colcon.colcon_core.package_identification:_identify(src/robotic_arm) by extension 'ignore'
[0.227s] Level 1:colcon.colcon_core.package_identification:_identify(src/robotic_arm) by extension 'ignore_ament_install'
[0.227s] Level 1:colcon.colcon_core.package_identification:_identify(src/robotic_arm) by extensions ['colcon_pkg']
[0.227s] Level 1:colcon.colcon_core.package_identification:_identify(src/robotic_arm) by extension 'colcon_pkg'
[0.227s] Level 1:colcon.colcon_core.package_identification:_identify(src/robotic_arm) by extensions ['colcon_meta']
[0.227s] Level 1:colcon.colcon_core.package_identification:_identify(src/robotic_arm) by extension 'colcon_meta'
[0.227s] Level 1:colcon.colcon_core.package_identification:_identify(src/robotic_arm) by extensions ['ros']
[0.227s] Level 1:colcon.colcon_core.package_identification:_identify(src/robotic_arm) by extension 'ros'
[0.227s] DEBUG:colcon.colcon_core.package_identification:Package 'src/robotic_arm' with type 'ros.ament_python' and name 'robotic_arm'
[0.227s] Level 1:colcon.colcon_core.package_discovery:discover_packages(recursive) using defaults
[0.227s] Level 1:colcon.colcon_core.package_discovery:discover_packages(ignore) discover
[0.227s] Level 1:colcon.colcon_core.package_discovery:discover_packages(ignore) using defaults
[0.227s] Level 1:colcon.colcon_core.package_discovery:discover_packages(path) discover
[0.227s] Level 1:colcon.colcon_core.package_discovery:discover_packages(path) using defaults
[0.253s] Level 1:colcon.colcon_core.package_discovery:discover_packages(prefix_path) check parameters
[0.253s] Level 1:colcon.colcon_core.package_discovery:discover_packages(prefix_path) discover
[0.255s] DEBUG:colcon.colcon_installed_package_information.package_discovery:Found 8 installed packages in /home/sfr2024/assessment/team3_project/install
[0.255s] DEBUG:colcon.colcon_installed_package_information.package_discovery:Found 18 installed packages in /home/sfr2024/ros2_tutorial_workspace/install
[0.256s] DEBUG:colcon.colcon_installed_package_information.package_discovery:Found 339 installed packages in /opt/ros/humble
[0.257s] Level 1:colcon.colcon_core.package_discovery:discover_packages(prefix_path) using defaults
[0.292s] Level 5:colcon.colcon_core.verb:set package 'camera' build argument 'cmake_args' from command line to 'None'
[0.292s] Level 5:colcon.colcon_core.verb:set package 'camera' build argument 'cmake_target' from command line to 'None'
[0.292s] Level 5:colcon.colcon_core.verb:set package 'camera' build argument 'cmake_target_skip_unavailable' from command line to 'False'
[0.292s] Level 5:colcon.colcon_core.verb:set package 'camera' build argument 'cmake_clean_cache' from command line to 'False'
[0.292s] Level 5:colcon.colcon_core.verb:set package 'camera' build argument 'cmake_clean_first' from command line to 'False'
[0.292s] Level 5:colcon.colcon_core.verb:set package 'camera' build argument 'cmake_force_configure' from command line to 'False'
[0.292s] Level 5:colcon.colcon_core.verb:set package 'camera' build argument 'ament_cmake_args' from command line to 'None'
[0.292s] Level 5:colcon.colcon_core.verb:set package 'camera' build argument 'catkin_cmake_args' from command line to 'None'
[0.292s] Level 5:colcon.colcon_core.verb:set package 'camera' build argument 'catkin_skip_building_tests' from command line to 'False'
[0.292s] DEBUG:colcon.colcon_core.verb:Building package 'camera' with the following arguments: {'ament_cmake_args': None, 'build_base': '/home/sfr2024/assessment/team3_project/build/camera', 'catkin_cmake_args': None, 'catkin_skip_building_tests': False, 'cmake_args': None, 'cmake_clean_cache': False, 'cmake_clean_first': False, 'cmake_force_configure': False, 'cmake_target': None, 'cmake_target_skip_unavailable': False, 'install_base': '/home/sfr2024/assessment/team3_project/install/camera', 'merge_install': False, 'path': '/home/sfr2024/assessment/team3_project/src/camera', 'symlink_install': False, 'test_result_base': None}
[0.292s] Level 5:colcon.colcon_core.verb:set package 'imu' build argument 'cmake_args' from command line to 'None'
[0.292s] Level 5:colcon.colcon_core.verb:set package 'imu' build argument 'cmake_target' from command line to 'None'
[0.292s] Level 5:colcon.colcon_core.verb:set package 'imu' build argument 'cmake_target_skip_unavailable' from command line to 'False'
[0.292s] Level 5:colcon.colcon_core.verb:set package 'imu' build argument 'cmake_clean_cache' from command line to 'False'
[0.292s] Level 5:colcon.colcon_core.verb:set package 'imu' build argument 'cmake_clean_first' from command line to 'False'
[0.292s] Level 5:colcon.colcon_core.verb:set package 'imu' build argument 'cmake_force_configure' from command line to 'False'
[0.292s] Level 5:colcon.colcon_core.verb:set package 'imu' build argument 'ament_cmake_args' from command line to 'None'
[0.292s] Level 5:colcon.colcon_core.verb:set package 'imu' build argument 'catkin_cmake_args' from command line to 'None'
[0.292s] Level 5:colcon.colcon_core.verb:set package 'imu' build argument 'catkin_skip_building_tests' from command line to 'False'
[0.292s] DEBUG:colcon.colcon_core.verb:Building package 'imu' with the following arguments: {'ament_cmake_args': None, 'build_base': '/home/sfr2024/assessment/team3_project/build/imu', 'catkin_cmake_args': None, 'catkin_skip_building_tests': False, 'cmake_args': None, 'cmake_clean_cache': False, 'cmake_clean_first': False, 'cmake_force_configure': False, 'cmake_target': None, 'cmake_target_skip_unavailable': False, 'install_base': '/home/sfr2024/assessment/team3_project/install/imu', 'merge_install': False, 'path': '/home/sfr2024/assessment/team3_project/src/imu', 'symlink_install': False, 'test_result_base': None}
[0.292s] Level 5:colcon.colcon_core.verb:set package 'lidar' build argument 'cmake_args' from command line to 'None'
[0.292s] Level 5:colcon.colcon_core.verb:set package 'lidar' build argument 'cmake_target' from command line to 'None'
[0.292s] Level 5:colcon.colcon_core.verb:set package 'lidar' build argument 'cmake_target_skip_unavailable' from command line to 'False'
[0.293s] Level 5:colcon.colcon_core.verb:set package 'lidar' build argument 'cmake_clean_cache' from command line to 'False'
[0.293s] Level 5:colcon.colcon_core.verb:set package 'lidar' build argument 'cmake_clean_first' from command line to 'False'
[0.293s] Level 5:colcon.colcon_core.verb:set package 'lidar' build argument 'cmake_force_configure' from command line to 'False'
[0.293s] Level 5:colcon.colcon_core.verb:set package 'lidar' build argument 'ament_cmake_args' from command line to 'None'
[0.293s] Level 5:colcon.colcon_core.verb:set package 'lidar' build argument 'catkin_cmake_args' from command line to 'None'
[0.293s] Level 5:colcon.colcon_core.verb:set package 'lidar' build argument 'catkin_skip_building_tests' from command line to 'False'
[0.293s] DEBUG:colcon.colcon_core.verb:Building package 'lidar' with the following arguments: {'ament_cmake_args': None, 'build_base': '/home/sfr2024/assessment/team3_project/build/lidar', 'catkin_cmake_args': None, 'catkin_skip_building_tests': False, 'cmake_args': None, 'cmake_clean_cache': False, 'cmake_clean_first': False, 'cmake_force_configure': False, 'cmake_target': None, 'cmake_target_skip_unavailable': False, 'install_base': '/home/sfr2024/assessment/team3_project/install/lidar', 'merge_install': False, 'path': '/home/sfr2024/assessment/team3_project/src/lidar', 'symlink_install': False, 'test_result_base': None}
[0.293s] Level 5:colcon.colcon_core.verb:set package 'map' build argument 'cmake_args' from command line to 'None'
[0.293s] Level 5:colcon.colcon_core.verb:set package 'map' build argument 'cmake_target' from command line to 'None'
[0.293s] Level 5:colcon.colcon_core.verb:set package 'map' build argument 'cmake_target_skip_unavailable' from command line to 'False'
[0.293s] Level 5:colcon.colcon_core.verb:set package 'map' build argument 'cmake_clean_cache' from command line to 'False'
[0.293s] Level 5:colcon.colcon_core.verb:set package 'map' build argument 'cmake_clean_first' from command line to 'False'
[0.293s] Level 5:colcon.colcon_core.verb:set package 'map' build argument 'cmake_force_configure' from command line to 'False'
[0.293s] Level 5:colcon.colcon_core.verb:set package 'map' build argument 'ament_cmake_args' from command line to 'None'
[0.293s] Level 5:colcon.colcon_core.verb:set package 'map' build argument 'catkin_cmake_args' from command line to 'None'
[0.293s] Level 5:colcon.colcon_core.verb:set package 'map' build argument 'catkin_skip_building_tests' from command line to 'False'
[0.293s] DEBUG:colcon.colcon_core.verb:Building package 'map' with the following arguments: {'ament_cmake_args': None, 'build_base': '/home/sfr2024/assessment/team3_project/build/map', 'catkin_cmake_args': None, 'catkin_skip_building_tests': False, 'cmake_args': None, 'cmake_clean_cache': False, 'cmake_clean_first': False, 'cmake_force_configure': False, 'cmake_target': None, 'cmake_target_skip_unavailable': False, 'install_base': '/home/sfr2024/assessment/team3_project/install/map', 'merge_install': False, 'path': '/home/sfr2024/assessment/team3_project/src/map', 'symlink_install': False, 'test_result_base': None}
[0.293s] Level 5:colcon.colcon_core.verb:set package 'navigation' build argument 'cmake_args' from command line to 'None'
[0.293s] Level 5:colcon.colcon_core.verb:set package 'navigation' build argument 'cmake_target' from command line to 'None'
[0.293s] Level 5:colcon.colcon_core.verb:set package 'navigation' build argument 'cmake_target_skip_unavailable' from command line to 'False'
[0.293s] Level 5:colcon.colcon_core.verb:set package 'navigation' build argument 'cmake_clean_cache' from command line to 'False'
[0.293s] Level 5:colcon.colcon_core.verb:set package 'navigation' build argument 'cmake_clean_first' from command line to 'False'
[0.293s] Level 5:colcon.colcon_core.verb:set package 'navigation' build argument 'cmake_force_configure' from command line to 'False'
[0.293s] Level 5:colcon.colcon_core.verb:set package 'navigation' build argument 'ament_cmake_args' from command line to 'None'
[0.293s] Level 5:colcon.colcon_core.verb:set package 'navigation' build argument 'catkin_cmake_args' from command line to 'None'
[0.293s] Level 5:colcon.colcon_core.verb:set package 'navigation' build argument 'catkin_skip_building_tests' from command line to 'False'
[0.293s] DEBUG:colcon.colcon_core.verb:Building package 'navigation' with the following arguments: {'ament_cmake_args': None, 'build_base': '/home/sfr2024/assessment/team3_project/build/navigation', 'catkin_cmake_args': None, 'catkin_skip_building_tests': False, 'cmake_args': None, 'cmake_clean_cache': False, 'cmake_clean_first': False, 'cmake_force_configure': False, 'cmake_target': None, 'cmake_target_skip_unavailable': False, 'install_base': '/home/sfr2024/assessment/team3_project/install/navigation', 'merge_install': False, 'path': '/home/sfr2024/assessment/team3_project/src/navigation', 'symlink_install': False, 'test_result_base': None}
[0.293s] Level 5:colcon.colcon_core.verb:set package 'nuc' build argument 'cmake_args' from command line to 'None'
[0.293s] Level 5:colcon.colcon_core.verb:set package 'nuc' build argument 'cmake_target' from command line to 'None'
[0.293s] Level 5:colcon.colcon_core.verb:set package 'nuc' build argument 'cmake_target_skip_unavailable' from command line to 'False'
[0.293s] Level 5:colcon.colcon_core.verb:set package 'nuc' build argument 'cmake_clean_cache' from command line to 'False'
[0.294s] Level 5:colcon.colcon_core.verb:set package 'nuc' build argument 'cmake_clean_first' from command line to 'False'
[0.294s] Level 5:colcon.colcon_core.verb:set package 'nuc' build argument 'cmake_force_configure' from command line to 'False'
[0.294s] Level 5:colcon.colcon_core.verb:set package 'nuc' build argument 'ament_cmake_args' from command line to 'None'
[0.294s] Level 5:colcon.colcon_core.verb:set package 'nuc' build argument 'catkin_cmake_args' from command line to 'None'
[0.294s] Level 5:colcon.colcon_core.verb:set package 'nuc' build argument 'catkin_skip_building_tests' from command line to 'False'
[0.294s] DEBUG:colcon.colcon_core.verb:Building package 'nuc' with the following arguments: {'ament_cmake_args': None, 'build_base': '/home/sfr2024/assessment/team3_project/build/nuc', 'catkin_cmake_args': None, 'catkin_skip_building_tests': False, 'cmake_args': None, 'cmake_clean_cache': False, 'cmake_clean_first': False, 'cmake_force_configure': False, 'cmake_target': None, 'cmake_target_skip_unavailable': False, 'install_base': '/home/sfr2024/assessment/team3_project/install/nuc', 'merge_install': False, 'path': '/home/sfr2024/assessment/team3_project/src/nuc', 'symlink_install': False, 'test_result_base': None}
[0.294s] Level 5:colcon.colcon_core.verb:set package 'robotic_arm' build argument 'cmake_args' from command line to 'None'
[0.294s] Level 5:colcon.colcon_core.verb:set package 'robotic_arm' build argument 'cmake_target' from command line to 'None'
[0.294s] Level 5:colcon.colcon_core.verb:set package 'robotic_arm' build argument 'cmake_target_skip_unavailable' from command line to 'False'
[0.294s] Level 5:colcon.colcon_core.verb:set package 'robotic_arm' build argument 'cmake_clean_cache' from command line to 'False'
[0.294s] Level 5:colcon.colcon_core.verb:set package 'robotic_arm' build argument 'cmake_clean_first' from command line to 'False'
[0.294s] Level 5:colcon.colcon_core.verb:set package 'robotic_arm' build argument 'cmake_force_configure' from command line to 'False'
[0.294s] Level 5:colcon.colcon_core.verb:set package 'robotic_arm' build argument 'ament_cmake_args' from command line to 'None'
[0.294s] Level 5:colcon.colcon_core.verb:set package 'robotic_arm' build argument 'catkin_cmake_args' from command line to 'None'
[0.294s] Level 5:colcon.colcon_core.verb:set package 'robotic_arm' build argument 'catkin_skip_building_tests' from command line to 'False'
[0.294s] DEBUG:colcon.colcon_core.verb:Building package 'robotic_arm' with the following arguments: {'ament_cmake_args': None, 'build_base': '/home/sfr2024/assessment/team3_project/build/robotic_arm', 'catkin_cmake_args': None, 'catkin_skip_building_tests': False, 'cmake_args': None, 'cmake_clean_cache': False, 'cmake_clean_first': False, 'cmake_force_configure': False, 'cmake_target': None, 'cmake_target_skip_unavailable': False, 'install_base': '/home/sfr2024/assessment/team3_project/install/robotic_arm', 'merge_install': False, 'path': '/home/sfr2024/assessment/team3_project/src/robotic_arm', 'symlink_install': False, 'test_result_base': None}
[0.294s] INFO:colcon.colcon_core.executor:Executing jobs using 'parallel' executor
[0.295s] DEBUG:colcon.colcon_parallel_executor.executor.parallel:run_until_complete
[0.296s] INFO:colcon.colcon_ros.task.ament_python.build:Building ROS package in '/home/sfr2024/assessment/team3_project/src/camera' with build type 'ament_python'
[0.296s] Level 1:colcon.colcon_core.shell:create_environment_hook('camera', 'ament_prefix_path')
[0.298s] INFO:colcon.colcon_core.plugin_system:Skipping extension 'colcon_core.shell.bat': Not used on non-Windows systems
[0.298s] INFO:colcon.colcon_core.shell:Creating environment hook '/home/sfr2024/assessment/team3_project/install/camera/share/camera/hook/ament_prefix_path.ps1'
[0.298s] INFO:colcon.colcon_core.shell:Creating environment descriptor '/home/sfr2024/assessment/team3_project/install/camera/share/camera/hook/ament_prefix_path.dsv'
[0.299s] INFO:colcon.colcon_core.shell:Creating environment hook '/home/sfr2024/assessment/team3_project/install/camera/share/camera/hook/ament_prefix_path.sh'
[0.300s] INFO:colcon.colcon_core.shell:Skip shell extension 'powershell' for command environment: Not usable outside of PowerShell
[0.300s] DEBUG:colcon.colcon_core.shell:Skip shell extension 'dsv' for command environment
[0.304s] INFO:colcon.colcon_ros.task.ament_python.build:Building ROS package in '/home/sfr2024/assessment/team3_project/src/imu' with build type 'ament_python'
[0.304s] Level 1:colcon.colcon_core.shell:create_environment_hook('imu', 'ament_prefix_path')
[0.305s] INFO:colcon.colcon_core.shell:Creating environment hook '/home/sfr2024/assessment/team3_project/install/imu/share/imu/hook/ament_prefix_path.ps1'
[0.306s] INFO:colcon.colcon_core.shell:Creating environment descriptor '/home/sfr2024/assessment/team3_project/install/imu/share/imu/hook/ament_prefix_path.dsv'
[0.306s] INFO:colcon.colcon_core.shell:Creating environment hook '/home/sfr2024/assessment/team3_project/install/imu/share/imu/hook/ament_prefix_path.sh'
[0.307s] INFO:colcon.colcon_core.shell:Skip shell extension 'powershell' for command environment: Not usable outside of PowerShell
[0.307s] DEBUG:colcon.colcon_core.shell:Skip shell extension 'dsv' for command environment
[0.314s] INFO:colcon.colcon_ros.task.ament_python.build:Building ROS package in '/home/sfr2024/assessment/team3_project/src/lidar' with build type 'ament_python'
[0.314s] Level 1:colcon.colcon_core.shell:create_environment_hook('lidar', 'ament_prefix_path')
[0.314s] INFO:colcon.colcon_core.shell:Creating environment hook '/home/sfr2024/assessment/team3_project/install/lidar/share/lidar/hook/ament_prefix_path.ps1'
[0.316s] INFO:colcon.colcon_core.shell:Creating environment descriptor '/home/sfr2024/assessment/team3_project/install/lidar/share/lidar/hook/ament_prefix_path.dsv'
[0.317s] INFO:colcon.colcon_core.shell:Creating environment hook '/home/sfr2024/assessment/team3_project/install/lidar/share/lidar/hook/ament_prefix_path.sh'
[0.318s] INFO:colcon.colcon_core.shell:Skip shell extension 'powershell' for command environment: Not usable outside of PowerShell
[0.318s] DEBUG:colcon.colcon_core.shell:Skip shell extension 'dsv' for command environment
[0.330s] INFO:colcon.colcon_ros.task.ament_python.build:Building ROS package in '/home/sfr2024/assessment/team3_project/src/map' with build type 'ament_python'
[0.330s] Level 1:colcon.colcon_core.shell:create_environment_hook('map', 'ament_prefix_path')
[0.331s] INFO:colcon.colcon_core.shell:Creating environment hook '/home/sfr2024/assessment/team3_project/install/map/share/map/hook/ament_prefix_path.ps1'
[0.332s] INFO:colcon.colcon_core.shell:Creating environment descriptor '/home/sfr2024/assessment/team3_project/install/map/share/map/hook/ament_prefix_path.dsv'
[0.333s] INFO:colcon.colcon_core.shell:Creating environment hook '/home/sfr2024/assessment/team3_project/install/map/share/map/hook/ament_prefix_path.sh'
[0.334s] INFO:colcon.colcon_core.shell:Skip shell extension 'powershell' for command environment: Not usable outside of PowerShell
[0.334s] DEBUG:colcon.colcon_core.shell:Skip shell extension 'dsv' for command environment
[0.342s] INFO:colcon.colcon_ros.task.ament_python.build:Building ROS package in '/home/sfr2024/assessment/team3_project/src/navigation' with build type 'ament_python'
[0.342s] Level 1:colcon.colcon_core.shell:create_environment_hook('navigation', 'ament_prefix_path')
[0.343s] INFO:colcon.colcon_core.shell:Creating environment hook '/home/sfr2024/assessment/team3_project/install/navigation/share/navigation/hook/ament_prefix_path.ps1'
[0.345s] INFO:colcon.colcon_core.shell:Creating environment descriptor '/home/sfr2024/assessment/team3_project/install/navigation/share/navigation/hook/ament_prefix_path.dsv'
[0.346s] INFO:colcon.colcon_core.shell:Creating environment hook '/home/sfr2024/assessment/team3_project/install/navigation/share/navigation/hook/ament_prefix_path.sh'
[0.348s] INFO:colcon.colcon_core.shell:Skip shell extension 'powershell' for command environment: Not usable outside of PowerShell
[0.348s] DEBUG:colcon.colcon_core.shell:Skip shell extension 'dsv' for command environment
[0.370s] INFO:colcon.colcon_ros.task.ament_python.build:Building ROS package in '/home/sfr2024/assessment/team3_project/src/nuc' with build type 'ament_python'
[0.371s] Level 1:colcon.colcon_core.shell:create_environment_hook('nuc', 'ament_prefix_path')
[0.372s] INFO:colcon.colcon_core.shell:Creating environment hook '/home/sfr2024/assessment/team3_project/install/nuc/share/nuc/hook/ament_prefix_path.ps1'
[0.373s] INFO:colcon.colcon_core.shell:Creating environment descriptor '/home/sfr2024/assessment/team3_project/install/nuc/share/nuc/hook/ament_prefix_path.dsv'
[0.375s] INFO:colcon.colcon_core.shell:Creating environment hook '/home/sfr2024/assessment/team3_project/install/nuc/share/nuc/hook/ament_prefix_path.sh'
[0.377s] INFO:colcon.colcon_core.shell:Skip shell extension 'powershell' for command environment: Not usable outside of PowerShell
[0.377s] DEBUG:colcon.colcon_core.shell:Skip shell extension 'dsv' for command environment
[0.384s] INFO:colcon.colcon_ros.task.ament_python.build:Building ROS package in '/home/sfr2024/assessment/team3_project/src/robotic_arm' with build type 'ament_python'
[0.384s] Level 1:colcon.colcon_core.shell:create_environment_hook('robotic_arm', 'ament_prefix_path')
[0.385s] INFO:colcon.colcon_core.shell:Creating environment hook '/home/sfr2024/assessment/team3_project/install/robotic_arm/share/robotic_arm/hook/ament_prefix_path.ps1'
[0.386s] INFO:colcon.colcon_core.shell:Creating environment descriptor '/home/sfr2024/assessment/team3_project/install/robotic_arm/share/robotic_arm/hook/ament_prefix_path.dsv'
[0.386s] INFO:colcon.colcon_core.shell:Creating environment hook '/home/sfr2024/assessment/team3_project/install/robotic_arm/share/robotic_arm/hook/ament_prefix_path.sh'
[0.387s] INFO:colcon.colcon_core.shell:Skip shell extension 'powershell' for command environment: Not usable outside of PowerShell
[0.387s] DEBUG:colcon.colcon_core.shell:Skip shell extension 'dsv' for command environment
[0.732s] INFO:colcon.colcon_core.task.python.build:Building Python package in '/home/sfr2024/assessment/team3_project/src/camera'
[0.732s] INFO:colcon.colcon_core.shell:Skip shell extension 'powershell' for command environment: Not usable outside of PowerShell
[0.732s] DEBUG:colcon.colcon_core.shell:Skip shell extension 'dsv' for command environment
[1.014s] INFO:colcon.colcon_core.task.python.build:Building Python package in '/home/sfr2024/assessment/team3_project/src/imu'
[1.014s] INFO:colcon.colcon_core.shell:Skip shell extension 'powershell' for command environment: Not usable outside of PowerShell
[1.015s] DEBUG:colcon.colcon_core.shell:Skip shell extension 'dsv' for command environment
[1.276s] INFO:colcon.colcon_core.task.python.build:Building Python package in '/home/sfr2024/assessment/team3_project/src/lidar'
[1.277s] INFO:colcon.colcon_core.shell:Skip shell extension 'powershell' for command environment: Not usable outside of PowerShell
[1.277s] DEBUG:colcon.colcon_core.shell:Skip shell extension 'dsv' for command environment
[1.548s] INFO:colcon.colcon_core.task.python.build:Building Python package in '/home/sfr2024/assessment/team3_project/src/map'
[1.548s] INFO:colcon.colcon_core.shell:Skip shell extension 'powershell' for command environment: Not usable outside of PowerShell
[1.548s] DEBUG:colcon.colcon_core.shell:Skip shell extension 'dsv' for command environment
[1.815s] INFO:colcon.colcon_core.task.python.build:Building Python package in '/home/sfr2024/assessment/team3_project/src/navigation'
[1.815s] INFO:colcon.colcon_core.shell:Skip shell extension 'powershell' for command environment: Not usable outside of PowerShell
[1.815s] DEBUG:colcon.colcon_core.shell:Skip shell extension 'dsv' for command environment
[2.097s] INFO:colcon.colcon_core.task.python.build:Building Python package in '/home/sfr2024/assessment/team3_project/src/nuc'
[2.098s] INFO:colcon.colcon_core.shell:Skip shell extension 'powershell' for command environment: Not usable outside of PowerShell
[2.098s] DEBUG:colcon.colcon_core.shell:Skip shell extension 'dsv' for command environment
[2.390s] INFO:colcon.colcon_core.task.python.build:Building Python package in '/home/sfr2024/assessment/team3_project/src/robotic_arm'
[2.390s] INFO:colcon.colcon_core.shell:Skip shell extension 'powershell' for command environment: Not usable outside of PowerShell
[2.390s] DEBUG:colcon.colcon_core.shell:Skip shell extension 'dsv' for command environment
[3.052s] DEBUG:colcon.colcon_core.event_handler.log_command:Invoking command in '/home/sfr2024/assessment/team3_project/src/camera': PYTHONPATH=/home/sfr2024/assessment/team3_project/build/camera/prefix_override:/usr/lib/python3/dist-packages/colcon_core/task/python/colcon_distutils_commands:/home/sfr2024/assessment/team3_project/install/camera/lib/python3.10/site-packages:${PYTHONPATH} /usr/bin/python3 -W ignore:setup.py install is deprecated setup.py egg_info --egg-base ../../build/camera build --build-base /home/sfr2024/assessment/team3_project/build/camera/build install --record /home/sfr2024/assessment/team3_project/build/camera/install.log --single-version-externally-managed install_data
[3.187s] DEBUG:colcon.colcon_core.event_handler.log_command:Invoking command in '/home/sfr2024/assessment/team3_project/src/robotic_arm': PYTHONPATH=/home/sfr2024/assessment/team3_project/build/robotic_arm/prefix_override:/usr/lib/python3/dist-packages/colcon_core/task/python/colcon_distutils_commands:/home/sfr2024/assessment/team3_project/install/robotic_arm/lib/python3.10/site-packages:${PYTHONPATH} /usr/bin/python3 -W ignore:setup.py install is deprecated setup.py egg_info --egg-base ../../build/robotic_arm build --build-base /home/sfr2024/assessment/team3_project/build/robotic_arm/build install --record /home/sfr2024/assessment/team3_project/build/robotic_arm/install.log --single-version-externally-managed install_data
[3.528s] DEBUG:colcon.colcon_core.event_handler.log_command:Invoking command in '/home/sfr2024/assessment/team3_project/src/nuc': PYTHONPATH=/home/sfr2024/assessment/team3_project/build/nuc/prefix_override:/usr/lib/python3/dist-packages/colcon_core/task/python/colcon_distutils_commands:/home/sfr2024/assessment/team3_project/install/nuc/lib/python3.10/site-packages:${PYTHONPATH} /usr/bin/python3 -W ignore:setup.py install is deprecated setup.py egg_info --egg-base ../../build/nuc build --build-base /home/sfr2024/assessment/team3_project/build/nuc/build install --record /home/sfr2024/assessment/team3_project/build/nuc/install.log --single-version-externally-managed install_data
[3.672s] DEBUG:colcon.colcon_core.event_handler.log_command:Invoked command in '/home/sfr2024/assessment/team3_project/src/camera' returned '0': PYTHONPATH=/home/sfr2024/assessment/team3_project/build/camera/prefix_override:/usr/lib/python3/dist-packages/colcon_core/task/python/colcon_distutils_commands:/home/sfr2024/assessment/team3_project/install/camera/lib/python3.10/site-packages:${PYTHONPATH} /usr/bin/python3 -W ignore:setup.py install is deprecated setup.py egg_info --egg-base ../../build/camera build --build-base /home/sfr2024/assessment/team3_project/build/camera/build install --record /home/sfr2024/assessment/team3_project/build/camera/install.log --single-version-externally-managed install_data
[3.673s] Level 1:colcon.colcon_core.environment:checking '/home/sfr2024/assessment/team3_project/install/camera' for CMake module files
[3.674s] Level 1:colcon.colcon_core.environment:checking '/home/sfr2024/assessment/team3_project/install/camera' for CMake config files
[3.675s] Level 1:colcon.colcon_core.environment:checking '/home/sfr2024/assessment/team3_project/install/camera/lib'
[3.676s] Level 1:colcon.colcon_core.environment:checking '/home/sfr2024/assessment/team3_project/install/camera/bin'
[3.676s] Level 1:colcon.colcon_core.environment:checking '/home/sfr2024/assessment/team3_project/install/camera/lib/pkgconfig/camera.pc'
[3.676s] Level 1:colcon.colcon_core.environment:checking '/home/sfr2024/assessment/team3_project/install/camera/lib/python3.10/site-packages'
[3.677s] Level 1:colcon.colcon_core.shell:create_environment_hook('camera', 'pythonpath')
[3.677s] INFO:colcon.colcon_core.shell:Creating environment hook '/home/sfr2024/assessment/team3_project/install/camera/share/camera/hook/pythonpath.ps1'
[3.678s] INFO:colcon.colcon_core.shell:Creating environment descriptor '/home/sfr2024/assessment/team3_project/install/camera/share/camera/hook/pythonpath.dsv'
[3.679s] INFO:colcon.colcon_core.shell:Creating environment hook '/home/sfr2024/assessment/team3_project/install/camera/share/camera/hook/pythonpath.sh'
[3.681s] Level 1:colcon.colcon_core.environment:checking '/home/sfr2024/assessment/team3_project/install/camera/bin'
[3.681s] Level 1:colcon.colcon_core.environment:create_environment_scripts_only(camera)
[3.682s] INFO:colcon.colcon_core.shell:Creating package script '/home/sfr2024/assessment/team3_project/install/camera/share/camera/package.ps1'
[3.683s] INFO:colcon.colcon_core.shell:Creating package descriptor '/home/sfr2024/assessment/team3_project/install/camera/share/camera/package.dsv'
[3.685s] INFO:colcon.colcon_core.shell:Creating package script '/home/sfr2024/assessment/team3_project/install/camera/share/camera/package.sh'
[3.686s] INFO:colcon.colcon_core.shell:Creating package script '/home/sfr2024/assessment/team3_project/install/camera/share/camera/package.bash'
[3.688s] INFO:colcon.colcon_core.shell:Creating package script '/home/sfr2024/assessment/team3_project/install/camera/share/camera/package.zsh'
[3.689s] Level 1:colcon.colcon_core.environment:create_file_with_runtime_dependencies(/home/sfr2024/assessment/team3_project/install/camera/share/colcon-core/packages/camera)
[3.701s] DEBUG:colcon.colcon_core.event_handler.log_command:Invoking command in '/home/sfr2024/assessment/team3_project/src/map': PYTHONPATH=/home/sfr2024/assessment/team3_project/build/map/prefix_override:/usr/lib/python3/dist-packages/colcon_core/task/python/colcon_distutils_commands:/home/sfr2024/assessment/team3_project/install/map/lib/python3.10/site-packages:${PYTHONPATH} /usr/bin/python3 -W ignore:setup.py install is deprecated setup.py egg_info --egg-base ../../build/map build --build-base /home/sfr2024/assessment/team3_project/build/map/build install --record /home/sfr2024/assessment/team3_project/build/map/install.log --single-version-externally-managed install_data
[3.723s] DEBUG:colcon.colcon_core.event_handler.log_command:Invoking command in '/home/sfr2024/assessment/team3_project/src/navigation': PYTHONPATH=/home/sfr2024/assessment/team3_project/build/navigation/prefix_override:/usr/lib/python3/dist-packages/colcon_core/task/python/colcon_distutils_commands:/home/sfr2024/assessment/team3_project/install/navigation/lib/python3.10/site-packages:${PYTHONPATH} /usr/bin/python3 -W ignore:setup.py install is deprecated setup.py egg_info --egg-base ../../build/navigation build --build-base /home/sfr2024/assessment/team3_project/build/navigation/build install --record /home/sfr2024/assessment/team3_project/build/navigation/install.log --single-version-externally-managed install_data
[3.735s] DEBUG:colcon.colcon_core.event_handler.log_command:Invoking command in '/home/sfr2024/assessment/team3_project/src/lidar': PYTHONPATH=/home/sfr2024/assessment/team3_project/build/lidar/prefix_override:/usr/lib/python3/dist-packages/colcon_core/task/python/colcon_distutils_commands:/home/sfr2024/assessment/team3_project/install/lidar/lib/python3.10/site-packages:${PYTHONPATH} /usr/bin/python3 -W ignore:setup.py install is deprecated setup.py egg_info --egg-base ../../build/lidar build --build-base /home/sfr2024/assessment/team3_project/build/lidar/build install --record /home/sfr2024/assessment/team3_project/build/lidar/install.log --single-version-externally-managed install_data
[3.784s] DEBUG:colcon.colcon_core.event_handler.log_command:Invoking command in '/home/sfr2024/assessment/team3_project/src/imu': PYTHONPATH=/home/sfr2024/assessment/team3_project/build/imu/prefix_override:/usr/lib/python3/dist-packages/colcon_core/task/python/colcon_distutils_commands:/home/sfr2024/assessment/team3_project/install/imu/lib/python3.10/site-packages:${PYTHONPATH} /usr/bin/python3 -W ignore:setup.py install is deprecated setup.py egg_info --egg-base ../../build/imu build --build-base /home/sfr2024/assessment/team3_project/build/imu/build install --record /home/sfr2024/assessment/team3_project/build/imu/install.log --single-version-externally-managed install_data
[4.183s] Level 1:colcon.colcon_core.environment:checking '/home/sfr2024/assessment/team3_project/install/nuc' for CMake module files
[4.183s] Level 1:colcon.colcon_core.environment:checking '/home/sfr2024/assessment/team3_project/install/nuc' for CMake config files
[4.186s] DEBUG:colcon.colcon_core.event_handler.log_command:Invoked command in '/home/sfr2024/assessment/team3_project/src/nuc' returned '0': PYTHONPATH=/home/sfr2024/assessment/team3_project/build/nuc/prefix_override:/usr/lib/python3/dist-packages/colcon_core/task/python/colcon_distutils_commands:/home/sfr2024/assessment/team3_project/install/nuc/lib/python3.10/site-packages:${PYTHONPATH} /usr/bin/python3 -W ignore:setup.py install is deprecated setup.py egg_info --egg-base ../../build/nuc build --build-base /home/sfr2024/assessment/team3_project/build/nuc/build install --record /home/sfr2024/assessment/team3_project/build/nuc/install.log --single-version-externally-managed install_data
[4.187s] Level 1:colcon.colcon_core.environment:checking '/home/sfr2024/assessment/team3_project/install/nuc/lib'
[4.187s] Level 1:colcon.colcon_core.environment:checking '/home/sfr2024/assessment/team3_project/install/nuc/bin'
[4.187s] Level 1:colcon.colcon_core.environment:checking '/home/sfr2024/assessment/team3_project/install/nuc/lib/pkgconfig/nuc.pc'
[4.188s] Level 1:colcon.colcon_core.environment:checking '/home/sfr2024/assessment/team3_project/install/nuc/lib/python3.10/site-packages'
[4.188s] Level 1:colcon.colcon_core.shell:create_environment_hook('nuc', 'pythonpath')
[4.188s] INFO:colcon.colcon_core.shell:Creating environment hook '/home/sfr2024/assessment/team3_project/install/nuc/share/nuc/hook/pythonpath.ps1'
[4.189s] INFO:colcon.colcon_core.shell:Creating environment descriptor '/home/sfr2024/assessment/team3_project/install/nuc/share/nuc/hook/pythonpath.dsv'
[4.190s] INFO:colcon.colcon_core.shell:Creating environment hook '/home/sfr2024/assessment/team3_project/install/nuc/share/nuc/hook/pythonpath.sh'
[4.191s] Level 1:colcon.colcon_core.environment:checking '/home/sfr2024/assessment/team3_project/install/nuc/bin'
[4.191s] Level 1:colcon.colcon_core.environment:create_environment_scripts_only(nuc)
[4.191s] INFO:colcon.colcon_core.shell:Creating package script '/home/sfr2024/assessment/team3_project/install/nuc/share/nuc/package.ps1'
[4.192s] INFO:colcon.colcon_core.shell:Creating package descriptor '/home/sfr2024/assessment/team3_project/install/nuc/share/nuc/package.dsv'
[4.193s] INFO:colcon.colcon_core.shell:Creating package script '/home/sfr2024/assessment/team3_project/install/nuc/share/nuc/package.sh'
[4.194s] INFO:colcon.colcon_core.shell:Creating package script '/home/sfr2024/assessment/team3_project/install/nuc/share/nuc/package.bash'
[4.194s] INFO:colcon.colcon_core.shell:Creating package script '/home/sfr2024/assessment/team3_project/install/nuc/share/nuc/package.zsh'
[4.195s] Level 1:colcon.colcon_core.environment:create_file_with_runtime_dependencies(/home/sfr2024/assessment/team3_project/install/nuc/share/colcon-core/packages/nuc)
[4.335s] Level 1:colcon.colcon_core.environment:checking '/home/sfr2024/assessment/team3_project/install/robotic_arm' for CMake module files
[4.337s] DEBUG:colcon.colcon_core.event_handler.log_command:Invoked command in '/home/sfr2024/assessment/team3_project/src/robotic_arm' returned '0': PYTHONPATH=/home/sfr2024/assessment/team3_project/build/robotic_arm/prefix_override:/usr/lib/python3/dist-packages/colcon_core/task/python/colcon_distutils_commands:/home/sfr2024/assessment/team3_project/install/robotic_arm/lib/python3.10/site-packages:${PYTHONPATH} /usr/bin/python3 -W ignore:setup.py install is deprecated setup.py egg_info --egg-base ../../build/robotic_arm build --build-base /home/sfr2024/assessment/team3_project/build/robotic_arm/build install --record /home/sfr2024/assessment/team3_project/build/robotic_arm/install.log --single-version-externally-managed install_data
[4.338s] Level 1:colcon.colcon_core.environment:checking '/home/sfr2024/assessment/team3_project/install/robotic_arm' for CMake config files
[4.340s] Level 1:colcon.colcon_core.environment:checking '/home/sfr2024/assessment/team3_project/install/robotic_arm/lib'
[4.340s] Level 1:colcon.colcon_core.environment:checking '/home/sfr2024/assessment/team3_project/install/robotic_arm/bin'
[4.340s] Level 1:colcon.colcon_core.environment:checking '/home/sfr2024/assessment/team3_project/install/robotic_arm/lib/pkgconfig/robotic_arm.pc'
[4.341s] Level 1:colcon.colcon_core.environment:checking '/home/sfr2024/assessment/team3_project/install/robotic_arm/lib/python3.10/site-packages'
[4.341s] Level 1:colcon.colcon_core.shell:create_environment_hook('robotic_arm', 'pythonpath')
[4.342s] INFO:colcon.colcon_core.shell:Creating environment hook '/home/sfr2024/assessment/team3_project/install/robotic_arm/share/robotic_arm/hook/pythonpath.ps1'
[4.343s] INFO:colcon.colcon_core.shell:Creating environment descriptor '/home/sfr2024/assessment/team3_project/install/robotic_arm/share/robotic_arm/hook/pythonpath.dsv'
[4.344s] INFO:colcon.colcon_core.shell:Creating environment hook '/home/sfr2024/assessment/team3_project/install/robotic_arm/share/robotic_arm/hook/pythonpath.sh'
[4.346s] Level 1:colcon.colcon_core.environment:checking '/home/sfr2024/assessment/team3_project/install/robotic_arm/bin'
[4.347s] Level 1:colcon.colcon_core.environment:create_environment_scripts_only(robotic_arm)
[4.348s] INFO:colcon.colcon_core.shell:Creating package script '/home/sfr2024/assessment/team3_project/install/robotic_arm/share/robotic_arm/package.ps1'
[4.350s] INFO:colcon.colcon_core.shell:Creating package descriptor '/home/sfr2024/assessment/team3_project/install/robotic_arm/share/robotic_arm/package.dsv'
[4.352s] INFO:colcon.colcon_core.shell:Creating package script '/home/sfr2024/assessment/team3_project/install/robotic_arm/share/robotic_arm/package.sh'
[4.353s] INFO:colcon.colcon_core.shell:Creating package script '/home/sfr2024/assessment/team3_project/install/robotic_arm/share/robotic_arm/package.bash'
[4.354s] INFO:colcon.colcon_core.shell:Creating package script '/home/sfr2024/assessment/team3_project/install/robotic_arm/share/robotic_arm/package.zsh'
[4.355s] Level 1:colcon.colcon_core.environment:create_file_with_runtime_dependencies(/home/sfr2024/assessment/team3_project/install/robotic_arm/share/colcon-core/packages/robotic_arm)
[4.432s] Level 1:colcon.colcon_core.environment:checking '/home/sfr2024/assessment/team3_project/install/map' for CMake module files
[4.433s] DEBUG:colcon.colcon_core.event_handler.log_command:Invoked command in '/home/sfr2024/assessment/team3_project/src/map' returned '0': PYTHONPATH=/home/sfr2024/assessment/team3_project/build/map/prefix_override:/usr/lib/python3/dist-packages/colcon_core/task/python/colcon_distutils_commands:/home/sfr2024/assessment/team3_project/install/map/lib/python3.10/site-packages:${PYTHONPATH} /usr/bin/python3 -W ignore:setup.py install is deprecated setup.py egg_info --egg-base ../../build/map build --build-base /home/sfr2024/assessment/team3_project/build/map/build install --record /home/sfr2024/assessment/team3_project/build/map/install.log --single-version-externally-managed install_data
[4.435s] Level 1:colcon.colcon_core.environment:checking '/home/sfr2024/assessment/team3_project/install/map' for CMake config files
[4.436s] Level 1:colcon.colcon_core.environment:checking '/home/sfr2024/assessment/team3_project/install/map/lib'
[4.437s] Level 1:colcon.colcon_core.environment:checking '/home/sfr2024/assessment/team3_project/install/map/bin'
[4.437s] Level 1:colcon.colcon_core.environment:checking '/home/sfr2024/assessment/team3_project/install/map/lib/pkgconfig/map.pc'
[4.437s] Level 1:colcon.colcon_core.environment:checking '/home/sfr2024/assessment/team3_project/install/map/lib/python3.10/site-packages'
[4.438s] Level 1:colcon.colcon_core.shell:create_environment_hook('map', 'pythonpath')
[4.438s] INFO:colcon.colcon_core.shell:Creating environment hook '/home/sfr2024/assessment/team3_project/install/map/share/map/hook/pythonpath.ps1'
[4.440s] INFO:colcon.colcon_core.shell:Creating environment descriptor '/home/sfr2024/assessment/team3_project/install/map/share/map/hook/pythonpath.dsv'
[4.441s] INFO:colcon.colcon_core.shell:Creating environment hook '/home/sfr2024/assessment/team3_project/install/map/share/map/hook/pythonpath.sh'
[4.443s] Level 1:colcon.colcon_core.environment:checking '/home/sfr2024/assessment/team3_project/install/map/bin'
[4.443s] Level 1:colcon.colcon_core.environment:create_environment_scripts_only(map)
[4.444s] INFO:colcon.colcon_core.shell:Creating package script '/home/sfr2024/assessment/team3_project/install/map/share/map/package.ps1'
[4.445s] INFO:colcon.colcon_core.shell:Creating package descriptor '/home/sfr2024/assessment/team3_project/install/map/share/map/package.dsv'
[4.447s] INFO:colcon.colcon_core.shell:Creating package script '/home/sfr2024/assessment/team3_project/install/map/share/map/package.sh'
[4.448s] INFO:colcon.colcon_core.shell:Creating package script '/home/sfr2024/assessment/team3_project/install/map/share/map/package.bash'
[4.449s] INFO:colcon.colcon_core.shell:Creating package script '/home/sfr2024/assessment/team3_project/install/map/share/map/package.zsh'
[4.451s] Level 1:colcon.colcon_core.environment:create_file_with_runtime_dependencies(/home/sfr2024/assessment/team3_project/install/map/share/colcon-core/packages/map)
[4.671s] Level 1:colcon.colcon_core.environment:checking '/home/sfr2024/assessment/team3_project/install/imu' for CMake module files
[4.674s] DEBUG:colcon.colcon_core.event_handler.log_command:Invoked command in '/home/sfr2024/assessment/team3_project/src/imu' returned '0': PYTHONPATH=/home/sfr2024/assessment/team3_project/build/imu/prefix_override:/usr/lib/python3/dist-packages/colcon_core/task/python/colcon_distutils_commands:/home/sfr2024/assessment/team3_project/install/imu/lib/python3.10/site-packages:${PYTHONPATH} /usr/bin/python3 -W ignore:setup.py install is deprecated setup.py egg_info --egg-base ../../build/imu build --build-base /home/sfr2024/assessment/team3_project/build/imu/build install --record /home/sfr2024/assessment/team3_project/build/imu/install.log --single-version-externally-managed install_data
[4.676s] Level 1:colcon.colcon_core.environment:checking '/home/sfr2024/assessment/team3_project/install/imu' for CMake config files
[4.677s] Level 1:colcon.colcon_core.environment:checking '/home/sfr2024/assessment/team3_project/install/imu/lib'
[4.678s] Level 1:colcon.colcon_core.environment:checking '/home/sfr2024/assessment/team3_project/install/imu/bin'
[4.678s] Level 1:colcon.colcon_core.environment:checking '/home/sfr2024/assessment/team3_project/install/imu/lib/pkgconfig/imu.pc'
[4.679s] Level 1:colcon.colcon_core.environment:checking '/home/sfr2024/assessment/team3_project/install/imu/lib/python3.10/site-packages'
[4.679s] Level 1:colcon.colcon_core.shell:create_environment_hook('imu', 'pythonpath')
[4.680s] INFO:colcon.colcon_core.shell:Creating environment hook '/home/sfr2024/assessment/team3_project/install/imu/share/imu/hook/pythonpath.ps1'
[4.681s] INFO:colcon.colcon_core.shell:Creating environment descriptor '/home/sfr2024/assessment/team3_project/install/imu/share/imu/hook/pythonpath.dsv'
[4.682s] INFO:colcon.colcon_core.shell:Creating environment hook '/home/sfr2024/assessment/team3_project/install/imu/share/imu/hook/pythonpath.sh'
[4.683s] Level 1:colcon.colcon_core.environment:checking '/home/sfr2024/assessment/team3_project/install/imu/bin'
[4.684s] Level 1:colcon.colcon_core.environment:create_environment_scripts_only(imu)
[4.685s] INFO:colcon.colcon_core.shell:Creating package script '/home/sfr2024/assessment/team3_project/install/imu/share/imu/package.ps1'
[4.687s] INFO:colcon.colcon_core.shell:Creating package descriptor '/home/sfr2024/assessment/team3_project/install/imu/share/imu/package.dsv'
[4.688s] INFO:colcon.colcon_core.shell:Creating package script '/home/sfr2024/assessment/team3_project/install/imu/share/imu/package.sh'
[4.690s] INFO:colcon.colcon_core.shell:Creating package script '/home/sfr2024/assessment/team3_project/install/imu/share/imu/package.bash'
[4.691s] INFO:colcon.colcon_core.shell:Creating package script '/home/sfr2024/assessment/team3_project/install/imu/share/imu/package.zsh'
[4.694s] Level 1:colcon.colcon_core.environment:create_file_with_runtime_dependencies(/home/sfr2024/assessment/team3_project/install/imu/share/colcon-core/packages/imu)
[4.728s] Level 1:colcon.colcon_core.environment:checking '/home/sfr2024/assessment/team3_project/install/navigation' for CMake module files
[4.729s] DEBUG:colcon.colcon_core.event_handler.log_command:Invoked command in '/home/sfr2024/assessment/team3_project/src/navigation' returned '0': PYTHONPATH=/home/sfr2024/assessment/team3_project/build/navigation/prefix_override:/usr/lib/python3/dist-packages/colcon_core/task/python/colcon_distutils_commands:/home/sfr2024/assessment/team3_project/install/navigation/lib/python3.10/site-packages:${PYTHONPATH} /usr/bin/python3 -W ignore:setup.py install is deprecated setup.py egg_info --egg-base ../../build/navigation build --build-base /home/sfr2024/assessment/team3_project/build/navigation/build install --record /home/sfr2024/assessment/team3_project/build/navigation/install.log --single-version-externally-managed install_data
[4.731s] Level 1:colcon.colcon_core.environment:checking '/home/sfr2024/assessment/team3_project/install/navigation' for CMake config files
[4.732s] Level 1:colcon.colcon_core.environment:checking '/home/sfr2024/assessment/team3_project/install/navigation/lib'
[4.733s] Level 1:colcon.colcon_core.environment:checking '/home/sfr2024/assessment/team3_project/install/navigation/bin'
[4.733s] Level 1:colcon.colcon_core.environment:checking '/home/sfr2024/assessment/team3_project/install/navigation/lib/pkgconfig/navigation.pc'
[4.734s] Level 1:colcon.colcon_core.environment:checking '/home/sfr2024/assessment/team3_project/install/navigation/lib/python3.10/site-packages'
[4.734s] Level 1:colcon.colcon_core.shell:create_environment_hook('navigation', 'pythonpath')
[4.734s] INFO:colcon.colcon_core.shell:Creating environment hook '/home/sfr2024/assessment/team3_project/install/navigation/share/navigation/hook/pythonpath.ps1'
[4.735s] INFO:colcon.colcon_core.shell:Creating environment descriptor '/home/sfr2024/assessment/team3_project/install/navigation/share/navigation/hook/pythonpath.dsv'
[4.736s] INFO:colcon.colcon_core.shell:Creating environment hook '/home/sfr2024/assessment/team3_project/install/navigation/share/navigation/hook/pythonpath.sh'
[4.737s] Level 1:colcon.colcon_core.environment:checking '/home/sfr2024/assessment/team3_project/install/navigation/bin'
[4.738s] Level 1:colcon.colcon_core.environment:create_environment_scripts_only(navigation)
[4.739s] INFO:colcon.colcon_core.shell:Creating package script '/home/sfr2024/assessment/team3_project/install/navigation/share/navigation/package.ps1'
[4.741s] INFO:colcon.colcon_core.shell:Creating package descriptor '/home/sfr2024/assessment/team3_project/install/navigation/share/navigation/package.dsv'
[4.743s] INFO:colcon.colcon_core.shell:Creating package script '/home/sfr2024/assessment/team3_project/install/navigation/share/navigation/package.sh'
[4.745s] INFO:colcon.colcon_core.shell:Creating package script '/home/sfr2024/assessment/team3_project/install/navigation/share/navigation/package.bash'
[4.746s] INFO:colcon.colcon_core.shell:Creating package script '/home/sfr2024/assessment/team3_project/install/navigation/share/navigation/package.zsh'
[4.747s] Level 1:colcon.colcon_core.environment:create_file_with_runtime_dependencies(/home/sfr2024/assessment/team3_project/install/navigation/share/colcon-core/packages/navigation)
[4.839s] Level 1:colcon.colcon_core.environment:checking '/home/sfr2024/assessment/team3_project/install/lidar' for CMake module files
[4.841s] DEBUG:colcon.colcon_core.event_handler.log_command:Invoked command in '/home/sfr2024/assessment/team3_project/src/lidar' returned '0': PYTHONPATH=/home/sfr2024/assessment/team3_project/build/lidar/prefix_override:/usr/lib/python3/dist-packages/colcon_core/task/python/colcon_distutils_commands:/home/sfr2024/assessment/team3_project/install/lidar/lib/python3.10/site-packages:${PYTHONPATH} /usr/bin/python3 -W ignore:setup.py install is deprecated setup.py egg_info --egg-base ../../build/lidar build --build-base /home/sfr2024/assessment/team3_project/build/lidar/build install --record /home/sfr2024/assessment/team3_project/build/lidar/install.log --single-version-externally-managed install_data
[4.841s] Level 1:colcon.colcon_core.environment:checking '/home/sfr2024/assessment/team3_project/install/lidar' for CMake config files
[4.842s] Level 1:colcon.colcon_core.environment:checking '/home/sfr2024/assessment/team3_project/install/lidar/lib'
[4.842s] Level 1:colcon.colcon_core.environment:checking '/home/sfr2024/assessment/team3_project/install/lidar/bin'
[4.843s] Level 1:colcon.colcon_core.environment:checking '/home/sfr2024/assessment/team3_project/install/lidar/lib/pkgconfig/lidar.pc'
[4.843s] Level 1:colcon.colcon_core.environment:checking '/home/sfr2024/assessment/team3_project/install/lidar/lib/python3.10/site-packages'
[4.843s] Level 1:colcon.colcon_core.shell:create_environment_hook('lidar', 'pythonpath')
[4.844s] INFO:colcon.colcon_core.shell:Creating environment hook '/home/sfr2024/assessment/team3_project/install/lidar/share/lidar/hook/pythonpath.ps1'
[4.845s] INFO:colcon.colcon_core.shell:Creating environment descriptor '/home/sfr2024/assessment/team3_project/install/lidar/share/lidar/hook/pythonpath.dsv'
[4.846s] INFO:colcon.colcon_core.shell:Creating environment hook '/home/sfr2024/assessment/team3_project/install/lidar/share/lidar/hook/pythonpath.sh'
[4.848s] Level 1:colcon.colcon_core.environment:checking '/home/sfr2024/assessment/team3_project/install/lidar/bin'
[4.848s] Level 1:colcon.colcon_core.environment:create_environment_scripts_only(lidar)
[4.848s] INFO:colcon.colcon_core.shell:Creating package script '/home/sfr2024/assessment/team3_project/install/lidar/share/lidar/package.ps1'
[4.850s] INFO:colcon.colcon_core.shell:Creating package descriptor '/home/sfr2024/assessment/team3_project/install/lidar/share/lidar/package.dsv'
[4.851s] INFO:colcon.colcon_core.shell:Creating package script '/home/sfr2024/assessment/team3_project/install/lidar/share/lidar/package.sh'
[4.852s] INFO:colcon.colcon_core.shell:Creating package script '/home/sfr2024/assessment/team3_project/install/lidar/share/lidar/package.bash'
[4.855s] INFO:colcon.colcon_core.shell:Creating package script '/home/sfr2024/assessment/team3_project/install/lidar/share/lidar/package.zsh'
[4.856s] Level 1:colcon.colcon_core.environment:create_file_with_runtime_dependencies(/home/sfr2024/assessment/team3_project/install/lidar/share/colcon-core/packages/lidar)
[4.856s] DEBUG:colcon.colcon_parallel_executor.executor.parallel:closing loop
[4.857s] DEBUG:colcon.colcon_parallel_executor.executor.parallel:loop closed
[4.858s] DEBUG:colcon.colcon_parallel_executor.executor.parallel:run_until_complete finished with '0'
[4.858s] DEBUG:colcon.colcon_core.event_reactor:joining thread
[4.875s] INFO:colcon.colcon_core.plugin_system:Skipping extension 'colcon_notification.desktop_notification.terminal_notifier': Not used on non-Darwin systems
[4.875s] INFO:colcon.colcon_core.plugin_system:Skipping extension 'colcon_notification.desktop_notification.win32': Not used on non-Windows systems
[4.876s] INFO:colcon.colcon_notification.desktop_notification:Sending desktop notification using 'notify2'
[4.915s] DEBUG:colcon.colcon_core.event_reactor:joined thread
[4.916s] INFO:colcon.colcon_core.shell:Creating prefix script '/home/sfr2024/assessment/team3_project/install/local_setup.ps1'
[4.918s] INFO:colcon.colcon_core.shell:Creating prefix util module '/home/sfr2024/assessment/team3_project/install/_local_setup_util_ps1.py'
[4.920s] INFO:colcon.colcon_core.shell:Creating prefix chain script '/home/sfr2024/assessment/team3_project/install/setup.ps1'
[4.924s] INFO:colcon.colcon_core.shell:Creating prefix script '/home/sfr2024/assessment/team3_project/install/local_setup.sh'
[4.925s] INFO:colcon.colcon_core.shell:Creating prefix util module '/home/sfr2024/assessment/team3_project/install/_local_setup_util_sh.py'
[4.928s] INFO:colcon.colcon_core.shell:Creating prefix chain script '/home/sfr2024/assessment/team3_project/install/setup.sh'
[4.937s] INFO:colcon.colcon_core.shell:Creating prefix script '/home/sfr2024/assessment/team3_project/install/local_setup.bash'
[4.939s] INFO:colcon.colcon_core.shell:Creating prefix chain script '/home/sfr2024/assessment/team3_project/install/setup.bash'
[4.946s] INFO:colcon.colcon_core.shell:Creating prefix script '/home/sfr2024/assessment/team3_project/install/local_setup.zsh'
[4.949s] INFO:colcon.colcon_core.shell:Creating prefix chain script '/home/sfr2024/assessment/team3_project/install/setup.zsh'
