[2.874s] Invoking command in '/home/sfr2024/assessment/team3_project/src/imu': PYTHONPATH=/home/sfr2024/assessment/team3_project/build/imu/prefix_override:/usr/lib/python3/dist-packages/colcon_core/task/python/colcon_distutils_commands:/home/sfr2024/assessment/team3_project/install/imu/lib/python3.10/site-packages:${PYTHONPATH} /usr/bin/python3 -W ignore:setup.py install is deprecated setup.py egg_info --egg-base ../../build/imu build --build-base /home/sfr2024/assessment/team3_project/build/imu/build install --record /home/sfr2024/assessment/team3_project/build/imu/install.log --single-version-externally-managed install_data
[3.448s] running egg_info
[3.449s] writing ../../build/imu/imu.egg-info/PKG-INFO
[3.450s] writing dependency_links to ../../build/imu/imu.egg-info/dependency_links.txt
[3.451s] writing entry points to ../../build/imu/imu.egg-info/entry_points.txt
[3.451s] writing requirements to ../../build/imu/imu.egg-info/requires.txt
[3.452s] writing top-level names to ../../build/imu/imu.egg-info/top_level.txt
[3.456s] reading manifest file '../../build/imu/imu.egg-info/SOURCES.txt'
[3.459s] writing manifest file '../../build/imu/imu.egg-info/SOURCES.txt'
[3.460s] running build
[3.460s] running build_py
[3.462s] running install
[3.462s] running install_lib
[3.466s] running install_data
[3.467s] running install_egg_info
[3.474s] removing '/home/sfr2024/assessment/team3_project/install/imu/lib/python3.10/site-packages/imu-0.0.0-py3.10.egg-info' (and everything under it)
[3.478s] Copying ../../build/imu/imu.egg-info to /home/sfr2024/assessment/team3_project/install/imu/lib/python3.10/site-packages/imu-0.0.0-py3.10.egg-info
[3.478s] running install_scripts
[3.533s] Installing imu_node script to /home/sfr2024/assessment/team3_project/install/imu/lib/imu
[3.533s] writing list of installed files to '/home/sfr2024/assessment/team3_project/build/imu/install.log'
[3.602s] Invoked command in '/home/sfr2024/assessment/team3_project/src/imu' returned '0': PYTHONPATH=/home/sfr2024/assessment/team3_project/build/imu/prefix_override:/usr/lib/python3/dist-packages/colcon_core/task/python/colcon_distutils_commands:/home/sfr2024/assessment/team3_project/install/imu/lib/python3.10/site-packages:${PYTHONPATH} /usr/bin/python3 -W ignore:setup.py install is deprecated setup.py egg_info --egg-base ../../build/imu build --build-base /home/sfr2024/assessment/team3_project/build/imu/build install --record /home/sfr2024/assessment/team3_project/build/imu/install.log --single-version-externally-managed install_data
