[4.453s] Invoking command in '/home/sfr2024/assessment/team3_project/src/data_integration': PYTHONPATH=/home/sfr2024/assessment/team3_project/build/data_integration/prefix_override:/usr/lib/python3/dist-packages/colcon_core/task/python/colcon_distutils_commands:/home/sfr2024/assessment/team3_project/install/data_integration/lib/python3.10/site-packages:${PYTHONPATH} /usr/bin/python3 -W ignore:setup.py install is deprecated setup.py egg_info --egg-base ../../build/data_integration build --build-base /home/sfr2024/assessment/team3_project/build/data_integration/build install --record /home/sfr2024/assessment/team3_project/build/data_integration/install.log --single-version-externally-managed install_data
[5.566s] running egg_info
[5.569s] writing ../../build/data_integration/data_integration.egg-info/PKG-INFO
[5.570s] writing dependency_links to ../../build/data_integration/data_integration.egg-info/dependency_links.txt
[5.570s] writing entry points to ../../build/data_integration/data_integration.egg-info/entry_points.txt
[5.571s] writing requirements to ../../build/data_integration/data_integration.egg-info/requires.txt
[5.571s] writing top-level names to ../../build/data_integration/data_integration.egg-info/top_level.txt
[5.578s] reading manifest file '../../build/data_integration/data_integration.egg-info/SOURCES.txt'
[5.581s] writing manifest file '../../build/data_integration/data_integration.egg-info/SOURCES.txt'
[5.581s] running build
[5.582s] running build_py
[5.582s] running install
[5.584s] running install_lib
[5.589s] running install_data
[5.595s] running install_egg_info
[5.602s] removing '/home/sfr2024/assessment/team3_project/install/data_integration/lib/python3.10/site-packages/data_integration-0.0.0-py3.10.egg-info' (and everything under it)
[5.605s] Copying ../../build/data_integration/data_integration.egg-info to /home/sfr2024/assessment/team3_project/install/data_integration/lib/python3.10/site-packages/data_integration-0.0.0-py3.10.egg-info
[5.609s] running install_scripts
[5.701s] Installing data_integration_node script to /home/sfr2024/assessment/team3_project/install/data_integration/lib/data_integration
[5.703s] writing list of installed files to '/home/sfr2024/assessment/team3_project/build/data_integration/install.log'
[5.802s] Invoked command in '/home/sfr2024/assessment/team3_project/src/data_integration' returned '0': PYTHONPATH=/home/sfr2024/assessment/team3_project/build/data_integration/prefix_override:/usr/lib/python3/dist-packages/colcon_core/task/python/colcon_distutils_commands:/home/sfr2024/assessment/team3_project/install/data_integration/lib/python3.10/site-packages:${PYTHONPATH} /usr/bin/python3 -W ignore:setup.py install is deprecated setup.py egg_info --egg-base ../../build/data_integration build --build-base /home/sfr2024/assessment/team3_project/build/data_integration/build install --record /home/sfr2024/assessment/team3_project/build/data_integration/install.log --single-version-externally-managed install_data
