running egg_info
writing ../../build/map/map.egg-info/PKG-INFO
writing dependency_links to ../../build/map/map.egg-info/dependency_links.txt
writing entry points to ../../build/map/map.egg-info/entry_points.txt
writing requirements to ../../build/map/map.egg-info/requires.txt
writing top-level names to ../../build/map/map.egg-info/top_level.txt
reading manifest file '../../build/map/map.egg-info/SOURCES.txt'
writing manifest file '../../build/map/map.egg-info/SOURCES.txt'
running build
running build_py
running install
running install_lib
byte-compiling /home/mscrobotics2425laptop14/Desktop/project/team3/team3-project/install/map/lib/python3.10/site-packages/map/map_node.py to map_node.cpython-310.pyc
byte-compiling /home/mscrobotics2425laptop14/Desktop/project/team3/team3-project/install/map/lib/python3.10/site-packages/map/__init__.py to __init__.cpython-310.pyc
running install_data
running install_egg_info
removing '/home/mscrobotics2425laptop14/Desktop/project/team3/team3-project/install/map/lib/python3.10/site-packages/map-0.0.0-py3.10.egg-info' (and everything under it)
Copying ../../build/map/map.egg-info to /home/mscrobotics2425laptop14/Desktop/project/team3/team3-project/install/map/lib/python3.10/site-packages/map-0.0.0-py3.10.egg-info
running install_scripts
Installing map_node script to /home/mscrobotics2425laptop14/Desktop/project/team3/team3-project/install/map/lib/map
writing list of installed files to '/home/mscrobotics2425laptop14/Desktop/project/team3/team3-project/build/map/install.log'
