[0.092s] DEBUG:colcon:Command line arguments: ['/usr/bin/colcon', 'build']
[0.092s] DEBUG:colcon:Parsed command line arguments: Namespace(log_base=None, log_level=None, verb_name='build', build_base='build', install_base='install', merge_install=False, symlink_install=False, test_result_base=None, continue_on_error=False, executor='parallel', parallel_workers=10, event_handlers=None, ignore_user_meta=False, metas=['./colcon.meta'], base_paths=['.'], packages_ignore=None, packages_ignore_regex=None, paths=None, packages_up_to=None, packages_up_to_regex=None, packages_above=None, packages_above_and_dependencies=None, packages_above_depth=None, packages_select_by_dep=None, packages_skip_by_dep=None, packages_skip_up_to=None, packages_select_build_failed=False, packages_skip_build_finished=False, packages_select_test_failures=False, packages_skip_test_passed=False, packages_select=None, packages_skip=None, packages_select_regex=None, packages_skip_regex=None, packages_start=None, packages_end=None, allow_overriding=[], cmake_args=None, cmake_target=None, cmake_target_skip_unavailable=False, cmake_clean_cache=False, cmake_clean_first=False, cmake_force_configure=False, ament_cmake_args=None, catkin_cmake_args=None, catkin_skip_building_tests=False, mixin_files=None, mixin=None, verb_parser=<colcon_mixin.mixin.mixin_argument.MixinArgumentDecorator object at 0x77de4d04d030>, verb_extension=<colcon_core.verb.build.BuildVerb object at 0x77de4d1595d0>, main=<bound method BuildVerb.main of <colcon_core.verb.build.BuildVerb object at 0x77de4d1595d0>>, mixin_verb=('build',))
[0.252s] Level 1:colcon.colcon_core.package_discovery:discover_packages(colcon_meta) check parameters
[0.252s] Level 1:colcon.colcon_core.package_discovery:discover_packages(recursive) check parameters
[0.252s] Level 1:colcon.colcon_core.package_discovery:discover_packages(ignore) check parameters
[0.252s] Level 1:colcon.colcon_core.package_discovery:discover_packages(path) check parameters
[0.252s] Level 1:colcon.colcon_core.package_discovery:discover_packages(colcon_meta) discover
[0.253s] Level 1:colcon.colcon_core.package_discovery:discover_packages(recursive) discover
[0.253s] INFO:colcon.colcon_core.package_discovery:Crawling recursively for packages in '/home/sfr2024/assessment/team3_project'
[0.253s] Level 1:colcon.colcon_core.package_identification:_identify(.) by extensions ['ignore', 'ignore_ament_install']
[0.253s] Level 1:colcon.colcon_core.package_identification:_identify(.) by extension 'ignore'
[0.253s] Level 1:colcon.colcon_core.package_identification:_identify(.) by extension 'ignore_ament_install'
[0.253s] Level 1:colcon.colcon_core.package_identification:_identify(.) by extensions ['colcon_pkg']
[0.253s] Level 1:colcon.colcon_core.package_identification:_identify(.) by extension 'colcon_pkg'
[0.253s] Level 1:colcon.colcon_core.package_identification:_identify(.) by extensions ['colcon_meta']
[0.253s] Level 1:colcon.colcon_core.package_identification:_identify(.) by extension 'colcon_meta'
[0.253s] Level 1:colcon.colcon_core.package_identification:_identify(.) by extensions ['ros']
[0.253s] Level 1:colcon.colcon_core.package_identification:_identify(.) by extension 'ros'
[0.267s] Level 1:colcon.colcon_core.package_identification:_identify(.) by extensions ['cmake', 'python']
[0.267s] Level 1:colcon.colcon_core.package_identification:_identify(.) by extension 'cmake'
[0.267s] Level 1:colcon.colcon_core.package_identification:_identify(.) by extension 'python'
[0.267s] Level 1:colcon.colcon_core.package_identification:_identify(.) by extensions ['python_setup_py']
[0.267s] Level 1:colcon.colcon_core.package_identification:_identify(.) by extension 'python_setup_py'
[0.267s] Level 1:colcon.colcon_core.package_identification:_identify(build) by extensions ['ignore', 'ignore_ament_install']
[0.267s] Level 1:colcon.colcon_core.package_identification:_identify(build) by extension 'ignore'
[0.267s] Level 1:colcon.colcon_core.package_identification:_identify(build) ignored
[0.268s] Level 1:colcon.colcon_core.package_identification:_identify(install) by extensions ['ignore', 'ignore_ament_install']
[0.268s] Level 1:colcon.colcon_core.package_identification:_identify(install) by extension 'ignore'
[0.268s] Level 1:colcon.colcon_core.package_identification:_identify(install) ignored
[0.268s] Level 1:colcon.colcon_core.package_identification:_identify(log) by extensions ['ignore', 'ignore_ament_install']
[0.268s] Level 1:colcon.colcon_core.package_identification:_identify(log) by extension 'ignore'
[0.268s] Level 1:colcon.colcon_core.package_identification:_identify(log) ignored
[0.268s] Level 1:colcon.colcon_core.package_identification:_identify(src) by extensions ['ignore', 'ignore_ament_install']
[0.268s] Level 1:colcon.colcon_core.package_identification:_identify(src) by extension 'ignore'
[0.268s] Level 1:colcon.colcon_core.package_identification:_identify(src) by extension 'ignore_ament_install'
[0.269s] Level 1:colcon.colcon_core.package_identification:_identify(src) by extensions ['colcon_pkg']
[0.269s] Level 1:colcon.colcon_core.package_identification:_identify(src) by extension 'colcon_pkg'
[0.269s] Level 1:colcon.colcon_core.package_identification:_identify(src) by extensions ['colcon_meta']
[0.269s] Level 1:colcon.colcon_core.package_identification:_identify(src) by extension 'colcon_meta'
[0.269s] Level 1:colcon.colcon_core.package_identification:_identify(src) by extensions ['ros']
[0.269s] Level 1:colcon.colcon_core.package_identification:_identify(src) by extension 'ros'
[0.269s] Level 1:colcon.colcon_core.package_identification:_identify(src) by extensions ['cmake', 'python']
[0.269s] Level 1:colcon.colcon_core.package_identification:_identify(src) by extension 'cmake'
[0.269s] Level 1:colcon.colcon_core.package_identification:_identify(src) by extension 'python'
[0.269s] Level 1:colcon.colcon_core.package_identification:_identify(src) by extensions ['python_setup_py']
[0.269s] Level 1:colcon.colcon_core.package_identification:_identify(src) by extension 'python_setup_py'
[0.269s] Level 1:colcon.colcon_core.package_identification:_identify(src/camera) by extensions ['ignore', 'ignore_ament_install']
[0.269s] Level 1:colcon.colcon_core.package_identification:_identify(src/camera) by extension 'ignore'
[0.270s] Level 1:colcon.colcon_core.package_identification:_identify(src/camera) by extension 'ignore_ament_install'
[0.270s] Level 1:colcon.colcon_core.package_identification:_identify(src/camera) by extensions ['colcon_pkg']
[0.270s] Level 1:colcon.colcon_core.package_identification:_identify(src/camera) by extension 'colcon_pkg'
[0.270s] Level 1:colcon.colcon_core.package_identification:_identify(src/camera) by extensions ['colcon_meta']
[0.270s] Level 1:colcon.colcon_core.package_identification:_identify(src/camera) by extension 'colcon_meta'
[0.270s] Level 1:colcon.colcon_core.package_identification:_identify(src/camera) by extensions ['ros']
[0.270s] Level 1:colcon.colcon_core.package_identification:_identify(src/camera) by extension 'ros'
[0.275s] DEBUG:colcon.colcon_core.package_identification:Package 'src/camera' with type 'ros.ament_python' and name 'camera'
[0.275s] Level 1:colcon.colcon_core.package_identification:_identify(src/controller_server) by extensions ['ignore', 'ignore_ament_install']
[0.275s] Level 1:colcon.colcon_core.package_identification:_identify(src/controller_server) by extension 'ignore'
[0.276s] Level 1:colcon.colcon_core.package_identification:_identify(src/controller_server) by extension 'ignore_ament_install'
[0.276s] Level 1:colcon.colcon_core.package_identification:_identify(src/controller_server) by extensions ['colcon_pkg']
[0.276s] Level 1:colcon.colcon_core.package_identification:_identify(src/controller_server) by extension 'colcon_pkg'
[0.276s] Level 1:colcon.colcon_core.package_identification:_identify(src/controller_server) by extensions ['colcon_meta']
[0.276s] Level 1:colcon.colcon_core.package_identification:_identify(src/controller_server) by extension 'colcon_meta'
[0.276s] Level 1:colcon.colcon_core.package_identification:_identify(src/controller_server) by extensions ['ros']
[0.276s] Level 1:colcon.colcon_core.package_identification:_identify(src/controller_server) by extension 'ros'
[0.277s] DEBUG:colcon.colcon_core.package_identification:Package 'src/controller_server' with type 'ros.ament_python' and name 'controller_server'
[0.277s] Level 1:colcon.colcon_core.package_identification:_identify(src/imu) by extensions ['ignore', 'ignore_ament_install']
[0.277s] Level 1:colcon.colcon_core.package_identification:_identify(src/imu) by extension 'ignore'
[0.277s] Level 1:colcon.colcon_core.package_identification:_identify(src/imu) by extension 'ignore_ament_install'
[0.277s] Level 1:colcon.colcon_core.package_identification:_identify(src/imu) by extensions ['colcon_pkg']
[0.278s] Level 1:colcon.colcon_core.package_identification:_identify(src/imu) by extension 'colcon_pkg'
[0.278s] Level 1:colcon.colcon_core.package_identification:_identify(src/imu) by extensions ['colcon_meta']
[0.278s] Level 1:colcon.colcon_core.package_identification:_identify(src/imu) by extension 'colcon_meta'
[0.278s] Level 1:colcon.colcon_core.package_identification:_identify(src/imu) by extensions ['ros']
[0.278s] Level 1:colcon.colcon_core.package_identification:_identify(src/imu) by extension 'ros'
[0.279s] DEBUG:colcon.colcon_core.package_identification:Package 'src/imu' with type 'ros.ament_python' and name 'imu'
[0.279s] Level 1:colcon.colcon_core.package_identification:_identify(src/leo_rover) by extensions ['ignore', 'ignore_ament_install']
[0.279s] Level 1:colcon.colcon_core.package_identification:_identify(src/leo_rover) by extension 'ignore'
[0.279s] Level 1:colcon.colcon_core.package_identification:_identify(src/leo_rover) by extension 'ignore_ament_install'
[0.279s] Level 1:colcon.colcon_core.package_identification:_identify(src/leo_rover) by extensions ['colcon_pkg']
[0.279s] Level 1:colcon.colcon_core.package_identification:_identify(src/leo_rover) by extension 'colcon_pkg'
[0.279s] Level 1:colcon.colcon_core.package_identification:_identify(src/leo_rover) by extensions ['colcon_meta']
[0.279s] Level 1:colcon.colcon_core.package_identification:_identify(src/leo_rover) by extension 'colcon_meta'
[0.279s] Level 1:colcon.colcon_core.package_identification:_identify(src/leo_rover) by extensions ['ros']
[0.279s] Level 1:colcon.colcon_core.package_identification:_identify(src/leo_rover) by extension 'ros'
[0.280s] DEBUG:colcon.colcon_core.package_identification:Package 'src/leo_rover' with type 'ros.ament_python' and name 'leo_rover'
[0.280s] Level 1:colcon.colcon_core.package_identification:_identify(src/lidar) by extensions ['ignore', 'ignore_ament_install']
[0.280s] Level 1:colcon.colcon_core.package_identification:_identify(src/lidar) by extension 'ignore'
[0.280s] Level 1:colcon.colcon_core.package_identification:_identify(src/lidar) by extension 'ignore_ament_install'
[0.280s] Level 1:colcon.colcon_core.package_identification:_identify(src/lidar) by extensions ['colcon_pkg']
[0.280s] Level 1:colcon.colcon_core.package_identification:_identify(src/lidar) by extension 'colcon_pkg'
[0.280s] Level 1:colcon.colcon_core.package_identification:_identify(src/lidar) by extensions ['colcon_meta']
[0.280s] Level 1:colcon.colcon_core.package_identification:_identify(src/lidar) by extension 'colcon_meta'
[0.280s] Level 1:colcon.colcon_core.package_identification:_identify(src/lidar) by extensions ['ros']
[0.280s] Level 1:colcon.colcon_core.package_identification:_identify(src/lidar) by extension 'ros'
[0.280s] DEBUG:colcon.colcon_core.package_identification:Package 'src/lidar' with type 'ros.ament_python' and name 'lidar'
[0.280s] Level 1:colcon.colcon_core.package_identification:_identify(src/map) by extensions ['ignore', 'ignore_ament_install']
[0.280s] Level 1:colcon.colcon_core.package_identification:_identify(src/map) by extension 'ignore'
[0.281s] Level 1:colcon.colcon_core.package_identification:_identify(src/map) by extension 'ignore_ament_install'
[0.281s] Level 1:colcon.colcon_core.package_identification:_identify(src/map) by extensions ['colcon_pkg']
[0.281s] Level 1:colcon.colcon_core.package_identification:_identify(src/map) by extension 'colcon_pkg'
[0.281s] Level 1:colcon.colcon_core.package_identification:_identify(src/map) by extensions ['colcon_meta']
[0.281s] Level 1:colcon.colcon_core.package_identification:_identify(src/map) by extension 'colcon_meta'
[0.281s] Level 1:colcon.colcon_core.package_identification:_identify(src/map) by extensions ['ros']
[0.281s] Level 1:colcon.colcon_core.package_identification:_identify(src/map) by extension 'ros'
[0.281s] DEBUG:colcon.colcon_core.package_identification:Package 'src/map' with type 'ros.ament_python' and name 'map'
[0.281s] Level 1:colcon.colcon_core.package_identification:_identify(src/navigation) by extensions ['ignore', 'ignore_ament_install']
[0.281s] Level 1:colcon.colcon_core.package_identification:_identify(src/navigation) by extension 'ignore'
[0.281s] Level 1:colcon.colcon_core.package_identification:_identify(src/navigation) by extension 'ignore_ament_install'
[0.281s] Level 1:colcon.colcon_core.package_identification:_identify(src/navigation) by extensions ['colcon_pkg']
[0.281s] Level 1:colcon.colcon_core.package_identification:_identify(src/navigation) by extension 'colcon_pkg'
[0.281s] Level 1:colcon.colcon_core.package_identification:_identify(src/navigation) by extensions ['colcon_meta']
[0.281s] Level 1:colcon.colcon_core.package_identification:_identify(src/navigation) by extension 'colcon_meta'
[0.281s] Level 1:colcon.colcon_core.package_identification:_identify(src/navigation) by extensions ['ros']
[0.281s] Level 1:colcon.colcon_core.package_identification:_identify(src/navigation) by extension 'ros'
[0.282s] DEBUG:colcon.colcon_core.package_identification:Package 'src/navigation' with type 'ros.ament_python' and name 'navigation'
[0.282s] Level 1:colcon.colcon_core.package_identification:_identify(src/nuc) by extensions ['ignore', 'ignore_ament_install']
[0.282s] Level 1:colcon.colcon_core.package_identification:_identify(src/nuc) by extension 'ignore'
[0.282s] Level 1:colcon.colcon_core.package_identification:_identify(src/nuc) by extension 'ignore_ament_install'
[0.282s] Level 1:colcon.colcon_core.package_identification:_identify(src/nuc) by extensions ['colcon_pkg']
[0.282s] Level 1:colcon.colcon_core.package_identification:_identify(src/nuc) by extension 'colcon_pkg'
[0.282s] Level 1:colcon.colcon_core.package_identification:_identify(src/nuc) by extensions ['colcon_meta']
[0.282s] Level 1:colcon.colcon_core.package_identification:_identify(src/nuc) by extension 'colcon_meta'
[0.282s] Level 1:colcon.colcon_core.package_identification:_identify(src/nuc) by extensions ['ros']
[0.282s] Level 1:colcon.colcon_core.package_identification:_identify(src/nuc) by extension 'ros'
[0.283s] DEBUG:colcon.colcon_core.package_identification:Package 'src/nuc' with type 'ros.ament_python' and name 'nuc'
[0.283s] Level 1:colcon.colcon_core.package_identification:_identify(src/robotic_arm) by extensions ['ignore', 'ignore_ament_install']
[0.283s] Level 1:colcon.colcon_core.package_identification:_identify(src/robotic_arm) by extension 'ignore'
[0.283s] Level 1:colcon.colcon_core.package_identification:_identify(src/robotic_arm) by extension 'ignore_ament_install'
[0.283s] Level 1:colcon.colcon_core.package_identification:_identify(src/robotic_arm) by extensions ['colcon_pkg']
[0.283s] Level 1:colcon.colcon_core.package_identification:_identify(src/robotic_arm) by extension 'colcon_pkg'
[0.283s] Level 1:colcon.colcon_core.package_identification:_identify(src/robotic_arm) by extensions ['colcon_meta']
[0.283s] Level 1:colcon.colcon_core.package_identification:_identify(src/robotic_arm) by extension 'colcon_meta'
[0.283s] Level 1:colcon.colcon_core.package_identification:_identify(src/robotic_arm) by extensions ['ros']
[0.283s] Level 1:colcon.colcon_core.package_identification:_identify(src/robotic_arm) by extension 'ros'
[0.284s] DEBUG:colcon.colcon_core.package_identification:Package 'src/robotic_arm' with type 'ros.ament_python' and name 'robotic_arm'
[0.284s] Level 1:colcon.colcon_core.package_discovery:discover_packages(recursive) using defaults
[0.284s] Level 1:colcon.colcon_core.package_discovery:discover_packages(ignore) discover
[0.284s] Level 1:colcon.colcon_core.package_discovery:discover_packages(ignore) using defaults
[0.284s] Level 1:colcon.colcon_core.package_discovery:discover_packages(path) discover
[0.284s] Level 1:colcon.colcon_core.package_discovery:discover_packages(path) using defaults
[0.312s] Level 1:colcon.colcon_core.package_discovery:discover_packages(prefix_path) check parameters
[0.312s] Level 1:colcon.colcon_core.package_discovery:discover_packages(prefix_path) discover
[0.314s] DEBUG:colcon.colcon_installed_package_information.package_discovery:Found 10 installed packages in /home/sfr2024/assessment/team3_project/install
[0.314s] DEBUG:colcon.colcon_installed_package_information.package_discovery:Found 18 installed packages in /home/sfr2024/ros2_tutorial_workspace/install
[0.315s] DEBUG:colcon.colcon_installed_package_information.package_discovery:Found 339 installed packages in /opt/ros/humble
[0.316s] Level 1:colcon.colcon_core.package_discovery:discover_packages(prefix_path) using defaults
[0.346s] Level 5:colcon.colcon_core.verb:set package 'camera' build argument 'cmake_args' from command line to 'None'
[0.346s] Level 5:colcon.colcon_core.verb:set package 'camera' build argument 'cmake_target' from command line to 'None'
[0.346s] Level 5:colcon.colcon_core.verb:set package 'camera' build argument 'cmake_target_skip_unavailable' from command line to 'False'
[0.346s] Level 5:colcon.colcon_core.verb:set package 'camera' build argument 'cmake_clean_cache' from command line to 'False'
[0.346s] Level 5:colcon.colcon_core.verb:set package 'camera' build argument 'cmake_clean_first' from command line to 'False'
[0.346s] Level 5:colcon.colcon_core.verb:set package 'camera' build argument 'cmake_force_configure' from command line to 'False'
[0.346s] Level 5:colcon.colcon_core.verb:set package 'camera' build argument 'ament_cmake_args' from command line to 'None'
[0.346s] Level 5:colcon.colcon_core.verb:set package 'camera' build argument 'catkin_cmake_args' from command line to 'None'
[0.346s] Level 5:colcon.colcon_core.verb:set package 'camera' build argument 'catkin_skip_building_tests' from command line to 'False'
[0.347s] DEBUG:colcon.colcon_core.verb:Building package 'camera' with the following arguments: {'ament_cmake_args': None, 'build_base': '/home/sfr2024/assessment/team3_project/build/camera', 'catkin_cmake_args': None, 'catkin_skip_building_tests': False, 'cmake_args': None, 'cmake_clean_cache': False, 'cmake_clean_first': False, 'cmake_force_configure': False, 'cmake_target': None, 'cmake_target_skip_unavailable': False, 'install_base': '/home/sfr2024/assessment/team3_project/install/camera', 'merge_install': False, 'path': '/home/sfr2024/assessment/team3_project/src/camera', 'symlink_install': False, 'test_result_base': None}
[0.347s] Level 5:colcon.colcon_core.verb:set package 'controller_server' build argument 'cmake_args' from command line to 'None'
[0.347s] Level 5:colcon.colcon_core.verb:set package 'controller_server' build argument 'cmake_target' from command line to 'None'
[0.347s] Level 5:colcon.colcon_core.verb:set package 'controller_server' build argument 'cmake_target_skip_unavailable' from command line to 'False'
[0.347s] Level 5:colcon.colcon_core.verb:set package 'controller_server' build argument 'cmake_clean_cache' from command line to 'False'
[0.347s] Level 5:colcon.colcon_core.verb:set package 'controller_server' build argument 'cmake_clean_first' from command line to 'False'
[0.347s] Level 5:colcon.colcon_core.verb:set package 'controller_server' build argument 'cmake_force_configure' from command line to 'False'
[0.347s] Level 5:colcon.colcon_core.verb:set package 'controller_server' build argument 'ament_cmake_args' from command line to 'None'
[0.347s] Level 5:colcon.colcon_core.verb:set package 'controller_server' build argument 'catkin_cmake_args' from command line to 'None'
[0.347s] Level 5:colcon.colcon_core.verb:set package 'controller_server' build argument 'catkin_skip_building_tests' from command line to 'False'
[0.347s] DEBUG:colcon.colcon_core.verb:Building package 'controller_server' with the following arguments: {'ament_cmake_args': None, 'build_base': '/home/sfr2024/assessment/team3_project/build/controller_server', 'catkin_cmake_args': None, 'catkin_skip_building_tests': False, 'cmake_args': None, 'cmake_clean_cache': False, 'cmake_clean_first': False, 'cmake_force_configure': False, 'cmake_target': None, 'cmake_target_skip_unavailable': False, 'install_base': '/home/sfr2024/assessment/team3_project/install/controller_server', 'merge_install': False, 'path': '/home/sfr2024/assessment/team3_project/src/controller_server', 'symlink_install': False, 'test_result_base': None}
[0.347s] Level 5:colcon.colcon_core.verb:set package 'imu' build argument 'cmake_args' from command line to 'None'
[0.347s] Level 5:colcon.colcon_core.verb:set package 'imu' build argument 'cmake_target' from command line to 'None'
[0.347s] Level 5:colcon.colcon_core.verb:set package 'imu' build argument 'cmake_target_skip_unavailable' from command line to 'False'
[0.347s] Level 5:colcon.colcon_core.verb:set package 'imu' build argument 'cmake_clean_cache' from command line to 'False'
[0.347s] Level 5:colcon.colcon_core.verb:set package 'imu' build argument 'cmake_clean_first' from command line to 'False'
[0.347s] Level 5:colcon.colcon_core.verb:set package 'imu' build argument 'cmake_force_configure' from command line to 'False'
[0.347s] Level 5:colcon.colcon_core.verb:set package 'imu' build argument 'ament_cmake_args' from command line to 'None'
[0.347s] Level 5:colcon.colcon_core.verb:set package 'imu' build argument 'catkin_cmake_args' from command line to 'None'
[0.347s] Level 5:colcon.colcon_core.verb:set package 'imu' build argument 'catkin_skip_building_tests' from command line to 'False'
[0.347s] DEBUG:colcon.colcon_core.verb:Building package 'imu' with the following arguments: {'ament_cmake_args': None, 'build_base': '/home/sfr2024/assessment/team3_project/build/imu', 'catkin_cmake_args': None, 'catkin_skip_building_tests': False, 'cmake_args': None, 'cmake_clean_cache': False, 'cmake_clean_first': False, 'cmake_force_configure': False, 'cmake_target': None, 'cmake_target_skip_unavailable': False, 'install_base': '/home/sfr2024/assessment/team3_project/install/imu', 'merge_install': False, 'path': '/home/sfr2024/assessment/team3_project/src/imu', 'symlink_install': False, 'test_result_base': None}
[0.348s] Level 5:colcon.colcon_core.verb:set package 'leo_rover' build argument 'cmake_args' from command line to 'None'
[0.348s] Level 5:colcon.colcon_core.verb:set package 'leo_rover' build argument 'cmake_target' from command line to 'None'
[0.348s] Level 5:colcon.colcon_core.verb:set package 'leo_rover' build argument 'cmake_target_skip_unavailable' from command line to 'False'
[0.348s] Level 5:colcon.colcon_core.verb:set package 'leo_rover' build argument 'cmake_clean_cache' from command line to 'False'
[0.348s] Level 5:colcon.colcon_core.verb:set package 'leo_rover' build argument 'cmake_clean_first' from command line to 'False'
[0.348s] Level 5:colcon.colcon_core.verb:set package 'leo_rover' build argument 'cmake_force_configure' from command line to 'False'
[0.348s] Level 5:colcon.colcon_core.verb:set package 'leo_rover' build argument 'ament_cmake_args' from command line to 'None'
[0.348s] Level 5:colcon.colcon_core.verb:set package 'leo_rover' build argument 'catkin_cmake_args' from command line to 'None'
[0.348s] Level 5:colcon.colcon_core.verb:set package 'leo_rover' build argument 'catkin_skip_building_tests' from command line to 'False'
[0.348s] DEBUG:colcon.colcon_core.verb:Building package 'leo_rover' with the following arguments: {'ament_cmake_args': None, 'build_base': '/home/sfr2024/assessment/team3_project/build/leo_rover', 'catkin_cmake_args': None, 'catkin_skip_building_tests': False, 'cmake_args': None, 'cmake_clean_cache': False, 'cmake_clean_first': False, 'cmake_force_configure': False, 'cmake_target': None, 'cmake_target_skip_unavailable': False, 'install_base': '/home/sfr2024/assessment/team3_project/install/leo_rover', 'merge_install': False, 'path': '/home/sfr2024/assessment/team3_project/src/leo_rover', 'symlink_install': False, 'test_result_base': None}
[0.348s] Level 5:colcon.colcon_core.verb:set package 'lidar' build argument 'cmake_args' from command line to 'None'
[0.348s] Level 5:colcon.colcon_core.verb:set package 'lidar' build argument 'cmake_target' from command line to 'None'
[0.348s] Level 5:colcon.colcon_core.verb:set package 'lidar' build argument 'cmake_target_skip_unavailable' from command line to 'False'
[0.348s] Level 5:colcon.colcon_core.verb:set package 'lidar' build argument 'cmake_clean_cache' from command line to 'False'
[0.348s] Level 5:colcon.colcon_core.verb:set package 'lidar' build argument 'cmake_clean_first' from command line to 'False'
[0.348s] Level 5:colcon.colcon_core.verb:set package 'lidar' build argument 'cmake_force_configure' from command line to 'False'
[0.348s] Level 5:colcon.colcon_core.verb:set package 'lidar' build argument 'ament_cmake_args' from command line to 'None'
[0.348s] Level 5:colcon.colcon_core.verb:set package 'lidar' build argument 'catkin_cmake_args' from command line to 'None'
[0.348s] Level 5:colcon.colcon_core.verb:set package 'lidar' build argument 'catkin_skip_building_tests' from command line to 'False'
[0.348s] DEBUG:colcon.colcon_core.verb:Building package 'lidar' with the following arguments: {'ament_cmake_args': None, 'build_base': '/home/sfr2024/assessment/team3_project/build/lidar', 'catkin_cmake_args': None, 'catkin_skip_building_tests': False, 'cmake_args': None, 'cmake_clean_cache': False, 'cmake_clean_first': False, 'cmake_force_configure': False, 'cmake_target': None, 'cmake_target_skip_unavailable': False, 'install_base': '/home/sfr2024/assessment/team3_project/install/lidar', 'merge_install': False, 'path': '/home/sfr2024/assessment/team3_project/src/lidar', 'symlink_install': False, 'test_result_base': None}
[0.348s] Level 5:colcon.colcon_core.verb:set package 'map' build argument 'cmake_args' from command line to 'None'
[0.348s] Level 5:colcon.colcon_core.verb:set package 'map' build argument 'cmake_target' from command line to 'None'
[0.348s] Level 5:colcon.colcon_core.verb:set package 'map' build argument 'cmake_target_skip_unavailable' from command line to 'False'
[0.348s] Level 5:colcon.colcon_core.verb:set package 'map' build argument 'cmake_clean_cache' from command line to 'False'
[0.348s] Level 5:colcon.colcon_core.verb:set package 'map' build argument 'cmake_clean_first' from command line to 'False'
[0.348s] Level 5:colcon.colcon_core.verb:set package 'map' build argument 'cmake_force_configure' from command line to 'False'
[0.348s] Level 5:colcon.colcon_core.verb:set package 'map' build argument 'ament_cmake_args' from command line to 'None'
[0.349s] Level 5:colcon.colcon_core.verb:set package 'map' build argument 'catkin_cmake_args' from command line to 'None'
[0.349s] Level 5:colcon.colcon_core.verb:set package 'map' build argument 'catkin_skip_building_tests' from command line to 'False'
[0.349s] DEBUG:colcon.colcon_core.verb:Building package 'map' with the following arguments: {'ament_cmake_args': None, 'build_base': '/home/sfr2024/assessment/team3_project/build/map', 'catkin_cmake_args': None, 'catkin_skip_building_tests': False, 'cmake_args': None, 'cmake_clean_cache': False, 'cmake_clean_first': False, 'cmake_force_configure': False, 'cmake_target': None, 'cmake_target_skip_unavailable': False, 'install_base': '/home/sfr2024/assessment/team3_project/install/map', 'merge_install': False, 'path': '/home/sfr2024/assessment/team3_project/src/map', 'symlink_install': False, 'test_result_base': None}
[0.349s] Level 5:colcon.colcon_core.verb:set package 'navigation' build argument 'cmake_args' from command line to 'None'
[0.349s] Level 5:colcon.colcon_core.verb:set package 'navigation' build argument 'cmake_target' from command line to 'None'
[0.349s] Level 5:colcon.colcon_core.verb:set package 'navigation' build argument 'cmake_target_skip_unavailable' from command line to 'False'
[0.349s] Level 5:colcon.colcon_core.verb:set package 'navigation' build argument 'cmake_clean_cache' from command line to 'False'
[0.349s] Level 5:colcon.colcon_core.verb:set package 'navigation' build argument 'cmake_clean_first' from command line to 'False'
[0.349s] Level 5:colcon.colcon_core.verb:set package 'navigation' build argument 'cmake_force_configure' from command line to 'False'
[0.349s] Level 5:colcon.colcon_core.verb:set package 'navigation' build argument 'ament_cmake_args' from command line to 'None'
[0.349s] Level 5:colcon.colcon_core.verb:set package 'navigation' build argument 'catkin_cmake_args' from command line to 'None'
[0.349s] Level 5:colcon.colcon_core.verb:set package 'navigation' build argument 'catkin_skip_building_tests' from command line to 'False'
[0.349s] DEBUG:colcon.colcon_core.verb:Building package 'navigation' with the following arguments: {'ament_cmake_args': None, 'build_base': '/home/sfr2024/assessment/team3_project/build/navigation', 'catkin_cmake_args': None, 'catkin_skip_building_tests': False, 'cmake_args': None, 'cmake_clean_cache': False, 'cmake_clean_first': False, 'cmake_force_configure': False, 'cmake_target': None, 'cmake_target_skip_unavailable': False, 'install_base': '/home/sfr2024/assessment/team3_project/install/navigation', 'merge_install': False, 'path': '/home/sfr2024/assessment/team3_project/src/navigation', 'symlink_install': False, 'test_result_base': None}
[0.349s] Level 5:colcon.colcon_core.verb:set package 'nuc' build argument 'cmake_args' from command line to 'None'
[0.349s] Level 5:colcon.colcon_core.verb:set package 'nuc' build argument 'cmake_target' from command line to 'None'
[0.349s] Level 5:colcon.colcon_core.verb:set package 'nuc' build argument 'cmake_target_skip_unavailable' from command line to 'False'
[0.349s] Level 5:colcon.colcon_core.verb:set package 'nuc' build argument 'cmake_clean_cache' from command line to 'False'
[0.349s] Level 5:colcon.colcon_core.verb:set package 'nuc' build argument 'cmake_clean_first' from command line to 'False'
[0.349s] Level 5:colcon.colcon_core.verb:set package 'nuc' build argument 'cmake_force_configure' from command line to 'False'
[0.349s] Level 5:colcon.colcon_core.verb:set package 'nuc' build argument 'ament_cmake_args' from command line to 'None'
[0.349s] Level 5:colcon.colcon_core.verb:set package 'nuc' build argument 'catkin_cmake_args' from command line to 'None'
[0.349s] Level 5:colcon.colcon_core.verb:set package 'nuc' build argument 'catkin_skip_building_tests' from command line to 'False'
[0.349s] DEBUG:colcon.colcon_core.verb:Building package 'nuc' with the following arguments: {'ament_cmake_args': None, 'build_base': '/home/sfr2024/assessment/team3_project/build/nuc', 'catkin_cmake_args': None, 'catkin_skip_building_tests': False, 'cmake_args': None, 'cmake_clean_cache': False, 'cmake_clean_first': False, 'cmake_force_configure': False, 'cmake_target': None, 'cmake_target_skip_unavailable': False, 'install_base': '/home/sfr2024/assessment/team3_project/install/nuc', 'merge_install': False, 'path': '/home/sfr2024/assessment/team3_project/src/nuc', 'symlink_install': False, 'test_result_base': None}
[0.349s] Level 5:colcon.colcon_core.verb:set package 'robotic_arm' build argument 'cmake_args' from command line to 'None'
[0.349s] Level 5:colcon.colcon_core.verb:set package 'robotic_arm' build argument 'cmake_target' from command line to 'None'
[0.349s] Level 5:colcon.colcon_core.verb:set package 'robotic_arm' build argument 'cmake_target_skip_unavailable' from command line to 'False'
[0.349s] Level 5:colcon.colcon_core.verb:set package 'robotic_arm' build argument 'cmake_clean_cache' from command line to 'False'
[0.349s] Level 5:colcon.colcon_core.verb:set package 'robotic_arm' build argument 'cmake_clean_first' from command line to 'False'
[0.350s] Level 5:colcon.colcon_core.verb:set package 'robotic_arm' build argument 'cmake_force_configure' from command line to 'False'
[0.350s] Level 5:colcon.colcon_core.verb:set package 'robotic_arm' build argument 'ament_cmake_args' from command line to 'None'
[0.350s] Level 5:colcon.colcon_core.verb:set package 'robotic_arm' build argument 'catkin_cmake_args' from command line to 'None'
[0.350s] Level 5:colcon.colcon_core.verb:set package 'robotic_arm' build argument 'catkin_skip_building_tests' from command line to 'False'
[0.350s] DEBUG:colcon.colcon_core.verb:Building package 'robotic_arm' with the following arguments: {'ament_cmake_args': None, 'build_base': '/home/sfr2024/assessment/team3_project/build/robotic_arm', 'catkin_cmake_args': None, 'catkin_skip_building_tests': False, 'cmake_args': None, 'cmake_clean_cache': False, 'cmake_clean_first': False, 'cmake_force_configure': False, 'cmake_target': None, 'cmake_target_skip_unavailable': False, 'install_base': '/home/sfr2024/assessment/team3_project/install/robotic_arm', 'merge_install': False, 'path': '/home/sfr2024/assessment/team3_project/src/robotic_arm', 'symlink_install': False, 'test_result_base': None}
[0.350s] INFO:colcon.colcon_core.executor:Executing jobs using 'parallel' executor
[0.351s] DEBUG:colcon.colcon_parallel_executor.executor.parallel:run_until_complete
[0.351s] INFO:colcon.colcon_ros.task.ament_python.build:Building ROS package in '/home/sfr2024/assessment/team3_project/src/camera' with build type 'ament_python'
[0.351s] Level 1:colcon.colcon_core.shell:create_environment_hook('camera', 'ament_prefix_path')
[0.355s] INFO:colcon.colcon_core.plugin_system:Skipping extension 'colcon_core.shell.bat': Not used on non-Windows systems
[0.356s] INFO:colcon.colcon_core.shell:Creating environment hook '/home/sfr2024/assessment/team3_project/install/camera/share/camera/hook/ament_prefix_path.ps1'
[0.356s] INFO:colcon.colcon_core.shell:Creating environment descriptor '/home/sfr2024/assessment/team3_project/install/camera/share/camera/hook/ament_prefix_path.dsv'
[0.357s] INFO:colcon.colcon_core.shell:Creating environment hook '/home/sfr2024/assessment/team3_project/install/camera/share/camera/hook/ament_prefix_path.sh'
[0.358s] INFO:colcon.colcon_core.shell:Skip shell extension 'powershell' for command environment: Not usable outside of PowerShell
[0.358s] DEBUG:colcon.colcon_core.shell:Skip shell extension 'dsv' for command environment
[0.363s] INFO:colcon.colcon_ros.task.ament_python.build:Building ROS package in '/home/sfr2024/assessment/team3_project/src/controller_server' with build type 'ament_python'
[0.363s] Level 1:colcon.colcon_core.shell:create_environment_hook('controller_server', 'ament_prefix_path')
[0.364s] INFO:colcon.colcon_core.shell:Creating environment hook '/home/sfr2024/assessment/team3_project/install/controller_server/share/controller_server/hook/ament_prefix_path.ps1'
[0.365s] INFO:colcon.colcon_core.shell:Creating environment descriptor '/home/sfr2024/assessment/team3_project/install/controller_server/share/controller_server/hook/ament_prefix_path.dsv'
[0.366s] INFO:colcon.colcon_core.shell:Creating environment hook '/home/sfr2024/assessment/team3_project/install/controller_server/share/controller_server/hook/ament_prefix_path.sh'
[0.367s] INFO:colcon.colcon_core.shell:Skip shell extension 'powershell' for command environment: Not usable outside of PowerShell
[0.367s] DEBUG:colcon.colcon_core.shell:Skip shell extension 'dsv' for command environment
[0.373s] INFO:colcon.colcon_ros.task.ament_python.build:Building ROS package in '/home/sfr2024/assessment/team3_project/src/imu' with build type 'ament_python'
[0.374s] Level 1:colcon.colcon_core.shell:create_environment_hook('imu', 'ament_prefix_path')
[0.374s] INFO:colcon.colcon_core.shell:Creating environment hook '/home/sfr2024/assessment/team3_project/install/imu/share/imu/hook/ament_prefix_path.ps1'
[0.376s] INFO:colcon.colcon_core.shell:Creating environment descriptor '/home/sfr2024/assessment/team3_project/install/imu/share/imu/hook/ament_prefix_path.dsv'
[0.379s] INFO:colcon.colcon_core.shell:Creating environment hook '/home/sfr2024/assessment/team3_project/install/imu/share/imu/hook/ament_prefix_path.sh'
[0.382s] INFO:colcon.colcon_core.shell:Skip shell extension 'powershell' for command environment: Not usable outside of PowerShell
[0.382s] DEBUG:colcon.colcon_core.shell:Skip shell extension 'dsv' for command environment
[0.395s] INFO:colcon.colcon_ros.task.ament_python.build:Building ROS package in '/home/sfr2024/assessment/team3_project/src/leo_rover' with build type 'ament_python'
[0.397s] Level 1:colcon.colcon_core.shell:create_environment_hook('leo_rover', 'ament_prefix_path')
[0.397s] INFO:colcon.colcon_core.shell:Creating environment hook '/home/sfr2024/assessment/team3_project/install/leo_rover/share/leo_rover/hook/ament_prefix_path.ps1'
[0.399s] INFO:colcon.colcon_core.shell:Creating environment descriptor '/home/sfr2024/assessment/team3_project/install/leo_rover/share/leo_rover/hook/ament_prefix_path.dsv'
[0.399s] INFO:colcon.colcon_core.shell:Creating environment hook '/home/sfr2024/assessment/team3_project/install/leo_rover/share/leo_rover/hook/ament_prefix_path.sh'
[0.401s] INFO:colcon.colcon_core.shell:Skip shell extension 'powershell' for command environment: Not usable outside of PowerShell
[0.401s] DEBUG:colcon.colcon_core.shell:Skip shell extension 'dsv' for command environment
[0.416s] INFO:colcon.colcon_ros.task.ament_python.build:Building ROS package in '/home/sfr2024/assessment/team3_project/src/lidar' with build type 'ament_python'
[0.416s] Level 1:colcon.colcon_core.shell:create_environment_hook('lidar', 'ament_prefix_path')
[0.417s] INFO:colcon.colcon_core.shell:Creating environment hook '/home/sfr2024/assessment/team3_project/install/lidar/share/lidar/hook/ament_prefix_path.ps1'
[0.419s] INFO:colcon.colcon_core.shell:Creating environment descriptor '/home/sfr2024/assessment/team3_project/install/lidar/share/lidar/hook/ament_prefix_path.dsv'
[0.423s] INFO:colcon.colcon_core.shell:Creating environment hook '/home/sfr2024/assessment/team3_project/install/lidar/share/lidar/hook/ament_prefix_path.sh'
[0.426s] INFO:colcon.colcon_core.shell:Skip shell extension 'powershell' for command environment: Not usable outside of PowerShell
[0.426s] DEBUG:colcon.colcon_core.shell:Skip shell extension 'dsv' for command environment
[0.438s] INFO:colcon.colcon_ros.task.ament_python.build:Building ROS package in '/home/sfr2024/assessment/team3_project/src/map' with build type 'ament_python'
[0.439s] Level 1:colcon.colcon_core.shell:create_environment_hook('map', 'ament_prefix_path')
[0.439s] INFO:colcon.colcon_core.shell:Creating environment hook '/home/sfr2024/assessment/team3_project/install/map/share/map/hook/ament_prefix_path.ps1'
[0.440s] INFO:colcon.colcon_core.shell:Creating environment descriptor '/home/sfr2024/assessment/team3_project/install/map/share/map/hook/ament_prefix_path.dsv'
[0.441s] INFO:colcon.colcon_core.shell:Creating environment hook '/home/sfr2024/assessment/team3_project/install/map/share/map/hook/ament_prefix_path.sh'
[0.442s] INFO:colcon.colcon_core.shell:Skip shell extension 'powershell' for command environment: Not usable outside of PowerShell
[0.443s] DEBUG:colcon.colcon_core.shell:Skip shell extension 'dsv' for command environment
[0.452s] INFO:colcon.colcon_ros.task.ament_python.build:Building ROS package in '/home/sfr2024/assessment/team3_project/src/navigation' with build type 'ament_python'
[0.452s] Level 1:colcon.colcon_core.shell:create_environment_hook('navigation', 'ament_prefix_path')
[0.453s] INFO:colcon.colcon_core.shell:Creating environment hook '/home/sfr2024/assessment/team3_project/install/navigation/share/navigation/hook/ament_prefix_path.ps1'
[0.455s] INFO:colcon.colcon_core.shell:Creating environment descriptor '/home/sfr2024/assessment/team3_project/install/navigation/share/navigation/hook/ament_prefix_path.dsv'
[0.457s] INFO:colcon.colcon_core.shell:Creating environment hook '/home/sfr2024/assessment/team3_project/install/navigation/share/navigation/hook/ament_prefix_path.sh'
[0.458s] INFO:colcon.colcon_core.shell:Skip shell extension 'powershell' for command environment: Not usable outside of PowerShell
[0.458s] DEBUG:colcon.colcon_core.shell:Skip shell extension 'dsv' for command environment
[0.467s] INFO:colcon.colcon_ros.task.ament_python.build:Building ROS package in '/home/sfr2024/assessment/team3_project/src/nuc' with build type 'ament_python'
[0.467s] Level 1:colcon.colcon_core.shell:create_environment_hook('nuc', 'ament_prefix_path')
[0.468s] INFO:colcon.colcon_core.shell:Creating environment hook '/home/sfr2024/assessment/team3_project/install/nuc/share/nuc/hook/ament_prefix_path.ps1'
[0.470s] INFO:colcon.colcon_core.shell:Creating environment descriptor '/home/sfr2024/assessment/team3_project/install/nuc/share/nuc/hook/ament_prefix_path.dsv'
[0.470s] INFO:colcon.colcon_core.shell:Creating environment hook '/home/sfr2024/assessment/team3_project/install/nuc/share/nuc/hook/ament_prefix_path.sh'
[0.472s] INFO:colcon.colcon_core.shell:Skip shell extension 'powershell' for command environment: Not usable outside of PowerShell
[0.472s] DEBUG:colcon.colcon_core.shell:Skip shell extension 'dsv' for command environment
[0.482s] INFO:colcon.colcon_ros.task.ament_python.build:Building ROS package in '/home/sfr2024/assessment/team3_project/src/robotic_arm' with build type 'ament_python'
[0.482s] Level 1:colcon.colcon_core.shell:create_environment_hook('robotic_arm', 'ament_prefix_path')
[0.483s] INFO:colcon.colcon_core.shell:Creating environment hook '/home/sfr2024/assessment/team3_project/install/robotic_arm/share/robotic_arm/hook/ament_prefix_path.ps1'
[0.487s] INFO:colcon.colcon_core.shell:Creating environment descriptor '/home/sfr2024/assessment/team3_project/install/robotic_arm/share/robotic_arm/hook/ament_prefix_path.dsv'
[0.489s] INFO:colcon.colcon_core.shell:Creating environment hook '/home/sfr2024/assessment/team3_project/install/robotic_arm/share/robotic_arm/hook/ament_prefix_path.sh'
[0.492s] INFO:colcon.colcon_core.shell:Skip shell extension 'powershell' for command environment: Not usable outside of PowerShell
[0.492s] DEBUG:colcon.colcon_core.shell:Skip shell extension 'dsv' for command environment
[0.883s] INFO:colcon.colcon_core.task.python.build:Building Python package in '/home/sfr2024/assessment/team3_project/src/camera'
[0.884s] INFO:colcon.colcon_core.shell:Skip shell extension 'powershell' for command environment: Not usable outside of PowerShell
[0.884s] DEBUG:colcon.colcon_core.shell:Skip shell extension 'dsv' for command environment
[1.151s] INFO:colcon.colcon_core.task.python.build:Building Python package in '/home/sfr2024/assessment/team3_project/src/controller_server'
[1.152s] INFO:colcon.colcon_core.shell:Skip shell extension 'powershell' for command environment: Not usable outside of PowerShell
[1.152s] DEBUG:colcon.colcon_core.shell:Skip shell extension 'dsv' for command environment
[1.474s] INFO:colcon.colcon_core.task.python.build:Building Python package in '/home/sfr2024/assessment/team3_project/src/imu'
[1.474s] INFO:colcon.colcon_core.shell:Skip shell extension 'powershell' for command environment: Not usable outside of PowerShell
[1.474s] DEBUG:colcon.colcon_core.shell:Skip shell extension 'dsv' for command environment
[1.735s] INFO:colcon.colcon_core.task.python.build:Building Python package in '/home/sfr2024/assessment/team3_project/src/leo_rover'
[1.736s] INFO:colcon.colcon_core.shell:Skip shell extension 'powershell' for command environment: Not usable outside of PowerShell
[1.736s] DEBUG:colcon.colcon_core.shell:Skip shell extension 'dsv' for command environment
[2.017s] INFO:colcon.colcon_core.task.python.build:Building Python package in '/home/sfr2024/assessment/team3_project/src/lidar'
[2.018s] INFO:colcon.colcon_core.shell:Skip shell extension 'powershell' for command environment: Not usable outside of PowerShell
[2.018s] DEBUG:colcon.colcon_core.shell:Skip shell extension 'dsv' for command environment
[2.273s] INFO:colcon.colcon_core.task.python.build:Building Python package in '/home/sfr2024/assessment/team3_project/src/map'
[2.273s] INFO:colcon.colcon_core.shell:Skip shell extension 'powershell' for command environment: Not usable outside of PowerShell
[2.273s] DEBUG:colcon.colcon_core.shell:Skip shell extension 'dsv' for command environment
[2.576s] INFO:colcon.colcon_core.task.python.build:Building Python package in '/home/sfr2024/assessment/team3_project/src/navigation'
[2.577s] INFO:colcon.colcon_core.shell:Skip shell extension 'powershell' for command environment: Not usable outside of PowerShell
[2.577s] DEBUG:colcon.colcon_core.shell:Skip shell extension 'dsv' for command environment
[2.853s] INFO:colcon.colcon_core.task.python.build:Building Python package in '/home/sfr2024/assessment/team3_project/src/nuc'
[2.853s] INFO:colcon.colcon_core.shell:Skip shell extension 'powershell' for command environment: Not usable outside of PowerShell
[2.853s] DEBUG:colcon.colcon_core.shell:Skip shell extension 'dsv' for command environment
[3.103s] INFO:colcon.colcon_core.task.python.build:Building Python package in '/home/sfr2024/assessment/team3_project/src/robotic_arm'
[3.103s] INFO:colcon.colcon_core.shell:Skip shell extension 'powershell' for command environment: Not usable outside of PowerShell
[3.103s] DEBUG:colcon.colcon_core.shell:Skip shell extension 'dsv' for command environment
[3.899s] DEBUG:colcon.colcon_core.event_handler.log_command:Invoking command in '/home/sfr2024/assessment/team3_project/src/camera': PYTHONPATH=/home/sfr2024/assessment/team3_project/build/camera/prefix_override:/usr/lib/python3/dist-packages/colcon_core/task/python/colcon_distutils_commands:/home/sfr2024/assessment/team3_project/install/camera/lib/python3.10/site-packages:${PYTHONPATH} /usr/bin/python3 -W ignore:setup.py install is deprecated setup.py egg_info --egg-base ../../build/camera build --build-base /home/sfr2024/assessment/team3_project/build/camera/build install --record /home/sfr2024/assessment/team3_project/build/camera/install.log --single-version-externally-managed install_data
[4.227s] DEBUG:colcon.colcon_core.event_handler.log_command:Invoking command in '/home/sfr2024/assessment/team3_project/src/robotic_arm': PYTHONPATH=/home/sfr2024/assessment/team3_project/build/robotic_arm/prefix_override:/usr/lib/python3/dist-packages/colcon_core/task/python/colcon_distutils_commands:/home/sfr2024/assessment/team3_project/install/robotic_arm/lib/python3.10/site-packages:${PYTHONPATH} /usr/bin/python3 -W ignore:setup.py install is deprecated setup.py egg_info --egg-base ../../build/robotic_arm build --build-base /home/sfr2024/assessment/team3_project/build/robotic_arm/build install --record /home/sfr2024/assessment/team3_project/build/robotic_arm/install.log --single-version-externally-managed install_data
[4.303s] DEBUG:colcon.colcon_core.event_handler.log_command:Invoking command in '/home/sfr2024/assessment/team3_project/src/leo_rover': PYTHONPATH=/home/sfr2024/assessment/team3_project/build/leo_rover/prefix_override:/usr/lib/python3/dist-packages/colcon_core/task/python/colcon_distutils_commands:/home/sfr2024/assessment/team3_project/install/leo_rover/lib/python3.10/site-packages:${PYTHONPATH} /usr/bin/python3 -W ignore:setup.py install is deprecated setup.py egg_info --egg-base ../../build/leo_rover build --build-base /home/sfr2024/assessment/team3_project/build/leo_rover/build install --record /home/sfr2024/assessment/team3_project/build/leo_rover/install.log --single-version-externally-managed install_data
[4.394s] DEBUG:colcon.colcon_core.event_handler.log_command:Invoking command in '/home/sfr2024/assessment/team3_project/src/lidar': PYTHONPATH=/home/sfr2024/assessment/team3_project/build/lidar/prefix_override:/usr/lib/python3/dist-packages/colcon_core/task/python/colcon_distutils_commands:/home/sfr2024/assessment/team3_project/install/lidar/lib/python3.10/site-packages:${PYTHONPATH} /usr/bin/python3 -W ignore:setup.py install is deprecated setup.py egg_info --egg-base ../../build/lidar build --build-base /home/sfr2024/assessment/team3_project/build/lidar/build install --record /home/sfr2024/assessment/team3_project/build/lidar/install.log --single-version-externally-managed install_data
[4.443s] DEBUG:colcon.colcon_core.event_handler.log_command:Invoking command in '/home/sfr2024/assessment/team3_project/src/imu': PYTHONPATH=/home/sfr2024/assessment/team3_project/build/imu/prefix_override:/usr/lib/python3/dist-packages/colcon_core/task/python/colcon_distutils_commands:/home/sfr2024/assessment/team3_project/install/imu/lib/python3.10/site-packages:${PYTHONPATH} /usr/bin/python3 -W ignore:setup.py install is deprecated setup.py egg_info --egg-base ../../build/imu build --build-base /home/sfr2024/assessment/team3_project/build/imu/build install --record /home/sfr2024/assessment/team3_project/build/imu/install.log --single-version-externally-managed install_data
[4.499s] DEBUG:colcon.colcon_core.event_handler.log_command:Invoking command in '/home/sfr2024/assessment/team3_project/src/controller_server': PYTHONPATH=/home/sfr2024/assessment/team3_project/build/controller_server/prefix_override:/usr/lib/python3/dist-packages/colcon_core/task/python/colcon_distutils_commands:/home/sfr2024/assessment/team3_project/install/controller_server/lib/python3.10/site-packages:${PYTHONPATH} /usr/bin/python3 -W ignore:setup.py install is deprecated setup.py egg_info --egg-base ../../build/controller_server build --build-base /home/sfr2024/assessment/team3_project/build/controller_server/build install --record /home/sfr2024/assessment/team3_project/build/controller_server/install.log --single-version-externally-managed install_data
[4.519s] DEBUG:colcon.colcon_core.event_handler.log_command:Invoking command in '/home/sfr2024/assessment/team3_project/src/navigation': PYTHONPATH=/home/sfr2024/assessment/team3_project/build/navigation/prefix_override:/usr/lib/python3/dist-packages/colcon_core/task/python/colcon_distutils_commands:/home/sfr2024/assessment/team3_project/install/navigation/lib/python3.10/site-packages:${PYTHONPATH} /usr/bin/python3 -W ignore:setup.py install is deprecated setup.py egg_info --egg-base ../../build/navigation build --build-base /home/sfr2024/assessment/team3_project/build/navigation/build install --record /home/sfr2024/assessment/team3_project/build/navigation/install.log --single-version-externally-managed install_data
[4.576s] DEBUG:colcon.colcon_core.event_handler.log_command:Invoking command in '/home/sfr2024/assessment/team3_project/src/map': PYTHONPATH=/home/sfr2024/assessment/team3_project/build/map/prefix_override:/usr/lib/python3/dist-packages/colcon_core/task/python/colcon_distutils_commands:/home/sfr2024/assessment/team3_project/install/map/lib/python3.10/site-packages:${PYTHONPATH} /usr/bin/python3 -W ignore:setup.py install is deprecated setup.py egg_info --egg-base ../../build/map build --build-base /home/sfr2024/assessment/team3_project/build/map/build install --record /home/sfr2024/assessment/team3_project/build/map/install.log --single-version-externally-managed install_data
[4.658s] DEBUG:colcon.colcon_core.event_handler.log_command:Invoking command in '/home/sfr2024/assessment/team3_project/src/nuc': PYTHONPATH=/home/sfr2024/assessment/team3_project/build/nuc/prefix_override:/usr/lib/python3/dist-packages/colcon_core/task/python/colcon_distutils_commands:/home/sfr2024/assessment/team3_project/install/nuc/lib/python3.10/site-packages:${PYTHONPATH} /usr/bin/python3 -W ignore:setup.py install is deprecated setup.py egg_info --egg-base ../../build/nuc build --build-base /home/sfr2024/assessment/team3_project/build/nuc/build install --record /home/sfr2024/assessment/team3_project/build/nuc/install.log --single-version-externally-managed install_data
[5.003s] DEBUG:colcon.colcon_core.event_handler.log_command:Invoked command in '/home/sfr2024/assessment/team3_project/src/leo_rover' returned '0': PYTHONPATH=/home/sfr2024/assessment/team3_project/build/leo_rover/prefix_override:/usr/lib/python3/dist-packages/colcon_core/task/python/colcon_distutils_commands:/home/sfr2024/assessment/team3_project/install/leo_rover/lib/python3.10/site-packages:${PYTHONPATH} /usr/bin/python3 -W ignore:setup.py install is deprecated setup.py egg_info --egg-base ../../build/leo_rover build --build-base /home/sfr2024/assessment/team3_project/build/leo_rover/build install --record /home/sfr2024/assessment/team3_project/build/leo_rover/install.log --single-version-externally-managed install_data
[5.012s] Level 1:colcon.colcon_core.environment:checking '/home/sfr2024/assessment/team3_project/install/leo_rover' for CMake module files
[5.013s] Level 1:colcon.colcon_core.environment:checking '/home/sfr2024/assessment/team3_project/install/leo_rover' for CMake config files
[5.014s] Level 1:colcon.colcon_core.environment:checking '/home/sfr2024/assessment/team3_project/install/leo_rover/lib'
[5.018s] Level 1:colcon.colcon_core.environment:checking '/home/sfr2024/assessment/team3_project/install/leo_rover/bin'
[5.019s] Level 1:colcon.colcon_core.environment:checking '/home/sfr2024/assessment/team3_project/install/leo_rover/lib/pkgconfig/leo_rover.pc'
[5.019s] Level 1:colcon.colcon_core.environment:checking '/home/sfr2024/assessment/team3_project/install/leo_rover/lib/python3.10/site-packages'
[5.020s] Level 1:colcon.colcon_core.shell:create_environment_hook('leo_rover', 'pythonpath')
[5.020s] INFO:colcon.colcon_core.shell:Creating environment hook '/home/sfr2024/assessment/team3_project/install/leo_rover/share/leo_rover/hook/pythonpath.ps1'
[5.021s] INFO:colcon.colcon_core.shell:Creating environment descriptor '/home/sfr2024/assessment/team3_project/install/leo_rover/share/leo_rover/hook/pythonpath.dsv'
[5.022s] INFO:colcon.colcon_core.shell:Creating environment hook '/home/sfr2024/assessment/team3_project/install/leo_rover/share/leo_rover/hook/pythonpath.sh'
[5.023s] Level 1:colcon.colcon_core.environment:checking '/home/sfr2024/assessment/team3_project/install/leo_rover/bin'
[5.023s] Level 1:colcon.colcon_core.environment:create_environment_scripts_only(leo_rover)
[5.024s] INFO:colcon.colcon_core.shell:Creating package script '/home/sfr2024/assessment/team3_project/install/leo_rover/share/leo_rover/package.ps1'
[5.025s] INFO:colcon.colcon_core.shell:Creating package descriptor '/home/sfr2024/assessment/team3_project/install/leo_rover/share/leo_rover/package.dsv'
[5.026s] INFO:colcon.colcon_core.shell:Creating package script '/home/sfr2024/assessment/team3_project/install/leo_rover/share/leo_rover/package.sh'
[5.028s] INFO:colcon.colcon_core.shell:Creating package script '/home/sfr2024/assessment/team3_project/install/leo_rover/share/leo_rover/package.bash'
[5.029s] INFO:colcon.colcon_core.shell:Creating package script '/home/sfr2024/assessment/team3_project/install/leo_rover/share/leo_rover/package.zsh'
[5.032s] Level 1:colcon.colcon_core.environment:create_file_with_runtime_dependencies(/home/sfr2024/assessment/team3_project/install/leo_rover/share/colcon-core/packages/leo_rover)
[5.241s] Level 1:colcon.colcon_core.environment:checking '/home/sfr2024/assessment/team3_project/install/camera' for CMake module files
[5.242s] DEBUG:colcon.colcon_core.event_handler.log_command:Invoked command in '/home/sfr2024/assessment/team3_project/src/camera' returned '0': PYTHONPATH=/home/sfr2024/assessment/team3_project/build/camera/prefix_override:/usr/lib/python3/dist-packages/colcon_core/task/python/colcon_distutils_commands:/home/sfr2024/assessment/team3_project/install/camera/lib/python3.10/site-packages:${PYTHONPATH} /usr/bin/python3 -W ignore:setup.py install is deprecated setup.py egg_info --egg-base ../../build/camera build --build-base /home/sfr2024/assessment/team3_project/build/camera/build install --record /home/sfr2024/assessment/team3_project/build/camera/install.log --single-version-externally-managed install_data
[5.244s] Level 1:colcon.colcon_core.environment:checking '/home/sfr2024/assessment/team3_project/install/camera' for CMake config files
[5.246s] Level 1:colcon.colcon_core.environment:checking '/home/sfr2024/assessment/team3_project/install/camera/lib'
[5.246s] Level 1:colcon.colcon_core.environment:checking '/home/sfr2024/assessment/team3_project/install/camera/bin'
[5.246s] Level 1:colcon.colcon_core.environment:checking '/home/sfr2024/assessment/team3_project/install/camera/lib/pkgconfig/camera.pc'
[5.247s] Level 1:colcon.colcon_core.environment:checking '/home/sfr2024/assessment/team3_project/install/camera/lib/python3.10/site-packages'
[5.247s] Level 1:colcon.colcon_core.shell:create_environment_hook('camera', 'pythonpath')
[5.248s] INFO:colcon.colcon_core.shell:Creating environment hook '/home/sfr2024/assessment/team3_project/install/camera/share/camera/hook/pythonpath.ps1'
[5.250s] INFO:colcon.colcon_core.shell:Creating environment descriptor '/home/sfr2024/assessment/team3_project/install/camera/share/camera/hook/pythonpath.dsv'
[5.251s] INFO:colcon.colcon_core.shell:Creating environment hook '/home/sfr2024/assessment/team3_project/install/camera/share/camera/hook/pythonpath.sh'
[5.254s] Level 1:colcon.colcon_core.environment:checking '/home/sfr2024/assessment/team3_project/install/camera/bin'
[5.254s] Level 1:colcon.colcon_core.environment:create_environment_scripts_only(camera)
[5.257s] INFO:colcon.colcon_core.shell:Creating package script '/home/sfr2024/assessment/team3_project/install/camera/share/camera/package.ps1'
[5.260s] INFO:colcon.colcon_core.shell:Creating package descriptor '/home/sfr2024/assessment/team3_project/install/camera/share/camera/package.dsv'
[5.262s] INFO:colcon.colcon_core.shell:Creating package script '/home/sfr2024/assessment/team3_project/install/camera/share/camera/package.sh'
[5.265s] INFO:colcon.colcon_core.shell:Creating package script '/home/sfr2024/assessment/team3_project/install/camera/share/camera/package.bash'
[5.267s] INFO:colcon.colcon_core.shell:Creating package script '/home/sfr2024/assessment/team3_project/install/camera/share/camera/package.zsh'
[5.268s] Level 1:colcon.colcon_core.environment:create_file_with_runtime_dependencies(/home/sfr2024/assessment/team3_project/install/camera/share/colcon-core/packages/camera)
[5.334s] Level 1:colcon.colcon_core.environment:checking '/home/sfr2024/assessment/team3_project/install/controller_server' for CMake module files
[5.335s] DEBUG:colcon.colcon_core.event_handler.log_command:Invoked command in '/home/sfr2024/assessment/team3_project/src/controller_server' returned '0': PYTHONPATH=/home/sfr2024/assessment/team3_project/build/controller_server/prefix_override:/usr/lib/python3/dist-packages/colcon_core/task/python/colcon_distutils_commands:/home/sfr2024/assessment/team3_project/install/controller_server/lib/python3.10/site-packages:${PYTHONPATH} /usr/bin/python3 -W ignore:setup.py install is deprecated setup.py egg_info --egg-base ../../build/controller_server build --build-base /home/sfr2024/assessment/team3_project/build/controller_server/build install --record /home/sfr2024/assessment/team3_project/build/controller_server/install.log --single-version-externally-managed install_data
[5.340s] Level 1:colcon.colcon_core.environment:checking '/home/sfr2024/assessment/team3_project/install/controller_server' for CMake config files
[5.342s] Level 1:colcon.colcon_core.environment:checking '/home/sfr2024/assessment/team3_project/install/controller_server/lib'
[5.343s] Level 1:colcon.colcon_core.environment:checking '/home/sfr2024/assessment/team3_project/install/controller_server/bin'
[5.343s] Level 1:colcon.colcon_core.environment:checking '/home/sfr2024/assessment/team3_project/install/controller_server/lib/pkgconfig/controller_server.pc'
[5.343s] Level 1:colcon.colcon_core.environment:checking '/home/sfr2024/assessment/team3_project/install/controller_server/lib/python3.10/site-packages'
[5.343s] Level 1:colcon.colcon_core.shell:create_environment_hook('controller_server', 'pythonpath')
[5.344s] INFO:colcon.colcon_core.shell:Creating environment hook '/home/sfr2024/assessment/team3_project/install/controller_server/share/controller_server/hook/pythonpath.ps1'
[5.351s] INFO:colcon.colcon_core.shell:Creating environment descriptor '/home/sfr2024/assessment/team3_project/install/controller_server/share/controller_server/hook/pythonpath.dsv'
[5.352s] INFO:colcon.colcon_core.shell:Creating environment hook '/home/sfr2024/assessment/team3_project/install/controller_server/share/controller_server/hook/pythonpath.sh'
[5.354s] Level 1:colcon.colcon_core.environment:checking '/home/sfr2024/assessment/team3_project/install/controller_server/bin'
[5.355s] Level 1:colcon.colcon_core.environment:create_environment_scripts_only(controller_server)
[5.356s] INFO:colcon.colcon_core.shell:Creating package script '/home/sfr2024/assessment/team3_project/install/controller_server/share/controller_server/package.ps1'
[5.358s] INFO:colcon.colcon_core.shell:Creating package descriptor '/home/sfr2024/assessment/team3_project/install/controller_server/share/controller_server/package.dsv'
[5.359s] INFO:colcon.colcon_core.shell:Creating package script '/home/sfr2024/assessment/team3_project/install/controller_server/share/controller_server/package.sh'
[5.360s] INFO:colcon.colcon_core.shell:Creating package script '/home/sfr2024/assessment/team3_project/install/controller_server/share/controller_server/package.bash'
[5.361s] INFO:colcon.colcon_core.shell:Creating package script '/home/sfr2024/assessment/team3_project/install/controller_server/share/controller_server/package.zsh'
[5.362s] Level 1:colcon.colcon_core.environment:create_file_with_runtime_dependencies(/home/sfr2024/assessment/team3_project/install/controller_server/share/colcon-core/packages/controller_server)
[5.533s] Level 1:colcon.colcon_core.environment:checking '/home/sfr2024/assessment/team3_project/install/robotic_arm' for CMake module files
[5.534s] Level 1:colcon.colcon_core.environment:checking '/home/sfr2024/assessment/team3_project/install/robotic_arm' for CMake config files
[5.535s] Level 1:colcon.colcon_core.environment:checking '/home/sfr2024/assessment/team3_project/install/robotic_arm/lib'
[5.535s] Level 1:colcon.colcon_core.environment:checking '/home/sfr2024/assessment/team3_project/install/robotic_arm/bin'
[5.535s] Level 1:colcon.colcon_core.environment:checking '/home/sfr2024/assessment/team3_project/install/robotic_arm/lib/pkgconfig/robotic_arm.pc'
[5.536s] Level 1:colcon.colcon_core.environment:checking '/home/sfr2024/assessment/team3_project/install/robotic_arm/lib/python3.10/site-packages'
[5.536s] Level 1:colcon.colcon_core.shell:create_environment_hook('robotic_arm', 'pythonpath')
[5.536s] INFO:colcon.colcon_core.shell:Creating environment hook '/home/sfr2024/assessment/team3_project/install/robotic_arm/share/robotic_arm/hook/pythonpath.ps1'
[5.538s] DEBUG:colcon.colcon_core.event_handler.log_command:Invoked command in '/home/sfr2024/assessment/team3_project/src/robotic_arm' returned '0': PYTHONPATH=/home/sfr2024/assessment/team3_project/build/robotic_arm/prefix_override:/usr/lib/python3/dist-packages/colcon_core/task/python/colcon_distutils_commands:/home/sfr2024/assessment/team3_project/install/robotic_arm/lib/python3.10/site-packages:${PYTHONPATH} /usr/bin/python3 -W ignore:setup.py install is deprecated setup.py egg_info --egg-base ../../build/robotic_arm build --build-base /home/sfr2024/assessment/team3_project/build/robotic_arm/build install --record /home/sfr2024/assessment/team3_project/build/robotic_arm/install.log --single-version-externally-managed install_data
[5.543s] INFO:colcon.colcon_core.shell:Creating environment descriptor '/home/sfr2024/assessment/team3_project/install/robotic_arm/share/robotic_arm/hook/pythonpath.dsv'
[5.545s] INFO:colcon.colcon_core.shell:Creating environment hook '/home/sfr2024/assessment/team3_project/install/robotic_arm/share/robotic_arm/hook/pythonpath.sh'
[5.547s] Level 1:colcon.colcon_core.environment:checking '/home/sfr2024/assessment/team3_project/install/robotic_arm/bin'
[5.547s] Level 1:colcon.colcon_core.environment:create_environment_scripts_only(robotic_arm)
[5.548s] INFO:colcon.colcon_core.shell:Creating package script '/home/sfr2024/assessment/team3_project/install/robotic_arm/share/robotic_arm/package.ps1'
[5.550s] INFO:colcon.colcon_core.shell:Creating package descriptor '/home/sfr2024/assessment/team3_project/install/robotic_arm/share/robotic_arm/package.dsv'
[5.552s] INFO:colcon.colcon_core.shell:Creating package script '/home/sfr2024/assessment/team3_project/install/robotic_arm/share/robotic_arm/package.sh'
[5.554s] INFO:colcon.colcon_core.shell:Creating package script '/home/sfr2024/assessment/team3_project/install/robotic_arm/share/robotic_arm/package.bash'
[5.555s] INFO:colcon.colcon_core.shell:Creating package script '/home/sfr2024/assessment/team3_project/install/robotic_arm/share/robotic_arm/package.zsh'
[5.558s] Level 1:colcon.colcon_core.environment:create_file_with_runtime_dependencies(/home/sfr2024/assessment/team3_project/install/robotic_arm/share/colcon-core/packages/robotic_arm)
[5.676s] Level 1:colcon.colcon_core.environment:checking '/home/sfr2024/assessment/team3_project/install/map' for CMake module files
[5.678s] DEBUG:colcon.colcon_core.event_handler.log_command:Invoked command in '/home/sfr2024/assessment/team3_project/src/map' returned '0': PYTHONPATH=/home/sfr2024/assessment/team3_project/build/map/prefix_override:/usr/lib/python3/dist-packages/colcon_core/task/python/colcon_distutils_commands:/home/sfr2024/assessment/team3_project/install/map/lib/python3.10/site-packages:${PYTHONPATH} /usr/bin/python3 -W ignore:setup.py install is deprecated setup.py egg_info --egg-base ../../build/map build --build-base /home/sfr2024/assessment/team3_project/build/map/build install --record /home/sfr2024/assessment/team3_project/build/map/install.log --single-version-externally-managed install_data
[5.679s] Level 1:colcon.colcon_core.environment:checking '/home/sfr2024/assessment/team3_project/install/map' for CMake config files
[5.680s] Level 1:colcon.colcon_core.environment:checking '/home/sfr2024/assessment/team3_project/install/map/lib'
[5.681s] Level 1:colcon.colcon_core.environment:checking '/home/sfr2024/assessment/team3_project/install/map/bin'
[5.681s] Level 1:colcon.colcon_core.environment:checking '/home/sfr2024/assessment/team3_project/install/map/lib/pkgconfig/map.pc'
[5.681s] Level 1:colcon.colcon_core.environment:checking '/home/sfr2024/assessment/team3_project/install/map/lib/python3.10/site-packages'
[5.682s] Level 1:colcon.colcon_core.shell:create_environment_hook('map', 'pythonpath')
[5.682s] INFO:colcon.colcon_core.shell:Creating environment hook '/home/sfr2024/assessment/team3_project/install/map/share/map/hook/pythonpath.ps1'
[5.683s] INFO:colcon.colcon_core.shell:Creating environment descriptor '/home/sfr2024/assessment/team3_project/install/map/share/map/hook/pythonpath.dsv'
[5.685s] INFO:colcon.colcon_core.shell:Creating environment hook '/home/sfr2024/assessment/team3_project/install/map/share/map/hook/pythonpath.sh'
[5.686s] Level 1:colcon.colcon_core.environment:checking '/home/sfr2024/assessment/team3_project/install/map/bin'
[5.686s] Level 1:colcon.colcon_core.environment:create_environment_scripts_only(map)
[5.687s] INFO:colcon.colcon_core.shell:Creating package script '/home/sfr2024/assessment/team3_project/install/map/share/map/package.ps1'
[5.689s] INFO:colcon.colcon_core.shell:Creating package descriptor '/home/sfr2024/assessment/team3_project/install/map/share/map/package.dsv'
[5.690s] INFO:colcon.colcon_core.shell:Creating package script '/home/sfr2024/assessment/team3_project/install/map/share/map/package.sh'
[5.691s] INFO:colcon.colcon_core.shell:Creating package script '/home/sfr2024/assessment/team3_project/install/map/share/map/package.bash'
[5.692s] INFO:colcon.colcon_core.shell:Creating package script '/home/sfr2024/assessment/team3_project/install/map/share/map/package.zsh'
[5.693s] Level 1:colcon.colcon_core.environment:create_file_with_runtime_dependencies(/home/sfr2024/assessment/team3_project/install/map/share/colcon-core/packages/map)
[5.698s] Level 1:colcon.colcon_core.environment:checking '/home/sfr2024/assessment/team3_project/install/nuc' for CMake module files
[5.700s] DEBUG:colcon.colcon_core.event_handler.log_command:Invoked command in '/home/sfr2024/assessment/team3_project/src/nuc' returned '0': PYTHONPATH=/home/sfr2024/assessment/team3_project/build/nuc/prefix_override:/usr/lib/python3/dist-packages/colcon_core/task/python/colcon_distutils_commands:/home/sfr2024/assessment/team3_project/install/nuc/lib/python3.10/site-packages:${PYTHONPATH} /usr/bin/python3 -W ignore:setup.py install is deprecated setup.py egg_info --egg-base ../../build/nuc build --build-base /home/sfr2024/assessment/team3_project/build/nuc/build install --record /home/sfr2024/assessment/team3_project/build/nuc/install.log --single-version-externally-managed install_data
[5.701s] Level 1:colcon.colcon_core.environment:checking '/home/sfr2024/assessment/team3_project/install/nuc' for CMake config files
[5.702s] Level 1:colcon.colcon_core.environment:checking '/home/sfr2024/assessment/team3_project/install/nuc/lib'
[5.703s] Level 1:colcon.colcon_core.environment:checking '/home/sfr2024/assessment/team3_project/install/nuc/bin'
[5.703s] Level 1:colcon.colcon_core.environment:checking '/home/sfr2024/assessment/team3_project/install/nuc/lib/pkgconfig/nuc.pc'
[5.703s] Level 1:colcon.colcon_core.environment:checking '/home/sfr2024/assessment/team3_project/install/nuc/lib/python3.10/site-packages'
[5.703s] Level 1:colcon.colcon_core.shell:create_environment_hook('nuc', 'pythonpath')
[5.704s] INFO:colcon.colcon_core.shell:Creating environment hook '/home/sfr2024/assessment/team3_project/install/nuc/share/nuc/hook/pythonpath.ps1'
[5.706s] INFO:colcon.colcon_core.shell:Creating environment descriptor '/home/sfr2024/assessment/team3_project/install/nuc/share/nuc/hook/pythonpath.dsv'
[5.707s] INFO:colcon.colcon_core.shell:Creating environment hook '/home/sfr2024/assessment/team3_project/install/nuc/share/nuc/hook/pythonpath.sh'
[5.709s] Level 1:colcon.colcon_core.environment:checking '/home/sfr2024/assessment/team3_project/install/nuc/bin'
[5.709s] Level 1:colcon.colcon_core.environment:create_environment_scripts_only(nuc)
[5.709s] INFO:colcon.colcon_core.shell:Creating package script '/home/sfr2024/assessment/team3_project/install/nuc/share/nuc/package.ps1'
[5.711s] INFO:colcon.colcon_core.shell:Creating package descriptor '/home/sfr2024/assessment/team3_project/install/nuc/share/nuc/package.dsv'
[5.712s] INFO:colcon.colcon_core.shell:Creating package script '/home/sfr2024/assessment/team3_project/install/nuc/share/nuc/package.sh'
[5.713s] INFO:colcon.colcon_core.shell:Creating package script '/home/sfr2024/assessment/team3_project/install/nuc/share/nuc/package.bash'
[5.714s] INFO:colcon.colcon_core.shell:Creating package script '/home/sfr2024/assessment/team3_project/install/nuc/share/nuc/package.zsh'
[5.714s] Level 1:colcon.colcon_core.environment:create_file_with_runtime_dependencies(/home/sfr2024/assessment/team3_project/install/nuc/share/colcon-core/packages/nuc)
[5.743s] Level 1:colcon.colcon_core.environment:checking '/home/sfr2024/assessment/team3_project/install/lidar' for CMake module files
[5.744s] DEBUG:colcon.colcon_core.event_handler.log_command:Invoked command in '/home/sfr2024/assessment/team3_project/src/lidar' returned '0': PYTHONPATH=/home/sfr2024/assessment/team3_project/build/lidar/prefix_override:/usr/lib/python3/dist-packages/colcon_core/task/python/colcon_distutils_commands:/home/sfr2024/assessment/team3_project/install/lidar/lib/python3.10/site-packages:${PYTHONPATH} /usr/bin/python3 -W ignore:setup.py install is deprecated setup.py egg_info --egg-base ../../build/lidar build --build-base /home/sfr2024/assessment/team3_project/build/lidar/build install --record /home/sfr2024/assessment/team3_project/build/lidar/install.log --single-version-externally-managed install_data
[5.745s] Level 1:colcon.colcon_core.environment:checking '/home/sfr2024/assessment/team3_project/install/lidar' for CMake config files
[5.746s] Level 1:colcon.colcon_core.environment:checking '/home/sfr2024/assessment/team3_project/install/lidar/lib'
[5.746s] Level 1:colcon.colcon_core.environment:checking '/home/sfr2024/assessment/team3_project/install/lidar/bin'
[5.746s] Level 1:colcon.colcon_core.environment:checking '/home/sfr2024/assessment/team3_project/install/lidar/lib/pkgconfig/lidar.pc'
[5.747s] Level 1:colcon.colcon_core.environment:checking '/home/sfr2024/assessment/team3_project/install/lidar/lib/python3.10/site-packages'
[5.747s] Level 1:colcon.colcon_core.shell:create_environment_hook('lidar', 'pythonpath')
[5.748s] INFO:colcon.colcon_core.shell:Creating environment hook '/home/sfr2024/assessment/team3_project/install/lidar/share/lidar/hook/pythonpath.ps1'
[5.749s] INFO:colcon.colcon_core.shell:Creating environment descriptor '/home/sfr2024/assessment/team3_project/install/lidar/share/lidar/hook/pythonpath.dsv'
[5.750s] INFO:colcon.colcon_core.shell:Creating environment hook '/home/sfr2024/assessment/team3_project/install/lidar/share/lidar/hook/pythonpath.sh'
[5.751s] Level 1:colcon.colcon_core.environment:checking '/home/sfr2024/assessment/team3_project/install/lidar/bin'
[5.751s] Level 1:colcon.colcon_core.environment:create_environment_scripts_only(lidar)
[5.752s] INFO:colcon.colcon_core.shell:Creating package script '/home/sfr2024/assessment/team3_project/install/lidar/share/lidar/package.ps1'
[5.753s] INFO:colcon.colcon_core.shell:Creating package descriptor '/home/sfr2024/assessment/team3_project/install/lidar/share/lidar/package.dsv'
[5.754s] INFO:colcon.colcon_core.shell:Creating package script '/home/sfr2024/assessment/team3_project/install/lidar/share/lidar/package.sh'
[5.756s] INFO:colcon.colcon_core.shell:Creating package script '/home/sfr2024/assessment/team3_project/install/lidar/share/lidar/package.bash'
[5.758s] INFO:colcon.colcon_core.shell:Creating package script '/home/sfr2024/assessment/team3_project/install/lidar/share/lidar/package.zsh'
[5.760s] Level 1:colcon.colcon_core.environment:create_file_with_runtime_dependencies(/home/sfr2024/assessment/team3_project/install/lidar/share/colcon-core/packages/lidar)
[5.827s] Level 1:colcon.colcon_core.environment:checking '/home/sfr2024/assessment/team3_project/install/imu' for CMake module files
[5.830s] Level 1:colcon.colcon_core.environment:checking '/home/sfr2024/assessment/team3_project/install/imu' for CMake config files
[5.831s] DEBUG:colcon.colcon_core.event_handler.log_command:Invoked command in '/home/sfr2024/assessment/team3_project/src/imu' returned '0': PYTHONPATH=/home/sfr2024/assessment/team3_project/build/imu/prefix_override:/usr/lib/python3/dist-packages/colcon_core/task/python/colcon_distutils_commands:/home/sfr2024/assessment/team3_project/install/imu/lib/python3.10/site-packages:${PYTHONPATH} /usr/bin/python3 -W ignore:setup.py install is deprecated setup.py egg_info --egg-base ../../build/imu build --build-base /home/sfr2024/assessment/team3_project/build/imu/build install --record /home/sfr2024/assessment/team3_project/build/imu/install.log --single-version-externally-managed install_data
[5.833s] Level 1:colcon.colcon_core.environment:checking '/home/sfr2024/assessment/team3_project/install/imu/lib'
[5.834s] Level 1:colcon.colcon_core.environment:checking '/home/sfr2024/assessment/team3_project/install/imu/bin'
[5.834s] Level 1:colcon.colcon_core.environment:checking '/home/sfr2024/assessment/team3_project/install/imu/lib/pkgconfig/imu.pc'
[5.835s] Level 1:colcon.colcon_core.environment:checking '/home/sfr2024/assessment/team3_project/install/imu/lib/python3.10/site-packages'
[5.836s] Level 1:colcon.colcon_core.shell:create_environment_hook('imu', 'pythonpath')
[5.836s] INFO:colcon.colcon_core.shell:Creating environment hook '/home/sfr2024/assessment/team3_project/install/imu/share/imu/hook/pythonpath.ps1'
[5.838s] INFO:colcon.colcon_core.shell:Creating environment descriptor '/home/sfr2024/assessment/team3_project/install/imu/share/imu/hook/pythonpath.dsv'
[5.839s] INFO:colcon.colcon_core.shell:Creating environment hook '/home/sfr2024/assessment/team3_project/install/imu/share/imu/hook/pythonpath.sh'
[5.842s] Level 1:colcon.colcon_core.environment:checking '/home/sfr2024/assessment/team3_project/install/imu/bin'
[5.842s] Level 1:colcon.colcon_core.environment:create_environment_scripts_only(imu)
[5.843s] INFO:colcon.colcon_core.shell:Creating package script '/home/sfr2024/assessment/team3_project/install/imu/share/imu/package.ps1'
[5.846s] INFO:colcon.colcon_core.shell:Creating package descriptor '/home/sfr2024/assessment/team3_project/install/imu/share/imu/package.dsv'
[5.847s] INFO:colcon.colcon_core.shell:Creating package script '/home/sfr2024/assessment/team3_project/install/imu/share/imu/package.sh'
[5.848s] INFO:colcon.colcon_core.shell:Creating package script '/home/sfr2024/assessment/team3_project/install/imu/share/imu/package.bash'
[5.849s] INFO:colcon.colcon_core.shell:Creating package script '/home/sfr2024/assessment/team3_project/install/imu/share/imu/package.zsh'
[5.850s] Level 1:colcon.colcon_core.environment:create_file_with_runtime_dependencies(/home/sfr2024/assessment/team3_project/install/imu/share/colcon-core/packages/imu)
[5.856s] Level 1:colcon.colcon_core.environment:checking '/home/sfr2024/assessment/team3_project/install/navigation' for CMake module files
[5.859s] DEBUG:colcon.colcon_core.event_handler.log_command:Invoked command in '/home/sfr2024/assessment/team3_project/src/navigation' returned '0': PYTHONPATH=/home/sfr2024/assessment/team3_project/build/navigation/prefix_override:/usr/lib/python3/dist-packages/colcon_core/task/python/colcon_distutils_commands:/home/sfr2024/assessment/team3_project/install/navigation/lib/python3.10/site-packages:${PYTHONPATH} /usr/bin/python3 -W ignore:setup.py install is deprecated setup.py egg_info --egg-base ../../build/navigation build --build-base /home/sfr2024/assessment/team3_project/build/navigation/build install --record /home/sfr2024/assessment/team3_project/build/navigation/install.log --single-version-externally-managed install_data
[5.860s] Level 1:colcon.colcon_core.environment:checking '/home/sfr2024/assessment/team3_project/install/navigation' for CMake config files
[5.861s] Level 1:colcon.colcon_core.environment:checking '/home/sfr2024/assessment/team3_project/install/navigation/lib'
[5.862s] Level 1:colcon.colcon_core.environment:checking '/home/sfr2024/assessment/team3_project/install/navigation/bin'
[5.862s] Level 1:colcon.colcon_core.environment:checking '/home/sfr2024/assessment/team3_project/install/navigation/lib/pkgconfig/navigation.pc'
[5.862s] Level 1:colcon.colcon_core.environment:checking '/home/sfr2024/assessment/team3_project/install/navigation/lib/python3.10/site-packages'
[5.862s] Level 1:colcon.colcon_core.shell:create_environment_hook('navigation', 'pythonpath')
[5.863s] INFO:colcon.colcon_core.shell:Creating environment hook '/home/sfr2024/assessment/team3_project/install/navigation/share/navigation/hook/pythonpath.ps1'
[5.863s] INFO:colcon.colcon_core.shell:Creating environment descriptor '/home/sfr2024/assessment/team3_project/install/navigation/share/navigation/hook/pythonpath.dsv'
[5.864s] INFO:colcon.colcon_core.shell:Creating environment hook '/home/sfr2024/assessment/team3_project/install/navigation/share/navigation/hook/pythonpath.sh'
[5.865s] Level 1:colcon.colcon_core.environment:checking '/home/sfr2024/assessment/team3_project/install/navigation/bin'
[5.865s] Level 1:colcon.colcon_core.environment:create_environment_scripts_only(navigation)
[5.866s] INFO:colcon.colcon_core.shell:Creating package script '/home/sfr2024/assessment/team3_project/install/navigation/share/navigation/package.ps1'
[5.866s] INFO:colcon.colcon_core.shell:Creating package descriptor '/home/sfr2024/assessment/team3_project/install/navigation/share/navigation/package.dsv'
[5.867s] INFO:colcon.colcon_core.shell:Creating package script '/home/sfr2024/assessment/team3_project/install/navigation/share/navigation/package.sh'
[5.868s] INFO:colcon.colcon_core.shell:Creating package script '/home/sfr2024/assessment/team3_project/install/navigation/share/navigation/package.bash'
[5.868s] INFO:colcon.colcon_core.shell:Creating package script '/home/sfr2024/assessment/team3_project/install/navigation/share/navigation/package.zsh'
[5.869s] Level 1:colcon.colcon_core.environment:create_file_with_runtime_dependencies(/home/sfr2024/assessment/team3_project/install/navigation/share/colcon-core/packages/navigation)
[5.870s] DEBUG:colcon.colcon_parallel_executor.executor.parallel:closing loop
[5.871s] DEBUG:colcon.colcon_parallel_executor.executor.parallel:loop closed
[5.872s] DEBUG:colcon.colcon_parallel_executor.executor.parallel:run_until_complete finished with '0'
[5.872s] DEBUG:colcon.colcon_core.event_reactor:joining thread
[5.893s] INFO:colcon.colcon_core.plugin_system:Skipping extension 'colcon_notification.desktop_notification.terminal_notifier': Not used on non-Darwin systems
[5.894s] INFO:colcon.colcon_core.plugin_system:Skipping extension 'colcon_notification.desktop_notification.win32': Not used on non-Windows systems
[5.894s] INFO:colcon.colcon_notification.desktop_notification:Sending desktop notification using 'notify2'
[5.944s] DEBUG:colcon.colcon_core.event_reactor:joined thread
[5.945s] INFO:colcon.colcon_core.shell:Creating prefix script '/home/sfr2024/assessment/team3_project/install/local_setup.ps1'
[5.947s] INFO:colcon.colcon_core.shell:Creating prefix util module '/home/sfr2024/assessment/team3_project/install/_local_setup_util_ps1.py'
[5.951s] INFO:colcon.colcon_core.shell:Creating prefix chain script '/home/sfr2024/assessment/team3_project/install/setup.ps1'
[5.955s] INFO:colcon.colcon_core.shell:Creating prefix script '/home/sfr2024/assessment/team3_project/install/local_setup.sh'
[5.957s] INFO:colcon.colcon_core.shell:Creating prefix util module '/home/sfr2024/assessment/team3_project/install/_local_setup_util_sh.py'
[5.959s] INFO:colcon.colcon_core.shell:Creating prefix chain script '/home/sfr2024/assessment/team3_project/install/setup.sh'
[5.966s] INFO:colcon.colcon_core.shell:Creating prefix script '/home/sfr2024/assessment/team3_project/install/local_setup.bash'
[5.968s] INFO:colcon.colcon_core.shell:Creating prefix chain script '/home/sfr2024/assessment/team3_project/install/setup.bash'
[5.974s] INFO:colcon.colcon_core.shell:Creating prefix script '/home/sfr2024/assessment/team3_project/install/local_setup.zsh'
[5.976s] INFO:colcon.colcon_core.shell:Creating prefix chain script '/home/sfr2024/assessment/team3_project/install/setup.zsh'
