[4.733s] Invoking command in '/home/sfr2024/assessment/team3_project/src/navigation': PYTHONPATH=/home/sfr2024/assessment/team3_project/build/navigation/prefix_override:/usr/lib/python3/dist-packages/colcon_core/task/python/colcon_distutils_commands:/home/sfr2024/assessment/team3_project/install/navigation/lib/python3.10/site-packages:${PYTHONPATH} /usr/bin/python3 -W ignore:setup.py install is deprecated setup.py egg_info --egg-base ../../build/navigation build --build-base /home/sfr2024/assessment/team3_project/build/navigation/build install --record /home/sfr2024/assessment/team3_project/build/navigation/install.log --single-version-externally-managed install_data
[5.283s] running egg_info
[5.284s] writing ../../build/navigation/navigation.egg-info/PKG-INFO
[5.285s] writing dependency_links to ../../build/navigation/navigation.egg-info/dependency_links.txt
[5.285s] writing entry points to ../../build/navigation/navigation.egg-info/entry_points.txt
[5.286s] writing requirements to ../../build/navigation/navigation.egg-info/requires.txt
[5.286s] writing top-level names to ../../build/navigation/navigation.egg-info/top_level.txt
[5.291s] reading manifest file '../../build/navigation/navigation.egg-info/SOURCES.txt'
[5.293s] writing manifest file '../../build/navigation/navigation.egg-info/SOURCES.txt'
[5.295s] running build
[5.295s] running build_py
[5.296s] copying navigation/navigation_node.py -> /home/sfr2024/assessment/team3_project/build/navigation/build/lib/navigation
[5.297s] running install
[5.297s] running install_lib
[5.298s] copying /home/sfr2024/assessment/team3_project/build/navigation/build/lib/navigation/navigation_node.py -> /home/sfr2024/assessment/team3_project/install/navigation/lib/python3.10/site-packages/navigation
[5.300s] byte-compiling /home/sfr2024/assessment/team3_project/install/navigation/lib/python3.10/site-packages/navigation/navigation_node.py to navigation_node.cpython-310.pyc
[5.301s] running install_data
[5.302s] running install_egg_info
[5.314s] removing '/home/sfr2024/assessment/team3_project/install/navigation/lib/python3.10/site-packages/navigation-0.0.0-py3.10.egg-info' (and everything under it)
[5.316s] Copying ../../build/navigation/navigation.egg-info to /home/sfr2024/assessment/team3_project/install/navigation/lib/python3.10/site-packages/navigation-0.0.0-py3.10.egg-info
[5.317s] running install_scripts
[5.359s] Installing navigation_node script to /home/sfr2024/assessment/team3_project/install/navigation/lib/navigation
[5.360s] writing list of installed files to '/home/sfr2024/assessment/team3_project/build/navigation/install.log'
[5.454s] Invoked command in '/home/sfr2024/assessment/team3_project/src/navigation' returned '0': PYTHONPATH=/home/sfr2024/assessment/team3_project/build/navigation/prefix_override:/usr/lib/python3/dist-packages/colcon_core/task/python/colcon_distutils_commands:/home/sfr2024/assessment/team3_project/install/navigation/lib/python3.10/site-packages:${PYTHONPATH} /usr/bin/python3 -W ignore:setup.py install is deprecated setup.py egg_info --egg-base ../../build/navigation build --build-base /home/sfr2024/assessment/team3_project/build/navigation/build install --record /home/sfr2024/assessment/team3_project/build/navigation/install.log --single-version-externally-managed install_data
