[2.699s] Invoking command in '/home/mscrobotics2425laptop14/Desktop/project/team3/team3-project/src/imu': CONDA_PROMPT_MODIFIER=(ros2) PYTHONPATH=/home/mscrobotics2425laptop14/Desktop/project/team3/team3-project/build/imu/prefix_override:/usr/lib/python3/dist-packages/colcon_core/task/python/colcon_distutils_commands:/home/mscrobotics2425laptop14/Desktop/project/team3/team3-project/install/imu/lib/python3.10/site-packages:${PYTHONPATH} /usr/bin/python3 -W ignore:setup.py install is deprecated setup.py egg_info --egg-base ../../build/imu build --build-base /home/mscrobotics2425laptop14/Desktop/project/team3/team3-project/build/imu/build install --record /home/mscrobotics2425laptop14/Desktop/project/team3/team3-project/build/imu/install.log --single-version-externally-managed install_data
[3.407s] running egg_info
[3.408s] writing ../../build/imu/imu.egg-info/PKG-INFO
[3.408s] writing dependency_links to ../../build/imu/imu.egg-info/dependency_links.txt
[3.409s] writing entry points to ../../build/imu/imu.egg-info/entry_points.txt
[3.411s] writing requirements to ../../build/imu/imu.egg-info/requires.txt
[3.411s] writing top-level names to ../../build/imu/imu.egg-info/top_level.txt
[3.414s] reading manifest file '../../build/imu/imu.egg-info/SOURCES.txt'
[3.421s] writing manifest file '../../build/imu/imu.egg-info/SOURCES.txt'
[3.421s] running build
[3.421s] running build_py
[3.422s] running install
[3.422s] running install_lib
[3.424s] running install_data
[3.424s] running install_egg_info
[3.430s] removing '/home/mscrobotics2425laptop14/Desktop/project/team3/team3-project/install/imu/lib/python3.10/site-packages/imu-0.0.0-py3.10.egg-info' (and everything under it)
[3.433s] Copying ../../build/imu/imu.egg-info to /home/mscrobotics2425laptop14/Desktop/project/team3/team3-project/install/imu/lib/python3.10/site-packages/imu-0.0.0-py3.10.egg-info
[3.437s] running install_scripts
[3.480s] Installing imu_node script to /home/mscrobotics2425laptop14/Desktop/project/team3/team3-project/install/imu/lib/imu
[3.480s] writing list of installed files to '/home/mscrobotics2425laptop14/Desktop/project/team3/team3-project/build/imu/install.log'
[3.530s] Invoked command in '/home/mscrobotics2425laptop14/Desktop/project/team3/team3-project/src/imu' returned '0': CONDA_PROMPT_MODIFIER=(ros2) PYTHONPATH=/home/mscrobotics2425laptop14/Desktop/project/team3/team3-project/build/imu/prefix_override:/usr/lib/python3/dist-packages/colcon_core/task/python/colcon_distutils_commands:/home/mscrobotics2425laptop14/Desktop/project/team3/team3-project/install/imu/lib/python3.10/site-packages:${PYTHONPATH} /usr/bin/python3 -W ignore:setup.py install is deprecated setup.py egg_info --egg-base ../../build/imu build --build-base /home/mscrobotics2425laptop14/Desktop/project/team3/team3-project/build/imu/build install --record /home/mscrobotics2425laptop14/Desktop/project/team3/team3-project/build/imu/install.log --single-version-externally-managed install_data
