[2.673s] Invoking command in '/home/mscrobotics2425laptop14/Desktop/project/team3/team3-project/src/lidar': CONDA_PROMPT_MODIFIER=(ros2) PYTHONPATH=/home/mscrobotics2425laptop14/Desktop/project/team3/team3-project/build/lidar/prefix_override:/usr/lib/python3/dist-packages/colcon_core/task/python/colcon_distutils_commands:/home/mscrobotics2425laptop14/Desktop/project/team3/team3-project/install/lidar/lib/python3.10/site-packages:${PYTHONPATH} /usr/bin/python3 -W ignore:setup.py install is deprecated setup.py egg_info --egg-base ../../build/lidar build --build-base /home/mscrobotics2425laptop14/Desktop/project/team3/team3-project/build/lidar/build install --record /home/mscrobotics2425laptop14/Desktop/project/team3/team3-project/build/lidar/install.log --single-version-externally-managed install_data
[2.985s] running egg_info
[2.987s] writing ../../build/lidar/lidar.egg-info/PKG-INFO
[2.992s] writing dependency_links to ../../build/lidar/lidar.egg-info/dependency_links.txt
[2.993s] writing entry points to ../../build/lidar/lidar.egg-info/entry_points.txt
[2.993s] writing requirements to ../../build/lidar/lidar.egg-info/requires.txt
[2.994s] writing top-level names to ../../build/lidar/lidar.egg-info/top_level.txt
[3.000s] reading manifest file '../../build/lidar/lidar.egg-info/SOURCES.txt'
[3.003s] writing manifest file '../../build/lidar/lidar.egg-info/SOURCES.txt'
[3.005s] running build
[3.005s] running build_py
[3.006s] running install
[3.008s] running install_lib
[3.012s] running install_data
[3.018s] running install_egg_info
[3.020s] removing '/home/mscrobotics2425laptop14/Desktop/project/team3/team3-project/install/lidar/lib/python3.10/site-packages/lidar-0.0.0-py3.10.egg-info' (and everything under it)
[3.023s] Copying ../../build/lidar/lidar.egg-info to /home/mscrobotics2425laptop14/Desktop/project/team3/team3-project/install/lidar/lib/python3.10/site-packages/lidar-0.0.0-py3.10.egg-info
[3.026s] running install_scripts
[3.096s] Installing lidar_node script to /home/mscrobotics2425laptop14/Desktop/project/team3/team3-project/install/lidar/lib/lidar
[3.097s] writing list of installed files to '/home/mscrobotics2425laptop14/Desktop/project/team3/team3-project/build/lidar/install.log'
[3.135s] Invoked command in '/home/mscrobotics2425laptop14/Desktop/project/team3/team3-project/src/lidar' returned '0': CONDA_PROMPT_MODIFIER=(ros2) PYTHONPATH=/home/mscrobotics2425laptop14/Desktop/project/team3/team3-project/build/lidar/prefix_override:/usr/lib/python3/dist-packages/colcon_core/task/python/colcon_distutils_commands:/home/mscrobotics2425laptop14/Desktop/project/team3/team3-project/install/lidar/lib/python3.10/site-packages:${PYTHONPATH} /usr/bin/python3 -W ignore:setup.py install is deprecated setup.py egg_info --egg-base ../../build/lidar build --build-base /home/mscrobotics2425laptop14/Desktop/project/team3/team3-project/build/lidar/build install --record /home/mscrobotics2425laptop14/Desktop/project/team3/team3-project/build/lidar/install.log --single-version-externally-managed install_data
