[5.680s] Invoking command in '/home/mscrobotics2425laptop14/Desktop/project/team3/team3-project/src/camera': CONDA_PROMPT_MODIFIER=(ros2) PYTHONPATH=/home/mscrobotics2425laptop14/Desktop/project/team3/team3-project/build/camera/prefix_override:/usr/lib/python3/dist-packages/colcon_core/task/python/colcon_distutils_commands:/home/mscrobotics2425laptop14/Desktop/project/team3/team3-project/install/camera/lib/python3.10/site-packages:${PYTHONPATH} /usr/bin/python3 -W ignore:setup.py install is deprecated setup.py egg_info --egg-base ../../build/camera build --build-base /home/mscrobotics2425laptop14/Desktop/project/team3/team3-project/build/camera/build install --record /home/mscrobotics2425laptop14/Desktop/project/team3/team3-project/build/camera/install.log --single-version-externally-managed install_data
[6.969s] running egg_info
[6.971s] writing ../../build/camera/camera.egg-info/PKG-INFO
[6.972s] writing dependency_links to ../../build/camera/camera.egg-info/dependency_links.txt
[6.973s] writing entry points to ../../build/camera/camera.egg-info/entry_points.txt
[6.977s] writing requirements to ../../build/camera/camera.egg-info/requires.txt
[6.977s] writing top-level names to ../../build/camera/camera.egg-info/top_level.txt
[6.983s] reading manifest file '../../build/camera/camera.egg-info/SOURCES.txt'
[6.988s] writing manifest file '../../build/camera/camera.egg-info/SOURCES.txt'
[6.989s] running build
[6.989s] running build_py
[7.001s] running install
[7.002s] running install_lib
[7.005s] running install_data
[7.005s] running install_egg_info
[7.012s] removing '/home/mscrobotics2425laptop14/Desktop/project/team3/team3-project/install/camera/lib/python3.10/site-packages/camera-0.0.0-py3.10.egg-info' (and everything under it)
[7.012s] Copying ../../build/camera/camera.egg-info to /home/mscrobotics2425laptop14/Desktop/project/team3/team3-project/install/camera/lib/python3.10/site-packages/camera-0.0.0-py3.10.egg-info
[7.019s] running install_scripts
[7.065s] Installing camera_node script to /home/mscrobotics2425laptop14/Desktop/project/team3/team3-project/install/camera/lib/camera
[7.066s] writing list of installed files to '/home/mscrobotics2425laptop14/Desktop/project/team3/team3-project/build/camera/install.log'
[7.131s] Invoked command in '/home/mscrobotics2425laptop14/Desktop/project/team3/team3-project/src/camera' returned '0': CONDA_PROMPT_MODIFIER=(ros2) PYTHONPATH=/home/mscrobotics2425laptop14/Desktop/project/team3/team3-project/build/camera/prefix_override:/usr/lib/python3/dist-packages/colcon_core/task/python/colcon_distutils_commands:/home/mscrobotics2425laptop14/Desktop/project/team3/team3-project/install/camera/lib/python3.10/site-packages:${PYTHONPATH} /usr/bin/python3 -W ignore:setup.py install is deprecated setup.py egg_info --egg-base ../../build/camera build --build-base /home/mscrobotics2425laptop14/Desktop/project/team3/team3-project/build/camera/build install --record /home/mscrobotics2425laptop14/Desktop/project/team3/team3-project/build/camera/install.log --single-version-externally-managed install_data
