[2.271s] Invoking command in '/home/mscrobotics2425laptop14/Desktop/project/team3/team3-project/src/leo_rover': CONDA_PROMPT_MODIFIER=(ros2) PYTHONPATH=/home/mscrobotics2425laptop14/Desktop/project/team3/team3-project/build/leo_rover/prefix_override:/usr/lib/python3/dist-packages/colcon_core/task/python/colcon_distutils_commands:/home/mscrobotics2425laptop14/Desktop/project/team3/team3-project/install/leo_rover/lib/python3.10/site-packages:${PYTHONPATH} /usr/bin/python3 -W ignore:setup.py install is deprecated setup.py egg_info --egg-base ../../build/leo_rover build --build-base /home/mscrobotics2425laptop14/Desktop/project/team3/team3-project/build/leo_rover/build install --record /home/mscrobotics2425laptop14/Desktop/project/team3/team3-project/build/leo_rover/install.log --single-version-externally-managed install_data
[2.772s] running egg_info
[2.774s] writing ../../build/leo_rover/leo_rover.egg-info/PKG-INFO
[2.775s] writing dependency_links to ../../build/leo_rover/leo_rover.egg-info/dependency_links.txt
[2.776s] writing entry points to ../../build/leo_rover/leo_rover.egg-info/entry_points.txt
[2.776s] writing requirements to ../../build/leo_rover/leo_rover.egg-info/requires.txt
[2.776s] writing top-level names to ../../build/leo_rover/leo_rover.egg-info/top_level.txt
[2.778s] reading manifest file '../../build/leo_rover/leo_rover.egg-info/SOURCES.txt'
[2.786s] writing manifest file '../../build/leo_rover/leo_rover.egg-info/SOURCES.txt'
[2.786s] running build
[2.786s] running build_py
[2.786s] running install
[2.790s] running install_lib
[2.791s] running install_data
[2.792s] running install_egg_info
[2.796s] removing '/home/mscrobotics2425laptop14/Desktop/project/team3/team3-project/install/leo_rover/lib/python3.10/site-packages/leo_rover-0.0.0-py3.10.egg-info' (and everything under it)
[2.796s] Copying ../../build/leo_rover/leo_rover.egg-info to /home/mscrobotics2425laptop14/Desktop/project/team3/team3-project/install/leo_rover/lib/python3.10/site-packages/leo_rover-0.0.0-py3.10.egg-info
[2.800s] running install_scripts
[2.845s] Installing leo_rover_node script to /home/mscrobotics2425laptop14/Desktop/project/team3/team3-project/install/leo_rover/lib/leo_rover
[2.847s] writing list of installed files to '/home/mscrobotics2425laptop14/Desktop/project/team3/team3-project/build/leo_rover/install.log'
[2.969s] Invoked command in '/home/mscrobotics2425laptop14/Desktop/project/team3/team3-project/src/leo_rover' returned '0': CONDA_PROMPT_MODIFIER=(ros2) PYTHONPATH=/home/mscrobotics2425laptop14/Desktop/project/team3/team3-project/build/leo_rover/prefix_override:/usr/lib/python3/dist-packages/colcon_core/task/python/colcon_distutils_commands:/home/mscrobotics2425laptop14/Desktop/project/team3/team3-project/install/leo_rover/lib/python3.10/site-packages:${PYTHONPATH} /usr/bin/python3 -W ignore:setup.py install is deprecated setup.py egg_info --egg-base ../../build/leo_rover build --build-base /home/mscrobotics2425laptop14/Desktop/project/team3/team3-project/build/leo_rover/build install --record /home/mscrobotics2425laptop14/Desktop/project/team3/team3-project/build/leo_rover/install.log --single-version-externally-managed install_data
