[4.484s] Invoking command in '/home/sfr2024/assessment/team3_project/src/robotic_arm': PYTHONPATH=/home/sfr2024/assessment/team3_project/build/robotic_arm/prefix_override:/usr/lib/python3/dist-packages/colcon_core/task/python/colcon_distutils_commands:/home/sfr2024/assessment/team3_project/install/robotic_arm/lib/python3.10/site-packages:${PYTHONPATH} /usr/bin/python3 -W ignore:setup.py install is deprecated setup.py egg_info --egg-base ../../build/robotic_arm build --build-base /home/sfr2024/assessment/team3_project/build/robotic_arm/build install --record /home/sfr2024/assessment/team3_project/build/robotic_arm/install.log --single-version-externally-managed install_data
[4.990s] running egg_info
[4.994s] writing ../../build/robotic_arm/robotic_arm.egg-info/PKG-INFO
[4.994s] writing dependency_links to ../../build/robotic_arm/robotic_arm.egg-info/dependency_links.txt
[4.994s] writing entry points to ../../build/robotic_arm/robotic_arm.egg-info/entry_points.txt
[4.994s] writing requirements to ../../build/robotic_arm/robotic_arm.egg-info/requires.txt
[4.995s] writing top-level names to ../../build/robotic_arm/robotic_arm.egg-info/top_level.txt
[4.996s] reading manifest file '../../build/robotic_arm/robotic_arm.egg-info/SOURCES.txt'
[4.998s] writing manifest file '../../build/robotic_arm/robotic_arm.egg-info/SOURCES.txt'
[4.999s] running build
[5.000s] running build_py
[5.000s] running install
[5.001s] running install_lib
[5.004s] running install_data
[5.005s] running install_egg_info
[5.008s] removing '/home/sfr2024/assessment/team3_project/install/robotic_arm/lib/python3.10/site-packages/robotic_arm-0.0.0-py3.10.egg-info' (and everything under it)
[5.012s] Copying ../../build/robotic_arm/robotic_arm.egg-info to /home/sfr2024/assessment/team3_project/install/robotic_arm/lib/python3.10/site-packages/robotic_arm-0.0.0-py3.10.egg-info
[5.013s] running install_scripts
[5.057s] Installing robotic_arm_node script to /home/sfr2024/assessment/team3_project/install/robotic_arm/lib/robotic_arm
[5.058s] writing list of installed files to '/home/sfr2024/assessment/team3_project/build/robotic_arm/install.log'
[5.109s] Invoked command in '/home/sfr2024/assessment/team3_project/src/robotic_arm' returned '0': PYTHONPATH=/home/sfr2024/assessment/team3_project/build/robotic_arm/prefix_override:/usr/lib/python3/dist-packages/colcon_core/task/python/colcon_distutils_commands:/home/sfr2024/assessment/team3_project/install/robotic_arm/lib/python3.10/site-packages:${PYTHONPATH} /usr/bin/python3 -W ignore:setup.py install is deprecated setup.py egg_info --egg-base ../../build/robotic_arm build --build-base /home/sfr2024/assessment/team3_project/build/robotic_arm/build install --record /home/sfr2024/assessment/team3_project/build/robotic_arm/install.log --single-version-externally-managed install_data
