[0.327s] DEBUG:colcon:Command line arguments: ['/usr/bin/colcon', 'build']
[0.328s] DEBUG:colcon:Parsed command line arguments: Namespace(log_base=None, log_level=None, verb_name='build', build_base='build', install_base='install', merge_install=False, symlink_install=False, test_result_base=None, continue_on_error=False, executor='parallel', parallel_workers=10, event_handlers=None, ignore_user_meta=False, metas=['./colcon.meta'], base_paths=['.'], packages_ignore=None, packages_ignore_regex=None, paths=None, packages_up_to=None, packages_up_to_regex=None, packages_above=None, packages_above_and_dependencies=None, packages_above_depth=None, packages_select_by_dep=None, packages_skip_by_dep=None, packages_skip_up_to=None, packages_select_build_failed=False, packages_skip_build_finished=False, packages_select_test_failures=False, packages_skip_test_passed=False, packages_select=None, packages_skip=None, packages_select_regex=None, packages_skip_regex=None, packages_start=None, packages_end=None, allow_overriding=[], cmake_args=None, cmake_target=None, cmake_target_skip_unavailable=False, cmake_clean_cache=False, cmake_clean_first=False, cmake_force_configure=False, ament_cmake_args=None, catkin_cmake_args=None, catkin_skip_building_tests=False, mixin_files=None, mixin=None, verb_parser=<colcon_mixin.mixin.mixin_argument.MixinArgumentDecorator object at 0x7de1f18682e0>, verb_extension=<colcon_core.verb.build.BuildVerb object at 0x7de1f1970a60>, main=<bound method BuildVerb.main of <colcon_core.verb.build.BuildVerb object at 0x7de1f1970a60>>, mixin_verb=('build',))
[0.521s] Level 1:colcon.colcon_core.package_discovery:discover_packages(colcon_meta) check parameters
[0.521s] Level 1:colcon.colcon_core.package_discovery:discover_packages(recursive) check parameters
[0.521s] Level 1:colcon.colcon_core.package_discovery:discover_packages(ignore) check parameters
[0.521s] Level 1:colcon.colcon_core.package_discovery:discover_packages(path) check parameters
[0.521s] Level 1:colcon.colcon_core.package_discovery:discover_packages(colcon_meta) discover
[0.521s] Level 1:colcon.colcon_core.package_discovery:discover_packages(recursive) discover
[0.521s] INFO:colcon.colcon_core.package_discovery:Crawling recursively for packages in '/home/sfr2024/assessment/team3_project'
[0.521s] Level 1:colcon.colcon_core.package_identification:_identify(.) by extensions ['ignore', 'ignore_ament_install']
[0.522s] Level 1:colcon.colcon_core.package_identification:_identify(.) by extension 'ignore'
[0.522s] Level 1:colcon.colcon_core.package_identification:_identify(.) by extension 'ignore_ament_install'
[0.522s] Level 1:colcon.colcon_core.package_identification:_identify(.) by extensions ['colcon_pkg']
[0.522s] Level 1:colcon.colcon_core.package_identification:_identify(.) by extension 'colcon_pkg'
[0.522s] Level 1:colcon.colcon_core.package_identification:_identify(.) by extensions ['colcon_meta']
[0.522s] Level 1:colcon.colcon_core.package_identification:_identify(.) by extension 'colcon_meta'
[0.522s] Level 1:colcon.colcon_core.package_identification:_identify(.) by extensions ['ros']
[0.522s] Level 1:colcon.colcon_core.package_identification:_identify(.) by extension 'ros'
[0.539s] Level 1:colcon.colcon_core.package_identification:_identify(.) by extensions ['cmake', 'python']
[0.539s] Level 1:colcon.colcon_core.package_identification:_identify(.) by extension 'cmake'
[0.539s] Level 1:colcon.colcon_core.package_identification:_identify(.) by extension 'python'
[0.539s] Level 1:colcon.colcon_core.package_identification:_identify(.) by extensions ['python_setup_py']
[0.539s] Level 1:colcon.colcon_core.package_identification:_identify(.) by extension 'python_setup_py'
[0.539s] Level 1:colcon.colcon_core.package_identification:_identify(build) by extensions ['ignore', 'ignore_ament_install']
[0.539s] Level 1:colcon.colcon_core.package_identification:_identify(build) by extension 'ignore'
[0.539s] Level 1:colcon.colcon_core.package_identification:_identify(build) ignored
[0.539s] Level 1:colcon.colcon_core.package_identification:_identify(install) by extensions ['ignore', 'ignore_ament_install']
[0.539s] Level 1:colcon.colcon_core.package_identification:_identify(install) by extension 'ignore'
[0.539s] Level 1:colcon.colcon_core.package_identification:_identify(install) ignored
[0.539s] Level 1:colcon.colcon_core.package_identification:_identify(log) by extensions ['ignore', 'ignore_ament_install']
[0.539s] Level 1:colcon.colcon_core.package_identification:_identify(log) by extension 'ignore'
[0.539s] Level 1:colcon.colcon_core.package_identification:_identify(log) ignored
[0.539s] Level 1:colcon.colcon_core.package_identification:_identify(src) by extensions ['ignore', 'ignore_ament_install']
[0.540s] Level 1:colcon.colcon_core.package_identification:_identify(src) by extension 'ignore'
[0.540s] Level 1:colcon.colcon_core.package_identification:_identify(src) by extension 'ignore_ament_install'
[0.540s] Level 1:colcon.colcon_core.package_identification:_identify(src) by extensions ['colcon_pkg']
[0.540s] Level 1:colcon.colcon_core.package_identification:_identify(src) by extension 'colcon_pkg'
[0.540s] Level 1:colcon.colcon_core.package_identification:_identify(src) by extensions ['colcon_meta']
[0.540s] Level 1:colcon.colcon_core.package_identification:_identify(src) by extension 'colcon_meta'
[0.540s] Level 1:colcon.colcon_core.package_identification:_identify(src) by extensions ['ros']
[0.540s] Level 1:colcon.colcon_core.package_identification:_identify(src) by extension 'ros'
[0.540s] Level 1:colcon.colcon_core.package_identification:_identify(src) by extensions ['cmake', 'python']
[0.540s] Level 1:colcon.colcon_core.package_identification:_identify(src) by extension 'cmake'
[0.540s] Level 1:colcon.colcon_core.package_identification:_identify(src) by extension 'python'
[0.540s] Level 1:colcon.colcon_core.package_identification:_identify(src) by extensions ['python_setup_py']
[0.540s] Level 1:colcon.colcon_core.package_identification:_identify(src) by extension 'python_setup_py'
[0.540s] Level 1:colcon.colcon_core.package_identification:_identify(src/camera) by extensions ['ignore', 'ignore_ament_install']
[0.540s] Level 1:colcon.colcon_core.package_identification:_identify(src/camera) by extension 'ignore'
[0.540s] Level 1:colcon.colcon_core.package_identification:_identify(src/camera) by extension 'ignore_ament_install'
[0.540s] Level 1:colcon.colcon_core.package_identification:_identify(src/camera) by extensions ['colcon_pkg']
[0.540s] Level 1:colcon.colcon_core.package_identification:_identify(src/camera) by extension 'colcon_pkg'
[0.540s] Level 1:colcon.colcon_core.package_identification:_identify(src/camera) by extensions ['colcon_meta']
[0.540s] Level 1:colcon.colcon_core.package_identification:_identify(src/camera) by extension 'colcon_meta'
[0.540s] Level 1:colcon.colcon_core.package_identification:_identify(src/camera) by extensions ['ros']
[0.540s] Level 1:colcon.colcon_core.package_identification:_identify(src/camera) by extension 'ros'
[0.545s] DEBUG:colcon.colcon_core.package_identification:Package 'src/camera' with type 'ros.ament_python' and name 'camera'
[0.545s] Level 1:colcon.colcon_core.package_identification:_identify(src/imu) by extensions ['ignore', 'ignore_ament_install']
[0.545s] Level 1:colcon.colcon_core.package_identification:_identify(src/imu) by extension 'ignore'
[0.545s] Level 1:colcon.colcon_core.package_identification:_identify(src/imu) by extension 'ignore_ament_install'
[0.545s] Level 1:colcon.colcon_core.package_identification:_identify(src/imu) by extensions ['colcon_pkg']
[0.545s] Level 1:colcon.colcon_core.package_identification:_identify(src/imu) by extension 'colcon_pkg'
[0.545s] Level 1:colcon.colcon_core.package_identification:_identify(src/imu) by extensions ['colcon_meta']
[0.545s] Level 1:colcon.colcon_core.package_identification:_identify(src/imu) by extension 'colcon_meta'
[0.545s] Level 1:colcon.colcon_core.package_identification:_identify(src/imu) by extensions ['ros']
[0.545s] Level 1:colcon.colcon_core.package_identification:_identify(src/imu) by extension 'ros'
[0.546s] DEBUG:colcon.colcon_core.package_identification:Package 'src/imu' with type 'ros.ament_python' and name 'imu'
[0.546s] Level 1:colcon.colcon_core.package_identification:_identify(src/lidar) by extensions ['ignore', 'ignore_ament_install']
[0.546s] Level 1:colcon.colcon_core.package_identification:_identify(src/lidar) by extension 'ignore'
[0.546s] Level 1:colcon.colcon_core.package_identification:_identify(src/lidar) by extension 'ignore_ament_install'
[0.546s] Level 1:colcon.colcon_core.package_identification:_identify(src/lidar) by extensions ['colcon_pkg']
[0.546s] Level 1:colcon.colcon_core.package_identification:_identify(src/lidar) by extension 'colcon_pkg'
[0.546s] Level 1:colcon.colcon_core.package_identification:_identify(src/lidar) by extensions ['colcon_meta']
[0.546s] Level 1:colcon.colcon_core.package_identification:_identify(src/lidar) by extension 'colcon_meta'
[0.546s] Level 1:colcon.colcon_core.package_identification:_identify(src/lidar) by extensions ['ros']
[0.546s] Level 1:colcon.colcon_core.package_identification:_identify(src/lidar) by extension 'ros'
[0.547s] DEBUG:colcon.colcon_core.package_identification:Package 'src/lidar' with type 'ros.ament_python' and name 'lidar'
[0.547s] Level 1:colcon.colcon_core.package_identification:_identify(src/map) by extensions ['ignore', 'ignore_ament_install']
[0.547s] Level 1:colcon.colcon_core.package_identification:_identify(src/map) by extension 'ignore'
[0.547s] Level 1:colcon.colcon_core.package_identification:_identify(src/map) by extension 'ignore_ament_install'
[0.548s] Level 1:colcon.colcon_core.package_identification:_identify(src/map) by extensions ['colcon_pkg']
[0.548s] Level 1:colcon.colcon_core.package_identification:_identify(src/map) by extension 'colcon_pkg'
[0.548s] Level 1:colcon.colcon_core.package_identification:_identify(src/map) by extensions ['colcon_meta']
[0.548s] Level 1:colcon.colcon_core.package_identification:_identify(src/map) by extension 'colcon_meta'
[0.548s] Level 1:colcon.colcon_core.package_identification:_identify(src/map) by extensions ['ros']
[0.548s] Level 1:colcon.colcon_core.package_identification:_identify(src/map) by extension 'ros'
[0.549s] DEBUG:colcon.colcon_core.package_identification:Package 'src/map' with type 'ros.ament_python' and name 'map'
[0.549s] Level 1:colcon.colcon_core.package_identification:_identify(src/navigation) by extensions ['ignore', 'ignore_ament_install']
[0.549s] Level 1:colcon.colcon_core.package_identification:_identify(src/navigation) by extension 'ignore'
[0.549s] Level 1:colcon.colcon_core.package_identification:_identify(src/navigation) by extension 'ignore_ament_install'
[0.549s] Level 1:colcon.colcon_core.package_identification:_identify(src/navigation) by extensions ['colcon_pkg']
[0.549s] Level 1:colcon.colcon_core.package_identification:_identify(src/navigation) by extension 'colcon_pkg'
[0.549s] Level 1:colcon.colcon_core.package_identification:_identify(src/navigation) by extensions ['colcon_meta']
[0.549s] Level 1:colcon.colcon_core.package_identification:_identify(src/navigation) by extension 'colcon_meta'
[0.549s] Level 1:colcon.colcon_core.package_identification:_identify(src/navigation) by extensions ['ros']
[0.549s] Level 1:colcon.colcon_core.package_identification:_identify(src/navigation) by extension 'ros'
[0.550s] DEBUG:colcon.colcon_core.package_identification:Package 'src/navigation' with type 'ros.ament_python' and name 'navigation'
[0.550s] Level 1:colcon.colcon_core.package_identification:_identify(src/nuc) by extensions ['ignore', 'ignore_ament_install']
[0.551s] Level 1:colcon.colcon_core.package_identification:_identify(src/nuc) by extension 'ignore'
[0.551s] Level 1:colcon.colcon_core.package_identification:_identify(src/nuc) by extension 'ignore_ament_install'
[0.551s] Level 1:colcon.colcon_core.package_identification:_identify(src/nuc) by extensions ['colcon_pkg']
[0.551s] Level 1:colcon.colcon_core.package_identification:_identify(src/nuc) by extension 'colcon_pkg'
[0.551s] Level 1:colcon.colcon_core.package_identification:_identify(src/nuc) by extensions ['colcon_meta']
[0.551s] Level 1:colcon.colcon_core.package_identification:_identify(src/nuc) by extension 'colcon_meta'
[0.551s] Level 1:colcon.colcon_core.package_identification:_identify(src/nuc) by extensions ['ros']
[0.551s] Level 1:colcon.colcon_core.package_identification:_identify(src/nuc) by extension 'ros'
[0.552s] DEBUG:colcon.colcon_core.package_identification:Package 'src/nuc' with type 'ros.ament_python' and name 'nuc'
[0.552s] Level 1:colcon.colcon_core.package_identification:_identify(src/robotic_arm) by extensions ['ignore', 'ignore_ament_install']
[0.552s] Level 1:colcon.colcon_core.package_identification:_identify(src/robotic_arm) by extension 'ignore'
[0.552s] Level 1:colcon.colcon_core.package_identification:_identify(src/robotic_arm) by extension 'ignore_ament_install'
[0.552s] Level 1:colcon.colcon_core.package_identification:_identify(src/robotic_arm) by extensions ['colcon_pkg']
[0.552s] Level 1:colcon.colcon_core.package_identification:_identify(src/robotic_arm) by extension 'colcon_pkg'
[0.552s] Level 1:colcon.colcon_core.package_identification:_identify(src/robotic_arm) by extensions ['colcon_meta']
[0.552s] Level 1:colcon.colcon_core.package_identification:_identify(src/robotic_arm) by extension 'colcon_meta'
[0.552s] Level 1:colcon.colcon_core.package_identification:_identify(src/robotic_arm) by extensions ['ros']
[0.552s] Level 1:colcon.colcon_core.package_identification:_identify(src/robotic_arm) by extension 'ros'
[0.553s] DEBUG:colcon.colcon_core.package_identification:Package 'src/robotic_arm' with type 'ros.ament_python' and name 'robotic_arm'
[0.553s] Level 1:colcon.colcon_core.package_discovery:discover_packages(recursive) using defaults
[0.553s] Level 1:colcon.colcon_core.package_discovery:discover_packages(ignore) discover
[0.553s] Level 1:colcon.colcon_core.package_discovery:discover_packages(ignore) using defaults
[0.553s] Level 1:colcon.colcon_core.package_discovery:discover_packages(path) discover
[0.553s] Level 1:colcon.colcon_core.package_discovery:discover_packages(path) using defaults
[0.606s] Level 1:colcon.colcon_core.package_discovery:discover_packages(prefix_path) check parameters
[0.606s] Level 1:colcon.colcon_core.package_discovery:discover_packages(prefix_path) discover
[0.612s] DEBUG:colcon.colcon_installed_package_information.package_discovery:Found 18 installed packages in /home/sfr2024/ros2_tutorial_workspace/install
[0.613s] DEBUG:colcon.colcon_installed_package_information.package_discovery:Found 339 installed packages in /opt/ros/humble
[0.614s] Level 1:colcon.colcon_core.package_discovery:discover_packages(prefix_path) using defaults
[0.646s] Level 5:colcon.colcon_core.verb:set package 'camera' build argument 'cmake_args' from command line to 'None'
[0.646s] Level 5:colcon.colcon_core.verb:set package 'camera' build argument 'cmake_target' from command line to 'None'
[0.646s] Level 5:colcon.colcon_core.verb:set package 'camera' build argument 'cmake_target_skip_unavailable' from command line to 'False'
[0.646s] Level 5:colcon.colcon_core.verb:set package 'camera' build argument 'cmake_clean_cache' from command line to 'False'
[0.646s] Level 5:colcon.colcon_core.verb:set package 'camera' build argument 'cmake_clean_first' from command line to 'False'
[0.646s] Level 5:colcon.colcon_core.verb:set package 'camera' build argument 'cmake_force_configure' from command line to 'False'
[0.646s] Level 5:colcon.colcon_core.verb:set package 'camera' build argument 'ament_cmake_args' from command line to 'None'
[0.646s] Level 5:colcon.colcon_core.verb:set package 'camera' build argument 'catkin_cmake_args' from command line to 'None'
[0.646s] Level 5:colcon.colcon_core.verb:set package 'camera' build argument 'catkin_skip_building_tests' from command line to 'False'
[0.646s] DEBUG:colcon.colcon_core.verb:Building package 'camera' with the following arguments: {'ament_cmake_args': None, 'build_base': '/home/sfr2024/assessment/team3_project/build/camera', 'catkin_cmake_args': None, 'catkin_skip_building_tests': False, 'cmake_args': None, 'cmake_clean_cache': False, 'cmake_clean_first': False, 'cmake_force_configure': False, 'cmake_target': None, 'cmake_target_skip_unavailable': False, 'install_base': '/home/sfr2024/assessment/team3_project/install/camera', 'merge_install': False, 'path': '/home/sfr2024/assessment/team3_project/src/camera', 'symlink_install': False, 'test_result_base': None}
[0.647s] Level 5:colcon.colcon_core.verb:set package 'imu' build argument 'cmake_args' from command line to 'None'
[0.647s] Level 5:colcon.colcon_core.verb:set package 'imu' build argument 'cmake_target' from command line to 'None'
[0.647s] Level 5:colcon.colcon_core.verb:set package 'imu' build argument 'cmake_target_skip_unavailable' from command line to 'False'
[0.647s] Level 5:colcon.colcon_core.verb:set package 'imu' build argument 'cmake_clean_cache' from command line to 'False'
[0.647s] Level 5:colcon.colcon_core.verb:set package 'imu' build argument 'cmake_clean_first' from command line to 'False'
[0.647s] Level 5:colcon.colcon_core.verb:set package 'imu' build argument 'cmake_force_configure' from command line to 'False'
[0.647s] Level 5:colcon.colcon_core.verb:set package 'imu' build argument 'ament_cmake_args' from command line to 'None'
[0.647s] Level 5:colcon.colcon_core.verb:set package 'imu' build argument 'catkin_cmake_args' from command line to 'None'
[0.647s] Level 5:colcon.colcon_core.verb:set package 'imu' build argument 'catkin_skip_building_tests' from command line to 'False'
[0.647s] DEBUG:colcon.colcon_core.verb:Building package 'imu' with the following arguments: {'ament_cmake_args': None, 'build_base': '/home/sfr2024/assessment/team3_project/build/imu', 'catkin_cmake_args': None, 'catkin_skip_building_tests': False, 'cmake_args': None, 'cmake_clean_cache': False, 'cmake_clean_first': False, 'cmake_force_configure': False, 'cmake_target': None, 'cmake_target_skip_unavailable': False, 'install_base': '/home/sfr2024/assessment/team3_project/install/imu', 'merge_install': False, 'path': '/home/sfr2024/assessment/team3_project/src/imu', 'symlink_install': False, 'test_result_base': None}
[0.647s] Level 5:colcon.colcon_core.verb:set package 'lidar' build argument 'cmake_args' from command line to 'None'
[0.647s] Level 5:colcon.colcon_core.verb:set package 'lidar' build argument 'cmake_target' from command line to 'None'
[0.647s] Level 5:colcon.colcon_core.verb:set package 'lidar' build argument 'cmake_target_skip_unavailable' from command line to 'False'
[0.647s] Level 5:colcon.colcon_core.verb:set package 'lidar' build argument 'cmake_clean_cache' from command line to 'False'
[0.647s] Level 5:colcon.colcon_core.verb:set package 'lidar' build argument 'cmake_clean_first' from command line to 'False'
[0.647s] Level 5:colcon.colcon_core.verb:set package 'lidar' build argument 'cmake_force_configure' from command line to 'False'
[0.647s] Level 5:colcon.colcon_core.verb:set package 'lidar' build argument 'ament_cmake_args' from command line to 'None'
[0.647s] Level 5:colcon.colcon_core.verb:set package 'lidar' build argument 'catkin_cmake_args' from command line to 'None'
[0.647s] Level 5:colcon.colcon_core.verb:set package 'lidar' build argument 'catkin_skip_building_tests' from command line to 'False'
[0.647s] DEBUG:colcon.colcon_core.verb:Building package 'lidar' with the following arguments: {'ament_cmake_args': None, 'build_base': '/home/sfr2024/assessment/team3_project/build/lidar', 'catkin_cmake_args': None, 'catkin_skip_building_tests': False, 'cmake_args': None, 'cmake_clean_cache': False, 'cmake_clean_first': False, 'cmake_force_configure': False, 'cmake_target': None, 'cmake_target_skip_unavailable': False, 'install_base': '/home/sfr2024/assessment/team3_project/install/lidar', 'merge_install': False, 'path': '/home/sfr2024/assessment/team3_project/src/lidar', 'symlink_install': False, 'test_result_base': None}
[0.647s] Level 5:colcon.colcon_core.verb:set package 'map' build argument 'cmake_args' from command line to 'None'
[0.647s] Level 5:colcon.colcon_core.verb:set package 'map' build argument 'cmake_target' from command line to 'None'
[0.647s] Level 5:colcon.colcon_core.verb:set package 'map' build argument 'cmake_target_skip_unavailable' from command line to 'False'
[0.647s] Level 5:colcon.colcon_core.verb:set package 'map' build argument 'cmake_clean_cache' from command line to 'False'
[0.647s] Level 5:colcon.colcon_core.verb:set package 'map' build argument 'cmake_clean_first' from command line to 'False'
[0.647s] Level 5:colcon.colcon_core.verb:set package 'map' build argument 'cmake_force_configure' from command line to 'False'
[0.648s] Level 5:colcon.colcon_core.verb:set package 'map' build argument 'ament_cmake_args' from command line to 'None'
[0.648s] Level 5:colcon.colcon_core.verb:set package 'map' build argument 'catkin_cmake_args' from command line to 'None'
[0.648s] Level 5:colcon.colcon_core.verb:set package 'map' build argument 'catkin_skip_building_tests' from command line to 'False'
[0.648s] DEBUG:colcon.colcon_core.verb:Building package 'map' with the following arguments: {'ament_cmake_args': None, 'build_base': '/home/sfr2024/assessment/team3_project/build/map', 'catkin_cmake_args': None, 'catkin_skip_building_tests': False, 'cmake_args': None, 'cmake_clean_cache': False, 'cmake_clean_first': False, 'cmake_force_configure': False, 'cmake_target': None, 'cmake_target_skip_unavailable': False, 'install_base': '/home/sfr2024/assessment/team3_project/install/map', 'merge_install': False, 'path': '/home/sfr2024/assessment/team3_project/src/map', 'symlink_install': False, 'test_result_base': None}
[0.648s] Level 5:colcon.colcon_core.verb:set package 'navigation' build argument 'cmake_args' from command line to 'None'
[0.648s] Level 5:colcon.colcon_core.verb:set package 'navigation' build argument 'cmake_target' from command line to 'None'
[0.648s] Level 5:colcon.colcon_core.verb:set package 'navigation' build argument 'cmake_target_skip_unavailable' from command line to 'False'
[0.648s] Level 5:colcon.colcon_core.verb:set package 'navigation' build argument 'cmake_clean_cache' from command line to 'False'
[0.648s] Level 5:colcon.colcon_core.verb:set package 'navigation' build argument 'cmake_clean_first' from command line to 'False'
[0.648s] Level 5:colcon.colcon_core.verb:set package 'navigation' build argument 'cmake_force_configure' from command line to 'False'
[0.648s] Level 5:colcon.colcon_core.verb:set package 'navigation' build argument 'ament_cmake_args' from command line to 'None'
[0.648s] Level 5:colcon.colcon_core.verb:set package 'navigation' build argument 'catkin_cmake_args' from command line to 'None'
[0.648s] Level 5:colcon.colcon_core.verb:set package 'navigation' build argument 'catkin_skip_building_tests' from command line to 'False'
[0.648s] DEBUG:colcon.colcon_core.verb:Building package 'navigation' with the following arguments: {'ament_cmake_args': None, 'build_base': '/home/sfr2024/assessment/team3_project/build/navigation', 'catkin_cmake_args': None, 'catkin_skip_building_tests': False, 'cmake_args': None, 'cmake_clean_cache': False, 'cmake_clean_first': False, 'cmake_force_configure': False, 'cmake_target': None, 'cmake_target_skip_unavailable': False, 'install_base': '/home/sfr2024/assessment/team3_project/install/navigation', 'merge_install': False, 'path': '/home/sfr2024/assessment/team3_project/src/navigation', 'symlink_install': False, 'test_result_base': None}
[0.648s] Level 5:colcon.colcon_core.verb:set package 'nuc' build argument 'cmake_args' from command line to 'None'
[0.648s] Level 5:colcon.colcon_core.verb:set package 'nuc' build argument 'cmake_target' from command line to 'None'
[0.648s] Level 5:colcon.colcon_core.verb:set package 'nuc' build argument 'cmake_target_skip_unavailable' from command line to 'False'
[0.648s] Level 5:colcon.colcon_core.verb:set package 'nuc' build argument 'cmake_clean_cache' from command line to 'False'
[0.648s] Level 5:colcon.colcon_core.verb:set package 'nuc' build argument 'cmake_clean_first' from command line to 'False'
[0.648s] Level 5:colcon.colcon_core.verb:set package 'nuc' build argument 'cmake_force_configure' from command line to 'False'
[0.648s] Level 5:colcon.colcon_core.verb:set package 'nuc' build argument 'ament_cmake_args' from command line to 'None'
[0.648s] Level 5:colcon.colcon_core.verb:set package 'nuc' build argument 'catkin_cmake_args' from command line to 'None'
[0.648s] Level 5:colcon.colcon_core.verb:set package 'nuc' build argument 'catkin_skip_building_tests' from command line to 'False'
[0.648s] DEBUG:colcon.colcon_core.verb:Building package 'nuc' with the following arguments: {'ament_cmake_args': None, 'build_base': '/home/sfr2024/assessment/team3_project/build/nuc', 'catkin_cmake_args': None, 'catkin_skip_building_tests': False, 'cmake_args': None, 'cmake_clean_cache': False, 'cmake_clean_first': False, 'cmake_force_configure': False, 'cmake_target': None, 'cmake_target_skip_unavailable': False, 'install_base': '/home/sfr2024/assessment/team3_project/install/nuc', 'merge_install': False, 'path': '/home/sfr2024/assessment/team3_project/src/nuc', 'symlink_install': False, 'test_result_base': None}
[0.648s] Level 5:colcon.colcon_core.verb:set package 'robotic_arm' build argument 'cmake_args' from command line to 'None'
[0.648s] Level 5:colcon.colcon_core.verb:set package 'robotic_arm' build argument 'cmake_target' from command line to 'None'
[0.648s] Level 5:colcon.colcon_core.verb:set package 'robotic_arm' build argument 'cmake_target_skip_unavailable' from command line to 'False'
[0.648s] Level 5:colcon.colcon_core.verb:set package 'robotic_arm' build argument 'cmake_clean_cache' from command line to 'False'
[0.648s] Level 5:colcon.colcon_core.verb:set package 'robotic_arm' build argument 'cmake_clean_first' from command line to 'False'
[0.648s] Level 5:colcon.colcon_core.verb:set package 'robotic_arm' build argument 'cmake_force_configure' from command line to 'False'
[0.648s] Level 5:colcon.colcon_core.verb:set package 'robotic_arm' build argument 'ament_cmake_args' from command line to 'None'
[0.648s] Level 5:colcon.colcon_core.verb:set package 'robotic_arm' build argument 'catkin_cmake_args' from command line to 'None'
[0.648s] Level 5:colcon.colcon_core.verb:set package 'robotic_arm' build argument 'catkin_skip_building_tests' from command line to 'False'
[0.649s] DEBUG:colcon.colcon_core.verb:Building package 'robotic_arm' with the following arguments: {'ament_cmake_args': None, 'build_base': '/home/sfr2024/assessment/team3_project/build/robotic_arm', 'catkin_cmake_args': None, 'catkin_skip_building_tests': False, 'cmake_args': None, 'cmake_clean_cache': False, 'cmake_clean_first': False, 'cmake_force_configure': False, 'cmake_target': None, 'cmake_target_skip_unavailable': False, 'install_base': '/home/sfr2024/assessment/team3_project/install/robotic_arm', 'merge_install': False, 'path': '/home/sfr2024/assessment/team3_project/src/robotic_arm', 'symlink_install': False, 'test_result_base': None}
[0.649s] INFO:colcon.colcon_core.executor:Executing jobs using 'parallel' executor
[0.650s] DEBUG:colcon.colcon_parallel_executor.executor.parallel:run_until_complete
[0.650s] INFO:colcon.colcon_ros.task.ament_python.build:Building ROS package in '/home/sfr2024/assessment/team3_project/src/camera' with build type 'ament_python'
[0.650s] Level 1:colcon.colcon_core.shell:create_environment_hook('camera', 'ament_prefix_path')
[0.657s] INFO:colcon.colcon_core.plugin_system:Skipping extension 'colcon_core.shell.bat': Not used on non-Windows systems
[0.658s] INFO:colcon.colcon_core.shell:Creating environment hook '/home/sfr2024/assessment/team3_project/install/camera/share/camera/hook/ament_prefix_path.ps1'
[0.659s] INFO:colcon.colcon_core.shell:Creating environment descriptor '/home/sfr2024/assessment/team3_project/install/camera/share/camera/hook/ament_prefix_path.dsv'
[0.660s] INFO:colcon.colcon_core.shell:Creating environment hook '/home/sfr2024/assessment/team3_project/install/camera/share/camera/hook/ament_prefix_path.sh'
[0.661s] INFO:colcon.colcon_core.shell:Skip shell extension 'powershell' for command environment: Not usable outside of PowerShell
[0.662s] DEBUG:colcon.colcon_core.shell:Skip shell extension 'dsv' for command environment
[0.668s] INFO:colcon.colcon_ros.task.ament_python.build:Building ROS package in '/home/sfr2024/assessment/team3_project/src/imu' with build type 'ament_python'
[0.668s] Level 1:colcon.colcon_core.shell:create_environment_hook('imu', 'ament_prefix_path')
[0.669s] INFO:colcon.colcon_core.shell:Creating environment hook '/home/sfr2024/assessment/team3_project/install/imu/share/imu/hook/ament_prefix_path.ps1'
[0.669s] INFO:colcon.colcon_core.shell:Creating environment descriptor '/home/sfr2024/assessment/team3_project/install/imu/share/imu/hook/ament_prefix_path.dsv'
[0.670s] INFO:colcon.colcon_core.shell:Creating environment hook '/home/sfr2024/assessment/team3_project/install/imu/share/imu/hook/ament_prefix_path.sh'
[0.671s] INFO:colcon.colcon_core.shell:Skip shell extension 'powershell' for command environment: Not usable outside of PowerShell
[0.671s] DEBUG:colcon.colcon_core.shell:Skip shell extension 'dsv' for command environment
[0.676s] INFO:colcon.colcon_ros.task.ament_python.build:Building ROS package in '/home/sfr2024/assessment/team3_project/src/lidar' with build type 'ament_python'
[0.677s] Level 1:colcon.colcon_core.shell:create_environment_hook('lidar', 'ament_prefix_path')
[0.678s] INFO:colcon.colcon_core.shell:Creating environment hook '/home/sfr2024/assessment/team3_project/install/lidar/share/lidar/hook/ament_prefix_path.ps1'
[0.680s] INFO:colcon.colcon_core.shell:Creating environment descriptor '/home/sfr2024/assessment/team3_project/install/lidar/share/lidar/hook/ament_prefix_path.dsv'
[0.681s] INFO:colcon.colcon_core.shell:Creating environment hook '/home/sfr2024/assessment/team3_project/install/lidar/share/lidar/hook/ament_prefix_path.sh'
[0.684s] INFO:colcon.colcon_core.shell:Skip shell extension 'powershell' for command environment: Not usable outside of PowerShell
[0.684s] DEBUG:colcon.colcon_core.shell:Skip shell extension 'dsv' for command environment
[0.694s] INFO:colcon.colcon_ros.task.ament_python.build:Building ROS package in '/home/sfr2024/assessment/team3_project/src/map' with build type 'ament_python'
[0.695s] Level 1:colcon.colcon_core.shell:create_environment_hook('map', 'ament_prefix_path')
[0.695s] INFO:colcon.colcon_core.shell:Creating environment hook '/home/sfr2024/assessment/team3_project/install/map/share/map/hook/ament_prefix_path.ps1'
[0.696s] INFO:colcon.colcon_core.shell:Creating environment descriptor '/home/sfr2024/assessment/team3_project/install/map/share/map/hook/ament_prefix_path.dsv'
[0.696s] INFO:colcon.colcon_core.shell:Creating environment hook '/home/sfr2024/assessment/team3_project/install/map/share/map/hook/ament_prefix_path.sh'
[0.697s] INFO:colcon.colcon_core.shell:Skip shell extension 'powershell' for command environment: Not usable outside of PowerShell
[0.697s] DEBUG:colcon.colcon_core.shell:Skip shell extension 'dsv' for command environment
[0.702s] INFO:colcon.colcon_ros.task.ament_python.build:Building ROS package in '/home/sfr2024/assessment/team3_project/src/navigation' with build type 'ament_python'
[0.702s] Level 1:colcon.colcon_core.shell:create_environment_hook('navigation', 'ament_prefix_path')
[0.702s] INFO:colcon.colcon_core.shell:Creating environment hook '/home/sfr2024/assessment/team3_project/install/navigation/share/navigation/hook/ament_prefix_path.ps1'
[0.703s] INFO:colcon.colcon_core.shell:Creating environment descriptor '/home/sfr2024/assessment/team3_project/install/navigation/share/navigation/hook/ament_prefix_path.dsv'
[0.704s] INFO:colcon.colcon_core.shell:Creating environment hook '/home/sfr2024/assessment/team3_project/install/navigation/share/navigation/hook/ament_prefix_path.sh'
[0.705s] INFO:colcon.colcon_core.shell:Skip shell extension 'powershell' for command environment: Not usable outside of PowerShell
[0.705s] DEBUG:colcon.colcon_core.shell:Skip shell extension 'dsv' for command environment
[0.717s] INFO:colcon.colcon_ros.task.ament_python.build:Building ROS package in '/home/sfr2024/assessment/team3_project/src/nuc' with build type 'ament_python'
[0.718s] Level 1:colcon.colcon_core.shell:create_environment_hook('nuc', 'ament_prefix_path')
[0.718s] INFO:colcon.colcon_core.shell:Creating environment hook '/home/sfr2024/assessment/team3_project/install/nuc/share/nuc/hook/ament_prefix_path.ps1'
[0.720s] INFO:colcon.colcon_core.shell:Creating environment descriptor '/home/sfr2024/assessment/team3_project/install/nuc/share/nuc/hook/ament_prefix_path.dsv'
[0.721s] INFO:colcon.colcon_core.shell:Creating environment hook '/home/sfr2024/assessment/team3_project/install/nuc/share/nuc/hook/ament_prefix_path.sh'
[0.723s] INFO:colcon.colcon_core.shell:Skip shell extension 'powershell' for command environment: Not usable outside of PowerShell
[0.723s] DEBUG:colcon.colcon_core.shell:Skip shell extension 'dsv' for command environment
[0.736s] INFO:colcon.colcon_ros.task.ament_python.build:Building ROS package in '/home/sfr2024/assessment/team3_project/src/robotic_arm' with build type 'ament_python'
[0.737s] Level 1:colcon.colcon_core.shell:create_environment_hook('robotic_arm', 'ament_prefix_path')
[0.738s] INFO:colcon.colcon_core.shell:Creating environment hook '/home/sfr2024/assessment/team3_project/install/robotic_arm/share/robotic_arm/hook/ament_prefix_path.ps1'
[0.741s] INFO:colcon.colcon_core.shell:Creating environment descriptor '/home/sfr2024/assessment/team3_project/install/robotic_arm/share/robotic_arm/hook/ament_prefix_path.dsv'
[0.743s] INFO:colcon.colcon_core.shell:Creating environment hook '/home/sfr2024/assessment/team3_project/install/robotic_arm/share/robotic_arm/hook/ament_prefix_path.sh'
[0.746s] INFO:colcon.colcon_core.shell:Skip shell extension 'powershell' for command environment: Not usable outside of PowerShell
[0.746s] DEBUG:colcon.colcon_core.shell:Skip shell extension 'dsv' for command environment
[1.017s] INFO:colcon.colcon_core.task.python.build:Building Python package in '/home/sfr2024/assessment/team3_project/src/camera'
[1.017s] INFO:colcon.colcon_core.shell:Skip shell extension 'powershell' for command environment: Not usable outside of PowerShell
[1.017s] DEBUG:colcon.colcon_core.shell:Skip shell extension 'dsv' for command environment
[1.248s] INFO:colcon.colcon_core.task.python.build:Building Python package in '/home/sfr2024/assessment/team3_project/src/imu'
[1.248s] INFO:colcon.colcon_core.shell:Skip shell extension 'powershell' for command environment: Not usable outside of PowerShell
[1.248s] DEBUG:colcon.colcon_core.shell:Skip shell extension 'dsv' for command environment
[1.464s] INFO:colcon.colcon_core.task.python.build:Building Python package in '/home/sfr2024/assessment/team3_project/src/lidar'
[1.465s] INFO:colcon.colcon_core.shell:Skip shell extension 'powershell' for command environment: Not usable outside of PowerShell
[1.465s] DEBUG:colcon.colcon_core.shell:Skip shell extension 'dsv' for command environment
[1.712s] INFO:colcon.colcon_core.task.python.build:Building Python package in '/home/sfr2024/assessment/team3_project/src/map'
[1.712s] INFO:colcon.colcon_core.shell:Skip shell extension 'powershell' for command environment: Not usable outside of PowerShell
[1.713s] DEBUG:colcon.colcon_core.shell:Skip shell extension 'dsv' for command environment
[2.121s] INFO:colcon.colcon_core.task.python.build:Building Python package in '/home/sfr2024/assessment/team3_project/src/navigation'
[2.122s] INFO:colcon.colcon_core.shell:Skip shell extension 'powershell' for command environment: Not usable outside of PowerShell
[2.122s] DEBUG:colcon.colcon_core.shell:Skip shell extension 'dsv' for command environment
[2.424s] INFO:colcon.colcon_core.task.python.build:Building Python package in '/home/sfr2024/assessment/team3_project/src/nuc'
[2.424s] INFO:colcon.colcon_core.shell:Skip shell extension 'powershell' for command environment: Not usable outside of PowerShell
[2.424s] DEBUG:colcon.colcon_core.shell:Skip shell extension 'dsv' for command environment
[2.624s] INFO:colcon.colcon_core.task.python.build:Building Python package in '/home/sfr2024/assessment/team3_project/src/robotic_arm'
[2.625s] INFO:colcon.colcon_core.shell:Skip shell extension 'powershell' for command environment: Not usable outside of PowerShell
[2.625s] DEBUG:colcon.colcon_core.shell:Skip shell extension 'dsv' for command environment
[3.379s] DEBUG:colcon.colcon_core.event_handler.log_command:Invoking command in '/home/sfr2024/assessment/team3_project/src/map': PYTHONPATH=/home/sfr2024/assessment/team3_project/build/map/prefix_override:/usr/lib/python3/dist-packages/colcon_core/task/python/colcon_distutils_commands:/home/sfr2024/assessment/team3_project/install/map/lib/python3.10/site-packages:${PYTHONPATH} /usr/bin/python3 -W ignore:setup.py install is deprecated setup.py egg_info --egg-base ../../build/map build --build-base /home/sfr2024/assessment/team3_project/build/map/build install --record /home/sfr2024/assessment/team3_project/build/map/install.log --single-version-externally-managed install_data
[3.469s] DEBUG:colcon.colcon_core.event_handler.log_command:Invoking command in '/home/sfr2024/assessment/team3_project/src/camera': PYTHONPATH=/home/sfr2024/assessment/team3_project/build/camera/prefix_override:/usr/lib/python3/dist-packages/colcon_core/task/python/colcon_distutils_commands:/home/sfr2024/assessment/team3_project/install/camera/lib/python3.10/site-packages:${PYTHONPATH} /usr/bin/python3 -W ignore:setup.py install is deprecated setup.py egg_info --egg-base ../../build/camera build --build-base /home/sfr2024/assessment/team3_project/build/camera/build install --record /home/sfr2024/assessment/team3_project/build/camera/install.log --single-version-externally-managed install_data
[3.688s] DEBUG:colcon.colcon_core.event_handler.log_command:Invoking command in '/home/sfr2024/assessment/team3_project/src/nuc': PYTHONPATH=/home/sfr2024/assessment/team3_project/build/nuc/prefix_override:/usr/lib/python3/dist-packages/colcon_core/task/python/colcon_distutils_commands:/home/sfr2024/assessment/team3_project/install/nuc/lib/python3.10/site-packages:${PYTHONPATH} /usr/bin/python3 -W ignore:setup.py install is deprecated setup.py egg_info --egg-base ../../build/nuc build --build-base /home/sfr2024/assessment/team3_project/build/nuc/build install --record /home/sfr2024/assessment/team3_project/build/nuc/install.log --single-version-externally-managed install_data
[3.740s] DEBUG:colcon.colcon_core.event_handler.log_command:Invoking command in '/home/sfr2024/assessment/team3_project/src/imu': PYTHONPATH=/home/sfr2024/assessment/team3_project/build/imu/prefix_override:/usr/lib/python3/dist-packages/colcon_core/task/python/colcon_distutils_commands:/home/sfr2024/assessment/team3_project/install/imu/lib/python3.10/site-packages:${PYTHONPATH} /usr/bin/python3 -W ignore:setup.py install is deprecated setup.py egg_info --egg-base ../../build/imu build --build-base /home/sfr2024/assessment/team3_project/build/imu/build install --record /home/sfr2024/assessment/team3_project/build/imu/install.log --single-version-externally-managed install_data
[3.788s] DEBUG:colcon.colcon_core.event_handler.log_command:Invoking command in '/home/sfr2024/assessment/team3_project/src/lidar': PYTHONPATH=/home/sfr2024/assessment/team3_project/build/lidar/prefix_override:/usr/lib/python3/dist-packages/colcon_core/task/python/colcon_distutils_commands:/home/sfr2024/assessment/team3_project/install/lidar/lib/python3.10/site-packages:${PYTHONPATH} /usr/bin/python3 -W ignore:setup.py install is deprecated setup.py egg_info --egg-base ../../build/lidar build --build-base /home/sfr2024/assessment/team3_project/build/lidar/build install --record /home/sfr2024/assessment/team3_project/build/lidar/install.log --single-version-externally-managed install_data
[3.908s] DEBUG:colcon.colcon_core.event_handler.log_command:Invoking command in '/home/sfr2024/assessment/team3_project/src/robotic_arm': PYTHONPATH=/home/sfr2024/assessment/team3_project/build/robotic_arm/prefix_override:/usr/lib/python3/dist-packages/colcon_core/task/python/colcon_distutils_commands:/home/sfr2024/assessment/team3_project/install/robotic_arm/lib/python3.10/site-packages:${PYTHONPATH} /usr/bin/python3 -W ignore:setup.py install is deprecated setup.py egg_info --egg-base ../../build/robotic_arm build --build-base /home/sfr2024/assessment/team3_project/build/robotic_arm/build install --record /home/sfr2024/assessment/team3_project/build/robotic_arm/install.log --single-version-externally-managed install_data
[3.939s] DEBUG:colcon.colcon_core.event_handler.log_command:Invoking command in '/home/sfr2024/assessment/team3_project/src/navigation': PYTHONPATH=/home/sfr2024/assessment/team3_project/build/navigation/prefix_override:/usr/lib/python3/dist-packages/colcon_core/task/python/colcon_distutils_commands:/home/sfr2024/assessment/team3_project/install/navigation/lib/python3.10/site-packages:${PYTHONPATH} /usr/bin/python3 -W ignore:setup.py install is deprecated setup.py egg_info --egg-base ../../build/navigation build --build-base /home/sfr2024/assessment/team3_project/build/navigation/build install --record /home/sfr2024/assessment/team3_project/build/navigation/install.log --single-version-externally-managed install_data
[3.940s] DEBUG:colcon.colcon_core.event_handler.log_command:Invoked command in '/home/sfr2024/assessment/team3_project/src/map' returned '0': PYTHONPATH=/home/sfr2024/assessment/team3_project/build/map/prefix_override:/usr/lib/python3/dist-packages/colcon_core/task/python/colcon_distutils_commands:/home/sfr2024/assessment/team3_project/install/map/lib/python3.10/site-packages:${PYTHONPATH} /usr/bin/python3 -W ignore:setup.py install is deprecated setup.py egg_info --egg-base ../../build/map build --build-base /home/sfr2024/assessment/team3_project/build/map/build install --record /home/sfr2024/assessment/team3_project/build/map/install.log --single-version-externally-managed install_data
[3.959s] Level 1:colcon.colcon_core.environment:checking '/home/sfr2024/assessment/team3_project/install/map' for CMake module files
[3.962s] Level 1:colcon.colcon_core.environment:checking '/home/sfr2024/assessment/team3_project/install/map' for CMake config files
[3.963s] Level 1:colcon.colcon_core.environment:checking '/home/sfr2024/assessment/team3_project/install/map/lib'
[3.963s] Level 1:colcon.colcon_core.environment:checking '/home/sfr2024/assessment/team3_project/install/map/bin'
[3.963s] Level 1:colcon.colcon_core.environment:checking '/home/sfr2024/assessment/team3_project/install/map/lib/pkgconfig/map.pc'
[3.964s] Level 1:colcon.colcon_core.environment:checking '/home/sfr2024/assessment/team3_project/install/map/lib/python3.10/site-packages'
[3.964s] Level 1:colcon.colcon_core.shell:create_environment_hook('map', 'pythonpath')
[3.964s] INFO:colcon.colcon_core.shell:Creating environment hook '/home/sfr2024/assessment/team3_project/install/map/share/map/hook/pythonpath.ps1'
[3.965s] INFO:colcon.colcon_core.shell:Creating environment descriptor '/home/sfr2024/assessment/team3_project/install/map/share/map/hook/pythonpath.dsv'
[3.967s] INFO:colcon.colcon_core.shell:Creating environment hook '/home/sfr2024/assessment/team3_project/install/map/share/map/hook/pythonpath.sh'
[3.968s] Level 1:colcon.colcon_core.environment:checking '/home/sfr2024/assessment/team3_project/install/map/bin'
[3.968s] Level 1:colcon.colcon_core.environment:create_environment_scripts_only(map)
[3.968s] INFO:colcon.colcon_core.shell:Creating package script '/home/sfr2024/assessment/team3_project/install/map/share/map/package.ps1'
[3.971s] INFO:colcon.colcon_core.shell:Creating package descriptor '/home/sfr2024/assessment/team3_project/install/map/share/map/package.dsv'
[3.973s] INFO:colcon.colcon_core.shell:Creating package script '/home/sfr2024/assessment/team3_project/install/map/share/map/package.sh'
[3.976s] INFO:colcon.colcon_core.shell:Creating package script '/home/sfr2024/assessment/team3_project/install/map/share/map/package.bash'
[3.979s] INFO:colcon.colcon_core.shell:Creating package script '/home/sfr2024/assessment/team3_project/install/map/share/map/package.zsh'
[3.981s] Level 1:colcon.colcon_core.environment:create_file_with_runtime_dependencies(/home/sfr2024/assessment/team3_project/install/map/share/colcon-core/packages/map)
[4.103s] Level 1:colcon.colcon_core.environment:checking '/home/sfr2024/assessment/team3_project/install/camera' for CMake module files
[4.105s] DEBUG:colcon.colcon_core.event_handler.log_command:Invoked command in '/home/sfr2024/assessment/team3_project/src/camera' returned '0': PYTHONPATH=/home/sfr2024/assessment/team3_project/build/camera/prefix_override:/usr/lib/python3/dist-packages/colcon_core/task/python/colcon_distutils_commands:/home/sfr2024/assessment/team3_project/install/camera/lib/python3.10/site-packages:${PYTHONPATH} /usr/bin/python3 -W ignore:setup.py install is deprecated setup.py egg_info --egg-base ../../build/camera build --build-base /home/sfr2024/assessment/team3_project/build/camera/build install --record /home/sfr2024/assessment/team3_project/build/camera/install.log --single-version-externally-managed install_data
[4.106s] Level 1:colcon.colcon_core.environment:checking '/home/sfr2024/assessment/team3_project/install/camera' for CMake config files
[4.107s] Level 1:colcon.colcon_core.environment:checking '/home/sfr2024/assessment/team3_project/install/camera/lib'
[4.107s] Level 1:colcon.colcon_core.environment:checking '/home/sfr2024/assessment/team3_project/install/camera/bin'
[4.108s] Level 1:colcon.colcon_core.environment:checking '/home/sfr2024/assessment/team3_project/install/camera/lib/pkgconfig/camera.pc'
[4.110s] Level 1:colcon.colcon_core.environment:checking '/home/sfr2024/assessment/team3_project/install/camera/lib/python3.10/site-packages'
[4.110s] Level 1:colcon.colcon_core.shell:create_environment_hook('camera', 'pythonpath')
[4.114s] INFO:colcon.colcon_core.shell:Creating environment hook '/home/sfr2024/assessment/team3_project/install/camera/share/camera/hook/pythonpath.ps1'
[4.120s] INFO:colcon.colcon_core.shell:Creating environment descriptor '/home/sfr2024/assessment/team3_project/install/camera/share/camera/hook/pythonpath.dsv'
[4.121s] INFO:colcon.colcon_core.shell:Creating environment hook '/home/sfr2024/assessment/team3_project/install/camera/share/camera/hook/pythonpath.sh'
[4.123s] Level 1:colcon.colcon_core.environment:checking '/home/sfr2024/assessment/team3_project/install/camera/bin'
[4.123s] Level 1:colcon.colcon_core.environment:create_environment_scripts_only(camera)
[4.125s] INFO:colcon.colcon_core.shell:Creating package script '/home/sfr2024/assessment/team3_project/install/camera/share/camera/package.ps1'
[4.126s] INFO:colcon.colcon_core.shell:Creating package descriptor '/home/sfr2024/assessment/team3_project/install/camera/share/camera/package.dsv'
[4.128s] INFO:colcon.colcon_core.shell:Creating package script '/home/sfr2024/assessment/team3_project/install/camera/share/camera/package.sh'
[4.129s] INFO:colcon.colcon_core.shell:Creating package script '/home/sfr2024/assessment/team3_project/install/camera/share/camera/package.bash'
[4.130s] INFO:colcon.colcon_core.shell:Creating package script '/home/sfr2024/assessment/team3_project/install/camera/share/camera/package.zsh'
[4.131s] Level 1:colcon.colcon_core.environment:create_file_with_runtime_dependencies(/home/sfr2024/assessment/team3_project/install/camera/share/colcon-core/packages/camera)
[4.395s] Level 1:colcon.colcon_core.environment:checking '/home/sfr2024/assessment/team3_project/install/lidar' for CMake module files
[4.396s] DEBUG:colcon.colcon_core.event_handler.log_command:Invoked command in '/home/sfr2024/assessment/team3_project/src/lidar' returned '0': PYTHONPATH=/home/sfr2024/assessment/team3_project/build/lidar/prefix_override:/usr/lib/python3/dist-packages/colcon_core/task/python/colcon_distutils_commands:/home/sfr2024/assessment/team3_project/install/lidar/lib/python3.10/site-packages:${PYTHONPATH} /usr/bin/python3 -W ignore:setup.py install is deprecated setup.py egg_info --egg-base ../../build/lidar build --build-base /home/sfr2024/assessment/team3_project/build/lidar/build install --record /home/sfr2024/assessment/team3_project/build/lidar/install.log --single-version-externally-managed install_data
[4.398s] Level 1:colcon.colcon_core.environment:checking '/home/sfr2024/assessment/team3_project/install/lidar' for CMake config files
[4.400s] Level 1:colcon.colcon_core.environment:checking '/home/sfr2024/assessment/team3_project/install/lidar/lib'
[4.400s] Level 1:colcon.colcon_core.environment:checking '/home/sfr2024/assessment/team3_project/install/lidar/bin'
[4.400s] Level 1:colcon.colcon_core.environment:checking '/home/sfr2024/assessment/team3_project/install/lidar/lib/pkgconfig/lidar.pc'
[4.401s] Level 1:colcon.colcon_core.environment:checking '/home/sfr2024/assessment/team3_project/install/lidar/lib/python3.10/site-packages'
[4.401s] Level 1:colcon.colcon_core.shell:create_environment_hook('lidar', 'pythonpath')
[4.402s] INFO:colcon.colcon_core.shell:Creating environment hook '/home/sfr2024/assessment/team3_project/install/lidar/share/lidar/hook/pythonpath.ps1'
[4.404s] INFO:colcon.colcon_core.shell:Creating environment descriptor '/home/sfr2024/assessment/team3_project/install/lidar/share/lidar/hook/pythonpath.dsv'
[4.405s] INFO:colcon.colcon_core.shell:Creating environment hook '/home/sfr2024/assessment/team3_project/install/lidar/share/lidar/hook/pythonpath.sh'
[4.410s] Level 1:colcon.colcon_core.environment:checking '/home/sfr2024/assessment/team3_project/install/lidar/bin'
[4.410s] Level 1:colcon.colcon_core.environment:create_environment_scripts_only(lidar)
[4.412s] INFO:colcon.colcon_core.shell:Creating package script '/home/sfr2024/assessment/team3_project/install/lidar/share/lidar/package.ps1'
[4.413s] INFO:colcon.colcon_core.shell:Creating package descriptor '/home/sfr2024/assessment/team3_project/install/lidar/share/lidar/package.dsv'
[4.415s] INFO:colcon.colcon_core.shell:Creating package script '/home/sfr2024/assessment/team3_project/install/lidar/share/lidar/package.sh'
[4.416s] INFO:colcon.colcon_core.shell:Creating package script '/home/sfr2024/assessment/team3_project/install/lidar/share/lidar/package.bash'
[4.417s] INFO:colcon.colcon_core.shell:Creating package script '/home/sfr2024/assessment/team3_project/install/lidar/share/lidar/package.zsh'
[4.419s] Level 1:colcon.colcon_core.environment:create_file_with_runtime_dependencies(/home/sfr2024/assessment/team3_project/install/lidar/share/colcon-core/packages/lidar)
[4.506s] Level 1:colcon.colcon_core.environment:checking '/home/sfr2024/assessment/team3_project/install/nuc' for CMake module files
[4.508s] DEBUG:colcon.colcon_core.event_handler.log_command:Invoked command in '/home/sfr2024/assessment/team3_project/src/nuc' returned '0': PYTHONPATH=/home/sfr2024/assessment/team3_project/build/nuc/prefix_override:/usr/lib/python3/dist-packages/colcon_core/task/python/colcon_distutils_commands:/home/sfr2024/assessment/team3_project/install/nuc/lib/python3.10/site-packages:${PYTHONPATH} /usr/bin/python3 -W ignore:setup.py install is deprecated setup.py egg_info --egg-base ../../build/nuc build --build-base /home/sfr2024/assessment/team3_project/build/nuc/build install --record /home/sfr2024/assessment/team3_project/build/nuc/install.log --single-version-externally-managed install_data
[4.510s] Level 1:colcon.colcon_core.environment:checking '/home/sfr2024/assessment/team3_project/install/nuc' for CMake config files
[4.515s] Level 1:colcon.colcon_core.environment:checking '/home/sfr2024/assessment/team3_project/install/nuc/lib'
[4.516s] Level 1:colcon.colcon_core.environment:checking '/home/sfr2024/assessment/team3_project/install/nuc/bin'
[4.516s] Level 1:colcon.colcon_core.environment:checking '/home/sfr2024/assessment/team3_project/install/nuc/lib/pkgconfig/nuc.pc'
[4.517s] Level 1:colcon.colcon_core.environment:checking '/home/sfr2024/assessment/team3_project/install/nuc/lib/python3.10/site-packages'
[4.517s] Level 1:colcon.colcon_core.shell:create_environment_hook('nuc', 'pythonpath')
[4.518s] INFO:colcon.colcon_core.shell:Creating environment hook '/home/sfr2024/assessment/team3_project/install/nuc/share/nuc/hook/pythonpath.ps1'
[4.520s] INFO:colcon.colcon_core.shell:Creating environment descriptor '/home/sfr2024/assessment/team3_project/install/nuc/share/nuc/hook/pythonpath.dsv'
[4.521s] INFO:colcon.colcon_core.shell:Creating environment hook '/home/sfr2024/assessment/team3_project/install/nuc/share/nuc/hook/pythonpath.sh'
[4.524s] Level 1:colcon.colcon_core.environment:checking '/home/sfr2024/assessment/team3_project/install/nuc/bin'
[4.524s] Level 1:colcon.colcon_core.environment:create_environment_scripts_only(nuc)
[4.525s] INFO:colcon.colcon_core.shell:Creating package script '/home/sfr2024/assessment/team3_project/install/nuc/share/nuc/package.ps1'
[4.527s] INFO:colcon.colcon_core.shell:Creating package descriptor '/home/sfr2024/assessment/team3_project/install/nuc/share/nuc/package.dsv'
[4.528s] INFO:colcon.colcon_core.shell:Creating package script '/home/sfr2024/assessment/team3_project/install/nuc/share/nuc/package.sh'
[4.529s] INFO:colcon.colcon_core.shell:Creating package script '/home/sfr2024/assessment/team3_project/install/nuc/share/nuc/package.bash'
[4.531s] INFO:colcon.colcon_core.shell:Creating package script '/home/sfr2024/assessment/team3_project/install/nuc/share/nuc/package.zsh'
[4.532s] Level 1:colcon.colcon_core.environment:create_file_with_runtime_dependencies(/home/sfr2024/assessment/team3_project/install/nuc/share/colcon-core/packages/nuc)
[4.549s] Level 1:colcon.colcon_core.environment:checking '/home/sfr2024/assessment/team3_project/install/imu' for CMake module files
[4.551s] DEBUG:colcon.colcon_core.event_handler.log_command:Invoked command in '/home/sfr2024/assessment/team3_project/src/imu' returned '0': PYTHONPATH=/home/sfr2024/assessment/team3_project/build/imu/prefix_override:/usr/lib/python3/dist-packages/colcon_core/task/python/colcon_distutils_commands:/home/sfr2024/assessment/team3_project/install/imu/lib/python3.10/site-packages:${PYTHONPATH} /usr/bin/python3 -W ignore:setup.py install is deprecated setup.py egg_info --egg-base ../../build/imu build --build-base /home/sfr2024/assessment/team3_project/build/imu/build install --record /home/sfr2024/assessment/team3_project/build/imu/install.log --single-version-externally-managed install_data
[4.551s] Level 1:colcon.colcon_core.environment:checking '/home/sfr2024/assessment/team3_project/install/imu' for CMake config files
[4.552s] Level 1:colcon.colcon_core.environment:checking '/home/sfr2024/assessment/team3_project/install/imu/lib'
[4.553s] Level 1:colcon.colcon_core.environment:checking '/home/sfr2024/assessment/team3_project/install/imu/bin'
[4.553s] Level 1:colcon.colcon_core.environment:checking '/home/sfr2024/assessment/team3_project/install/imu/lib/pkgconfig/imu.pc'
[4.553s] Level 1:colcon.colcon_core.environment:checking '/home/sfr2024/assessment/team3_project/install/imu/lib/python3.10/site-packages'
[4.553s] Level 1:colcon.colcon_core.shell:create_environment_hook('imu', 'pythonpath')
[4.554s] INFO:colcon.colcon_core.shell:Creating environment hook '/home/sfr2024/assessment/team3_project/install/imu/share/imu/hook/pythonpath.ps1'
[4.555s] INFO:colcon.colcon_core.shell:Creating environment descriptor '/home/sfr2024/assessment/team3_project/install/imu/share/imu/hook/pythonpath.dsv'
[4.556s] INFO:colcon.colcon_core.shell:Creating environment hook '/home/sfr2024/assessment/team3_project/install/imu/share/imu/hook/pythonpath.sh'
[4.557s] Level 1:colcon.colcon_core.environment:checking '/home/sfr2024/assessment/team3_project/install/imu/bin'
[4.557s] Level 1:colcon.colcon_core.environment:create_environment_scripts_only(imu)
[4.558s] INFO:colcon.colcon_core.shell:Creating package script '/home/sfr2024/assessment/team3_project/install/imu/share/imu/package.ps1'
[4.559s] INFO:colcon.colcon_core.shell:Creating package descriptor '/home/sfr2024/assessment/team3_project/install/imu/share/imu/package.dsv'
[4.561s] INFO:colcon.colcon_core.shell:Creating package script '/home/sfr2024/assessment/team3_project/install/imu/share/imu/package.sh'
[4.562s] INFO:colcon.colcon_core.shell:Creating package script '/home/sfr2024/assessment/team3_project/install/imu/share/imu/package.bash'
[4.564s] INFO:colcon.colcon_core.shell:Creating package script '/home/sfr2024/assessment/team3_project/install/imu/share/imu/package.zsh'
[4.565s] Level 1:colcon.colcon_core.environment:create_file_with_runtime_dependencies(/home/sfr2024/assessment/team3_project/install/imu/share/colcon-core/packages/imu)
[4.714s] Level 1:colcon.colcon_core.environment:checking '/home/sfr2024/assessment/team3_project/install/robotic_arm' for CMake module files
[4.715s] DEBUG:colcon.colcon_core.event_handler.log_command:Invoked command in '/home/sfr2024/assessment/team3_project/src/robotic_arm' returned '0': PYTHONPATH=/home/sfr2024/assessment/team3_project/build/robotic_arm/prefix_override:/usr/lib/python3/dist-packages/colcon_core/task/python/colcon_distutils_commands:/home/sfr2024/assessment/team3_project/install/robotic_arm/lib/python3.10/site-packages:${PYTHONPATH} /usr/bin/python3 -W ignore:setup.py install is deprecated setup.py egg_info --egg-base ../../build/robotic_arm build --build-base /home/sfr2024/assessment/team3_project/build/robotic_arm/build install --record /home/sfr2024/assessment/team3_project/build/robotic_arm/install.log --single-version-externally-managed install_data
[4.715s] Level 1:colcon.colcon_core.environment:checking '/home/sfr2024/assessment/team3_project/install/robotic_arm' for CMake config files
[4.716s] Level 1:colcon.colcon_core.environment:checking '/home/sfr2024/assessment/team3_project/install/robotic_arm/lib'
[4.716s] Level 1:colcon.colcon_core.environment:checking '/home/sfr2024/assessment/team3_project/install/robotic_arm/bin'
[4.716s] Level 1:colcon.colcon_core.environment:checking '/home/sfr2024/assessment/team3_project/install/robotic_arm/lib/pkgconfig/robotic_arm.pc'
[4.716s] Level 1:colcon.colcon_core.environment:checking '/home/sfr2024/assessment/team3_project/install/robotic_arm/lib/python3.10/site-packages'
[4.717s] Level 1:colcon.colcon_core.shell:create_environment_hook('robotic_arm', 'pythonpath')
[4.717s] INFO:colcon.colcon_core.shell:Creating environment hook '/home/sfr2024/assessment/team3_project/install/robotic_arm/share/robotic_arm/hook/pythonpath.ps1'
[4.717s] INFO:colcon.colcon_core.shell:Creating environment descriptor '/home/sfr2024/assessment/team3_project/install/robotic_arm/share/robotic_arm/hook/pythonpath.dsv'
[4.718s] INFO:colcon.colcon_core.shell:Creating environment hook '/home/sfr2024/assessment/team3_project/install/robotic_arm/share/robotic_arm/hook/pythonpath.sh'
[4.719s] Level 1:colcon.colcon_core.environment:checking '/home/sfr2024/assessment/team3_project/install/robotic_arm/bin'
[4.719s] Level 1:colcon.colcon_core.environment:create_environment_scripts_only(robotic_arm)
[4.720s] INFO:colcon.colcon_core.shell:Creating package script '/home/sfr2024/assessment/team3_project/install/robotic_arm/share/robotic_arm/package.ps1'
[4.721s] INFO:colcon.colcon_core.shell:Creating package descriptor '/home/sfr2024/assessment/team3_project/install/robotic_arm/share/robotic_arm/package.dsv'
[4.722s] INFO:colcon.colcon_core.shell:Creating package script '/home/sfr2024/assessment/team3_project/install/robotic_arm/share/robotic_arm/package.sh'
[4.722s] INFO:colcon.colcon_core.shell:Creating package script '/home/sfr2024/assessment/team3_project/install/robotic_arm/share/robotic_arm/package.bash'
[4.723s] INFO:colcon.colcon_core.shell:Creating package script '/home/sfr2024/assessment/team3_project/install/robotic_arm/share/robotic_arm/package.zsh'
[4.724s] Level 1:colcon.colcon_core.environment:create_file_with_runtime_dependencies(/home/sfr2024/assessment/team3_project/install/robotic_arm/share/colcon-core/packages/robotic_arm)
[4.735s] Level 1:colcon.colcon_core.environment:checking '/home/sfr2024/assessment/team3_project/install/navigation' for CMake module files
[4.736s] Level 1:colcon.colcon_core.environment:checking '/home/sfr2024/assessment/team3_project/install/navigation' for CMake config files
[4.737s] DEBUG:colcon.colcon_core.event_handler.log_command:Invoked command in '/home/sfr2024/assessment/team3_project/src/navigation' returned '0': PYTHONPATH=/home/sfr2024/assessment/team3_project/build/navigation/prefix_override:/usr/lib/python3/dist-packages/colcon_core/task/python/colcon_distutils_commands:/home/sfr2024/assessment/team3_project/install/navigation/lib/python3.10/site-packages:${PYTHONPATH} /usr/bin/python3 -W ignore:setup.py install is deprecated setup.py egg_info --egg-base ../../build/navigation build --build-base /home/sfr2024/assessment/team3_project/build/navigation/build install --record /home/sfr2024/assessment/team3_project/build/navigation/install.log --single-version-externally-managed install_data
[4.738s] Level 1:colcon.colcon_core.environment:checking '/home/sfr2024/assessment/team3_project/install/navigation/lib'
[4.738s] Level 1:colcon.colcon_core.environment:checking '/home/sfr2024/assessment/team3_project/install/navigation/bin'
[4.738s] Level 1:colcon.colcon_core.environment:checking '/home/sfr2024/assessment/team3_project/install/navigation/lib/pkgconfig/navigation.pc'
[4.739s] Level 1:colcon.colcon_core.environment:checking '/home/sfr2024/assessment/team3_project/install/navigation/lib/python3.10/site-packages'
[4.739s] Level 1:colcon.colcon_core.shell:create_environment_hook('navigation', 'pythonpath')
[4.739s] INFO:colcon.colcon_core.shell:Creating environment hook '/home/sfr2024/assessment/team3_project/install/navigation/share/navigation/hook/pythonpath.ps1'
[4.740s] INFO:colcon.colcon_core.shell:Creating environment descriptor '/home/sfr2024/assessment/team3_project/install/navigation/share/navigation/hook/pythonpath.dsv'
[4.740s] INFO:colcon.colcon_core.shell:Creating environment hook '/home/sfr2024/assessment/team3_project/install/navigation/share/navigation/hook/pythonpath.sh'
[4.741s] Level 1:colcon.colcon_core.environment:checking '/home/sfr2024/assessment/team3_project/install/navigation/bin'
[4.741s] Level 1:colcon.colcon_core.environment:create_environment_scripts_only(navigation)
[4.742s] INFO:colcon.colcon_core.shell:Creating package script '/home/sfr2024/assessment/team3_project/install/navigation/share/navigation/package.ps1'
[4.742s] INFO:colcon.colcon_core.shell:Creating package descriptor '/home/sfr2024/assessment/team3_project/install/navigation/share/navigation/package.dsv'
[4.743s] INFO:colcon.colcon_core.shell:Creating package script '/home/sfr2024/assessment/team3_project/install/navigation/share/navigation/package.sh'
[4.743s] INFO:colcon.colcon_core.shell:Creating package script '/home/sfr2024/assessment/team3_project/install/navigation/share/navigation/package.bash'
[4.744s] INFO:colcon.colcon_core.shell:Creating package script '/home/sfr2024/assessment/team3_project/install/navigation/share/navigation/package.zsh'
[4.744s] Level 1:colcon.colcon_core.environment:create_file_with_runtime_dependencies(/home/sfr2024/assessment/team3_project/install/navigation/share/colcon-core/packages/navigation)
[4.745s] DEBUG:colcon.colcon_parallel_executor.executor.parallel:closing loop
[4.745s] DEBUG:colcon.colcon_parallel_executor.executor.parallel:loop closed
[4.746s] DEBUG:colcon.colcon_parallel_executor.executor.parallel:run_until_complete finished with '0'
[4.746s] DEBUG:colcon.colcon_core.event_reactor:joining thread
[4.757s] INFO:colcon.colcon_core.plugin_system:Skipping extension 'colcon_notification.desktop_notification.terminal_notifier': Not used on non-Darwin systems
[4.757s] INFO:colcon.colcon_core.plugin_system:Skipping extension 'colcon_notification.desktop_notification.win32': Not used on non-Windows systems
[4.757s] INFO:colcon.colcon_notification.desktop_notification:Sending desktop notification using 'notify2'
[4.785s] DEBUG:colcon.colcon_core.event_reactor:joined thread
[4.785s] INFO:colcon.colcon_core.shell:Creating prefix script '/home/sfr2024/assessment/team3_project/install/local_setup.ps1'
[4.788s] INFO:colcon.colcon_core.shell:Creating prefix util module '/home/sfr2024/assessment/team3_project/install/_local_setup_util_ps1.py'
[4.790s] INFO:colcon.colcon_core.shell:Creating prefix chain script '/home/sfr2024/assessment/team3_project/install/setup.ps1'
[4.794s] INFO:colcon.colcon_core.shell:Creating prefix script '/home/sfr2024/assessment/team3_project/install/local_setup.sh'
[4.800s] INFO:colcon.colcon_core.shell:Creating prefix util module '/home/sfr2024/assessment/team3_project/install/_local_setup_util_sh.py'
[4.801s] INFO:colcon.colcon_core.shell:Creating prefix chain script '/home/sfr2024/assessment/team3_project/install/setup.sh'
[4.806s] INFO:colcon.colcon_core.shell:Creating prefix script '/home/sfr2024/assessment/team3_project/install/local_setup.bash'
[4.810s] INFO:colcon.colcon_core.shell:Creating prefix chain script '/home/sfr2024/assessment/team3_project/install/setup.bash'
[4.814s] INFO:colcon.colcon_core.shell:Creating prefix script '/home/sfr2024/assessment/team3_project/install/local_setup.zsh'
[4.816s] INFO:colcon.colcon_core.shell:Creating prefix chain script '/home/sfr2024/assessment/team3_project/install/setup.zsh'
