[5.812s] Invoking command in '/home/mscrobotics2425laptop14/Desktop/project/team3/team3-project/src/navigation': CONDA_PROMPT_MODIFIER=(ros2) PYTHONPATH=/home/mscrobotics2425laptop14/Desktop/project/team3/team3-project/build/navigation/prefix_override:/usr/lib/python3/dist-packages/colcon_core/task/python/colcon_distutils_commands:/home/mscrobotics2425laptop14/Desktop/project/team3/team3-project/install/navigation/lib/python3.10/site-packages:${PYTHONPATH} /usr/bin/python3 -W ignore:setup.py install is deprecated setup.py egg_info --egg-base ../../build/navigation build --build-base /home/mscrobotics2425laptop14/Desktop/project/team3/team3-project/build/navigation/build install --record /home/mscrobotics2425laptop14/Desktop/project/team3/team3-project/build/navigation/install.log --single-version-externally-managed install_data
[6.964s] running egg_info
[6.967s] writing ../../build/navigation/navigation.egg-info/PKG-INFO
[6.977s] writing dependency_links to ../../build/navigation/navigation.egg-info/dependency_links.txt
[6.977s] writing entry points to ../../build/navigation/navigation.egg-info/entry_points.txt
[6.978s] writing requirements to ../../build/navigation/navigation.egg-info/requires.txt
[6.979s] writing top-level names to ../../build/navigation/navigation.egg-info/top_level.txt
[6.983s] reading manifest file '../../build/navigation/navigation.egg-info/SOURCES.txt'
[6.987s] writing manifest file '../../build/navigation/navigation.egg-info/SOURCES.txt'
[6.994s] running build
[6.994s] running build_py
[6.994s] running install
[6.995s] running install_lib
[6.995s] running install_data
[6.995s] running install_egg_info
[7.008s] removing '/home/mscrobotics2425laptop14/Desktop/project/team3/team3-project/install/navigation/lib/python3.10/site-packages/navigation-0.0.0-py3.10.egg-info' (and everything under it)
[7.010s] Copying ../../build/navigation/navigation.egg-info to /home/mscrobotics2425laptop14/Desktop/project/team3/team3-project/install/navigation/lib/python3.10/site-packages/navigation-0.0.0-py3.10.egg-info
[7.018s] running install_scripts
[7.082s] Installing navigation_node script to /home/mscrobotics2425laptop14/Desktop/project/team3/team3-project/install/navigation/lib/navigation
[7.083s] writing list of installed files to '/home/mscrobotics2425laptop14/Desktop/project/team3/team3-project/build/navigation/install.log'
[7.154s] Invoked command in '/home/mscrobotics2425laptop14/Desktop/project/team3/team3-project/src/navigation' returned '0': CONDA_PROMPT_MODIFIER=(ros2) PYTHONPATH=/home/mscrobotics2425laptop14/Desktop/project/team3/team3-project/build/navigation/prefix_override:/usr/lib/python3/dist-packages/colcon_core/task/python/colcon_distutils_commands:/home/mscrobotics2425laptop14/Desktop/project/team3/team3-project/install/navigation/lib/python3.10/site-packages:${PYTHONPATH} /usr/bin/python3 -W ignore:setup.py install is deprecated setup.py egg_info --egg-base ../../build/navigation build --build-base /home/mscrobotics2425laptop14/Desktop/project/team3/team3-project/build/navigation/build install --record /home/mscrobotics2425laptop14/Desktop/project/team3/team3-project/build/navigation/install.log --single-version-externally-managed install_data
