[4.292s] Invoking command in '/home/sfr2024/assessment/team3_project/src/camera': PYTHONPATH=/home/sfr2024/assessment/team3_project/build/camera/prefix_override:/usr/lib/python3/dist-packages/colcon_core/task/python/colcon_distutils_commands:/home/sfr2024/assessment/team3_project/install/camera/lib/python3.10/site-packages:${PYTHONPATH} /usr/bin/python3 -W ignore:setup.py install is deprecated setup.py egg_info --egg-base ../../build/camera build --build-base /home/sfr2024/assessment/team3_project/build/camera/build install --record /home/sfr2024/assessment/team3_project/build/camera/install.log --single-version-externally-managed install_data
[4.923s] running egg_info
[4.925s] writing ../../build/camera/camera.egg-info/PKG-INFO
[4.926s] writing dependency_links to ../../build/camera/camera.egg-info/dependency_links.txt
[4.926s] writing entry points to ../../build/camera/camera.egg-info/entry_points.txt
[4.926s] writing requirements to ../../build/camera/camera.egg-info/requires.txt
[4.927s] writing top-level names to ../../build/camera/camera.egg-info/top_level.txt
[4.930s] reading manifest file '../../build/camera/camera.egg-info/SOURCES.txt'
[4.942s] writing manifest file '../../build/camera/camera.egg-info/SOURCES.txt'
[4.942s] running build
[4.943s] running build_py
[4.943s] running install
[4.943s] running install_lib
[4.944s] running install_data
[4.946s] running install_egg_info
[4.948s] removing '/home/sfr2024/assessment/team3_project/install/camera/lib/python3.10/site-packages/camera-0.0.0-py3.10.egg-info' (and everything under it)
[4.949s] Copying ../../build/camera/camera.egg-info to /home/sfr2024/assessment/team3_project/install/camera/lib/python3.10/site-packages/camera-0.0.0-py3.10.egg-info
[4.949s] running install_scripts
[4.992s] Installing camera_node script to /home/sfr2024/assessment/team3_project/install/camera/lib/camera
[4.993s] writing list of installed files to '/home/sfr2024/assessment/team3_project/build/camera/install.log'
[5.098s] Invoked command in '/home/sfr2024/assessment/team3_project/src/camera' returned '0': PYTHONPATH=/home/sfr2024/assessment/team3_project/build/camera/prefix_override:/usr/lib/python3/dist-packages/colcon_core/task/python/colcon_distutils_commands:/home/sfr2024/assessment/team3_project/install/camera/lib/python3.10/site-packages:${PYTHONPATH} /usr/bin/python3 -W ignore:setup.py install is deprecated setup.py egg_info --egg-base ../../build/camera build --build-base /home/sfr2024/assessment/team3_project/build/camera/build install --record /home/sfr2024/assessment/team3_project/build/camera/install.log --single-version-externally-managed install_data
