[4.418s] Invoking command in '/home/mscrobotics2425laptop14/Desktop/project/team3/team3-project/src/lidar': CONDA_PROMPT_MODIFIER=(ros2) PYTHONPATH=/home/mscrobotics2425laptop14/Desktop/project/team3/team3-project/build/lidar/prefix_override:/usr/lib/python3/dist-packages/colcon_core/task/python/colcon_distutils_commands:/home/mscrobotics2425laptop14/Desktop/project/team3/team3-project/install/lidar/lib/python3.10/site-packages:${PYTHONPATH} /usr/bin/python3 -W ignore:setup.py install is deprecated setup.py egg_info --egg-base ../../build/lidar build --build-base /home/mscrobotics2425laptop14/Desktop/project/team3/team3-project/build/lidar/build install --record /home/mscrobotics2425laptop14/Desktop/project/team3/team3-project/build/lidar/install.log --single-version-externally-managed install_data
[5.863s] running egg_info
[5.864s] writing ../../build/lidar/lidar.egg-info/PKG-INFO
[5.864s] writing dependency_links to ../../build/lidar/lidar.egg-info/dependency_links.txt
[5.864s] writing entry points to ../../build/lidar/lidar.egg-info/entry_points.txt
[5.867s] writing requirements to ../../build/lidar/lidar.egg-info/requires.txt
[5.870s] writing top-level names to ../../build/lidar/lidar.egg-info/top_level.txt
[5.885s] reading manifest file '../../build/lidar/lidar.egg-info/SOURCES.txt'
[5.899s] writing manifest file '../../build/lidar/lidar.egg-info/SOURCES.txt'
[5.902s] running build
[5.906s] running build_py
[5.914s] running install
[5.929s] running install_lib
[5.929s] running install_data
[5.929s] running install_egg_info
[5.946s] removing '/home/mscrobotics2425laptop14/Desktop/project/team3/team3-project/install/lidar/lib/python3.10/site-packages/lidar-0.0.0-py3.10.egg-info' (and everything under it)
[5.947s] Copying ../../build/lidar/lidar.egg-info to /home/mscrobotics2425laptop14/Desktop/project/team3/team3-project/install/lidar/lib/python3.10/site-packages/lidar-0.0.0-py3.10.egg-info
[5.954s] running install_scripts
[6.060s] Installing lidar_node script to /home/mscrobotics2425laptop14/Desktop/project/team3/team3-project/install/lidar/lib/lidar
[6.061s] writing list of installed files to '/home/mscrobotics2425laptop14/Desktop/project/team3/team3-project/build/lidar/install.log'
[6.193s] Invoked command in '/home/mscrobotics2425laptop14/Desktop/project/team3/team3-project/src/lidar' returned '0': CONDA_PROMPT_MODIFIER=(ros2) PYTHONPATH=/home/mscrobotics2425laptop14/Desktop/project/team3/team3-project/build/lidar/prefix_override:/usr/lib/python3/dist-packages/colcon_core/task/python/colcon_distutils_commands:/home/mscrobotics2425laptop14/Desktop/project/team3/team3-project/install/lidar/lib/python3.10/site-packages:${PYTHONPATH} /usr/bin/python3 -W ignore:setup.py install is deprecated setup.py egg_info --egg-base ../../build/lidar build --build-base /home/mscrobotics2425laptop14/Desktop/project/team3/team3-project/build/lidar/build install --record /home/mscrobotics2425laptop14/Desktop/project/team3/team3-project/build/lidar/install.log --single-version-externally-managed install_data
