running egg_info
writing ../../build/imu/imu.egg-info/PKG-INFO
writing dependency_links to ../../build/imu/imu.egg-info/dependency_links.txt
writing entry points to ../../build/imu/imu.egg-info/entry_points.txt
writing requirements to ../../build/imu/imu.egg-info/requires.txt
writing top-level names to ../../build/imu/imu.egg-info/top_level.txt
reading manifest file '../../build/imu/imu.egg-info/SOURCES.txt'
writing manifest file '../../build/imu/imu.egg-info/SOURCES.txt'
running build
running build_py
running install
running install_lib
byte-compiling /home/mscrobotics2425laptop14/Desktop/project/team3/team3-project/install/imu/lib/python3.10/site-packages/imu/imu_node.py to imu_node.cpython-310.pyc
byte-compiling /home/mscrobotics2425laptop14/Desktop/project/team3/team3-project/install/imu/lib/python3.10/site-packages/imu/__init__.py to __init__.cpython-310.pyc
running install_data
running install_egg_info
removing '/home/mscrobotics2425laptop14/Desktop/project/team3/team3-project/install/imu/lib/python3.10/site-packages/imu-0.0.0-py3.10.egg-info' (and everything under it)
Copying ../../build/imu/imu.egg-info to /home/mscrobotics2425laptop14/Desktop/project/team3/team3-project/install/imu/lib/python3.10/site-packages/imu-0.0.0-py3.10.egg-info
running install_scripts
Installing imu_node script to /home/mscrobotics2425laptop14/Desktop/project/team3/team3-project/install/imu/lib/imu
writing list of installed files to '/home/mscrobotics2425laptop14/Desktop/project/team3/team3-project/build/imu/install.log'
