[2.905s] Invoking command in '/home/sfr2024/assessment/team3_project/src/navigation': PYTHONPATH=/home/sfr2024/assessment/team3_project/build/navigation/prefix_override:/usr/lib/python3/dist-packages/colcon_core/task/python/colcon_distutils_commands:/home/sfr2024/assessment/team3_project/install/navigation/lib/python3.10/site-packages:${PYTHONPATH} /usr/bin/python3 -W ignore:setup.py install is deprecated setup.py egg_info --egg-base ../../build/navigation build --build-base /home/sfr2024/assessment/team3_project/build/navigation/build install --record /home/sfr2024/assessment/team3_project/build/navigation/install.log --single-version-externally-managed install_data
[3.438s] running egg_info
[3.438s] writing ../../build/navigation/navigation.egg-info/PKG-INFO
[3.438s] writing dependency_links to ../../build/navigation/navigation.egg-info/dependency_links.txt
[3.439s] writing entry points to ../../build/navigation/navigation.egg-info/entry_points.txt
[3.439s] writing requirements to ../../build/navigation/navigation.egg-info/requires.txt
[3.439s] writing top-level names to ../../build/navigation/navigation.egg-info/top_level.txt
[3.439s] reading manifest file '../../build/navigation/navigation.egg-info/SOURCES.txt'
[3.440s] writing manifest file '../../build/navigation/navigation.egg-info/SOURCES.txt'
[3.440s] running build
[3.440s] running build_py
[3.440s] running install
[3.440s] running install_lib
[3.441s] running install_data
[3.441s] running install_egg_info
[3.442s] removing '/home/sfr2024/assessment/team3_project/install/navigation/lib/python3.10/site-packages/navigation-0.0.0-py3.10.egg-info' (and everything under it)
[3.442s] Copying ../../build/navigation/navigation.egg-info to /home/sfr2024/assessment/team3_project/install/navigation/lib/python3.10/site-packages/navigation-0.0.0-py3.10.egg-info
[3.444s] running install_scripts
[3.481s] Installing navigation_node script to /home/sfr2024/assessment/team3_project/install/navigation/lib/navigation
[3.482s] writing list of installed files to '/home/sfr2024/assessment/team3_project/build/navigation/install.log'
[3.523s] Invoked command in '/home/sfr2024/assessment/team3_project/src/navigation' returned '0': PYTHONPATH=/home/sfr2024/assessment/team3_project/build/navigation/prefix_override:/usr/lib/python3/dist-packages/colcon_core/task/python/colcon_distutils_commands:/home/sfr2024/assessment/team3_project/install/navigation/lib/python3.10/site-packages:${PYTHONPATH} /usr/bin/python3 -W ignore:setup.py install is deprecated setup.py egg_info --egg-base ../../build/navigation build --build-base /home/sfr2024/assessment/team3_project/build/navigation/build install --record /home/sfr2024/assessment/team3_project/build/navigation/install.log --single-version-externally-managed install_data
