[2.969s] Invoking command in '/home/sfr2024/assessment/team3_project/src/nuc': PYTHONPATH=/home/sfr2024/assessment/team3_project/build/nuc/prefix_override:/usr/lib/python3/dist-packages/colcon_core/task/python/colcon_distutils_commands:/home/sfr2024/assessment/team3_project/install/nuc/lib/python3.10/site-packages:${PYTHONPATH} /usr/bin/python3 -W ignore:setup.py install is deprecated setup.py egg_info --egg-base ../../build/nuc build --build-base /home/sfr2024/assessment/team3_project/build/nuc/build install --record /home/sfr2024/assessment/team3_project/build/nuc/install.log --single-version-externally-managed install_data
[3.638s] running egg_info
[3.641s] writing ../../build/nuc/nuc.egg-info/PKG-INFO
[3.642s] writing dependency_links to ../../build/nuc/nuc.egg-info/dependency_links.txt
[3.642s] writing entry points to ../../build/nuc/nuc.egg-info/entry_points.txt
[3.643s] writing requirements to ../../build/nuc/nuc.egg-info/requires.txt
[3.644s] writing top-level names to ../../build/nuc/nuc.egg-info/top_level.txt
[3.648s] reading manifest file '../../build/nuc/nuc.egg-info/SOURCES.txt'
[3.651s] writing manifest file '../../build/nuc/nuc.egg-info/SOURCES.txt'
[3.652s] running build
[3.652s] running build_py
[3.653s] running install
[3.654s] running install_lib
[3.659s] running install_data
[3.659s] copying launch/start_all_nodes.launch.py -> /home/sfr2024/assessment/team3_project/install/nuc/share/nuc/launch
[3.660s] running install_egg_info
[3.666s] removing '/home/sfr2024/assessment/team3_project/install/nuc/lib/python3.10/site-packages/nuc-0.0.0-py3.10.egg-info' (and everything under it)
[3.666s] Copying ../../build/nuc/nuc.egg-info to /home/sfr2024/assessment/team3_project/install/nuc/lib/python3.10/site-packages/nuc-0.0.0-py3.10.egg-info
[3.669s] running install_scripts
[3.742s] Installing nuc_node script to /home/sfr2024/assessment/team3_project/install/nuc/lib/nuc
[3.743s] writing list of installed files to '/home/sfr2024/assessment/team3_project/build/nuc/install.log'
[3.790s] Invoked command in '/home/sfr2024/assessment/team3_project/src/nuc' returned '0': PYTHONPATH=/home/sfr2024/assessment/team3_project/build/nuc/prefix_override:/usr/lib/python3/dist-packages/colcon_core/task/python/colcon_distutils_commands:/home/sfr2024/assessment/team3_project/install/nuc/lib/python3.10/site-packages:${PYTHONPATH} /usr/bin/python3 -W ignore:setup.py install is deprecated setup.py egg_info --egg-base ../../build/nuc build --build-base /home/sfr2024/assessment/team3_project/build/nuc/build install --record /home/sfr2024/assessment/team3_project/build/nuc/install.log --single-version-externally-managed install_data
