[2.309s] Invoking command in '/home/mscrobotics2425laptop14/Desktop/project/team3/team3-project/src/data_integration': CONDA_PROMPT_MODIFIER=(ros2) PYTHONPATH=/home/mscrobotics2425laptop14/Desktop/project/team3/team3-project/build/data_integration/prefix_override:/usr/lib/python3/dist-packages/colcon_core/task/python/colcon_distutils_commands:/home/mscrobotics2425laptop14/Desktop/project/team3/team3-project/install/data_integration/lib/python3.10/site-packages:${PYTHONPATH} /usr/bin/python3 -W ignore:setup.py install is deprecated setup.py egg_info --egg-base ../../build/data_integration build --build-base /home/mscrobotics2425laptop14/Desktop/project/team3/team3-project/build/data_integration/build install --record /home/mscrobotics2425laptop14/Desktop/project/team3/team3-project/build/data_integration/install.log --single-version-externally-managed install_data
[2.809s] running egg_info
[2.811s] writing ../../build/data_integration/data_integration.egg-info/PKG-INFO
[2.812s] writing dependency_links to ../../build/data_integration/data_integration.egg-info/dependency_links.txt
[2.813s] writing entry points to ../../build/data_integration/data_integration.egg-info/entry_points.txt
[2.813s] writing requirements to ../../build/data_integration/data_integration.egg-info/requires.txt
[2.813s] writing top-level names to ../../build/data_integration/data_integration.egg-info/top_level.txt
[2.818s] reading manifest file '../../build/data_integration/data_integration.egg-info/SOURCES.txt'
[2.820s] writing manifest file '../../build/data_integration/data_integration.egg-info/SOURCES.txt'
[2.820s] running build
[2.820s] running build_py
[2.821s] running install
[2.821s] running install_lib
[2.824s] running install_data
[2.824s] running install_egg_info
[2.827s] removing '/home/mscrobotics2425laptop14/Desktop/project/team3/team3-project/install/data_integration/lib/python3.10/site-packages/data_integration-0.0.0-py3.10.egg-info' (and everything under it)
[2.828s] Copying ../../build/data_integration/data_integration.egg-info to /home/mscrobotics2425laptop14/Desktop/project/team3/team3-project/install/data_integration/lib/python3.10/site-packages/data_integration-0.0.0-py3.10.egg-info
[2.831s] running install_scripts
[2.882s] Installing data_integration_node script to /home/mscrobotics2425laptop14/Desktop/project/team3/team3-project/install/data_integration/lib/data_integration
[2.883s] writing list of installed files to '/home/mscrobotics2425laptop14/Desktop/project/team3/team3-project/build/data_integration/install.log'
[2.992s] Invoked command in '/home/mscrobotics2425laptop14/Desktop/project/team3/team3-project/src/data_integration' returned '0': CONDA_PROMPT_MODIFIER=(ros2) PYTHONPATH=/home/mscrobotics2425laptop14/Desktop/project/team3/team3-project/build/data_integration/prefix_override:/usr/lib/python3/dist-packages/colcon_core/task/python/colcon_distutils_commands:/home/mscrobotics2425laptop14/Desktop/project/team3/team3-project/install/data_integration/lib/python3.10/site-packages:${PYTHONPATH} /usr/bin/python3 -W ignore:setup.py install is deprecated setup.py egg_info --egg-base ../../build/data_integration build --build-base /home/mscrobotics2425laptop14/Desktop/project/team3/team3-project/build/data_integration/build install --record /home/mscrobotics2425laptop14/Desktop/project/team3/team3-project/build/data_integration/install.log --single-version-externally-managed install_data
