[1.501s] Invoking command in '/home/mscrobotics2425laptop14/Desktop/project/team3/team3-project/build/package_with_interfaces': CMAKE_PREFIX_PATH=/opt/ros/humble CONDA_PROMPT_MODIFIER=(ros2) /usr/bin/cmake /home/mscrobotics2425laptop14/Desktop/project/team3/team3-project/src/package_with_interfaces -DCMAKE_INSTALL_PREFIX=/home/mscrobotics2425laptop14/Desktop/project/team3/team3-project/install/package_with_interfaces
[1.688s] -- Found ament_cmake: 1.3.10 (/opt/ros/humble/share/ament_cmake/cmake)
[1.689s] -- Found geometry_msgs: 4.2.4 (/opt/ros/humble/share/geometry_msgs/cmake)
[1.689s] -- Found rosidl_generator_c: 3.1.5 (/opt/ros/humble/share/rosidl_generator_c/cmake)
[1.690s] -- Found rosidl_adapter: 3.1.5 (/opt/ros/humble/share/rosidl_adapter/cmake)
[1.690s] -- Found rosidl_generator_cpp: 3.1.5 (/opt/ros/humble/share/rosidl_generator_cpp/cmake)
[1.690s] -- Using all available rosidl_typesupport_c: rosidl_typesupport_fastrtps_c;rosidl_typesupport_introspection_c
[1.690s] -- Using all available rosidl_typesupport_cpp: rosidl_typesupport_fastrtps_cpp;rosidl_typesupport_introspection_cpp
[1.690s] -- Found rosidl_default_generators: 1.2.0 (/opt/ros/humble/share/rosidl_default_generators/cmake)
[1.886s] [31mCMake Error at /opt/ros/humble/share/rosidl_adapter/cmake/rosidl_adapt_interfaces.cmake:59 (message):
[1.887s]   
[1.887s]   execute_process(/home/mscrobotics2425laptop14/miniconda3/envs/ros2/bin/python3
[1.887s]   -m rosidl_adapter --package-name package_with_interfaces --arguments-file
[1.887s]   /home/mscrobotics2425laptop14/Desktop/project/team3/team3-project/build/package_with_interfaces/rosidl_adapter__arguments__package_with_interfaces.json
[1.887s]   --output-dir
[1.887s]   /home/mscrobotics2425laptop14/Desktop/project/team3/team3-project/build/package_with_interfaces/rosidl_adapter/package_with_interfaces
[1.887s]   --output-file
[1.887s]   /home/mscrobotics2425laptop14/Desktop/project/team3/team3-project/build/package_with_interfaces/rosidl_adapter/package_with_interfaces.idls)
[1.887s]   returned error code 1:
[1.888s] 
[1.888s]   Traceback (most recent call last):
[1.888s] 
[1.888s]     File "/home/mscrobotics2425laptop14/miniconda3/envs/ros2/lib/python3.10/runpy.py", line 196, in _run_module_as_main
[1.888s]       return _run_code(code, main_globals, None,
[1.888s]     File "/home/mscrobotics2425laptop14/miniconda3/envs/ros2/lib/python3.10/runpy.py", line 86, in _run_code
[1.888s]       exec(code, run_globals)
[1.888s]     File "/opt/ros/humble/local/lib/python3.10/dist-packages/rosidl_adapter/__main__.py", line 19, in <module>
[1.888s]       sys.exit(main())
[1.888s]     File "/opt/ros/humble/local/lib/python3.10/dist-packages/rosidl_adapter/main.py", line 53, in main
[1.888s]       abs_idl_file = convert_to_idl(
[1.889s]     File "/opt/ros/humble/local/lib/python3.10/dist-packages/rosidl_adapter/__init__.py", line 18, in convert_to_idl
[1.889s]       from rosidl_adapter.msg import convert_msg_to_idl
[1.889s]     File "/opt/ros/humble/local/lib/python3.10/dist-packages/rosidl_adapter/msg/__init__.py", line 16, in <module>
[1.889s]       from rosidl_adapter.resource import expand_template
[1.889s]     File "/opt/ros/humble/local/lib/python3.10/dist-packages/rosidl_adapter/resource/__init__.py", line 19, in <module>
[1.889s]       import em
[1.889s] 
[1.889s]   ModuleNotFoundError: No module named 'em'
[1.889s] 
[1.889s] Call Stack (most recent call first):
[1.890s]   /opt/ros/humble/share/rosidl_cmake/cmake/rosidl_generate_interfaces.cmake:130 (rosidl_adapt_interfaces)
[1.890s]   CMakeLists.txt:21 (rosidl_generate_interfaces)
[1.890s] 
[1.890s] [0m
[1.891s] -- Configuring incomplete, errors occurred!
[1.891s] See also "/home/mscrobotics2425laptop14/Desktop/project/team3/team3-project/build/package_with_interfaces/CMakeFiles/CMakeOutput.log".
[1.927s] Invoked command in '/home/mscrobotics2425laptop14/Desktop/project/team3/team3-project/build/package_with_interfaces' returned '1': CMAKE_PREFIX_PATH=/opt/ros/humble CONDA_PROMPT_MODIFIER=(ros2) /usr/bin/cmake /home/mscrobotics2425laptop14/Desktop/project/team3/team3-project/src/package_with_interfaces -DCMAKE_INSTALL_PREFIX=/home/mscrobotics2425laptop14/Desktop/project/team3/team3-project/install/package_with_interfaces
