[2.321s] Invoking command in '/home/sfr2024/assessment/team3_project/src/navigation': PYTHONPATH=/home/sfr2024/assessment/team3_project/build/navigation/prefix_override:/usr/lib/python3/dist-packages/colcon_core/task/python/colcon_distutils_commands:/home/sfr2024/assessment/team3_project/install/navigation/lib/python3.10/site-packages:${PYTHONPATH} /usr/bin/python3 -W ignore:setup.py install is deprecated setup.py egg_info --egg-base ../../build/navigation build --build-base /home/sfr2024/assessment/team3_project/build/navigation/build install --record /home/sfr2024/assessment/team3_project/build/navigation/install.log --single-version-externally-managed install_data
[2.855s] running egg_info
[2.856s] creating ../../build/navigation/navigation.egg-info
[2.856s] writing ../../build/navigation/navigation.egg-info/PKG-INFO
[2.857s] writing dependency_links to ../../build/navigation/navigation.egg-info/dependency_links.txt
[2.857s] writing entry points to ../../build/navigation/navigation.egg-info/entry_points.txt
[2.857s] writing requirements to ../../build/navigation/navigation.egg-info/requires.txt
[2.857s] writing top-level names to ../../build/navigation/navigation.egg-info/top_level.txt
[2.858s] writing manifest file '../../build/navigation/navigation.egg-info/SOURCES.txt'
[2.858s] reading manifest file '../../build/navigation/navigation.egg-info/SOURCES.txt'
[2.861s] writing manifest file '../../build/navigation/navigation.egg-info/SOURCES.txt'
[2.861s] running build
[2.862s] running build_py
[2.862s] creating /home/sfr2024/assessment/team3_project/build/navigation/build
[2.862s] creating /home/sfr2024/assessment/team3_project/build/navigation/build/lib
[2.862s] creating /home/sfr2024/assessment/team3_project/build/navigation/build/lib/navigation
[2.862s] copying navigation/__init__.py -> /home/sfr2024/assessment/team3_project/build/navigation/build/lib/navigation
[2.863s] copying navigation/navigation_node.py -> /home/sfr2024/assessment/team3_project/build/navigation/build/lib/navigation
[2.864s] running install
[2.865s] running install_lib
[2.882s] creating /home/sfr2024/assessment/team3_project/install/navigation/lib/python3.10/site-packages/navigation
[2.883s] copying /home/sfr2024/assessment/team3_project/build/navigation/build/lib/navigation/__init__.py -> /home/sfr2024/assessment/team3_project/install/navigation/lib/python3.10/site-packages/navigation
[2.883s] copying /home/sfr2024/assessment/team3_project/build/navigation/build/lib/navigation/navigation_node.py -> /home/sfr2024/assessment/team3_project/install/navigation/lib/python3.10/site-packages/navigation
[2.883s] byte-compiling /home/sfr2024/assessment/team3_project/install/navigation/lib/python3.10/site-packages/navigation/__init__.py to __init__.cpython-310.pyc
[2.883s] byte-compiling /home/sfr2024/assessment/team3_project/install/navigation/lib/python3.10/site-packages/navigation/navigation_node.py to navigation_node.cpython-310.pyc
[2.883s] running install_data
[2.883s] creating /home/sfr2024/assessment/team3_project/install/navigation/share/ament_index
[2.883s] creating /home/sfr2024/assessment/team3_project/install/navigation/share/ament_index/resource_index
[2.883s] creating /home/sfr2024/assessment/team3_project/install/navigation/share/ament_index/resource_index/packages
[2.883s] copying resource/navigation -> /home/sfr2024/assessment/team3_project/install/navigation/share/ament_index/resource_index/packages
[2.883s] copying package.xml -> /home/sfr2024/assessment/team3_project/install/navigation/share/navigation
[2.884s] running install_egg_info
[2.885s] Copying ../../build/navigation/navigation.egg-info to /home/sfr2024/assessment/team3_project/install/navigation/lib/python3.10/site-packages/navigation-0.0.0-py3.10.egg-info
[2.886s] running install_scripts
[2.958s] Installing navigation_node script to /home/sfr2024/assessment/team3_project/install/navigation/lib/navigation
[2.962s] writing list of installed files to '/home/sfr2024/assessment/team3_project/build/navigation/install.log'
[3.038s] Invoked command in '/home/sfr2024/assessment/team3_project/src/navigation' returned '0': PYTHONPATH=/home/sfr2024/assessment/team3_project/build/navigation/prefix_override:/usr/lib/python3/dist-packages/colcon_core/task/python/colcon_distutils_commands:/home/sfr2024/assessment/team3_project/install/navigation/lib/python3.10/site-packages:${PYTHONPATH} /usr/bin/python3 -W ignore:setup.py install is deprecated setup.py egg_info --egg-base ../../build/navigation build --build-base /home/sfr2024/assessment/team3_project/build/navigation/build install --record /home/sfr2024/assessment/team3_project/build/navigation/install.log --single-version-externally-managed install_data
