[2.884s] Invoking command in '/home/sfr2024/assessment/team3_project/src/robotic_arm': PYTHONPATH=/home/sfr2024/assessment/team3_project/build/robotic_arm/prefix_override:/usr/lib/python3/dist-packages/colcon_core/task/python/colcon_distutils_commands:/home/sfr2024/assessment/team3_project/install/robotic_arm/lib/python3.10/site-packages:${PYTHONPATH} /usr/bin/python3 -W ignore:setup.py install is deprecated setup.py egg_info --egg-base ../../build/robotic_arm build --build-base /home/sfr2024/assessment/team3_project/build/robotic_arm/build install --record /home/sfr2024/assessment/team3_project/build/robotic_arm/install.log --single-version-externally-managed install_data
[3.606s] running egg_info
[3.608s] creating ../../build/robotic_arm/robotic_arm.egg-info
[3.610s] writing ../../build/robotic_arm/robotic_arm.egg-info/PKG-INFO
[3.610s] writing dependency_links to ../../build/robotic_arm/robotic_arm.egg-info/dependency_links.txt
[3.611s] writing entry points to ../../build/robotic_arm/robotic_arm.egg-info/entry_points.txt
[3.611s] writing requirements to ../../build/robotic_arm/robotic_arm.egg-info/requires.txt
[3.611s] writing top-level names to ../../build/robotic_arm/robotic_arm.egg-info/top_level.txt
[3.611s] writing manifest file '../../build/robotic_arm/robotic_arm.egg-info/SOURCES.txt'
[3.615s] reading manifest file '../../build/robotic_arm/robotic_arm.egg-info/SOURCES.txt'
[3.617s] writing manifest file '../../build/robotic_arm/robotic_arm.egg-info/SOURCES.txt'
[3.618s] running build
[3.618s] running build_py
[3.621s] creating /home/sfr2024/assessment/team3_project/build/robotic_arm/build
[3.621s] creating /home/sfr2024/assessment/team3_project/build/robotic_arm/build/lib
[3.621s] creating /home/sfr2024/assessment/team3_project/build/robotic_arm/build/lib/robotic_arm
[3.621s] copying robotic_arm/__init__.py -> /home/sfr2024/assessment/team3_project/build/robotic_arm/build/lib/robotic_arm
[3.621s] copying robotic_arm/robotic_arm_node.py -> /home/sfr2024/assessment/team3_project/build/robotic_arm/build/lib/robotic_arm
[3.622s] running install
[3.622s] running install_lib
[3.636s] creating /home/sfr2024/assessment/team3_project/install/robotic_arm/lib/python3.10/site-packages/robotic_arm
[3.636s] copying /home/sfr2024/assessment/team3_project/build/robotic_arm/build/lib/robotic_arm/__init__.py -> /home/sfr2024/assessment/team3_project/install/robotic_arm/lib/python3.10/site-packages/robotic_arm
[3.636s] copying /home/sfr2024/assessment/team3_project/build/robotic_arm/build/lib/robotic_arm/robotic_arm_node.py -> /home/sfr2024/assessment/team3_project/install/robotic_arm/lib/python3.10/site-packages/robotic_arm
[3.638s] byte-compiling /home/sfr2024/assessment/team3_project/install/robotic_arm/lib/python3.10/site-packages/robotic_arm/__init__.py to __init__.cpython-310.pyc
[3.640s] byte-compiling /home/sfr2024/assessment/team3_project/install/robotic_arm/lib/python3.10/site-packages/robotic_arm/robotic_arm_node.py to robotic_arm_node.cpython-310.pyc
[3.642s] running install_data
[3.644s] creating /home/sfr2024/assessment/team3_project/install/robotic_arm/share/ament_index
[3.644s] creating /home/sfr2024/assessment/team3_project/install/robotic_arm/share/ament_index/resource_index
[3.644s] creating /home/sfr2024/assessment/team3_project/install/robotic_arm/share/ament_index/resource_index/packages
[3.644s] copying resource/robotic_arm -> /home/sfr2024/assessment/team3_project/install/robotic_arm/share/ament_index/resource_index/packages
[3.646s] copying package.xml -> /home/sfr2024/assessment/team3_project/install/robotic_arm/share/robotic_arm
[3.646s] running install_egg_info
[3.647s] Copying ../../build/robotic_arm/robotic_arm.egg-info to /home/sfr2024/assessment/team3_project/install/robotic_arm/lib/python3.10/site-packages/robotic_arm-0.0.0-py3.10.egg-info
[3.647s] running install_scripts
[3.667s] Installing robotic_arm_node script to /home/sfr2024/assessment/team3_project/install/robotic_arm/lib/robotic_arm
[3.667s] writing list of installed files to '/home/sfr2024/assessment/team3_project/build/robotic_arm/install.log'
[3.714s] Invoked command in '/home/sfr2024/assessment/team3_project/src/robotic_arm' returned '0': PYTHONPATH=/home/sfr2024/assessment/team3_project/build/robotic_arm/prefix_override:/usr/lib/python3/dist-packages/colcon_core/task/python/colcon_distutils_commands:/home/sfr2024/assessment/team3_project/install/robotic_arm/lib/python3.10/site-packages:${PYTHONPATH} /usr/bin/python3 -W ignore:setup.py install is deprecated setup.py egg_info --egg-base ../../build/robotic_arm build --build-base /home/sfr2024/assessment/team3_project/build/robotic_arm/build install --record /home/sfr2024/assessment/team3_project/build/robotic_arm/install.log --single-version-externally-managed install_data
