[3.677s] Invoking command in '/home/sfr2024/assessment/team3_project/src/lidar': PYTHONPATH=/home/sfr2024/assessment/team3_project/build/lidar/prefix_override:/usr/lib/python3/dist-packages/colcon_core/task/python/colcon_distutils_commands:/home/sfr2024/assessment/team3_project/install/lidar/lib/python3.10/site-packages:${PYTHONPATH} /usr/bin/python3 -W ignore:setup.py install is deprecated setup.py egg_info --egg-base ../../build/lidar build --build-base /home/sfr2024/assessment/team3_project/build/lidar/build install --record /home/sfr2024/assessment/team3_project/build/lidar/install.log --single-version-externally-managed install_data
[4.651s] running egg_info
[4.652s] writing ../../build/lidar/lidar.egg-info/PKG-INFO
[4.653s] writing dependency_links to ../../build/lidar/lidar.egg-info/dependency_links.txt
[4.653s] writing entry points to ../../build/lidar/lidar.egg-info/entry_points.txt
[4.653s] writing requirements to ../../build/lidar/lidar.egg-info/requires.txt
[4.654s] writing top-level names to ../../build/lidar/lidar.egg-info/top_level.txt
[4.656s] reading manifest file '../../build/lidar/lidar.egg-info/SOURCES.txt'
[4.658s] writing manifest file '../../build/lidar/lidar.egg-info/SOURCES.txt'
[4.659s] running build
[4.659s] running build_py
[4.660s] running install
[4.660s] running install_lib
[4.662s] running install_data
[4.662s] running install_egg_info
[4.667s] removing '/home/sfr2024/assessment/team3_project/install/lidar/lib/python3.10/site-packages/lidar-0.0.0-py3.10.egg-info' (and everything under it)
[4.668s] Copying ../../build/lidar/lidar.egg-info to /home/sfr2024/assessment/team3_project/install/lidar/lib/python3.10/site-packages/lidar-0.0.0-py3.10.egg-info
[4.670s] running install_scripts
[4.731s] Installing lidar_node script to /home/sfr2024/assessment/team3_project/install/lidar/lib/lidar
[4.733s] writing list of installed files to '/home/sfr2024/assessment/team3_project/build/lidar/install.log'
[4.816s] Invoked command in '/home/sfr2024/assessment/team3_project/src/lidar' returned '0': PYTHONPATH=/home/sfr2024/assessment/team3_project/build/lidar/prefix_override:/usr/lib/python3/dist-packages/colcon_core/task/python/colcon_distutils_commands:/home/sfr2024/assessment/team3_project/install/lidar/lib/python3.10/site-packages:${PYTHONPATH} /usr/bin/python3 -W ignore:setup.py install is deprecated setup.py egg_info --egg-base ../../build/lidar build --build-base /home/sfr2024/assessment/team3_project/build/lidar/build install --record /home/sfr2024/assessment/team3_project/build/lidar/install.log --single-version-externally-managed install_data
