[2.643s] Invoking command in '/home/mscrobotics2425laptop14/Desktop/project/team3/team3-project/src/navigation': CONDA_PROMPT_MODIFIER=(ros2) PYTHONPATH=/home/mscrobotics2425laptop14/Desktop/project/team3/team3-project/build/navigation/prefix_override:/usr/lib/python3/dist-packages/colcon_core/task/python/colcon_distutils_commands:/home/mscrobotics2425laptop14/Desktop/project/team3/team3-project/install/navigation/lib/python3.10/site-packages:${PYTHONPATH} /usr/bin/python3 -W ignore:setup.py install is deprecated setup.py egg_info --egg-base ../../build/navigation build --build-base /home/mscrobotics2425laptop14/Desktop/project/team3/team3-project/build/navigation/build install --record /home/mscrobotics2425laptop14/Desktop/project/team3/team3-project/build/navigation/install.log --single-version-externally-managed install_data
[3.219s] running egg_info
[3.220s] writing ../../build/navigation/navigation.egg-info/PKG-INFO
[3.221s] writing dependency_links to ../../build/navigation/navigation.egg-info/dependency_links.txt
[3.221s] writing entry points to ../../build/navigation/navigation.egg-info/entry_points.txt
[3.221s] writing requirements to ../../build/navigation/navigation.egg-info/requires.txt
[3.221s] writing top-level names to ../../build/navigation/navigation.egg-info/top_level.txt
[3.226s] reading manifest file '../../build/navigation/navigation.egg-info/SOURCES.txt'
[3.226s] writing manifest file '../../build/navigation/navigation.egg-info/SOURCES.txt'
[3.226s] running build
[3.226s] running build_py
[3.226s] running install
[3.227s] running install_lib
[3.227s] running install_data
[3.228s] running install_egg_info
[3.230s] removing '/home/mscrobotics2425laptop14/Desktop/project/team3/team3-project/install/navigation/lib/python3.10/site-packages/navigation-0.0.0-py3.10.egg-info' (and everything under it)
[3.230s] Copying ../../build/navigation/navigation.egg-info to /home/mscrobotics2425laptop14/Desktop/project/team3/team3-project/install/navigation/lib/python3.10/site-packages/navigation-0.0.0-py3.10.egg-info
[3.231s] running install_scripts
[3.263s] Installing navigation_node script to /home/mscrobotics2425laptop14/Desktop/project/team3/team3-project/install/navigation/lib/navigation
[3.265s] writing list of installed files to '/home/mscrobotics2425laptop14/Desktop/project/team3/team3-project/build/navigation/install.log'
[3.343s] Invoked command in '/home/mscrobotics2425laptop14/Desktop/project/team3/team3-project/src/navigation' returned '0': CONDA_PROMPT_MODIFIER=(ros2) PYTHONPATH=/home/mscrobotics2425laptop14/Desktop/project/team3/team3-project/build/navigation/prefix_override:/usr/lib/python3/dist-packages/colcon_core/task/python/colcon_distutils_commands:/home/mscrobotics2425laptop14/Desktop/project/team3/team3-project/install/navigation/lib/python3.10/site-packages:${PYTHONPATH} /usr/bin/python3 -W ignore:setup.py install is deprecated setup.py egg_info --egg-base ../../build/navigation build --build-base /home/mscrobotics2425laptop14/Desktop/project/team3/team3-project/build/navigation/build install --record /home/mscrobotics2425laptop14/Desktop/project/team3/team3-project/build/navigation/install.log --single-version-externally-managed install_data
