[2.282s] Invoking command in '/home/mscrobotics2425laptop14/Desktop/project/team3/team3-project/src/imu': CONDA_PROMPT_MODIFIER=(ros2) PYTHONPATH=/home/mscrobotics2425laptop14/Desktop/project/team3/team3-project/build/imu/prefix_override:/usr/lib/python3/dist-packages/colcon_core/task/python/colcon_distutils_commands:/home/mscrobotics2425laptop14/Desktop/project/team3/team3-project/install/imu/lib/python3.10/site-packages:${PYTHONPATH} /usr/bin/python3 -W ignore:setup.py install is deprecated setup.py egg_info --egg-base ../../build/imu build --build-base /home/mscrobotics2425laptop14/Desktop/project/team3/team3-project/build/imu/build install --record /home/mscrobotics2425laptop14/Desktop/project/team3/team3-project/build/imu/install.log --single-version-externally-managed install_data
[2.787s] running egg_info
[2.787s] writing ../../build/imu/imu.egg-info/PKG-INFO
[2.791s] writing dependency_links to ../../build/imu/imu.egg-info/dependency_links.txt
[2.791s] writing entry points to ../../build/imu/imu.egg-info/entry_points.txt
[2.792s] writing requirements to ../../build/imu/imu.egg-info/requires.txt
[2.792s] writing top-level names to ../../build/imu/imu.egg-info/top_level.txt
[2.796s] reading manifest file '../../build/imu/imu.egg-info/SOURCES.txt'
[2.797s] writing manifest file '../../build/imu/imu.egg-info/SOURCES.txt'
[2.797s] running build
[2.798s] running build_py
[2.798s] running install
[2.798s] running install_lib
[2.800s] running install_data
[2.801s] running install_egg_info
[2.805s] removing '/home/mscrobotics2425laptop14/Desktop/project/team3/team3-project/install/imu/lib/python3.10/site-packages/imu-0.0.0-py3.10.egg-info' (and everything under it)
[2.807s] Copying ../../build/imu/imu.egg-info to /home/mscrobotics2425laptop14/Desktop/project/team3/team3-project/install/imu/lib/python3.10/site-packages/imu-0.0.0-py3.10.egg-info
[2.810s] running install_scripts
[2.839s] Installing imu_node script to /home/mscrobotics2425laptop14/Desktop/project/team3/team3-project/install/imu/lib/imu
[2.839s] writing list of installed files to '/home/mscrobotics2425laptop14/Desktop/project/team3/team3-project/build/imu/install.log'
[2.934s] Invoked command in '/home/mscrobotics2425laptop14/Desktop/project/team3/team3-project/src/imu' returned '0': CONDA_PROMPT_MODIFIER=(ros2) PYTHONPATH=/home/mscrobotics2425laptop14/Desktop/project/team3/team3-project/build/imu/prefix_override:/usr/lib/python3/dist-packages/colcon_core/task/python/colcon_distutils_commands:/home/mscrobotics2425laptop14/Desktop/project/team3/team3-project/install/imu/lib/python3.10/site-packages:${PYTHONPATH} /usr/bin/python3 -W ignore:setup.py install is deprecated setup.py egg_info --egg-base ../../build/imu build --build-base /home/mscrobotics2425laptop14/Desktop/project/team3/team3-project/build/imu/build install --record /home/mscrobotics2425laptop14/Desktop/project/team3/team3-project/build/imu/install.log --single-version-externally-managed install_data
