[3.084s] Invoking command in '/home/sfr2024/assessment/team3_project/src/nuc': PYTHONPATH=/home/sfr2024/assessment/team3_project/build/nuc/prefix_override:/usr/lib/python3/dist-packages/colcon_core/task/python/colcon_distutils_commands:/home/sfr2024/assessment/team3_project/install/nuc/lib/python3.10/site-packages:${PYTHONPATH} /usr/bin/python3 -W ignore:setup.py install is deprecated setup.py egg_info --egg-base ../../build/nuc build --build-base /home/sfr2024/assessment/team3_project/build/nuc/build install --record /home/sfr2024/assessment/team3_project/build/nuc/install.log --single-version-externally-managed install_data
[3.820s] running egg_info
[3.821s] writing ../../build/nuc/nuc.egg-info/PKG-INFO
[3.822s] writing dependency_links to ../../build/nuc/nuc.egg-info/dependency_links.txt
[3.824s] writing entry points to ../../build/nuc/nuc.egg-info/entry_points.txt
[3.824s] writing requirements to ../../build/nuc/nuc.egg-info/requires.txt
[3.824s] writing top-level names to ../../build/nuc/nuc.egg-info/top_level.txt
[3.827s] reading manifest file '../../build/nuc/nuc.egg-info/SOURCES.txt'
[3.828s] writing manifest file '../../build/nuc/nuc.egg-info/SOURCES.txt'
[3.828s] running build
[3.828s] running build_py
[3.829s] running install
[3.829s] running install_lib
[3.831s] running install_data
[3.831s] running install_egg_info
[3.837s] removing '/home/sfr2024/assessment/team3_project/install/nuc/lib/python3.10/site-packages/nuc-0.0.0-py3.10.egg-info' (and everything under it)
[3.837s] Copying ../../build/nuc/nuc.egg-info to /home/sfr2024/assessment/team3_project/install/nuc/lib/python3.10/site-packages/nuc-0.0.0-py3.10.egg-info
[3.842s] running install_scripts
[3.877s] Installing nuc_node script to /home/sfr2024/assessment/team3_project/install/nuc/lib/nuc
[3.877s] writing list of installed files to '/home/sfr2024/assessment/team3_project/build/nuc/install.log'
[3.909s] Invoked command in '/home/sfr2024/assessment/team3_project/src/nuc' returned '0': PYTHONPATH=/home/sfr2024/assessment/team3_project/build/nuc/prefix_override:/usr/lib/python3/dist-packages/colcon_core/task/python/colcon_distutils_commands:/home/sfr2024/assessment/team3_project/install/nuc/lib/python3.10/site-packages:${PYTHONPATH} /usr/bin/python3 -W ignore:setup.py install is deprecated setup.py egg_info --egg-base ../../build/nuc build --build-base /home/sfr2024/assessment/team3_project/build/nuc/build install --record /home/sfr2024/assessment/team3_project/build/nuc/install.log --single-version-externally-managed install_data
