[4.388s] Invoking command in '/home/sfr2024/assessment/team3_project/src/controller_server': PYTHONPATH=/home/sfr2024/assessment/team3_project/build/controller_server/prefix_override:/usr/lib/python3/dist-packages/colcon_core/task/python/colcon_distutils_commands:/home/sfr2024/assessment/team3_project/install/controller_server/lib/python3.10/site-packages:${PYTHONPATH} /usr/bin/python3 -W ignore:setup.py install is deprecated setup.py egg_info --egg-base ../../build/controller_server build --build-base /home/sfr2024/assessment/team3_project/build/controller_server/build install --record /home/sfr2024/assessment/team3_project/build/controller_server/install.log --single-version-externally-managed install_data
[5.395s] running egg_info
[5.398s] writing ../../build/controller_server/controller_server.egg-info/PKG-INFO
[5.398s] writing dependency_links to ../../build/controller_server/controller_server.egg-info/dependency_links.txt
[5.399s] writing entry points to ../../build/controller_server/controller_server.egg-info/entry_points.txt
[5.399s] writing requirements to ../../build/controller_server/controller_server.egg-info/requires.txt
[5.399s] writing top-level names to ../../build/controller_server/controller_server.egg-info/top_level.txt
[5.404s] reading manifest file '../../build/controller_server/controller_server.egg-info/SOURCES.txt'
[5.405s] writing manifest file '../../build/controller_server/controller_server.egg-info/SOURCES.txt'
[5.405s] running build
[5.405s] running build_py
[5.406s] running install
[5.408s] running install_lib
[5.411s] running install_data
[5.413s] running install_egg_info
[5.418s] removing '/home/sfr2024/assessment/team3_project/install/controller_server/lib/python3.10/site-packages/controller_server-0.0.0-py3.10.egg-info' (and everything under it)
[5.418s] Copying ../../build/controller_server/controller_server.egg-info to /home/sfr2024/assessment/team3_project/install/controller_server/lib/python3.10/site-packages/controller_server-0.0.0-py3.10.egg-info
[5.420s] running install_scripts
[5.470s] Installing controller_server_node script to /home/sfr2024/assessment/team3_project/install/controller_server/lib/controller_server
[5.472s] writing list of installed files to '/home/sfr2024/assessment/team3_project/build/controller_server/install.log'
[5.547s] Invoked command in '/home/sfr2024/assessment/team3_project/src/controller_server' returned '0': PYTHONPATH=/home/sfr2024/assessment/team3_project/build/controller_server/prefix_override:/usr/lib/python3/dist-packages/colcon_core/task/python/colcon_distutils_commands:/home/sfr2024/assessment/team3_project/install/controller_server/lib/python3.10/site-packages:${PYTHONPATH} /usr/bin/python3 -W ignore:setup.py install is deprecated setup.py egg_info --egg-base ../../build/controller_server build --build-base /home/sfr2024/assessment/team3_project/build/controller_server/build install --record /home/sfr2024/assessment/team3_project/build/controller_server/install.log --single-version-externally-managed install_data
