[4.410s] Invoking command in '/home/sfr2024/assessment/team3_project/src/leo_rover': PYTHONPATH=/home/sfr2024/assessment/team3_project/build/leo_rover/prefix_override:/usr/lib/python3/dist-packages/colcon_core/task/python/colcon_distutils_commands:/home/sfr2024/assessment/team3_project/install/leo_rover/lib/python3.10/site-packages:${PYTHONPATH} /usr/bin/python3 -W ignore:setup.py install is deprecated setup.py egg_info --egg-base ../../build/leo_rover build --build-base /home/sfr2024/assessment/team3_project/build/leo_rover/build install --record /home/sfr2024/assessment/team3_project/build/leo_rover/install.log --single-version-externally-managed install_data
[5.472s] running egg_info
[5.474s] writing ../../build/leo_rover/leo_rover.egg-info/PKG-INFO
[5.474s] writing dependency_links to ../../build/leo_rover/leo_rover.egg-info/dependency_links.txt
[5.475s] writing entry points to ../../build/leo_rover/leo_rover.egg-info/entry_points.txt
[5.475s] writing requirements to ../../build/leo_rover/leo_rover.egg-info/requires.txt
[5.476s] writing top-level names to ../../build/leo_rover/leo_rover.egg-info/top_level.txt
[5.483s] reading manifest file '../../build/leo_rover/leo_rover.egg-info/SOURCES.txt'
[5.483s] writing manifest file '../../build/leo_rover/leo_rover.egg-info/SOURCES.txt'
[5.484s] running build
[5.485s] running build_py
[5.485s] running install
[5.485s] running install_lib
[5.488s] running install_data
[5.489s] running install_egg_info
[5.494s] removing '/home/sfr2024/assessment/team3_project/install/leo_rover/lib/python3.10/site-packages/leo_rover-0.0.0-py3.10.egg-info' (and everything under it)
[5.494s] Copying ../../build/leo_rover/leo_rover.egg-info to /home/sfr2024/assessment/team3_project/install/leo_rover/lib/python3.10/site-packages/leo_rover-0.0.0-py3.10.egg-info
[5.495s] running install_scripts
[5.545s] Installing leo_rover_node script to /home/sfr2024/assessment/team3_project/install/leo_rover/lib/leo_rover
[5.546s] writing list of installed files to '/home/sfr2024/assessment/team3_project/build/leo_rover/install.log'
[5.625s] Invoked command in '/home/sfr2024/assessment/team3_project/src/leo_rover' returned '0': PYTHONPATH=/home/sfr2024/assessment/team3_project/build/leo_rover/prefix_override:/usr/lib/python3/dist-packages/colcon_core/task/python/colcon_distutils_commands:/home/sfr2024/assessment/team3_project/install/leo_rover/lib/python3.10/site-packages:${PYTHONPATH} /usr/bin/python3 -W ignore:setup.py install is deprecated setup.py egg_info --egg-base ../../build/leo_rover build --build-base /home/sfr2024/assessment/team3_project/build/leo_rover/build install --record /home/sfr2024/assessment/team3_project/build/leo_rover/install.log --single-version-externally-managed install_data
