[3.098s] Invoking command in '/home/sfr2024/assessment/team3_project/src/camera': PYTHONPATH=/home/sfr2024/assessment/team3_project/build/camera/prefix_override:/usr/lib/python3/dist-packages/colcon_core/task/python/colcon_distutils_commands:/home/sfr2024/assessment/team3_project/install/camera/lib/python3.10/site-packages:${PYTHONPATH} /usr/bin/python3 -W ignore:setup.py install is deprecated setup.py egg_info --egg-base ../../build/camera build --build-base /home/sfr2024/assessment/team3_project/build/camera/build install --record /home/sfr2024/assessment/team3_project/build/camera/install.log --single-version-externally-managed install_data
[3.654s] running egg_info
[3.656s] writing ../../build/camera/camera.egg-info/PKG-INFO
[3.657s] writing dependency_links to ../../build/camera/camera.egg-info/dependency_links.txt
[3.657s] writing entry points to ../../build/camera/camera.egg-info/entry_points.txt
[3.658s] writing requirements to ../../build/camera/camera.egg-info/requires.txt
[3.658s] writing top-level names to ../../build/camera/camera.egg-info/top_level.txt
[3.661s] reading manifest file '../../build/camera/camera.egg-info/SOURCES.txt'
[3.662s] writing manifest file '../../build/camera/camera.egg-info/SOURCES.txt'
[3.663s] running build
[3.663s] running build_py
[3.663s] running install
[3.663s] running install_lib
[3.666s] running install_data
[3.667s] running install_egg_info
[3.677s] removing '/home/sfr2024/assessment/team3_project/install/camera/lib/python3.10/site-packages/camera-0.0.0-py3.10.egg-info' (and everything under it)
[3.680s] Copying ../../build/camera/camera.egg-info to /home/sfr2024/assessment/team3_project/install/camera/lib/python3.10/site-packages/camera-0.0.0-py3.10.egg-info
[3.681s] running install_scripts
[3.717s] Installing camera_node script to /home/sfr2024/assessment/team3_project/install/camera/lib/camera
[3.717s] writing list of installed files to '/home/sfr2024/assessment/team3_project/build/camera/install.log'
[3.776s] Invoked command in '/home/sfr2024/assessment/team3_project/src/camera' returned '0': PYTHONPATH=/home/sfr2024/assessment/team3_project/build/camera/prefix_override:/usr/lib/python3/dist-packages/colcon_core/task/python/colcon_distutils_commands:/home/sfr2024/assessment/team3_project/install/camera/lib/python3.10/site-packages:${PYTHONPATH} /usr/bin/python3 -W ignore:setup.py install is deprecated setup.py egg_info --egg-base ../../build/camera build --build-base /home/sfr2024/assessment/team3_project/build/camera/build install --record /home/sfr2024/assessment/team3_project/build/camera/install.log --single-version-externally-managed install_data
