[1.203s] Invoking command in '/home/mscrobotics2425laptop14/Desktop/project/team3/team3-project/src/camera': CONDA_PROMPT_MODIFIER=(ros2) PYTHONPATH=/home/mscrobotics2425laptop14/Desktop/project/team3/team3-project/build/camera/prefix_override:/usr/lib/python3/dist-packages/colcon_core/task/python/colcon_distutils_commands:/home/mscrobotics2425laptop14/Desktop/project/team3/team3-project/install/camera/lib/python3.10/site-packages:${PYTHONPATH} /usr/bin/python3 -W ignore:setup.py install is deprecated setup.py egg_info --egg-base ../../build/camera build --build-base /home/mscrobotics2425laptop14/Desktop/project/team3/team3-project/build/camera/build install --record /home/mscrobotics2425laptop14/Desktop/project/team3/team3-project/build/camera/install.log --single-version-externally-managed install_data
[1.428s] running egg_info
[1.428s] writing ../../build/camera/camera.egg-info/PKG-INFO
[1.428s] writing dependency_links to ../../build/camera/camera.egg-info/dependency_links.txt
[1.428s] writing entry points to ../../build/camera/camera.egg-info/entry_points.txt
[1.428s] writing requirements to ../../build/camera/camera.egg-info/requires.txt
[1.428s] writing top-level names to ../../build/camera/camera.egg-info/top_level.txt
[1.429s] reading manifest file '../../build/camera/camera.egg-info/SOURCES.txt'
[1.430s] writing manifest file '../../build/camera/camera.egg-info/SOURCES.txt'
[1.430s] running build
[1.430s] running build_py
[1.430s] running install
[1.430s] running install_lib
[1.431s] running install_data
[1.431s] copying package.xml -> /home/mscrobotics2425laptop14/Desktop/project/team3/team3-project/install/camera/share/camera
[1.431s] running install_egg_info
[1.432s] removing '/home/mscrobotics2425laptop14/Desktop/project/team3/team3-project/install/camera/lib/python3.10/site-packages/camera-0.0.0-py3.10.egg-info' (and everything under it)
[1.432s] Copying ../../build/camera/camera.egg-info to /home/mscrobotics2425laptop14/Desktop/project/team3/team3-project/install/camera/lib/python3.10/site-packages/camera-0.0.0-py3.10.egg-info
[1.433s] running install_scripts
[1.451s] Installing camera_node script to /home/mscrobotics2425laptop14/Desktop/project/team3/team3-project/install/camera/lib/camera
[1.452s] writing list of installed files to '/home/mscrobotics2425laptop14/Desktop/project/team3/team3-project/build/camera/install.log'
[1.483s] Invoked command in '/home/mscrobotics2425laptop14/Desktop/project/team3/team3-project/src/camera' returned '0': CONDA_PROMPT_MODIFIER=(ros2) PYTHONPATH=/home/mscrobotics2425laptop14/Desktop/project/team3/team3-project/build/camera/prefix_override:/usr/lib/python3/dist-packages/colcon_core/task/python/colcon_distutils_commands:/home/mscrobotics2425laptop14/Desktop/project/team3/team3-project/install/camera/lib/python3.10/site-packages:${PYTHONPATH} /usr/bin/python3 -W ignore:setup.py install is deprecated setup.py egg_info --egg-base ../../build/camera build --build-base /home/mscrobotics2425laptop14/Desktop/project/team3/team3-project/build/camera/build install --record /home/mscrobotics2425laptop14/Desktop/project/team3/team3-project/build/camera/install.log --single-version-externally-managed install_data
