running egg_info
writing ../../build/data_integration/data_integration.egg-info/PKG-INFO
writing dependency_links to ../../build/data_integration/data_integration.egg-info/dependency_links.txt
writing entry points to ../../build/data_integration/data_integration.egg-info/entry_points.txt
writing requirements to ../../build/data_integration/data_integration.egg-info/requires.txt
writing top-level names to ../../build/data_integration/data_integration.egg-info/top_level.txt
reading manifest file '../../build/data_integration/data_integration.egg-info/SOURCES.txt'
writing manifest file '../../build/data_integration/data_integration.egg-info/SOURCES.txt'
running build
running build_py
running install
running install_lib
byte-compiling /home/mscrobotics2425laptop14/Desktop/project/team3/team3-project/install/data_integration/lib/python3.10/site-packages/data_integration/data_integration_node.py to data_integration_node.cpython-310.pyc
byte-compiling /home/mscrobotics2425laptop14/Desktop/project/team3/team3-project/install/data_integration/lib/python3.10/site-packages/data_integration/__init__.py to __init__.cpython-310.pyc
running install_data
running install_egg_info
removing '/home/mscrobotics2425laptop14/Desktop/project/team3/team3-project/install/data_integration/lib/python3.10/site-packages/data_integration-0.0.0-py3.10.egg-info' (and everything under it)
Copying ../../build/data_integration/data_integration.egg-info to /home/mscrobotics2425laptop14/Desktop/project/team3/team3-project/install/data_integration/lib/python3.10/site-packages/data_integration-0.0.0-py3.10.egg-info
running install_scripts
Installing data_integration_node script to /home/mscrobotics2425laptop14/Desktop/project/team3/team3-project/install/data_integration/lib/data_integration
writing list of installed files to '/home/mscrobotics2425laptop14/Desktop/project/team3/team3-project/build/data_integration/install.log'
