[2.755s] Invoking command in '/home/mscrobotics2425laptop14/Desktop/project/team3/team3-project/src/data_integration': CONDA_PROMPT_MODIFIER=(ros2) PYTHONPATH=/home/mscrobotics2425laptop14/Desktop/project/team3/team3-project/build/data_integration/prefix_override:/usr/lib/python3/dist-packages/colcon_core/task/python/colcon_distutils_commands:/home/mscrobotics2425laptop14/Desktop/project/team3/team3-project/install/data_integration/lib/python3.10/site-packages:${PYTHONPATH} /usr/bin/python3 -W ignore:setup.py install is deprecated setup.py egg_info --egg-base ../../build/data_integration build --build-base /home/mscrobotics2425laptop14/Desktop/project/team3/team3-project/build/data_integration/build install --record /home/mscrobotics2425laptop14/Desktop/project/team3/team3-project/build/data_integration/install.log --single-version-externally-managed install_data
[3.158s] running egg_info
[3.164s] writing ../../build/data_integration/data_integration.egg-info/PKG-INFO
[3.166s] writing dependency_links to ../../build/data_integration/data_integration.egg-info/dependency_links.txt
[3.166s] writing entry points to ../../build/data_integration/data_integration.egg-info/entry_points.txt
[3.166s] writing requirements to ../../build/data_integration/data_integration.egg-info/requires.txt
[3.166s] writing top-level names to ../../build/data_integration/data_integration.egg-info/top_level.txt
[3.166s] reading manifest file '../../build/data_integration/data_integration.egg-info/SOURCES.txt'
[3.168s] writing manifest file '../../build/data_integration/data_integration.egg-info/SOURCES.txt'
[3.168s] running build
[3.168s] running build_py
[3.169s] running install
[3.169s] running install_lib
[3.172s] byte-compiling /home/mscrobotics2425laptop14/Desktop/project/team3/team3-project/install/data_integration/lib/python3.10/site-packages/data_integration/data_integration_node.py to data_integration_node.cpython-310.pyc
[3.174s] byte-compiling /home/mscrobotics2425laptop14/Desktop/project/team3/team3-project/install/data_integration/lib/python3.10/site-packages/data_integration/__init__.py to __init__.cpython-310.pyc
[3.174s] running install_data
[3.175s] running install_egg_info
[3.178s] removing '/home/mscrobotics2425laptop14/Desktop/project/team3/team3-project/install/data_integration/lib/python3.10/site-packages/data_integration-0.0.0-py3.10.egg-info' (and everything under it)
[3.178s] Copying ../../build/data_integration/data_integration.egg-info to /home/mscrobotics2425laptop14/Desktop/project/team3/team3-project/install/data_integration/lib/python3.10/site-packages/data_integration-0.0.0-py3.10.egg-info
[3.181s] running install_scripts
[3.226s] Installing data_integration_node script to /home/mscrobotics2425laptop14/Desktop/project/team3/team3-project/install/data_integration/lib/data_integration
[3.226s] writing list of installed files to '/home/mscrobotics2425laptop14/Desktop/project/team3/team3-project/build/data_integration/install.log'
[3.294s] Invoked command in '/home/mscrobotics2425laptop14/Desktop/project/team3/team3-project/src/data_integration' returned '0': CONDA_PROMPT_MODIFIER=(ros2) PYTHONPATH=/home/mscrobotics2425laptop14/Desktop/project/team3/team3-project/build/data_integration/prefix_override:/usr/lib/python3/dist-packages/colcon_core/task/python/colcon_distutils_commands:/home/mscrobotics2425laptop14/Desktop/project/team3/team3-project/install/data_integration/lib/python3.10/site-packages:${PYTHONPATH} /usr/bin/python3 -W ignore:setup.py install is deprecated setup.py egg_info --egg-base ../../build/data_integration build --build-base /home/mscrobotics2425laptop14/Desktop/project/team3/team3-project/build/data_integration/build install --record /home/mscrobotics2425laptop14/Desktop/project/team3/team3-project/build/data_integration/install.log --single-version-externally-managed install_data
