[2.623s] Invoking command in '/home/sfr2024/assessment/team3_project/src/nuc': PYTHONPATH=/home/sfr2024/assessment/team3_project/build/nuc/prefix_override:/usr/lib/python3/dist-packages/colcon_core/task/python/colcon_distutils_commands:/home/sfr2024/assessment/team3_project/install/nuc/lib/python3.10/site-packages:${PYTHONPATH} /usr/bin/python3 -W ignore:setup.py install is deprecated setup.py egg_info --egg-base ../../build/nuc build --build-base /home/sfr2024/assessment/team3_project/build/nuc/build install --record /home/sfr2024/assessment/team3_project/build/nuc/install.log --single-version-externally-managed install_data
[3.075s] running egg_info
[3.077s] writing ../../build/nuc/nuc.egg-info/PKG-INFO
[3.077s] writing dependency_links to ../../build/nuc/nuc.egg-info/dependency_links.txt
[3.078s] writing entry points to ../../build/nuc/nuc.egg-info/entry_points.txt
[3.078s] writing requirements to ../../build/nuc/nuc.egg-info/requires.txt
[3.078s] writing top-level names to ../../build/nuc/nuc.egg-info/top_level.txt
[3.081s] reading manifest file '../../build/nuc/nuc.egg-info/SOURCES.txt'
[3.082s] writing manifest file '../../build/nuc/nuc.egg-info/SOURCES.txt'
[3.083s] running build
[3.083s] running build_py
[3.083s] running install
[3.084s] running install_lib
[3.086s] running install_data
[3.086s] creating /home/sfr2024/assessment/team3_project/install/nuc/share/nuc/launch
[3.086s] copying launch/start_all_nodes.launch.py -> /home/sfr2024/assessment/team3_project/install/nuc/share/nuc/launch
[3.087s] running install_egg_info
[3.092s] removing '/home/sfr2024/assessment/team3_project/install/nuc/lib/python3.10/site-packages/nuc-0.0.0-py3.10.egg-info' (and everything under it)
[3.093s] Copying ../../build/nuc/nuc.egg-info to /home/sfr2024/assessment/team3_project/install/nuc/lib/python3.10/site-packages/nuc-0.0.0-py3.10.egg-info
[3.093s] running install_scripts
[3.132s] Installing nuc_node script to /home/sfr2024/assessment/team3_project/install/nuc/lib/nuc
[3.132s] writing list of installed files to '/home/sfr2024/assessment/team3_project/build/nuc/install.log'
[3.174s] Invoked command in '/home/sfr2024/assessment/team3_project/src/nuc' returned '0': PYTHONPATH=/home/sfr2024/assessment/team3_project/build/nuc/prefix_override:/usr/lib/python3/dist-packages/colcon_core/task/python/colcon_distutils_commands:/home/sfr2024/assessment/team3_project/install/nuc/lib/python3.10/site-packages:${PYTHONPATH} /usr/bin/python3 -W ignore:setup.py install is deprecated setup.py egg_info --egg-base ../../build/nuc build --build-base /home/sfr2024/assessment/team3_project/build/nuc/build install --record /home/sfr2024/assessment/team3_project/build/nuc/install.log --single-version-externally-managed install_data
