[4.444s] Invoking command in '/home/sfr2024/assessment/team3_project/src/imu': PYTHONPATH=/home/sfr2024/assessment/team3_project/build/imu/prefix_override:/usr/lib/python3/dist-packages/colcon_core/task/python/colcon_distutils_commands:/home/sfr2024/assessment/team3_project/install/imu/lib/python3.10/site-packages:${PYTHONPATH} /usr/bin/python3 -W ignore:setup.py install is deprecated setup.py egg_info --egg-base ../../build/imu build --build-base /home/sfr2024/assessment/team3_project/build/imu/build install --record /home/sfr2024/assessment/team3_project/build/imu/install.log --single-version-externally-managed install_data
[5.540s] running egg_info
[5.543s] writing ../../build/imu/imu.egg-info/PKG-INFO
[5.544s] writing dependency_links to ../../build/imu/imu.egg-info/dependency_links.txt
[5.545s] writing entry points to ../../build/imu/imu.egg-info/entry_points.txt
[5.546s] writing requirements to ../../build/imu/imu.egg-info/requires.txt
[5.546s] writing top-level names to ../../build/imu/imu.egg-info/top_level.txt
[5.552s] reading manifest file '../../build/imu/imu.egg-info/SOURCES.txt'
[5.558s] writing manifest file '../../build/imu/imu.egg-info/SOURCES.txt'
[5.559s] running build
[5.560s] running build_py
[5.560s] running install
[5.561s] running install_lib
[5.566s] running install_data
[5.566s] running install_egg_info
[5.576s] removing '/home/sfr2024/assessment/team3_project/install/imu/lib/python3.10/site-packages/imu-0.0.0-py3.10.egg-info' (and everything under it)
[5.577s] Copying ../../build/imu/imu.egg-info to /home/sfr2024/assessment/team3_project/install/imu/lib/python3.10/site-packages/imu-0.0.0-py3.10.egg-info
[5.580s] running install_scripts
[5.670s] Installing imu_node script to /home/sfr2024/assessment/team3_project/install/imu/lib/imu
[5.677s] writing list of installed files to '/home/sfr2024/assessment/team3_project/build/imu/install.log'
[5.750s] Invoked command in '/home/sfr2024/assessment/team3_project/src/imu' returned '0': PYTHONPATH=/home/sfr2024/assessment/team3_project/build/imu/prefix_override:/usr/lib/python3/dist-packages/colcon_core/task/python/colcon_distutils_commands:/home/sfr2024/assessment/team3_project/install/imu/lib/python3.10/site-packages:${PYTHONPATH} /usr/bin/python3 -W ignore:setup.py install is deprecated setup.py egg_info --egg-base ../../build/imu build --build-base /home/sfr2024/assessment/team3_project/build/imu/build install --record /home/sfr2024/assessment/team3_project/build/imu/install.log --single-version-externally-managed install_data
