[2.447s] Invoking command in '/home/sfr2024/assessment/team3_project/src/robotic_arm': PYTHONPATH=/home/sfr2024/assessment/team3_project/build/robotic_arm/prefix_override:/usr/lib/python3/dist-packages/colcon_core/task/python/colcon_distutils_commands:/home/sfr2024/assessment/team3_project/install/robotic_arm/lib/python3.10/site-packages:${PYTHONPATH} /usr/bin/python3 -W ignore:setup.py install is deprecated setup.py egg_info --egg-base ../../build/robotic_arm build --build-base /home/sfr2024/assessment/team3_project/build/robotic_arm/build install --record /home/sfr2024/assessment/team3_project/build/robotic_arm/install.log --single-version-externally-managed install_data
[2.878s] running egg_info
[2.879s] writing ../../build/robotic_arm/robotic_arm.egg-info/PKG-INFO
[2.879s] writing dependency_links to ../../build/robotic_arm/robotic_arm.egg-info/dependency_links.txt
[2.880s] writing entry points to ../../build/robotic_arm/robotic_arm.egg-info/entry_points.txt
[2.880s] writing requirements to ../../build/robotic_arm/robotic_arm.egg-info/requires.txt
[2.880s] writing top-level names to ../../build/robotic_arm/robotic_arm.egg-info/top_level.txt
[2.883s] reading manifest file '../../build/robotic_arm/robotic_arm.egg-info/SOURCES.txt'
[2.885s] writing manifest file '../../build/robotic_arm/robotic_arm.egg-info/SOURCES.txt'
[2.885s] running build
[2.885s] running build_py
[2.886s] running install
[2.886s] running install_lib
[2.888s] running install_data
[2.889s] running install_egg_info
[2.894s] removing '/home/sfr2024/assessment/team3_project/install/robotic_arm/lib/python3.10/site-packages/robotic_arm-0.0.0-py3.10.egg-info' (and everything under it)
[2.895s] Copying ../../build/robotic_arm/robotic_arm.egg-info to /home/sfr2024/assessment/team3_project/install/robotic_arm/lib/python3.10/site-packages/robotic_arm-0.0.0-py3.10.egg-info
[2.896s] running install_scripts
[2.933s] Installing robotic_arm_node script to /home/sfr2024/assessment/team3_project/install/robotic_arm/lib/robotic_arm
[2.934s] writing list of installed files to '/home/sfr2024/assessment/team3_project/build/robotic_arm/install.log'
[2.975s] Invoked command in '/home/sfr2024/assessment/team3_project/src/robotic_arm' returned '0': PYTHONPATH=/home/sfr2024/assessment/team3_project/build/robotic_arm/prefix_override:/usr/lib/python3/dist-packages/colcon_core/task/python/colcon_distutils_commands:/home/sfr2024/assessment/team3_project/install/robotic_arm/lib/python3.10/site-packages:${PYTHONPATH} /usr/bin/python3 -W ignore:setup.py install is deprecated setup.py egg_info --egg-base ../../build/robotic_arm build --build-base /home/sfr2024/assessment/team3_project/build/robotic_arm/build install --record /home/sfr2024/assessment/team3_project/build/robotic_arm/install.log --single-version-externally-managed install_data
