[2.932s] Invoking command in '/home/sfr2024/assessment/team3_project/src/map': PYTHONPATH=/home/sfr2024/assessment/team3_project/build/map/prefix_override:/usr/lib/python3/dist-packages/colcon_core/task/python/colcon_distutils_commands:/home/sfr2024/assessment/team3_project/install/map/lib/python3.10/site-packages:${PYTHONPATH} /usr/bin/python3 -W ignore:setup.py install is deprecated setup.py egg_info --egg-base ../../build/map build --build-base /home/sfr2024/assessment/team3_project/build/map/build install --record /home/sfr2024/assessment/team3_project/build/map/install.log --single-version-externally-managed install_data
[3.709s] running egg_info
[3.710s] writing ../../build/map/map.egg-info/PKG-INFO
[3.711s] writing dependency_links to ../../build/map/map.egg-info/dependency_links.txt
[3.712s] writing entry points to ../../build/map/map.egg-info/entry_points.txt
[3.712s] writing requirements to ../../build/map/map.egg-info/requires.txt
[3.712s] writing top-level names to ../../build/map/map.egg-info/top_level.txt
[3.719s] reading manifest file '../../build/map/map.egg-info/SOURCES.txt'
[3.721s] writing manifest file '../../build/map/map.egg-info/SOURCES.txt'
[3.721s] running build
[3.722s] running build_py
[3.722s] running install
[3.723s] running install_lib
[3.726s] running install_data
[3.726s] running install_egg_info
[3.731s] removing '/home/sfr2024/assessment/team3_project/install/map/lib/python3.10/site-packages/map-0.0.0-py3.10.egg-info' (and everything under it)
[3.732s] Copying ../../build/map/map.egg-info to /home/sfr2024/assessment/team3_project/install/map/lib/python3.10/site-packages/map-0.0.0-py3.10.egg-info
[3.734s] running install_scripts
[3.783s] Installing map_node script to /home/sfr2024/assessment/team3_project/install/map/lib/map
[3.784s] writing list of installed files to '/home/sfr2024/assessment/team3_project/build/map/install.log'
[3.815s] Invoked command in '/home/sfr2024/assessment/team3_project/src/map' returned '0': PYTHONPATH=/home/sfr2024/assessment/team3_project/build/map/prefix_override:/usr/lib/python3/dist-packages/colcon_core/task/python/colcon_distutils_commands:/home/sfr2024/assessment/team3_project/install/map/lib/python3.10/site-packages:${PYTHONPATH} /usr/bin/python3 -W ignore:setup.py install is deprecated setup.py egg_info --egg-base ../../build/map build --build-base /home/sfr2024/assessment/team3_project/build/map/build install --record /home/sfr2024/assessment/team3_project/build/map/install.log --single-version-externally-managed install_data
