[2.709s] Invoking command in '/home/mscrobotics2425laptop14/Desktop/project/team3/team3-project/src/nuc': CONDA_PROMPT_MODIFIER=(ros2) PYTHONPATH=/home/mscrobotics2425laptop14/Desktop/project/team3/team3-project/build/nuc/prefix_override:/usr/lib/python3/dist-packages/colcon_core/task/python/colcon_distutils_commands:/home/mscrobotics2425laptop14/Desktop/project/team3/team3-project/install/nuc/lib/python3.10/site-packages:${PYTHONPATH} /usr/bin/python3 -W ignore:setup.py install is deprecated setup.py egg_info --egg-base ../../build/nuc build --build-base /home/mscrobotics2425laptop14/Desktop/project/team3/team3-project/build/nuc/build install --record /home/mscrobotics2425laptop14/Desktop/project/team3/team3-project/build/nuc/install.log --single-version-externally-managed install_data
[3.332s] running egg_info
[3.337s] writing ../../build/nuc/nuc.egg-info/PKG-INFO
[3.338s] writing dependency_links to ../../build/nuc/nuc.egg-info/dependency_links.txt
[3.341s] writing entry points to ../../build/nuc/nuc.egg-info/entry_points.txt
[3.341s] writing requirements to ../../build/nuc/nuc.egg-info/requires.txt
[3.341s] writing top-level names to ../../build/nuc/nuc.egg-info/top_level.txt
[3.345s] reading manifest file '../../build/nuc/nuc.egg-info/SOURCES.txt'
[3.347s] writing manifest file '../../build/nuc/nuc.egg-info/SOURCES.txt'
[3.348s] running build
[3.348s] running build_py
[3.349s] running install
[3.349s] running install_lib
[3.353s] byte-compiling /home/mscrobotics2425laptop14/Desktop/project/team3/team3-project/install/nuc/lib/python3.10/site-packages/nuc/__init__.py to __init__.cpython-310.pyc
[3.354s] byte-compiling /home/mscrobotics2425laptop14/Desktop/project/team3/team3-project/install/nuc/lib/python3.10/site-packages/nuc/nuc_node.py to nuc_node.cpython-310.pyc
[3.355s] running install_data
[3.356s] running install_egg_info
[3.360s] removing '/home/mscrobotics2425laptop14/Desktop/project/team3/team3-project/install/nuc/lib/python3.10/site-packages/nuc-0.0.0-py3.10.egg-info' (and everything under it)
[3.363s] Copying ../../build/nuc/nuc.egg-info to /home/mscrobotics2425laptop14/Desktop/project/team3/team3-project/install/nuc/lib/python3.10/site-packages/nuc-0.0.0-py3.10.egg-info
[3.363s] running install_scripts
[3.437s] Installing nuc_node script to /home/mscrobotics2425laptop14/Desktop/project/team3/team3-project/install/nuc/lib/nuc
[3.438s] writing list of installed files to '/home/mscrobotics2425laptop14/Desktop/project/team3/team3-project/build/nuc/install.log'
[3.537s] Invoked command in '/home/mscrobotics2425laptop14/Desktop/project/team3/team3-project/src/nuc' returned '0': CONDA_PROMPT_MODIFIER=(ros2) PYTHONPATH=/home/mscrobotics2425laptop14/Desktop/project/team3/team3-project/build/nuc/prefix_override:/usr/lib/python3/dist-packages/colcon_core/task/python/colcon_distutils_commands:/home/mscrobotics2425laptop14/Desktop/project/team3/team3-project/install/nuc/lib/python3.10/site-packages:${PYTHONPATH} /usr/bin/python3 -W ignore:setup.py install is deprecated setup.py egg_info --egg-base ../../build/nuc build --build-base /home/mscrobotics2425laptop14/Desktop/project/team3/team3-project/build/nuc/build install --record /home/mscrobotics2425laptop14/Desktop/project/team3/team3-project/build/nuc/install.log --single-version-externally-managed install_data
