[2.445s] Invoking command in '/home/sfr2024/assessment/team3_project/src/imu': PYTHONPATH=/home/sfr2024/assessment/team3_project/build/imu/prefix_override:/usr/lib/python3/dist-packages/colcon_core/task/python/colcon_distutils_commands:/home/sfr2024/assessment/team3_project/install/imu/lib/python3.10/site-packages:${PYTHONPATH} /usr/bin/python3 -W ignore:setup.py install is deprecated setup.py egg_info --egg-base ../../build/imu build --build-base /home/sfr2024/assessment/team3_project/build/imu/build install --record /home/sfr2024/assessment/team3_project/build/imu/install.log --single-version-externally-managed install_data
[2.925s] running egg_info
[2.925s] creating ../../build/imu/imu.egg-info
[2.925s] writing ../../build/imu/imu.egg-info/PKG-INFO
[2.925s] writing dependency_links to ../../build/imu/imu.egg-info/dependency_links.txt
[2.925s] writing entry points to ../../build/imu/imu.egg-info/entry_points.txt
[2.925s] writing requirements to ../../build/imu/imu.egg-info/requires.txt
[2.925s] writing top-level names to ../../build/imu/imu.egg-info/top_level.txt
[2.926s] writing manifest file '../../build/imu/imu.egg-info/SOURCES.txt'
[2.927s] reading manifest file '../../build/imu/imu.egg-info/SOURCES.txt'
[2.927s] writing manifest file '../../build/imu/imu.egg-info/SOURCES.txt'
[2.927s] running build
[2.927s] running build_py
[2.927s] creating /home/sfr2024/assessment/team3_project/build/imu/build
[2.927s] creating /home/sfr2024/assessment/team3_project/build/imu/build/lib
[2.927s] creating /home/sfr2024/assessment/team3_project/build/imu/build/lib/imu
[2.928s] copying imu/__init__.py -> /home/sfr2024/assessment/team3_project/build/imu/build/lib/imu
[2.928s] copying imu/imu_node.py -> /home/sfr2024/assessment/team3_project/build/imu/build/lib/imu
[2.928s] running install
[2.928s] running install_lib
[2.928s] creating /home/sfr2024/assessment/team3_project/install/imu/lib/python3.10/site-packages/imu
[2.928s] copying /home/sfr2024/assessment/team3_project/build/imu/build/lib/imu/__init__.py -> /home/sfr2024/assessment/team3_project/install/imu/lib/python3.10/site-packages/imu
[2.928s] copying /home/sfr2024/assessment/team3_project/build/imu/build/lib/imu/imu_node.py -> /home/sfr2024/assessment/team3_project/install/imu/lib/python3.10/site-packages/imu
[2.930s] byte-compiling /home/sfr2024/assessment/team3_project/install/imu/lib/python3.10/site-packages/imu/__init__.py to __init__.cpython-310.pyc
[2.930s] byte-compiling /home/sfr2024/assessment/team3_project/install/imu/lib/python3.10/site-packages/imu/imu_node.py to imu_node.cpython-310.pyc
[2.931s] running install_data
[2.931s] creating /home/sfr2024/assessment/team3_project/install/imu/share/ament_index
[2.932s] creating /home/sfr2024/assessment/team3_project/install/imu/share/ament_index/resource_index
[2.932s] creating /home/sfr2024/assessment/team3_project/install/imu/share/ament_index/resource_index/packages
[2.932s] copying resource/imu -> /home/sfr2024/assessment/team3_project/install/imu/share/ament_index/resource_index/packages
[2.934s] copying package.xml -> /home/sfr2024/assessment/team3_project/install/imu/share/imu
[2.935s] running install_egg_info
[2.939s] Copying ../../build/imu/imu.egg-info to /home/sfr2024/assessment/team3_project/install/imu/lib/python3.10/site-packages/imu-0.0.0-py3.10.egg-info
[2.940s] running install_scripts
[2.985s] Installing imu_node script to /home/sfr2024/assessment/team3_project/install/imu/lib/imu
[2.985s] writing list of installed files to '/home/sfr2024/assessment/team3_project/build/imu/install.log'
[3.040s] Invoked command in '/home/sfr2024/assessment/team3_project/src/imu' returned '0': PYTHONPATH=/home/sfr2024/assessment/team3_project/build/imu/prefix_override:/usr/lib/python3/dist-packages/colcon_core/task/python/colcon_distutils_commands:/home/sfr2024/assessment/team3_project/install/imu/lib/python3.10/site-packages:${PYTHONPATH} /usr/bin/python3 -W ignore:setup.py install is deprecated setup.py egg_info --egg-base ../../build/imu build --build-base /home/sfr2024/assessment/team3_project/build/imu/build install --record /home/sfr2024/assessment/team3_project/build/imu/install.log --single-version-externally-managed install_data
