[2.661s] Invoking command in '/home/mscrobotics2425laptop14/Desktop/project/team3/team3-project/src/controller_server': CONDA_PROMPT_MODIFIER=(ros2) PYTHONPATH=/home/mscrobotics2425laptop14/Desktop/project/team3/team3-project/build/controller_server/prefix_override:/usr/lib/python3/dist-packages/colcon_core/task/python/colcon_distutils_commands:/home/mscrobotics2425laptop14/Desktop/project/team3/team3-project/install/controller_server/lib/python3.10/site-packages:${PYTHONPATH} /usr/bin/python3 -W ignore:setup.py install is deprecated setup.py egg_info --egg-base ../../build/controller_server build --build-base /home/mscrobotics2425laptop14/Desktop/project/team3/team3-project/build/controller_server/build install --record /home/mscrobotics2425laptop14/Desktop/project/team3/team3-project/build/controller_server/install.log --single-version-externally-managed install_data
[2.968s] running egg_info
[2.971s] writing ../../build/controller_server/controller_server.egg-info/PKG-INFO
[2.972s] writing dependency_links to ../../build/controller_server/controller_server.egg-info/dependency_links.txt
[2.972s] writing entry points to ../../build/controller_server/controller_server.egg-info/entry_points.txt
[2.972s] writing requirements to ../../build/controller_server/controller_server.egg-info/requires.txt
[2.972s] writing top-level names to ../../build/controller_server/controller_server.egg-info/top_level.txt
[2.974s] reading manifest file '../../build/controller_server/controller_server.egg-info/SOURCES.txt'
[2.977s] writing manifest file '../../build/controller_server/controller_server.egg-info/SOURCES.txt'
[2.978s] running build
[2.978s] running build_py
[2.978s] running install
[2.978s] running install_lib
[2.981s] running install_data
[2.981s] running install_egg_info
[2.984s] removing '/home/mscrobotics2425laptop14/Desktop/project/team3/team3-project/install/controller_server/lib/python3.10/site-packages/controller_server-0.0.0-py3.10.egg-info' (and everything under it)
[2.986s] Copying ../../build/controller_server/controller_server.egg-info to /home/mscrobotics2425laptop14/Desktop/project/team3/team3-project/install/controller_server/lib/python3.10/site-packages/controller_server-0.0.0-py3.10.egg-info
[2.988s] running install_scripts
[3.034s] Installing controller_server_node script to /home/mscrobotics2425laptop14/Desktop/project/team3/team3-project/install/controller_server/lib/controller_server
[3.034s] writing list of installed files to '/home/mscrobotics2425laptop14/Desktop/project/team3/team3-project/build/controller_server/install.log'
[3.112s] Invoked command in '/home/mscrobotics2425laptop14/Desktop/project/team3/team3-project/src/controller_server' returned '0': CONDA_PROMPT_MODIFIER=(ros2) PYTHONPATH=/home/mscrobotics2425laptop14/Desktop/project/team3/team3-project/build/controller_server/prefix_override:/usr/lib/python3/dist-packages/colcon_core/task/python/colcon_distutils_commands:/home/mscrobotics2425laptop14/Desktop/project/team3/team3-project/install/controller_server/lib/python3.10/site-packages:${PYTHONPATH} /usr/bin/python3 -W ignore:setup.py install is deprecated setup.py egg_info --egg-base ../../build/controller_server build --build-base /home/mscrobotics2425laptop14/Desktop/project/team3/team3-project/build/controller_server/build install --record /home/mscrobotics2425laptop14/Desktop/project/team3/team3-project/build/controller_server/install.log --single-version-externally-managed install_data
