-- Found ament_cmake: 1.3.10 (/opt/ros/humble/share/ament_cmake/cmake)
-- Found geometry_msgs: 4.2.4 (/opt/ros/humble/share/geometry_msgs/cmake)
-- Found rosidl_generator_c: 3.1.5 (/opt/ros/humble/share/rosidl_generator_c/cmake)
-- Found rosidl_adapter: 3.1.5 (/opt/ros/humble/share/rosidl_adapter/cmake)
-- Found rosidl_generator_cpp: 3.1.5 (/opt/ros/humble/share/rosidl_generator_cpp/cmake)
-- Using all available rosidl_typesupport_c: rosidl_typesupport_fastrtps_c;rosidl_typesupport_introspection_c
-- Using all available rosidl_typesupport_cpp: rosidl_typesupport_fastrtps_cpp;rosidl_typesupport_introspection_cpp
-- Found rosidl_default_generators: 1.2.0 (/opt/ros/humble/share/rosidl_default_generators/cmake)
-- Found ament_cmake_ros: 0.10.0 (/opt/ros/humble/share/ament_cmake_ros/cmake)
-- Using all available rosidl_typesupport_c: rosidl_typesupport_fastrtps_c;rosidl_typesupport_introspection_c
-- Using all available rosidl_typesupport_cpp: rosidl_typesupport_fastrtps_cpp;rosidl_typesupport_introspection_cpp
-- Found PythonInterp: /home/mscrobotics2425laptop14/miniconda3/envs/ros2/bin/python3 (found suitable version "3.10.16", minimum required is "3.6") 
-- Found python_cmake_module: 0.10.0 (/opt/ros/humble/share/python_cmake_module/cmake)
-- Found PythonLibs: /home/mscrobotics2425laptop14/miniconda3/envs/ros2/lib/libpython3.10.so (found suitable version "3.10.16", minimum required is "3.5") 
-- Using PYTHON_EXECUTABLE: /home/mscrobotics2425laptop14/miniconda3/envs/ros2/bin/python3
-- Using PYTHON_INCLUDE_DIRS: /home/mscrobotics2425laptop14/miniconda3/envs/ros2/include/python3.10
-- Using PYTHON_LIBRARIES: /home/mscrobotics2425laptop14/miniconda3/envs/ros2/lib/libpython3.10.so
-- Found PythonExtra: .so  
-- Using numpy include directory: /home/mscrobotics2425laptop14/.local/lib/python3.10/site-packages/numpy/core/include
-- Found ament_lint_auto: 0.12.11 (/opt/ros/humble/share/ament_lint_auto/cmake)
-- Added test 'lint_cmake' to check CMake code style
-- Added test 'xmllint' to check XML markup files
-- Configuring done
-- Generating done
-- Build files have been written to: /home/mscrobotics2425laptop14/Desktop/project/team3/team3-project/build/package_with_interfaces
[  3%] [34m[1mGenerating C code for ROS interfaces[0m
[  6%] [34m[1mGenerating C++ code for ROS interfaces[0m
[  6%] Built target ament_cmake_python_copy_package_with_interfaces
running egg_info
creating package_with_interfaces.egg-info
writing package_with_interfaces.egg-info/PKG-INFO
writing dependency_links to package_with_interfaces.egg-info/dependency_links.txt
writing top-level names to package_with_interfaces.egg-info/top_level.txt
writing manifest file 'package_with_interfaces.egg-info/SOURCES.txt'
reading manifest file 'package_with_interfaces.egg-info/SOURCES.txt'
writing manifest file 'package_with_interfaces.egg-info/SOURCES.txt'
[  6%] Built target ament_cmake_python_build_package_with_interfaces_egg
