[2.300s] Invoking command in '/home/mscrobotics2425laptop14/Desktop/project/team3/team3-project/src/lidar': CONDA_PROMPT_MODIFIER=(ros2) PYTHONPATH=/home/mscrobotics2425laptop14/Desktop/project/team3/team3-project/build/lidar/prefix_override:/usr/lib/python3/dist-packages/colcon_core/task/python/colcon_distutils_commands:/home/mscrobotics2425laptop14/Desktop/project/team3/team3-project/install/lidar/lib/python3.10/site-packages:${PYTHONPATH} /usr/bin/python3 -W ignore:setup.py install is deprecated setup.py egg_info --egg-base ../../build/lidar build --build-base /home/mscrobotics2425laptop14/Desktop/project/team3/team3-project/build/lidar/build install --record /home/mscrobotics2425laptop14/Desktop/project/team3/team3-project/build/lidar/install.log --single-version-externally-managed install_data
[2.802s] running egg_info
[2.803s] writing ../../build/lidar/lidar.egg-info/PKG-INFO
[2.803s] writing dependency_links to ../../build/lidar/lidar.egg-info/dependency_links.txt
[2.803s] writing entry points to ../../build/lidar/lidar.egg-info/entry_points.txt
[2.803s] writing requirements to ../../build/lidar/lidar.egg-info/requires.txt
[2.804s] writing top-level names to ../../build/lidar/lidar.egg-info/top_level.txt
[2.807s] reading manifest file '../../build/lidar/lidar.egg-info/SOURCES.txt'
[2.810s] writing manifest file '../../build/lidar/lidar.egg-info/SOURCES.txt'
[2.810s] running build
[2.810s] running build_py
[2.810s] running install
[2.811s] running install_lib
[2.814s] running install_data
[2.814s] running install_egg_info
[2.819s] removing '/home/mscrobotics2425laptop14/Desktop/project/team3/team3-project/install/lidar/lib/python3.10/site-packages/lidar-0.0.0-py3.10.egg-info' (and everything under it)
[2.819s] Copying ../../build/lidar/lidar.egg-info to /home/mscrobotics2425laptop14/Desktop/project/team3/team3-project/install/lidar/lib/python3.10/site-packages/lidar-0.0.0-py3.10.egg-info
[2.822s] running install_scripts
[2.878s] Installing lidar_node script to /home/mscrobotics2425laptop14/Desktop/project/team3/team3-project/install/lidar/lib/lidar
[2.878s] writing list of installed files to '/home/mscrobotics2425laptop14/Desktop/project/team3/team3-project/build/lidar/install.log'
[2.949s] Invoked command in '/home/mscrobotics2425laptop14/Desktop/project/team3/team3-project/src/lidar' returned '0': CONDA_PROMPT_MODIFIER=(ros2) PYTHONPATH=/home/mscrobotics2425laptop14/Desktop/project/team3/team3-project/build/lidar/prefix_override:/usr/lib/python3/dist-packages/colcon_core/task/python/colcon_distutils_commands:/home/mscrobotics2425laptop14/Desktop/project/team3/team3-project/install/lidar/lib/python3.10/site-packages:${PYTHONPATH} /usr/bin/python3 -W ignore:setup.py install is deprecated setup.py egg_info --egg-base ../../build/lidar build --build-base /home/mscrobotics2425laptop14/Desktop/project/team3/team3-project/build/lidar/build install --record /home/mscrobotics2425laptop14/Desktop/project/team3/team3-project/build/lidar/install.log --single-version-externally-managed install_data
