[4.271s] Invoking command in '/home/sfr2024/assessment/team3_project/src/nuc': PYTHONPATH=/home/sfr2024/assessment/team3_project/build/nuc/prefix_override:/usr/lib/python3/dist-packages/colcon_core/task/python/colcon_distutils_commands:/home/sfr2024/assessment/team3_project/install/nuc/lib/python3.10/site-packages:${PYTHONPATH} /usr/bin/python3 -W ignore:setup.py install is deprecated setup.py egg_info --egg-base ../../build/nuc build --build-base /home/sfr2024/assessment/team3_project/build/nuc/build install --record /home/sfr2024/assessment/team3_project/build/nuc/install.log --single-version-externally-managed install_data
[5.366s] running egg_info
[5.369s] writing ../../build/nuc/nuc.egg-info/PKG-INFO
[5.370s] writing dependency_links to ../../build/nuc/nuc.egg-info/dependency_links.txt
[5.371s] writing entry points to ../../build/nuc/nuc.egg-info/entry_points.txt
[5.372s] writing requirements to ../../build/nuc/nuc.egg-info/requires.txt
[5.372s] writing top-level names to ../../build/nuc/nuc.egg-info/top_level.txt
[5.380s] reading manifest file '../../build/nuc/nuc.egg-info/SOURCES.txt'
[5.383s] writing manifest file '../../build/nuc/nuc.egg-info/SOURCES.txt'
[5.384s] running build
[5.384s] running build_py
[5.386s] running install
[5.387s] running install_lib
[5.391s] running install_data
[5.392s] copying launch/start_all_nodes.launch.py -> /home/sfr2024/assessment/team3_project/install/nuc/share/nuc/launch
[5.396s] running install_egg_info
[5.405s] removing '/home/sfr2024/assessment/team3_project/install/nuc/lib/python3.10/site-packages/nuc-0.0.0-py3.10.egg-info' (and everything under it)
[5.412s] Copying ../../build/nuc/nuc.egg-info to /home/sfr2024/assessment/team3_project/install/nuc/lib/python3.10/site-packages/nuc-0.0.0-py3.10.egg-info
[5.412s] running install_scripts
[5.485s] Installing nuc_node script to /home/sfr2024/assessment/team3_project/install/nuc/lib/nuc
[5.486s] writing list of installed files to '/home/sfr2024/assessment/team3_project/build/nuc/install.log'
[5.558s] Invoked command in '/home/sfr2024/assessment/team3_project/src/nuc' returned '0': PYTHONPATH=/home/sfr2024/assessment/team3_project/build/nuc/prefix_override:/usr/lib/python3/dist-packages/colcon_core/task/python/colcon_distutils_commands:/home/sfr2024/assessment/team3_project/install/nuc/lib/python3.10/site-packages:${PYTHONPATH} /usr/bin/python3 -W ignore:setup.py install is deprecated setup.py egg_info --egg-base ../../build/nuc build --build-base /home/sfr2024/assessment/team3_project/build/nuc/build install --record /home/sfr2024/assessment/team3_project/build/nuc/install.log --single-version-externally-managed install_data
