[2.294s] Invoking command in '/home/mscrobotics2425laptop14/Desktop/project/team3/team3-project/src/nuc': CONDA_PROMPT_MODIFIER=(ros2) PYTHONPATH=/home/mscrobotics2425laptop14/Desktop/project/team3/team3-project/build/nuc/prefix_override:/usr/lib/python3/dist-packages/colcon_core/task/python/colcon_distutils_commands:/home/mscrobotics2425laptop14/Desktop/project/team3/team3-project/install/nuc/lib/python3.10/site-packages:${PYTHONPATH} /usr/bin/python3 -W ignore:setup.py install is deprecated setup.py egg_info --egg-base ../../build/nuc build --build-base /home/mscrobotics2425laptop14/Desktop/project/team3/team3-project/build/nuc/build install --record /home/mscrobotics2425laptop14/Desktop/project/team3/team3-project/build/nuc/install.log --single-version-externally-managed install_data
[2.613s] running egg_info
[2.613s] writing ../../build/nuc/nuc.egg-info/PKG-INFO
[2.613s] writing dependency_links to ../../build/nuc/nuc.egg-info/dependency_links.txt
[2.613s] writing entry points to ../../build/nuc/nuc.egg-info/entry_points.txt
[2.613s] writing requirements to ../../build/nuc/nuc.egg-info/requires.txt
[2.613s] writing top-level names to ../../build/nuc/nuc.egg-info/top_level.txt
[2.613s] reading manifest file '../../build/nuc/nuc.egg-info/SOURCES.txt'
[2.613s] writing manifest file '../../build/nuc/nuc.egg-info/SOURCES.txt'
[2.613s] running build
[2.613s] running build_py
[2.613s] running install
[2.613s] running install_lib
[2.613s] running install_data
[2.613s] running install_egg_info
[2.613s] removing '/home/mscrobotics2425laptop14/Desktop/project/team3/team3-project/install/nuc/lib/python3.10/site-packages/nuc-0.0.0-py3.10.egg-info' (and everything under it)
[2.614s] Copying ../../build/nuc/nuc.egg-info to /home/mscrobotics2425laptop14/Desktop/project/team3/team3-project/install/nuc/lib/python3.10/site-packages/nuc-0.0.0-py3.10.egg-info
[2.614s] running install_scripts
[2.632s] Installing nuc_node script to /home/mscrobotics2425laptop14/Desktop/project/team3/team3-project/install/nuc/lib/nuc
[2.632s] writing list of installed files to '/home/mscrobotics2425laptop14/Desktop/project/team3/team3-project/build/nuc/install.log'
[2.674s] Invoked command in '/home/mscrobotics2425laptop14/Desktop/project/team3/team3-project/src/nuc' returned '0': CONDA_PROMPT_MODIFIER=(ros2) PYTHONPATH=/home/mscrobotics2425laptop14/Desktop/project/team3/team3-project/build/nuc/prefix_override:/usr/lib/python3/dist-packages/colcon_core/task/python/colcon_distutils_commands:/home/mscrobotics2425laptop14/Desktop/project/team3/team3-project/install/nuc/lib/python3.10/site-packages:${PYTHONPATH} /usr/bin/python3 -W ignore:setup.py install is deprecated setup.py egg_info --egg-base ../../build/nuc build --build-base /home/mscrobotics2425laptop14/Desktop/project/team3/team3-project/build/nuc/build install --record /home/mscrobotics2425laptop14/Desktop/project/team3/team3-project/build/nuc/install.log --single-version-externally-managed install_data
