running egg_info
writing ../../build/nuc/nuc.egg-info/PKG-INFO
writing dependency_links to ../../build/nuc/nuc.egg-info/dependency_links.txt
writing entry points to ../../build/nuc/nuc.egg-info/entry_points.txt
writing requirements to ../../build/nuc/nuc.egg-info/requires.txt
writing top-level names to ../../build/nuc/nuc.egg-info/top_level.txt
reading manifest file '../../build/nuc/nuc.egg-info/SOURCES.txt'
writing manifest file '../../build/nuc/nuc.egg-info/SOURCES.txt'
running build
running build_py
running install
running install_lib
running install_data
creating /home/sfr2024/assessment/team3_project/install/nuc/share/nuc/config
copying config/slam_toolbox.yaml -> /home/sfr2024/assessment/team3_project/install/nuc/share/nuc/config
running install_egg_info
removing '/home/sfr2024/assessment/team3_project/install/nuc/lib/python3.10/site-packages/nuc-0.0.0-py3.10.egg-info' (and everything under it)
Copying ../../build/nuc/nuc.egg-info to /home/sfr2024/assessment/team3_project/install/nuc/lib/python3.10/site-packages/nuc-0.0.0-py3.10.egg-info
running install_scripts
Installing nuc_node script to /home/sfr2024/assessment/team3_project/install/nuc/lib/nuc
writing list of installed files to '/home/sfr2024/assessment/team3_project/build/nuc/install.log'
