[  3%] [34m[1mGenerating C code for ROS interfaces[0m
[  6%] [34m[1mGenerating C++ code for ROS interfaces[0m
[  6%] Built target ament_cmake_python_copy_package_with_interfaces
[  9%] [32mBuilding C object CMakeFiles/package_with_interfaces__rosidl_generator_c.dir/rosidl_generator_c/package_with_interfaces/msg/detail/target_block__functions.c.o[0m
[  9%] Built target package_with_interfaces__cpp
[ 12%] [34m[1mGenerating C++ introspection for ROS interfaces[0m
[ 19%] [34m[1mGenerating C++ type support dispatch for ROS interfaces[0m
[ 19%] [34m[1mGenerating C++ type support for eProsima Fast-RTPS[0m
running egg_info
[ 22%] [32m[1mLinking C shared library libpackage_with_interfaces__rosidl_generator_c.so[0m
writing package_with_interfaces.egg-info/PKG-INFO
writing dependency_links to package_with_interfaces.egg-info/dependency_links.txt
writing top-level names to package_with_interfaces.egg-info/top_level.txt
[ 22%] Built target package_with_interfaces__rosidl_generator_c
[ 25%] [34m[1mGenerating C type support for eProsima Fast-RTPS[0m
[ 29%] [34m[1mGenerating C introspection for ROS interfaces[0m
[ 32%] [34m[1mGenerating C type support dispatch for ROS interfaces[0m
reading manifest file 'package_with_interfaces.egg-info/SOURCES.txt'
writing manifest file 'package_with_interfaces.egg-info/SOURCES.txt'
[ 32%] Built target ament_cmake_python_build_package_with_interfaces_egg
[ 35%] [32mBuilding CXX object CMakeFiles/package_with_interfaces__rosidl_typesupport_cpp.dir/rosidl_typesupport_cpp/package_with_interfaces/msg/target_block__type_support.cpp.o[0m
[ 38%] [32mBuilding CXX object CMakeFiles/package_with_interfaces__rosidl_typesupport_fastrtps_cpp.dir/rosidl_typesupport_fastrtps_cpp/package_with_interfaces/msg/detail/dds_fastrtps/target_block__type_support.cpp.o[0m
[ 41%] [32mBuilding CXX object CMakeFiles/package_with_interfaces__rosidl_typesupport_introspection_cpp.dir/rosidl_typesupport_introspection_cpp/package_with_interfaces/msg/detail/target_block__type_support.cpp.o[0m
[ 45%] [32mBuilding C object CMakeFiles/package_with_interfaces__rosidl_typesupport_introspection_c.dir/rosidl_typesupport_introspection_c/package_with_interfaces/msg/detail/target_block__type_support.c.o[0m
[ 48%] [32mBuilding CXX object CMakeFiles/package_with_interfaces__rosidl_typesupport_c.dir/rosidl_typesupport_c/package_with_interfaces/msg/target_block__type_support.cpp.o[0m
[ 51%] [32m[1mLinking CXX shared library libpackage_with_interfaces__rosidl_typesupport_c.so[0m
[ 54%] [32mBuilding CXX object CMakeFiles/package_with_interfaces__rosidl_typesupport_fastrtps_c.dir/rosidl_typesupport_fastrtps_c/package_with_interfaces/msg/detail/target_block__type_support_c.cpp.o[0m
[ 58%] [32m[1mLinking C shared library libpackage_with_interfaces__rosidl_typesupport_introspection_c.so[0m
[ 58%] Built target package_with_interfaces__rosidl_typesupport_introspection_c
[ 58%] Built target package_with_interfaces__rosidl_typesupport_c
[ 61%] [32m[1mLinking CXX shared library libpackage_with_interfaces__rosidl_typesupport_cpp.so[0m
[ 61%] Built target package_with_interfaces__rosidl_typesupport_cpp
[ 64%] [32m[1mLinking CXX shared library libpackage_with_interfaces__rosidl_typesupport_fastrtps_cpp.so[0m
[ 67%] [32m[1mLinking CXX shared library libpackage_with_interfaces__rosidl_typesupport_introspection_cpp.so[0m
[ 67%] Built target package_with_interfaces__rosidl_typesupport_fastrtps_cpp
[ 67%] Built target package_with_interfaces__rosidl_typesupport_introspection_cpp
[ 70%] [32m[1mLinking CXX shared library libpackage_with_interfaces__rosidl_typesupport_fastrtps_c.so[0m
[ 70%] Built target package_with_interfaces__rosidl_typesupport_fastrtps_c
[ 70%] Built target package_with_interfaces
[ 74%] [34m[1mGenerating Python code for ROS interfaces[0m
[ 74%] Built target package_with_interfaces__py
[ 77%] [32mBuilding C object CMakeFiles/package_with_interfaces__rosidl_generator_py.dir/rosidl_generator_py/package_with_interfaces/msg/_target_block_s.c.o[0m
[ 80%] [32m[1mLinking C shared library rosidl_generator_py/package_with_interfaces/libpackage_with_interfaces__rosidl_generator_py.so[0m
[ 80%] Built target package_with_interfaces__rosidl_generator_py
[ 83%] [32mBuilding C object CMakeFiles/package_with_interfaces__rosidl_typesupport_fastrtps_c__pyext.dir/rosidl_generator_py/package_with_interfaces/_package_with_interfaces_s.ep.rosidl_typesupport_fastrtps_c.c.o[0m
[ 90%] [32mBuilding C object CMakeFiles/package_with_interfaces__rosidl_typesupport_c__pyext.dir/rosidl_generator_py/package_with_interfaces/_package_with_interfaces_s.ep.rosidl_typesupport_c.c.o[0m
[ 90%] [32mBuilding C object CMakeFiles/package_with_interfaces__rosidl_typesupport_introspection_c__pyext.dir/rosidl_generator_py/package_with_interfaces/_package_with_interfaces_s.ep.rosidl_typesupport_introspection_c.c.o[0m
[ 93%] [32m[1mLinking C shared library rosidl_generator_py/package_with_interfaces/package_with_interfaces_s__rosidl_typesupport_fastrtps_c.cpython-310-x86_64-linux-gnu.so[0m
[ 96%] [32m[1mLinking C shared library rosidl_generator_py/package_with_interfaces/package_with_interfaces_s__rosidl_typesupport_introspection_c.cpython-310-x86_64-linux-gnu.so[0m
[100%] [32m[1mLinking C shared library rosidl_generator_py/package_with_interfaces/package_with_interfaces_s__rosidl_typesupport_c.cpython-310-x86_64-linux-gnu.so[0m
[100%] Built target package_with_interfaces__rosidl_typesupport_fastrtps_c__pyext
[100%] Built target package_with_interfaces__rosidl_typesupport_introspection_c__pyext
[100%] Built target package_with_interfaces__rosidl_typesupport_c__pyext
-- Install configuration: ""
-- Installing: /home/mscrobotics2425laptop14/Desktop/project/team3/team3-project/install/package_with_interfaces/share/ament_index/resource_index/rosidl_interfaces/package_with_interfaces
-- Installing: /home/mscrobotics2425laptop14/Desktop/project/team3/team3-project/install/package_with_interfaces/include/package_with_interfaces/package_with_interfaces
-- Installing: /home/mscrobotics2425laptop14/Desktop/project/team3/team3-project/install/package_with_interfaces/include/package_with_interfaces/package_with_interfaces/msg
-- Installing: /home/mscrobotics2425laptop14/Desktop/project/team3/team3-project/install/package_with_interfaces/include/package_with_interfaces/package_with_interfaces/msg/target_block.h
-- Installing: /home/mscrobotics2425laptop14/Desktop/project/team3/team3-project/install/package_with_interfaces/include/package_with_interfaces/package_with_interfaces/msg/detail
-- Installing: /home/mscrobotics2425laptop14/Desktop/project/team3/team3-project/install/package_with_interfaces/include/package_with_interfaces/package_with_interfaces/msg/detail/target_block__functions.c
-- Installing: /home/mscrobotics2425laptop14/Desktop/project/team3/team3-project/install/package_with_interfaces/include/package_with_interfaces/package_with_interfaces/msg/detail/target_block__struct.h
-- Installing: /home/mscrobotics2425laptop14/Desktop/project/team3/team3-project/install/package_with_interfaces/include/package_with_interfaces/package_with_interfaces/msg/detail/target_block__type_support.h
-- Installing: /home/mscrobotics2425laptop14/Desktop/project/team3/team3-project/install/package_with_interfaces/include/package_with_interfaces/package_with_interfaces/msg/detail/target_block__functions.h
-- Installing: /home/mscrobotics2425laptop14/Desktop/project/team3/team3-project/install/package_with_interfaces/include/package_with_interfaces/package_with_interfaces/msg/rosidl_generator_c__visibility_control.h
-- Installing: /home/mscrobotics2425laptop14/Desktop/project/team3/team3-project/install/package_with_interfaces/share/package_with_interfaces/environment/library_path.sh
-- Installing: /home/mscrobotics2425laptop14/Desktop/project/team3/team3-project/install/package_with_interfaces/share/package_with_interfaces/environment/library_path.dsv
-- Installing: /home/mscrobotics2425laptop14/Desktop/project/team3/team3-project/install/package_with_interfaces/lib/libpackage_with_interfaces__rosidl_generator_c.so
-- Set runtime path of "/home/mscrobotics2425laptop14/Desktop/project/team3/team3-project/install/package_with_interfaces/lib/libpackage_with_interfaces__rosidl_generator_c.so" to ""
-- Up-to-date: /home/mscrobotics2425laptop14/Desktop/project/team3/team3-project/install/package_with_interfaces/include/package_with_interfaces/package_with_interfaces
-- Up-to-date: /home/mscrobotics2425laptop14/Desktop/project/team3/team3-project/install/package_with_interfaces/include/package_with_interfaces/package_with_interfaces/msg
-- Installing: /home/mscrobotics2425laptop14/Desktop/project/team3/team3-project/install/package_with_interfaces/include/package_with_interfaces/package_with_interfaces/msg/rosidl_typesupport_fastrtps_c__visibility_control.h
-- Up-to-date: /home/mscrobotics2425laptop14/Desktop/project/team3/team3-project/install/package_with_interfaces/include/package_with_interfaces/package_with_interfaces/msg/detail
-- Installing: /home/mscrobotics2425laptop14/Desktop/project/team3/team3-project/install/package_with_interfaces/include/package_with_interfaces/package_with_interfaces/msg/detail/target_block__rosidl_typesupport_fastrtps_c.h
-- Installing: /home/mscrobotics2425laptop14/Desktop/project/team3/team3-project/install/package_with_interfaces/lib/libpackage_with_interfaces__rosidl_typesupport_fastrtps_c.so
-- Set runtime path of "/home/mscrobotics2425laptop14/Desktop/project/team3/team3-project/install/package_with_interfaces/lib/libpackage_with_interfaces__rosidl_typesupport_fastrtps_c.so" to ""
-- Up-to-date: /home/mscrobotics2425laptop14/Desktop/project/team3/team3-project/install/package_with_interfaces/include/package_with_interfaces/package_with_interfaces
-- Up-to-date: /home/mscrobotics2425laptop14/Desktop/project/team3/team3-project/install/package_with_interfaces/include/package_with_interfaces/package_with_interfaces/msg
-- Up-to-date: /home/mscrobotics2425laptop14/Desktop/project/team3/team3-project/install/package_with_interfaces/include/package_with_interfaces/package_with_interfaces/msg/detail
-- Installing: /home/mscrobotics2425laptop14/Desktop/project/team3/team3-project/install/package_with_interfaces/include/package_with_interfaces/package_with_interfaces/msg/detail/target_block__struct.hpp
-- Installing: /home/mscrobotics2425laptop14/Desktop/project/team3/team3-project/install/package_with_interfaces/include/package_with_interfaces/package_with_interfaces/msg/detail/target_block__traits.hpp
-- Installing: /home/mscrobotics2425laptop14/Desktop/project/team3/team3-project/install/package_with_interfaces/include/package_with_interfaces/package_with_interfaces/msg/detail/target_block__builder.hpp
-- Installing: /home/mscrobotics2425laptop14/Desktop/project/team3/team3-project/install/package_with_interfaces/include/package_with_interfaces/package_with_interfaces/msg/target_block.hpp
-- Up-to-date: /home/mscrobotics2425laptop14/Desktop/project/team3/team3-project/install/package_with_interfaces/include/package_with_interfaces/package_with_interfaces
-- Up-to-date: /home/mscrobotics2425laptop14/Desktop/project/team3/team3-project/install/package_with_interfaces/include/package_with_interfaces/package_with_interfaces/msg
-- Installing: /home/mscrobotics2425laptop14/Desktop/project/team3/team3-project/install/package_with_interfaces/include/package_with_interfaces/package_with_interfaces/msg/rosidl_typesupport_fastrtps_cpp__visibility_control.h
-- Up-to-date: /home/mscrobotics2425laptop14/Desktop/project/team3/team3-project/install/package_with_interfaces/include/package_with_interfaces/package_with_interfaces/msg/detail
-- Installing: /home/mscrobotics2425laptop14/Desktop/project/team3/team3-project/install/package_with_interfaces/include/package_with_interfaces/package_with_interfaces/msg/detail/dds_fastrtps
-- Installing: /home/mscrobotics2425laptop14/Desktop/project/team3/team3-project/install/package_with_interfaces/include/package_with_interfaces/package_with_interfaces/msg/detail/target_block__rosidl_typesupport_fastrtps_cpp.hpp
-- Installing: /home/mscrobotics2425laptop14/Desktop/project/team3/team3-project/install/package_with_interfaces/lib/libpackage_with_interfaces__rosidl_typesupport_fastrtps_cpp.so
-- Set runtime path of "/home/mscrobotics2425laptop14/Desktop/project/team3/team3-project/install/package_with_interfaces/lib/libpackage_with_interfaces__rosidl_typesupport_fastrtps_cpp.so" to ""
-- Up-to-date: /home/mscrobotics2425laptop14/Desktop/project/team3/team3-project/install/package_with_interfaces/include/package_with_interfaces/package_with_interfaces
-- Up-to-date: /home/mscrobotics2425laptop14/Desktop/project/team3/team3-project/install/package_with_interfaces/include/package_with_interfaces/package_with_interfaces/msg
-- Installing: /home/mscrobotics2425laptop14/Desktop/project/team3/team3-project/install/package_with_interfaces/include/package_with_interfaces/package_with_interfaces/msg/rosidl_typesupport_introspection_c__visibility_control.h
-- Up-to-date: /home/mscrobotics2425laptop14/Desktop/project/team3/team3-project/install/package_with_interfaces/include/package_with_interfaces/package_with_interfaces/msg/detail
-- Installing: /home/mscrobotics2425laptop14/Desktop/project/team3/team3-project/install/package_with_interfaces/include/package_with_interfaces/package_with_interfaces/msg/detail/target_block__rosidl_typesupport_introspection_c.h
-- Installing: /home/mscrobotics2425laptop14/Desktop/project/team3/team3-project/install/package_with_interfaces/include/package_with_interfaces/package_with_interfaces/msg/detail/target_block__type_support.c
-- Installing: /home/mscrobotics2425laptop14/Desktop/project/team3/team3-project/install/package_with_interfaces/lib/libpackage_with_interfaces__rosidl_typesupport_introspection_c.so
-- Set runtime path of "/home/mscrobotics2425laptop14/Desktop/project/team3/team3-project/install/package_with_interfaces/lib/libpackage_with_interfaces__rosidl_typesupport_introspection_c.so" to ""
-- Installing: /home/mscrobotics2425laptop14/Desktop/project/team3/team3-project/install/package_with_interfaces/lib/libpackage_with_interfaces__rosidl_typesupport_c.so
-- Set runtime path of "/home/mscrobotics2425laptop14/Desktop/project/team3/team3-project/install/package_with_interfaces/lib/libpackage_with_interfaces__rosidl_typesupport_c.so" to ""
-- Up-to-date: /home/mscrobotics2425laptop14/Desktop/project/team3/team3-project/install/package_with_interfaces/include/package_with_interfaces/package_with_interfaces
-- Up-to-date: /home/mscrobotics2425laptop14/Desktop/project/team3/team3-project/install/package_with_interfaces/include/package_with_interfaces/package_with_interfaces/msg
-- Up-to-date: /home/mscrobotics2425laptop14/Desktop/project/team3/team3-project/install/package_with_interfaces/include/package_with_interfaces/package_with_interfaces/msg/detail
-- Installing: /home/mscrobotics2425laptop14/Desktop/project/team3/team3-project/install/package_with_interfaces/include/package_with_interfaces/package_with_interfaces/msg/detail/target_block__type_support.cpp
-- Installing: /home/mscrobotics2425laptop14/Desktop/project/team3/team3-project/install/package_with_interfaces/include/package_with_interfaces/package_with_interfaces/msg/detail/target_block__rosidl_typesupport_introspection_cpp.hpp
-- Installing: /home/mscrobotics2425laptop14/Desktop/project/team3/team3-project/install/package_with_interfaces/lib/libpackage_with_interfaces__rosidl_typesupport_introspection_cpp.so
-- Set runtime path of "/home/mscrobotics2425laptop14/Desktop/project/team3/team3-project/install/package_with_interfaces/lib/libpackage_with_interfaces__rosidl_typesupport_introspection_cpp.so" to ""
-- Installing: /home/mscrobotics2425laptop14/Desktop/project/team3/team3-project/install/package_with_interfaces/lib/libpackage_with_interfaces__rosidl_typesupport_cpp.so
-- Set runtime path of "/home/mscrobotics2425laptop14/Desktop/project/team3/team3-project/install/package_with_interfaces/lib/libpackage_with_interfaces__rosidl_typesupport_cpp.so" to ""
-- Installing: /home/mscrobotics2425laptop14/Desktop/project/team3/team3-project/install/package_with_interfaces/share/package_with_interfaces/environment/pythonpath.sh
-- Installing: /home/mscrobotics2425laptop14/Desktop/project/team3/team3-project/install/package_with_interfaces/share/package_with_interfaces/environment/pythonpath.dsv
-- Installing: /home/mscrobotics2425laptop14/Desktop/project/team3/team3-project/install/package_with_interfaces/lib/python3.10/site-packages/package_with_interfaces-0.0.0-py3.10.egg-info
-- Installing: /home/mscrobotics2425laptop14/Desktop/project/team3/team3-project/install/package_with_interfaces/lib/python3.10/site-packages/package_with_interfaces-0.0.0-py3.10.egg-info/PKG-INFO
-- Installing: /home/mscrobotics2425laptop14/Desktop/project/team3/team3-project/install/package_with_interfaces/lib/python3.10/site-packages/package_with_interfaces-0.0.0-py3.10.egg-info/top_level.txt
-- Installing: /home/mscrobotics2425laptop14/Desktop/project/team3/team3-project/install/package_with_interfaces/lib/python3.10/site-packages/package_with_interfaces-0.0.0-py3.10.egg-info/SOURCES.txt
-- Installing: /home/mscrobotics2425laptop14/Desktop/project/team3/team3-project/install/package_with_interfaces/lib/python3.10/site-packages/package_with_interfaces-0.0.0-py3.10.egg-info/dependency_links.txt
-- Installing: /home/mscrobotics2425laptop14/Desktop/project/team3/team3-project/install/package_with_interfaces/lib/python3.10/site-packages/package_with_interfaces
-- Installing: /home/mscrobotics2425laptop14/Desktop/project/team3/team3-project/install/package_with_interfaces/lib/python3.10/site-packages/package_with_interfaces/msg
-- Installing: /home/mscrobotics2425laptop14/Desktop/project/team3/team3-project/install/package_with_interfaces/lib/python3.10/site-packages/package_with_interfaces/msg/__init__.py
-- Installing: /home/mscrobotics2425laptop14/Desktop/project/team3/team3-project/install/package_with_interfaces/lib/python3.10/site-packages/package_with_interfaces/msg/_target_block.py
-- Installing: /home/mscrobotics2425laptop14/Desktop/project/team3/team3-project/install/package_with_interfaces/lib/python3.10/site-packages/package_with_interfaces/msg/_target_block_s.c
-- Installing: /home/mscrobotics2425laptop14/Desktop/project/team3/team3-project/install/package_with_interfaces/lib/python3.10/site-packages/package_with_interfaces/package_with_interfaces_s__rosidl_typesupport_introspection_c.cpython-310-x86_64-linux-gnu.so
-- Installing: /home/mscrobotics2425laptop14/Desktop/project/team3/team3-project/install/package_with_interfaces/lib/python3.10/site-packages/package_with_interfaces/_package_with_interfaces_s.ep.rosidl_typesupport_introspection_c.c
-- Installing: /home/mscrobotics2425laptop14/Desktop/project/team3/team3-project/install/package_with_interfaces/lib/python3.10/site-packages/package_with_interfaces/_package_with_interfaces_s.ep.rosidl_typesupport_fastrtps_c.c
-- Installing: /home/mscrobotics2425laptop14/Desktop/project/team3/team3-project/install/package_with_interfaces/lib/python3.10/site-packages/package_with_interfaces/package_with_interfaces_s__rosidl_typesupport_c.cpython-310-x86_64-linux-gnu.so
-- Installing: /home/mscrobotics2425laptop14/Desktop/project/team3/team3-project/install/package_with_interfaces/lib/python3.10/site-packages/package_with_interfaces/libpackage_with_interfaces__rosidl_generator_py.so
-- Installing: /home/mscrobotics2425laptop14/Desktop/project/team3/team3-project/install/package_with_interfaces/lib/python3.10/site-packages/package_with_interfaces/_package_with_interfaces_s.ep.rosidl_typesupport_c.c
-- Installing: /home/mscrobotics2425laptop14/Desktop/project/team3/team3-project/install/package_with_interfaces/lib/python3.10/site-packages/package_with_interfaces/package_with_interfaces_s__rosidl_typesupport_fastrtps_c.cpython-310-x86_64-linux-gnu.so
-- Installing: /home/mscrobotics2425laptop14/Desktop/project/team3/team3-project/install/package_with_interfaces/lib/python3.10/site-packages/package_with_interfaces/__init__.py
Listing '/home/mscrobotics2425laptop14/Desktop/project/team3/team3-project/install/package_with_interfaces/lib/python3.10/site-packages/package_with_interfaces'...
Compiling '/home/mscrobotics2425laptop14/Desktop/project/team3/team3-project/install/package_with_interfaces/lib/python3.10/site-packages/package_with_interfaces/__init__.py'...
Listing '/home/mscrobotics2425laptop14/Desktop/project/team3/team3-project/install/package_with_interfaces/lib/python3.10/site-packages/package_with_interfaces/msg'...
Compiling '/home/mscrobotics2425laptop14/Desktop/project/team3/team3-project/install/package_with_interfaces/lib/python3.10/site-packages/package_with_interfaces/msg/__init__.py'...
Compiling '/home/mscrobotics2425laptop14/Desktop/project/team3/team3-project/install/package_with_interfaces/lib/python3.10/site-packages/package_with_interfaces/msg/_target_block.py'...
-- Installing: /home/mscrobotics2425laptop14/Desktop/project/team3/team3-project/install/package_with_interfaces/lib/python3.10/site-packages/package_with_interfaces/package_with_interfaces_s__rosidl_typesupport_fastrtps_c.cpython-310-x86_64-linux-gnu.so
-- Set runtime path of "/home/mscrobotics2425laptop14/Desktop/project/team3/team3-project/install/package_with_interfaces/lib/python3.10/site-packages/package_with_interfaces/package_with_interfaces_s__rosidl_typesupport_fastrtps_c.cpython-310-x86_64-linux-gnu.so" to ""
-- Installing: /home/mscrobotics2425laptop14/Desktop/project/team3/team3-project/install/package_with_interfaces/lib/python3.10/site-packages/package_with_interfaces/package_with_interfaces_s__rosidl_typesupport_introspection_c.cpython-310-x86_64-linux-gnu.so
-- Set runtime path of "/home/mscrobotics2425laptop14/Desktop/project/team3/team3-project/install/package_with_interfaces/lib/python3.10/site-packages/package_with_interfaces/package_with_interfaces_s__rosidl_typesupport_introspection_c.cpython-310-x86_64-linux-gnu.so" to ""
-- Installing: /home/mscrobotics2425laptop14/Desktop/project/team3/team3-project/install/package_with_interfaces/lib/python3.10/site-packages/package_with_interfaces/package_with_interfaces_s__rosidl_typesupport_c.cpython-310-x86_64-linux-gnu.so
-- Set runtime path of "/home/mscrobotics2425laptop14/Desktop/project/team3/team3-project/install/package_with_interfaces/lib/python3.10/site-packages/package_with_interfaces/package_with_interfaces_s__rosidl_typesupport_c.cpython-310-x86_64-linux-gnu.so" to ""
-- Installing: /home/mscrobotics2425laptop14/Desktop/project/team3/team3-project/install/package_with_interfaces/lib/libpackage_with_interfaces__rosidl_generator_py.so
-- Set runtime path of "/home/mscrobotics2425laptop14/Desktop/project/team3/team3-project/install/package_with_interfaces/lib/libpackage_with_interfaces__rosidl_generator_py.so" to ""
-- Installing: /home/mscrobotics2425laptop14/Desktop/project/team3/team3-project/install/package_with_interfaces/share/package_with_interfaces/msg/TargetBlock.idl
-- Installing: /home/mscrobotics2425laptop14/Desktop/project/team3/team3-project/install/package_with_interfaces/share/package_with_interfaces/msg/TargetBlock.msg
-- Installing: /home/mscrobotics2425laptop14/Desktop/project/team3/team3-project/install/package_with_interfaces/share/ament_index/resource_index/package_run_dependencies/package_with_interfaces
-- Installing: /home/mscrobotics2425laptop14/Desktop/project/team3/team3-project/install/package_with_interfaces/share/ament_index/resource_index/parent_prefix_path/package_with_interfaces
-- Installing: /home/mscrobotics2425laptop14/Desktop/project/team3/team3-project/install/package_with_interfaces/share/package_with_interfaces/environment/ament_prefix_path.sh
-- Installing: /home/mscrobotics2425laptop14/Desktop/project/team3/team3-project/install/package_with_interfaces/share/package_with_interfaces/environment/ament_prefix_path.dsv
-- Installing: /home/mscrobotics2425laptop14/Desktop/project/team3/team3-project/install/package_with_interfaces/share/package_with_interfaces/environment/path.sh
-- Installing: /home/mscrobotics2425laptop14/Desktop/project/team3/team3-project/install/package_with_interfaces/share/package_with_interfaces/environment/path.dsv
-- Installing: /home/mscrobotics2425laptop14/Desktop/project/team3/team3-project/install/package_with_interfaces/share/package_with_interfaces/local_setup.bash
-- Installing: /home/mscrobotics2425laptop14/Desktop/project/team3/team3-project/install/package_with_interfaces/share/package_with_interfaces/local_setup.sh
-- Installing: /home/mscrobotics2425laptop14/Desktop/project/team3/team3-project/install/package_with_interfaces/share/package_with_interfaces/local_setup.zsh
-- Installing: /home/mscrobotics2425laptop14/Desktop/project/team3/team3-project/install/package_with_interfaces/share/package_with_interfaces/local_setup.dsv
-- Up-to-date: /home/mscrobotics2425laptop14/Desktop/project/team3/team3-project/install/package_with_interfaces/share/package_with_interfaces/package.dsv
-- Installing: /home/mscrobotics2425laptop14/Desktop/project/team3/team3-project/install/package_with_interfaces/share/ament_index/resource_index/packages/package_with_interfaces
-- Installing: /home/mscrobotics2425laptop14/Desktop/project/team3/team3-project/install/package_with_interfaces/share/package_with_interfaces/cmake/export_package_with_interfaces__rosidl_generator_cExport.cmake
-- Installing: /home/mscrobotics2425laptop14/Desktop/project/team3/team3-project/install/package_with_interfaces/share/package_with_interfaces/cmake/export_package_with_interfaces__rosidl_generator_cExport-noconfig.cmake
-- Installing: /home/mscrobotics2425laptop14/Desktop/project/team3/team3-project/install/package_with_interfaces/share/package_with_interfaces/cmake/export_package_with_interfaces__rosidl_typesupport_fastrtps_cExport.cmake
-- Installing: /home/mscrobotics2425laptop14/Desktop/project/team3/team3-project/install/package_with_interfaces/share/package_with_interfaces/cmake/export_package_with_interfaces__rosidl_typesupport_fastrtps_cExport-noconfig.cmake
-- Installing: /home/mscrobotics2425laptop14/Desktop/project/team3/team3-project/install/package_with_interfaces/share/package_with_interfaces/cmake/export_package_with_interfaces__rosidl_generator_cppExport.cmake
-- Installing: /home/mscrobotics2425laptop14/Desktop/project/team3/team3-project/install/package_with_interfaces/share/package_with_interfaces/cmake/export_package_with_interfaces__rosidl_typesupport_fastrtps_cppExport.cmake
-- Installing: /home/mscrobotics2425laptop14/Desktop/project/team3/team3-project/install/package_with_interfaces/share/package_with_interfaces/cmake/export_package_with_interfaces__rosidl_typesupport_fastrtps_cppExport-noconfig.cmake
-- Installing: /home/mscrobotics2425laptop14/Desktop/project/team3/team3-project/install/package_with_interfaces/share/package_with_interfaces/cmake/package_with_interfaces__rosidl_typesupport_introspection_cExport.cmake
-- Installing: /home/mscrobotics2425laptop14/Desktop/project/team3/team3-project/install/package_with_interfaces/share/package_with_interfaces/cmake/package_with_interfaces__rosidl_typesupport_introspection_cExport-noconfig.cmake
-- Installing: /home/mscrobotics2425laptop14/Desktop/project/team3/team3-project/install/package_with_interfaces/share/package_with_interfaces/cmake/package_with_interfaces__rosidl_typesupport_cExport.cmake
-- Installing: /home/mscrobotics2425laptop14/Desktop/project/team3/team3-project/install/package_with_interfaces/share/package_with_interfaces/cmake/package_with_interfaces__rosidl_typesupport_cExport-noconfig.cmake
-- Installing: /home/mscrobotics2425laptop14/Desktop/project/team3/team3-project/install/package_with_interfaces/share/package_with_interfaces/cmake/package_with_interfaces__rosidl_typesupport_introspection_cppExport.cmake
-- Installing: /home/mscrobotics2425laptop14/Desktop/project/team3/team3-project/install/package_with_interfaces/share/package_with_interfaces/cmake/package_with_interfaces__rosidl_typesupport_introspection_cppExport-noconfig.cmake
-- Installing: /home/mscrobotics2425laptop14/Desktop/project/team3/team3-project/install/package_with_interfaces/share/package_with_interfaces/cmake/package_with_interfaces__rosidl_typesupport_cppExport.cmake
-- Installing: /home/mscrobotics2425laptop14/Desktop/project/team3/team3-project/install/package_with_interfaces/share/package_with_interfaces/cmake/package_with_interfaces__rosidl_typesupport_cppExport-noconfig.cmake
-- Installing: /home/mscrobotics2425laptop14/Desktop/project/team3/team3-project/install/package_with_interfaces/share/package_with_interfaces/cmake/export_package_with_interfaces__rosidl_generator_pyExport.cmake
-- Installing: /home/mscrobotics2425laptop14/Desktop/project/team3/team3-project/install/package_with_interfaces/share/package_with_interfaces/cmake/export_package_with_interfaces__rosidl_generator_pyExport-noconfig.cmake
-- Installing: /home/mscrobotics2425laptop14/Desktop/project/team3/team3-project/install/package_with_interfaces/share/package_with_interfaces/cmake/rosidl_cmake-extras.cmake
-- Installing: /home/mscrobotics2425laptop14/Desktop/project/team3/team3-project/install/package_with_interfaces/share/package_with_interfaces/cmake/ament_cmake_export_dependencies-extras.cmake
-- Installing: /home/mscrobotics2425laptop14/Desktop/project/team3/team3-project/install/package_with_interfaces/share/package_with_interfaces/cmake/ament_cmake_export_include_directories-extras.cmake
-- Installing: /home/mscrobotics2425laptop14/Desktop/project/team3/team3-project/install/package_with_interfaces/share/package_with_interfaces/cmake/ament_cmake_export_libraries-extras.cmake
-- Installing: /home/mscrobotics2425laptop14/Desktop/project/team3/team3-project/install/package_with_interfaces/share/package_with_interfaces/cmake/ament_cmake_export_targets-extras.cmake
-- Installing: /home/mscrobotics2425laptop14/Desktop/project/team3/team3-project/install/package_with_interfaces/share/package_with_interfaces/cmake/rosidl_cmake_export_typesupport_targets-extras.cmake
-- Installing: /home/mscrobotics2425laptop14/Desktop/project/team3/team3-project/install/package_with_interfaces/share/package_with_interfaces/cmake/rosidl_cmake_export_typesupport_libraries-extras.cmake
-- Installing: /home/mscrobotics2425laptop14/Desktop/project/team3/team3-project/install/package_with_interfaces/share/package_with_interfaces/cmake/package_with_interfacesConfig.cmake
-- Installing: /home/mscrobotics2425laptop14/Desktop/project/team3/team3-project/install/package_with_interfaces/share/package_with_interfaces/cmake/package_with_interfacesConfig-version.cmake
-- Installing: /home/mscrobotics2425laptop14/Desktop/project/team3/team3-project/install/package_with_interfaces/share/package_with_interfaces/package.xml
