[2.842s] Invoking command in '/home/mscrobotics2425laptop14/Desktop/project/team3/team3-project/build/package_with_interfaces': CMAKE_PREFIX_PATH=${CMAKE_PREFIX_PATH}:/home/mscrobotics2425laptop14/Desktop/project/team3/team3-project/install/robotic_arm:/home/mscrobotics2425laptop14/Desktop/project/team3/team3-project/install/nuc:/home/mscrobotics2425laptop14/Desktop/project/team3/team3-project/install/navigation:/home/mscrobotics2425laptop14/Desktop/project/team3/team3-project/install/map:/home/mscrobotics2425laptop14/Desktop/project/team3/team3-project/install/lidar:/home/mscrobotics2425laptop14/Desktop/project/team3/team3-project/install/leo_rover:/home/mscrobotics2425laptop14/Desktop/project/team3/team3-project/install/imu:/home/mscrobotics2425laptop14/Desktop/project/team3/team3-project/install/data_integration:/home/mscrobotics2425laptop14/Desktop/project/team3/team3-project/install/controller_server:/home/mscrobotics2425laptop14/Desktop/project/team3/team3-project/install/camera:/opt/ros/humble CONDA_PROMPT_MODIFIER=(ros2) /usr/bin/cmake --build /home/mscrobotics2425laptop14/Desktop/project/team3/team3-project/build/package_with_interfaces -- -j12 -l12
[2.889s] [  3%] [34m[1mGenerating C code for ROS interfaces[0m
[2.906s] [  6%] [34m[1mGenerating C++ code for ROS interfaces[0m
[2.920s] [  6%] Built target ament_cmake_python_copy_package_with_interfaces
[3.216s] [  9%] [32mBuilding C object CMakeFiles/package_with_interfaces__rosidl_generator_c.dir/rosidl_generator_c/package_with_interfaces/msg/detail/target_block__functions.c.o[0m
[3.289s] [  9%] Built target package_with_interfaces__cpp
[3.303s] [ 12%] [34m[1mGenerating C++ introspection for ROS interfaces[0m
[3.306s] [ 19%] [34m[1mGenerating C++ type support dispatch for ROS interfaces[0m
[3.307s] [ 19%] [34m[1mGenerating C++ type support for eProsima Fast-RTPS[0m
[3.325s] running egg_info
[3.345s] [ 22%] [32m[1mLinking C shared library libpackage_with_interfaces__rosidl_generator_c.so[0m
[3.387s] writing package_with_interfaces.egg-info/PKG-INFO
[3.391s] writing dependency_links to package_with_interfaces.egg-info/dependency_links.txt
[3.391s] writing top-level names to package_with_interfaces.egg-info/top_level.txt
[3.517s] [ 22%] Built target package_with_interfaces__rosidl_generator_c
[3.559s] [ 25%] [34m[1mGenerating C type support for eProsima Fast-RTPS[0m
[3.566s] [ 29%] [34m[1mGenerating C introspection for ROS interfaces[0m
[3.607s] [ 32%] [34m[1mGenerating C type support dispatch for ROS interfaces[0m
[3.617s] reading manifest file 'package_with_interfaces.egg-info/SOURCES.txt'
[3.627s] writing manifest file 'package_with_interfaces.egg-info/SOURCES.txt'
[3.805s] [ 32%] Built target ament_cmake_python_build_package_with_interfaces_egg
[4.327s] [ 35%] [32mBuilding CXX object CMakeFiles/package_with_interfaces__rosidl_typesupport_cpp.dir/rosidl_typesupport_cpp/package_with_interfaces/msg/target_block__type_support.cpp.o[0m
[4.491s] [ 38%] [32mBuilding CXX object CMakeFiles/package_with_interfaces__rosidl_typesupport_fastrtps_cpp.dir/rosidl_typesupport_fastrtps_cpp/package_with_interfaces/msg/detail/dds_fastrtps/target_block__type_support.cpp.o[0m
[4.740s] [ 41%] [32mBuilding CXX object CMakeFiles/package_with_interfaces__rosidl_typesupport_introspection_cpp.dir/rosidl_typesupport_introspection_cpp/package_with_interfaces/msg/detail/target_block__type_support.cpp.o[0m
[5.165s] [ 45%] [32mBuilding C object CMakeFiles/package_with_interfaces__rosidl_typesupport_introspection_c.dir/rosidl_typesupport_introspection_c/package_with_interfaces/msg/detail/target_block__type_support.c.o[0m
[5.196s] [ 48%] [32mBuilding CXX object CMakeFiles/package_with_interfaces__rosidl_typesupport_c.dir/rosidl_typesupport_c/package_with_interfaces/msg/target_block__type_support.cpp.o[0m
[5.348s] [ 51%] [32m[1mLinking CXX shared library libpackage_with_interfaces__rosidl_typesupport_c.so[0m
[5.410s] [ 54%] [32mBuilding CXX object CMakeFiles/package_with_interfaces__rosidl_typesupport_fastrtps_c.dir/rosidl_typesupport_fastrtps_c/package_with_interfaces/msg/detail/target_block__type_support_c.cpp.o[0m
[5.454s] [ 58%] [32m[1mLinking C shared library libpackage_with_interfaces__rosidl_typesupport_introspection_c.so[0m
[5.633s] [ 58%] Built target package_with_interfaces__rosidl_typesupport_introspection_c
[5.660s] [ 58%] Built target package_with_interfaces__rosidl_typesupport_c
[6.126s] [ 61%] [32m[1mLinking CXX shared library libpackage_with_interfaces__rosidl_typesupport_cpp.so[0m
[6.396s] [ 61%] Built target package_with_interfaces__rosidl_typesupport_cpp
[6.713s] [ 64%] [32m[1mLinking CXX shared library libpackage_with_interfaces__rosidl_typesupport_fastrtps_cpp.so[0m
[6.825s] [ 67%] [32m[1mLinking CXX shared library libpackage_with_interfaces__rosidl_typesupport_introspection_cpp.so[0m
[6.950s] [ 67%] Built target package_with_interfaces__rosidl_typesupport_fastrtps_cpp
[6.995s] [ 67%] Built target package_with_interfaces__rosidl_typesupport_introspection_cpp
[7.086s] [ 70%] [32m[1mLinking CXX shared library libpackage_with_interfaces__rosidl_typesupport_fastrtps_c.so[0m
[7.266s] [ 70%] Built target package_with_interfaces__rosidl_typesupport_fastrtps_c
[7.304s] [ 70%] Built target package_with_interfaces
[7.344s] [ 74%] [34m[1mGenerating Python code for ROS interfaces[0m
[7.794s] [ 74%] Built target package_with_interfaces__py
[7.825s] [ 77%] [32mBuilding C object CMakeFiles/package_with_interfaces__rosidl_generator_py.dir/rosidl_generator_py/package_with_interfaces/msg/_target_block_s.c.o[0m
[8.009s] [ 80%] [32m[1mLinking C shared library rosidl_generator_py/package_with_interfaces/libpackage_with_interfaces__rosidl_generator_py.so[0m
[8.074s] [ 80%] Built target package_with_interfaces__rosidl_generator_py
[8.110s] [ 83%] [32mBuilding C object CMakeFiles/package_with_interfaces__rosidl_typesupport_fastrtps_c__pyext.dir/rosidl_generator_py/package_with_interfaces/_package_with_interfaces_s.ep.rosidl_typesupport_fastrtps_c.c.o[0m
[8.110s] [ 90%] [32mBuilding C object CMakeFiles/package_with_interfaces__rosidl_typesupport_c__pyext.dir/rosidl_generator_py/package_with_interfaces/_package_with_interfaces_s.ep.rosidl_typesupport_c.c.o[0m
[8.111s] [ 90%] [32mBuilding C object CMakeFiles/package_with_interfaces__rosidl_typesupport_introspection_c__pyext.dir/rosidl_generator_py/package_with_interfaces/_package_with_interfaces_s.ep.rosidl_typesupport_introspection_c.c.o[0m
[8.273s] [ 93%] [32m[1mLinking C shared library rosidl_generator_py/package_with_interfaces/package_with_interfaces_s__rosidl_typesupport_fastrtps_c.cpython-310-x86_64-linux-gnu.so[0m
[8.281s] [ 96%] [32m[1mLinking C shared library rosidl_generator_py/package_with_interfaces/package_with_interfaces_s__rosidl_typesupport_introspection_c.cpython-310-x86_64-linux-gnu.so[0m
[8.289s] [100%] [32m[1mLinking C shared library rosidl_generator_py/package_with_interfaces/package_with_interfaces_s__rosidl_typesupport_c.cpython-310-x86_64-linux-gnu.so[0m
[8.345s] [100%] Built target package_with_interfaces__rosidl_typesupport_fastrtps_c__pyext
[8.347s] [100%] Built target package_with_interfaces__rosidl_typesupport_introspection_c__pyext
[8.358s] [100%] Built target package_with_interfaces__rosidl_typesupport_c__pyext
[8.373s] Invoked command in '/home/mscrobotics2425laptop14/Desktop/project/team3/team3-project/build/package_with_interfaces' returned '0': CMAKE_PREFIX_PATH=${CMAKE_PREFIX_PATH}:/home/mscrobotics2425laptop14/Desktop/project/team3/team3-project/install/robotic_arm:/home/mscrobotics2425laptop14/Desktop/project/team3/team3-project/install/nuc:/home/mscrobotics2425laptop14/Desktop/project/team3/team3-project/install/navigation:/home/mscrobotics2425laptop14/Desktop/project/team3/team3-project/install/map:/home/mscrobotics2425laptop14/Desktop/project/team3/team3-project/install/lidar:/home/mscrobotics2425laptop14/Desktop/project/team3/team3-project/install/leo_rover:/home/mscrobotics2425laptop14/Desktop/project/team3/team3-project/install/imu:/home/mscrobotics2425laptop14/Desktop/project/team3/team3-project/install/data_integration:/home/mscrobotics2425laptop14/Desktop/project/team3/team3-project/install/controller_server:/home/mscrobotics2425laptop14/Desktop/project/team3/team3-project/install/camera:/opt/ros/humble CONDA_PROMPT_MODIFIER=(ros2) /usr/bin/cmake --build /home/mscrobotics2425laptop14/Desktop/project/team3/team3-project/build/package_with_interfaces -- -j12 -l12
[8.471s] Invoking command in '/home/mscrobotics2425laptop14/Desktop/project/team3/team3-project/build/package_with_interfaces': CMAKE_PREFIX_PATH=${CMAKE_PREFIX_PATH}:/home/mscrobotics2425laptop14/Desktop/project/team3/team3-project/install/robotic_arm:/home/mscrobotics2425laptop14/Desktop/project/team3/team3-project/install/nuc:/home/mscrobotics2425laptop14/Desktop/project/team3/team3-project/install/navigation:/home/mscrobotics2425laptop14/Desktop/project/team3/team3-project/install/map:/home/mscrobotics2425laptop14/Desktop/project/team3/team3-project/install/lidar:/home/mscrobotics2425laptop14/Desktop/project/team3/team3-project/install/leo_rover:/home/mscrobotics2425laptop14/Desktop/project/team3/team3-project/install/imu:/home/mscrobotics2425laptop14/Desktop/project/team3/team3-project/install/data_integration:/home/mscrobotics2425laptop14/Desktop/project/team3/team3-project/install/controller_server:/home/mscrobotics2425laptop14/Desktop/project/team3/team3-project/install/camera:/opt/ros/humble CONDA_PROMPT_MODIFIER=(ros2) /usr/bin/cmake --install /home/mscrobotics2425laptop14/Desktop/project/team3/team3-project/build/package_with_interfaces
[8.484s] -- Install configuration: ""
[8.484s] -- Installing: /home/mscrobotics2425laptop14/Desktop/project/team3/team3-project/install/package_with_interfaces/share/ament_index/resource_index/rosidl_interfaces/package_with_interfaces
[8.484s] -- Installing: /home/mscrobotics2425laptop14/Desktop/project/team3/team3-project/install/package_with_interfaces/include/package_with_interfaces/package_with_interfaces
[8.485s] -- Installing: /home/mscrobotics2425laptop14/Desktop/project/team3/team3-project/install/package_with_interfaces/include/package_with_interfaces/package_with_interfaces/msg
[8.485s] -- Installing: /home/mscrobotics2425laptop14/Desktop/project/team3/team3-project/install/package_with_interfaces/include/package_with_interfaces/package_with_interfaces/msg/target_block.h
[8.485s] -- Installing: /home/mscrobotics2425laptop14/Desktop/project/team3/team3-project/install/package_with_interfaces/include/package_with_interfaces/package_with_interfaces/msg/detail
[8.485s] -- Installing: /home/mscrobotics2425laptop14/Desktop/project/team3/team3-project/install/package_with_interfaces/include/package_with_interfaces/package_with_interfaces/msg/detail/target_block__functions.c
[8.485s] -- Installing: /home/mscrobotics2425laptop14/Desktop/project/team3/team3-project/install/package_with_interfaces/include/package_with_interfaces/package_with_interfaces/msg/detail/target_block__struct.h
[8.486s] -- Installing: /home/mscrobotics2425laptop14/Desktop/project/team3/team3-project/install/package_with_interfaces/include/package_with_interfaces/package_with_interfaces/msg/detail/target_block__type_support.h
[8.486s] -- Installing: /home/mscrobotics2425laptop14/Desktop/project/team3/team3-project/install/package_with_interfaces/include/package_with_interfaces/package_with_interfaces/msg/detail/target_block__functions.h
[8.486s] -- Installing: /home/mscrobotics2425laptop14/Desktop/project/team3/team3-project/install/package_with_interfaces/include/package_with_interfaces/package_with_interfaces/msg/rosidl_generator_c__visibility_control.h
[8.486s] -- Installing: /home/mscrobotics2425laptop14/Desktop/project/team3/team3-project/install/package_with_interfaces/share/package_with_interfaces/environment/library_path.sh
[8.486s] -- Installing: /home/mscrobotics2425laptop14/Desktop/project/team3/team3-project/install/package_with_interfaces/share/package_with_interfaces/environment/library_path.dsv
[8.487s] -- Installing: /home/mscrobotics2425laptop14/Desktop/project/team3/team3-project/install/package_with_interfaces/lib/libpackage_with_interfaces__rosidl_generator_c.so
[8.488s] -- Set runtime path of "/home/mscrobotics2425laptop14/Desktop/project/team3/team3-project/install/package_with_interfaces/lib/libpackage_with_interfaces__rosidl_generator_c.so" to ""
[8.488s] -- Up-to-date: /home/mscrobotics2425laptop14/Desktop/project/team3/team3-project/install/package_with_interfaces/include/package_with_interfaces/package_with_interfaces
[8.488s] -- Up-to-date: /home/mscrobotics2425laptop14/Desktop/project/team3/team3-project/install/package_with_interfaces/include/package_with_interfaces/package_with_interfaces/msg
[8.488s] -- Installing: /home/mscrobotics2425laptop14/Desktop/project/team3/team3-project/install/package_with_interfaces/include/package_with_interfaces/package_with_interfaces/msg/rosidl_typesupport_fastrtps_c__visibility_control.h
[8.488s] -- Up-to-date: /home/mscrobotics2425laptop14/Desktop/project/team3/team3-project/install/package_with_interfaces/include/package_with_interfaces/package_with_interfaces/msg/detail
[8.488s] -- Installing: /home/mscrobotics2425laptop14/Desktop/project/team3/team3-project/install/package_with_interfaces/include/package_with_interfaces/package_with_interfaces/msg/detail/target_block__rosidl_typesupport_fastrtps_c.h
[8.488s] -- Installing: /home/mscrobotics2425laptop14/Desktop/project/team3/team3-project/install/package_with_interfaces/lib/libpackage_with_interfaces__rosidl_typesupport_fastrtps_c.so
[8.489s] -- Set runtime path of "/home/mscrobotics2425laptop14/Desktop/project/team3/team3-project/install/package_with_interfaces/lib/libpackage_with_interfaces__rosidl_typesupport_fastrtps_c.so" to ""
[8.489s] -- Up-to-date: /home/mscrobotics2425laptop14/Desktop/project/team3/team3-project/install/package_with_interfaces/include/package_with_interfaces/package_with_interfaces
[8.489s] -- Up-to-date: /home/mscrobotics2425laptop14/Desktop/project/team3/team3-project/install/package_with_interfaces/include/package_with_interfaces/package_with_interfaces/msg
[8.489s] -- Up-to-date: /home/mscrobotics2425laptop14/Desktop/project/team3/team3-project/install/package_with_interfaces/include/package_with_interfaces/package_with_interfaces/msg/detail
[8.489s] -- Installing: /home/mscrobotics2425laptop14/Desktop/project/team3/team3-project/install/package_with_interfaces/include/package_with_interfaces/package_with_interfaces/msg/detail/target_block__struct.hpp
[8.489s] -- Installing: /home/mscrobotics2425laptop14/Desktop/project/team3/team3-project/install/package_with_interfaces/include/package_with_interfaces/package_with_interfaces/msg/detail/target_block__traits.hpp
[8.489s] -- Installing: /home/mscrobotics2425laptop14/Desktop/project/team3/team3-project/install/package_with_interfaces/include/package_with_interfaces/package_with_interfaces/msg/detail/target_block__builder.hpp
[8.490s] -- Installing: /home/mscrobotics2425laptop14/Desktop/project/team3/team3-project/install/package_with_interfaces/include/package_with_interfaces/package_with_interfaces/msg/target_block.hpp
[8.490s] -- Up-to-date: /home/mscrobotics2425laptop14/Desktop/project/team3/team3-project/install/package_with_interfaces/include/package_with_interfaces/package_with_interfaces
[8.490s] -- Up-to-date: /home/mscrobotics2425laptop14/Desktop/project/team3/team3-project/install/package_with_interfaces/include/package_with_interfaces/package_with_interfaces/msg
[8.490s] -- Installing: /home/mscrobotics2425laptop14/Desktop/project/team3/team3-project/install/package_with_interfaces/include/package_with_interfaces/package_with_interfaces/msg/rosidl_typesupport_fastrtps_cpp__visibility_control.h
[8.490s] -- Up-to-date: /home/mscrobotics2425laptop14/Desktop/project/team3/team3-project/install/package_with_interfaces/include/package_with_interfaces/package_with_interfaces/msg/detail
[8.490s] -- Installing: /home/mscrobotics2425laptop14/Desktop/project/team3/team3-project/install/package_with_interfaces/include/package_with_interfaces/package_with_interfaces/msg/detail/dds_fastrtps
[8.490s] -- Installing: /home/mscrobotics2425laptop14/Desktop/project/team3/team3-project/install/package_with_interfaces/include/package_with_interfaces/package_with_interfaces/msg/detail/target_block__rosidl_typesupport_fastrtps_cpp.hpp
[8.490s] -- Installing: /home/mscrobotics2425laptop14/Desktop/project/team3/team3-project/install/package_with_interfaces/lib/libpackage_with_interfaces__rosidl_typesupport_fastrtps_cpp.so
[8.491s] -- Set runtime path of "/home/mscrobotics2425laptop14/Desktop/project/team3/team3-project/install/package_with_interfaces/lib/libpackage_with_interfaces__rosidl_typesupport_fastrtps_cpp.so" to ""
[8.491s] -- Up-to-date: /home/mscrobotics2425laptop14/Desktop/project/team3/team3-project/install/package_with_interfaces/include/package_with_interfaces/package_with_interfaces
[8.491s] -- Up-to-date: /home/mscrobotics2425laptop14/Desktop/project/team3/team3-project/install/package_with_interfaces/include/package_with_interfaces/package_with_interfaces/msg
[8.491s] -- Installing: /home/mscrobotics2425laptop14/Desktop/project/team3/team3-project/install/package_with_interfaces/include/package_with_interfaces/package_with_interfaces/msg/rosidl_typesupport_introspection_c__visibility_control.h
[8.491s] -- Up-to-date: /home/mscrobotics2425laptop14/Desktop/project/team3/team3-project/install/package_with_interfaces/include/package_with_interfaces/package_with_interfaces/msg/detail
[8.492s] -- Installing: /home/mscrobotics2425laptop14/Desktop/project/team3/team3-project/install/package_with_interfaces/include/package_with_interfaces/package_with_interfaces/msg/detail/target_block__rosidl_typesupport_introspection_c.h
[8.492s] -- Installing: /home/mscrobotics2425laptop14/Desktop/project/team3/team3-project/install/package_with_interfaces/include/package_with_interfaces/package_with_interfaces/msg/detail/target_block__type_support.c
[8.492s] -- Installing: /home/mscrobotics2425laptop14/Desktop/project/team3/team3-project/install/package_with_interfaces/lib/libpackage_with_interfaces__rosidl_typesupport_introspection_c.so
[8.492s] -- Set runtime path of "/home/mscrobotics2425laptop14/Desktop/project/team3/team3-project/install/package_with_interfaces/lib/libpackage_with_interfaces__rosidl_typesupport_introspection_c.so" to ""
[8.492s] -- Installing: /home/mscrobotics2425laptop14/Desktop/project/team3/team3-project/install/package_with_interfaces/lib/libpackage_with_interfaces__rosidl_typesupport_c.so
[8.493s] -- Set runtime path of "/home/mscrobotics2425laptop14/Desktop/project/team3/team3-project/install/package_with_interfaces/lib/libpackage_with_interfaces__rosidl_typesupport_c.so" to ""
[8.493s] -- Up-to-date: /home/mscrobotics2425laptop14/Desktop/project/team3/team3-project/install/package_with_interfaces/include/package_with_interfaces/package_with_interfaces
[8.493s] -- Up-to-date: /home/mscrobotics2425laptop14/Desktop/project/team3/team3-project/install/package_with_interfaces/include/package_with_interfaces/package_with_interfaces/msg
[8.493s] -- Up-to-date: /home/mscrobotics2425laptop14/Desktop/project/team3/team3-project/install/package_with_interfaces/include/package_with_interfaces/package_with_interfaces/msg/detail
[8.493s] -- Installing: /home/mscrobotics2425laptop14/Desktop/project/team3/team3-project/install/package_with_interfaces/include/package_with_interfaces/package_with_interfaces/msg/detail/target_block__type_support.cpp
[8.493s] -- Installing: /home/mscrobotics2425laptop14/Desktop/project/team3/team3-project/install/package_with_interfaces/include/package_with_interfaces/package_with_interfaces/msg/detail/target_block__rosidl_typesupport_introspection_cpp.hpp
[8.494s] -- Installing: /home/mscrobotics2425laptop14/Desktop/project/team3/team3-project/install/package_with_interfaces/lib/libpackage_with_interfaces__rosidl_typesupport_introspection_cpp.so
[8.495s] -- Set runtime path of "/home/mscrobotics2425laptop14/Desktop/project/team3/team3-project/install/package_with_interfaces/lib/libpackage_with_interfaces__rosidl_typesupport_introspection_cpp.so" to ""
[8.495s] -- Installing: /home/mscrobotics2425laptop14/Desktop/project/team3/team3-project/install/package_with_interfaces/lib/libpackage_with_interfaces__rosidl_typesupport_cpp.so
[8.497s] -- Set runtime path of "/home/mscrobotics2425laptop14/Desktop/project/team3/team3-project/install/package_with_interfaces/lib/libpackage_with_interfaces__rosidl_typesupport_cpp.so" to ""
[8.497s] -- Installing: /home/mscrobotics2425laptop14/Desktop/project/team3/team3-project/install/package_with_interfaces/share/package_with_interfaces/environment/pythonpath.sh
[8.498s] -- Installing: /home/mscrobotics2425laptop14/Desktop/project/team3/team3-project/install/package_with_interfaces/share/package_with_interfaces/environment/pythonpath.dsv
[8.498s] -- Installing: /home/mscrobotics2425laptop14/Desktop/project/team3/team3-project/install/package_with_interfaces/lib/python3.10/site-packages/package_with_interfaces-0.0.0-py3.10.egg-info
[8.498s] -- Installing: /home/mscrobotics2425laptop14/Desktop/project/team3/team3-project/install/package_with_interfaces/lib/python3.10/site-packages/package_with_interfaces-0.0.0-py3.10.egg-info/PKG-INFO
[8.498s] -- Installing: /home/mscrobotics2425laptop14/Desktop/project/team3/team3-project/install/package_with_interfaces/lib/python3.10/site-packages/package_with_interfaces-0.0.0-py3.10.egg-info/top_level.txt
[8.498s] -- Installing: /home/mscrobotics2425laptop14/Desktop/project/team3/team3-project/install/package_with_interfaces/lib/python3.10/site-packages/package_with_interfaces-0.0.0-py3.10.egg-info/SOURCES.txt
[8.499s] -- Installing: /home/mscrobotics2425laptop14/Desktop/project/team3/team3-project/install/package_with_interfaces/lib/python3.10/site-packages/package_with_interfaces-0.0.0-py3.10.egg-info/dependency_links.txt
[8.499s] -- Installing: /home/mscrobotics2425laptop14/Desktop/project/team3/team3-project/install/package_with_interfaces/lib/python3.10/site-packages/package_with_interfaces
[8.499s] -- Installing: /home/mscrobotics2425laptop14/Desktop/project/team3/team3-project/install/package_with_interfaces/lib/python3.10/site-packages/package_with_interfaces/msg
[8.499s] -- Installing: /home/mscrobotics2425laptop14/Desktop/project/team3/team3-project/install/package_with_interfaces/lib/python3.10/site-packages/package_with_interfaces/msg/__init__.py
[8.500s] -- Installing: /home/mscrobotics2425laptop14/Desktop/project/team3/team3-project/install/package_with_interfaces/lib/python3.10/site-packages/package_with_interfaces/msg/_target_block.py
[8.500s] -- Installing: /home/mscrobotics2425laptop14/Desktop/project/team3/team3-project/install/package_with_interfaces/lib/python3.10/site-packages/package_with_interfaces/msg/_target_block_s.c
[8.500s] -- Installing: /home/mscrobotics2425laptop14/Desktop/project/team3/team3-project/install/package_with_interfaces/lib/python3.10/site-packages/package_with_interfaces/package_with_interfaces_s__rosidl_typesupport_introspection_c.cpython-310-x86_64-linux-gnu.so
[8.500s] -- Installing: /home/mscrobotics2425laptop14/Desktop/project/team3/team3-project/install/package_with_interfaces/lib/python3.10/site-packages/package_with_interfaces/_package_with_interfaces_s.ep.rosidl_typesupport_introspection_c.c
[8.500s] -- Installing: /home/mscrobotics2425laptop14/Desktop/project/team3/team3-project/install/package_with_interfaces/lib/python3.10/site-packages/package_with_interfaces/_package_with_interfaces_s.ep.rosidl_typesupport_fastrtps_c.c
[8.500s] -- Installing: /home/mscrobotics2425laptop14/Desktop/project/team3/team3-project/install/package_with_interfaces/lib/python3.10/site-packages/package_with_interfaces/package_with_interfaces_s__rosidl_typesupport_c.cpython-310-x86_64-linux-gnu.so
[8.501s] -- Installing: /home/mscrobotics2425laptop14/Desktop/project/team3/team3-project/install/package_with_interfaces/lib/python3.10/site-packages/package_with_interfaces/libpackage_with_interfaces__rosidl_generator_py.so
[8.501s] -- Installing: /home/mscrobotics2425laptop14/Desktop/project/team3/team3-project/install/package_with_interfaces/lib/python3.10/site-packages/package_with_interfaces/_package_with_interfaces_s.ep.rosidl_typesupport_c.c
[8.501s] -- Installing: /home/mscrobotics2425laptop14/Desktop/project/team3/team3-project/install/package_with_interfaces/lib/python3.10/site-packages/package_with_interfaces/package_with_interfaces_s__rosidl_typesupport_fastrtps_c.cpython-310-x86_64-linux-gnu.so
[8.501s] -- Installing: /home/mscrobotics2425laptop14/Desktop/project/team3/team3-project/install/package_with_interfaces/lib/python3.10/site-packages/package_with_interfaces/__init__.py
[8.553s] Listing '/home/mscrobotics2425laptop14/Desktop/project/team3/team3-project/install/package_with_interfaces/lib/python3.10/site-packages/package_with_interfaces'...
[8.553s] Compiling '/home/mscrobotics2425laptop14/Desktop/project/team3/team3-project/install/package_with_interfaces/lib/python3.10/site-packages/package_with_interfaces/__init__.py'...
[8.553s] Listing '/home/mscrobotics2425laptop14/Desktop/project/team3/team3-project/install/package_with_interfaces/lib/python3.10/site-packages/package_with_interfaces/msg'...
[8.553s] Compiling '/home/mscrobotics2425laptop14/Desktop/project/team3/team3-project/install/package_with_interfaces/lib/python3.10/site-packages/package_with_interfaces/msg/__init__.py'...
[8.553s] Compiling '/home/mscrobotics2425laptop14/Desktop/project/team3/team3-project/install/package_with_interfaces/lib/python3.10/site-packages/package_with_interfaces/msg/_target_block.py'...
[8.561s] -- Installing: /home/mscrobotics2425laptop14/Desktop/project/team3/team3-project/install/package_with_interfaces/lib/python3.10/site-packages/package_with_interfaces/package_with_interfaces_s__rosidl_typesupport_fastrtps_c.cpython-310-x86_64-linux-gnu.so
[8.562s] -- Set runtime path of "/home/mscrobotics2425laptop14/Desktop/project/team3/team3-project/install/package_with_interfaces/lib/python3.10/site-packages/package_with_interfaces/package_with_interfaces_s__rosidl_typesupport_fastrtps_c.cpython-310-x86_64-linux-gnu.so" to ""
[8.562s] -- Installing: /home/mscrobotics2425laptop14/Desktop/project/team3/team3-project/install/package_with_interfaces/lib/python3.10/site-packages/package_with_interfaces/package_with_interfaces_s__rosidl_typesupport_introspection_c.cpython-310-x86_64-linux-gnu.so
[8.563s] -- Set runtime path of "/home/mscrobotics2425laptop14/Desktop/project/team3/team3-project/install/package_with_interfaces/lib/python3.10/site-packages/package_with_interfaces/package_with_interfaces_s__rosidl_typesupport_introspection_c.cpython-310-x86_64-linux-gnu.so" to ""
[8.563s] -- Installing: /home/mscrobotics2425laptop14/Desktop/project/team3/team3-project/install/package_with_interfaces/lib/python3.10/site-packages/package_with_interfaces/package_with_interfaces_s__rosidl_typesupport_c.cpython-310-x86_64-linux-gnu.so
[8.564s] -- Set runtime path of "/home/mscrobotics2425laptop14/Desktop/project/team3/team3-project/install/package_with_interfaces/lib/python3.10/site-packages/package_with_interfaces/package_with_interfaces_s__rosidl_typesupport_c.cpython-310-x86_64-linux-gnu.so" to ""
[8.564s] -- Installing: /home/mscrobotics2425laptop14/Desktop/project/team3/team3-project/install/package_with_interfaces/lib/libpackage_with_interfaces__rosidl_generator_py.so
[8.564s] -- Set runtime path of "/home/mscrobotics2425laptop14/Desktop/project/team3/team3-project/install/package_with_interfaces/lib/libpackage_with_interfaces__rosidl_generator_py.so" to ""
[8.564s] -- Installing: /home/mscrobotics2425laptop14/Desktop/project/team3/team3-project/install/package_with_interfaces/share/package_with_interfaces/msg/TargetBlock.idl
[8.565s] -- Installing: /home/mscrobotics2425laptop14/Desktop/project/team3/team3-project/install/package_with_interfaces/share/package_with_interfaces/msg/TargetBlock.msg
[8.565s] -- Installing: /home/mscrobotics2425laptop14/Desktop/project/team3/team3-project/install/package_with_interfaces/share/ament_index/resource_index/package_run_dependencies/package_with_interfaces
[8.566s] -- Installing: /home/mscrobotics2425laptop14/Desktop/project/team3/team3-project/install/package_with_interfaces/share/ament_index/resource_index/parent_prefix_path/package_with_interfaces
[8.566s] -- Installing: /home/mscrobotics2425laptop14/Desktop/project/team3/team3-project/install/package_with_interfaces/share/package_with_interfaces/environment/ament_prefix_path.sh
[8.567s] -- Installing: /home/mscrobotics2425laptop14/Desktop/project/team3/team3-project/install/package_with_interfaces/share/package_with_interfaces/environment/ament_prefix_path.dsv
[8.567s] -- Installing: /home/mscrobotics2425laptop14/Desktop/project/team3/team3-project/install/package_with_interfaces/share/package_with_interfaces/environment/path.sh
[8.567s] -- Installing: /home/mscrobotics2425laptop14/Desktop/project/team3/team3-project/install/package_with_interfaces/share/package_with_interfaces/environment/path.dsv
[8.568s] -- Installing: /home/mscrobotics2425laptop14/Desktop/project/team3/team3-project/install/package_with_interfaces/share/package_with_interfaces/local_setup.bash
[8.568s] -- Installing: /home/mscrobotics2425laptop14/Desktop/project/team3/team3-project/install/package_with_interfaces/share/package_with_interfaces/local_setup.sh
[8.568s] -- Installing: /home/mscrobotics2425laptop14/Desktop/project/team3/team3-project/install/package_with_interfaces/share/package_with_interfaces/local_setup.zsh
[8.569s] -- Installing: /home/mscrobotics2425laptop14/Desktop/project/team3/team3-project/install/package_with_interfaces/share/package_with_interfaces/local_setup.dsv
[8.569s] -- Up-to-date: /home/mscrobotics2425laptop14/Desktop/project/team3/team3-project/install/package_with_interfaces/share/package_with_interfaces/package.dsv
[8.569s] -- Installing: /home/mscrobotics2425laptop14/Desktop/project/team3/team3-project/install/package_with_interfaces/share/ament_index/resource_index/packages/package_with_interfaces
[8.569s] -- Installing: /home/mscrobotics2425laptop14/Desktop/project/team3/team3-project/install/package_with_interfaces/share/package_with_interfaces/cmake/export_package_with_interfaces__rosidl_generator_cExport.cmake
[8.570s] -- Installing: /home/mscrobotics2425laptop14/Desktop/project/team3/team3-project/install/package_with_interfaces/share/package_with_interfaces/cmake/export_package_with_interfaces__rosidl_generator_cExport-noconfig.cmake
[8.570s] -- Installing: /home/mscrobotics2425laptop14/Desktop/project/team3/team3-project/install/package_with_interfaces/share/package_with_interfaces/cmake/export_package_with_interfaces__rosidl_typesupport_fastrtps_cExport.cmake
[8.570s] -- Installing: /home/mscrobotics2425laptop14/Desktop/project/team3/team3-project/install/package_with_interfaces/share/package_with_interfaces/cmake/export_package_with_interfaces__rosidl_typesupport_fastrtps_cExport-noconfig.cmake
[8.571s] -- Installing: /home/mscrobotics2425laptop14/Desktop/project/team3/team3-project/install/package_with_interfaces/share/package_with_interfaces/cmake/export_package_with_interfaces__rosidl_generator_cppExport.cmake
[8.571s] -- Installing: /home/mscrobotics2425laptop14/Desktop/project/team3/team3-project/install/package_with_interfaces/share/package_with_interfaces/cmake/export_package_with_interfaces__rosidl_typesupport_fastrtps_cppExport.cmake
[8.572s] -- Installing: /home/mscrobotics2425laptop14/Desktop/project/team3/team3-project/install/package_with_interfaces/share/package_with_interfaces/cmake/export_package_with_interfaces__rosidl_typesupport_fastrtps_cppExport-noconfig.cmake
[8.573s] -- Installing: /home/mscrobotics2425laptop14/Desktop/project/team3/team3-project/install/package_with_interfaces/share/package_with_interfaces/cmake/package_with_interfaces__rosidl_typesupport_introspection_cExport.cmake
[8.573s] -- Installing: /home/mscrobotics2425laptop14/Desktop/project/team3/team3-project/install/package_with_interfaces/share/package_with_interfaces/cmake/package_with_interfaces__rosidl_typesupport_introspection_cExport-noconfig.cmake
[8.574s] -- Installing: /home/mscrobotics2425laptop14/Desktop/project/team3/team3-project/install/package_with_interfaces/share/package_with_interfaces/cmake/package_with_interfaces__rosidl_typesupport_cExport.cmake
[8.574s] -- Installing: /home/mscrobotics2425laptop14/Desktop/project/team3/team3-project/install/package_with_interfaces/share/package_with_interfaces/cmake/package_with_interfaces__rosidl_typesupport_cExport-noconfig.cmake
[8.575s] -- Installing: /home/mscrobotics2425laptop14/Desktop/project/team3/team3-project/install/package_with_interfaces/share/package_with_interfaces/cmake/package_with_interfaces__rosidl_typesupport_introspection_cppExport.cmake
[8.575s] -- Installing: /home/mscrobotics2425laptop14/Desktop/project/team3/team3-project/install/package_with_interfaces/share/package_with_interfaces/cmake/package_with_interfaces__rosidl_typesupport_introspection_cppExport-noconfig.cmake
[8.575s] -- Installing: /home/mscrobotics2425laptop14/Desktop/project/team3/team3-project/install/package_with_interfaces/share/package_with_interfaces/cmake/package_with_interfaces__rosidl_typesupport_cppExport.cmake
[8.576s] -- Installing: /home/mscrobotics2425laptop14/Desktop/project/team3/team3-project/install/package_with_interfaces/share/package_with_interfaces/cmake/package_with_interfaces__rosidl_typesupport_cppExport-noconfig.cmake
[8.576s] -- Installing: /home/mscrobotics2425laptop14/Desktop/project/team3/team3-project/install/package_with_interfaces/share/package_with_interfaces/cmake/export_package_with_interfaces__rosidl_generator_pyExport.cmake
[8.577s] -- Installing: /home/mscrobotics2425laptop14/Desktop/project/team3/team3-project/install/package_with_interfaces/share/package_with_interfaces/cmake/export_package_with_interfaces__rosidl_generator_pyExport-noconfig.cmake
[8.577s] -- Installing: /home/mscrobotics2425laptop14/Desktop/project/team3/team3-project/install/package_with_interfaces/share/package_with_interfaces/cmake/rosidl_cmake-extras.cmake
[8.578s] -- Installing: /home/mscrobotics2425laptop14/Desktop/project/team3/team3-project/install/package_with_interfaces/share/package_with_interfaces/cmake/ament_cmake_export_dependencies-extras.cmake
[8.578s] -- Installing: /home/mscrobotics2425laptop14/Desktop/project/team3/team3-project/install/package_with_interfaces/share/package_with_interfaces/cmake/ament_cmake_export_include_directories-extras.cmake
[8.578s] -- Installing: /home/mscrobotics2425laptop14/Desktop/project/team3/team3-project/install/package_with_interfaces/share/package_with_interfaces/cmake/ament_cmake_export_libraries-extras.cmake
[8.579s] -- Installing: /home/mscrobotics2425laptop14/Desktop/project/team3/team3-project/install/package_with_interfaces/share/package_with_interfaces/cmake/ament_cmake_export_targets-extras.cmake
[8.579s] -- Installing: /home/mscrobotics2425laptop14/Desktop/project/team3/team3-project/install/package_with_interfaces/share/package_with_interfaces/cmake/rosidl_cmake_export_typesupport_targets-extras.cmake
[8.579s] -- Installing: /home/mscrobotics2425laptop14/Desktop/project/team3/team3-project/install/package_with_interfaces/share/package_with_interfaces/cmake/rosidl_cmake_export_typesupport_libraries-extras.cmake
[8.579s] -- Installing: /home/mscrobotics2425laptop14/Desktop/project/team3/team3-project/install/package_with_interfaces/share/package_with_interfaces/cmake/package_with_interfacesConfig.cmake
[8.580s] -- Installing: /home/mscrobotics2425laptop14/Desktop/project/team3/team3-project/install/package_with_interfaces/share/package_with_interfaces/cmake/package_with_interfacesConfig-version.cmake
[8.580s] -- Installing: /home/mscrobotics2425laptop14/Desktop/project/team3/team3-project/install/package_with_interfaces/share/package_with_interfaces/package.xml
[8.584s] Invoked command in '/home/mscrobotics2425laptop14/Desktop/project/team3/team3-project/build/package_with_interfaces' returned '0': CMAKE_PREFIX_PATH=${CMAKE_PREFIX_PATH}:/home/mscrobotics2425laptop14/Desktop/project/team3/team3-project/install/robotic_arm:/home/mscrobotics2425laptop14/Desktop/project/team3/team3-project/install/nuc:/home/mscrobotics2425laptop14/Desktop/project/team3/team3-project/install/navigation:/home/mscrobotics2425laptop14/Desktop/project/team3/team3-project/install/map:/home/mscrobotics2425laptop14/Desktop/project/team3/team3-project/install/lidar:/home/mscrobotics2425laptop14/Desktop/project/team3/team3-project/install/leo_rover:/home/mscrobotics2425laptop14/Desktop/project/team3/team3-project/install/imu:/home/mscrobotics2425laptop14/Desktop/project/team3/team3-project/install/data_integration:/home/mscrobotics2425laptop14/Desktop/project/team3/team3-project/install/controller_server:/home/mscrobotics2425laptop14/Desktop/project/team3/team3-project/install/camera:/opt/ros/humble CONDA_PROMPT_MODIFIER=(ros2) /usr/bin/cmake --install /home/mscrobotics2425laptop14/Desktop/project/team3/team3-project/build/package_with_interfaces
