[2.257s] Invoking command in '/home/mscrobotics2425laptop14/Desktop/project/team3/team3-project/src/navigation': CONDA_PROMPT_MODIFIER=(ros2) PYTHONPATH=/home/mscrobotics2425laptop14/Desktop/project/team3/team3-project/build/navigation/prefix_override:/usr/lib/python3/dist-packages/colcon_core/task/python/colcon_distutils_commands:/home/mscrobotics2425laptop14/Desktop/project/team3/team3-project/install/navigation/lib/python3.10/site-packages:${PYTHONPATH} /usr/bin/python3 -W ignore:setup.py install is deprecated setup.py egg_info --egg-base ../../build/navigation build --build-base /home/mscrobotics2425laptop14/Desktop/project/team3/team3-project/build/navigation/build install --record /home/mscrobotics2425laptop14/Desktop/project/team3/team3-project/build/navigation/install.log --single-version-externally-managed install_data
[2.727s] running egg_info
[2.728s] writing ../../build/navigation/navigation.egg-info/PKG-INFO
[2.728s] writing dependency_links to ../../build/navigation/navigation.egg-info/dependency_links.txt
[2.729s] writing entry points to ../../build/navigation/navigation.egg-info/entry_points.txt
[2.729s] writing requirements to ../../build/navigation/navigation.egg-info/requires.txt
[2.729s] writing top-level names to ../../build/navigation/navigation.egg-info/top_level.txt
[2.732s] reading manifest file '../../build/navigation/navigation.egg-info/SOURCES.txt'
[2.735s] writing manifest file '../../build/navigation/navigation.egg-info/SOURCES.txt'
[2.735s] running build
[2.735s] running build_py
[2.736s] running install
[2.738s] running install_lib
[2.741s] running install_data
[2.741s] running install_egg_info
[2.745s] removing '/home/mscrobotics2425laptop14/Desktop/project/team3/team3-project/install/navigation/lib/python3.10/site-packages/navigation-0.0.0-py3.10.egg-info' (and everything under it)
[2.746s] Copying ../../build/navigation/navigation.egg-info to /home/mscrobotics2425laptop14/Desktop/project/team3/team3-project/install/navigation/lib/python3.10/site-packages/navigation-0.0.0-py3.10.egg-info
[2.752s] running install_scripts
[2.802s] Installing navigation_node script to /home/mscrobotics2425laptop14/Desktop/project/team3/team3-project/install/navigation/lib/navigation
[2.803s] writing list of installed files to '/home/mscrobotics2425laptop14/Desktop/project/team3/team3-project/build/navigation/install.log'
[2.899s] Invoked command in '/home/mscrobotics2425laptop14/Desktop/project/team3/team3-project/src/navigation' returned '0': CONDA_PROMPT_MODIFIER=(ros2) PYTHONPATH=/home/mscrobotics2425laptop14/Desktop/project/team3/team3-project/build/navigation/prefix_override:/usr/lib/python3/dist-packages/colcon_core/task/python/colcon_distutils_commands:/home/mscrobotics2425laptop14/Desktop/project/team3/team3-project/install/navigation/lib/python3.10/site-packages:${PYTHONPATH} /usr/bin/python3 -W ignore:setup.py install is deprecated setup.py egg_info --egg-base ../../build/navigation build --build-base /home/mscrobotics2425laptop14/Desktop/project/team3/team3-project/build/navigation/build install --record /home/mscrobotics2425laptop14/Desktop/project/team3/team3-project/build/navigation/install.log --single-version-externally-managed install_data
