[1.574s] Invoking command in '/home/mscrobotics2425laptop14/Desktop/project/team3/team3-project/build/package_with_interfaces': CMAKE_PREFIX_PATH=/opt/ros/humble CONDA_PROMPT_MODIFIER=(ros2) /usr/bin/cmake /home/mscrobotics2425laptop14/Desktop/project/team3/team3-project/src/package_with_interfaces -DCMAKE_INSTALL_PREFIX=/home/mscrobotics2425laptop14/Desktop/project/team3/team3-project/install/package_with_interfaces
[1.808s] -- The C compiler identification is GNU 11.4.0
[1.890s] -- The CXX compiler identification is GNU 11.4.0
[1.960s] -- Detecting C compiler ABI info
[2.115s] -- Detecting C compiler ABI info - done
[2.135s] -- Check for working C compiler: /usr/bin/cc - skipped
[2.138s] -- Detecting C compile features
[2.140s] -- Detecting C compile features - done
[2.152s] -- Detecting CXX compiler ABI info
[2.328s] -- Detecting CXX compiler ABI info - done
[2.340s] -- Check for working CXX compiler: /usr/bin/c++ - skipped
[2.340s] -- Detecting CXX compile features
[2.341s] -- Detecting CXX compile features - done
[2.349s] -- Found ament_cmake: 1.3.10 (/opt/ros/humble/share/ament_cmake/cmake)
[3.155s] -- Found Python3: /home/mscrobotics2425laptop14/miniconda3/envs/ros2/bin/python3 (found version "3.10.16") found components: Interpreter 
[3.474s] -- Found geometry_msgs: 4.2.4 (/opt/ros/humble/share/geometry_msgs/cmake)
[3.554s] -- Found rosidl_generator_c: 3.1.5 (/opt/ros/humble/share/rosidl_generator_c/cmake)
[3.558s] -- Found rosidl_adapter: 3.1.5 (/opt/ros/humble/share/rosidl_adapter/cmake)
[3.566s] -- Found rosidl_generator_cpp: 3.1.5 (/opt/ros/humble/share/rosidl_generator_cpp/cmake)
[3.578s] -- Using all available rosidl_typesupport_c: rosidl_typesupport_fastrtps_c;rosidl_typesupport_introspection_c
[3.613s] -- Using all available rosidl_typesupport_cpp: rosidl_typesupport_fastrtps_cpp;rosidl_typesupport_introspection_cpp
[3.651s] -- Found ament_lint_auto: 0.12.11 (/opt/ros/humble/share/ament_lint_auto/cmake)
[3.668s] Traceback (most recent call last):
[3.668s]   File "/opt/ros/humble/share/ament_cmake_core/cmake/core/package_xml_2_cmake.py", line 22, in <module>
[3.668s]     from catkin_pkg.package import parse_package_string
[3.669s] ModuleNotFoundError: No module named 'catkin_pkg'
[3.670s] [31mCMake Error at /opt/ros/humble/share/ament_cmake_core/cmake/core/ament_package_xml.cmake:95 (message):
[3.670s]   
[3.670s]   execute_process(/home/mscrobotics2425laptop14/miniconda3/envs/ros2/bin/python3
[3.670s]   /opt/ros/humble/share/ament_cmake_core/cmake/core/package_xml_2_cmake.py
[3.670s]   /home/mscrobotics2425laptop14/Desktop/project/team3/team3-project/src/package_with_interfaces/package.xml
[3.671s]   /home/mscrobotics2425laptop14/Desktop/project/team3/team3-project/build/package_with_interfaces/ament_cmake_core/package.cmake)
[3.671s]   returned error code 1
[3.671s] Call Stack (most recent call first):
[3.671s]   /opt/ros/humble/share/ament_cmake_core/cmake/core/ament_package_xml.cmake:49 (_ament_package_xml)
[3.671s]   /opt/ros/humble/share/ament_lint_auto/cmake/ament_lint_auto_find_test_dependencies.cmake:31 (ament_package_xml)
[3.671s]   CMakeLists.txt:23 (ament_lint_auto_find_test_dependencies)
[3.671s] 
[3.671s] [0m
[3.671s] -- Configuring incomplete, errors occurred!
[3.671s] See also "/home/mscrobotics2425laptop14/Desktop/project/team3/team3-project/build/package_with_interfaces/CMakeFiles/CMakeOutput.log".
[3.676s] Invoked command in '/home/mscrobotics2425laptop14/Desktop/project/team3/team3-project/build/package_with_interfaces' returned '1': CMAKE_PREFIX_PATH=/opt/ros/humble CONDA_PROMPT_MODIFIER=(ros2) /usr/bin/cmake /home/mscrobotics2425laptop14/Desktop/project/team3/team3-project/src/package_with_interfaces -DCMAKE_INSTALL_PREFIX=/home/mscrobotics2425laptop14/Desktop/project/team3/team3-project/install/package_with_interfaces
