[2.889s] Invoking command in '/home/sfr2024/assessment/team3_project/src/camera': PYTHONPATH=/home/sfr2024/assessment/team3_project/build/camera/prefix_override:/usr/lib/python3/dist-packages/colcon_core/task/python/colcon_distutils_commands:/home/sfr2024/assessment/team3_project/install/camera/lib/python3.10/site-packages:${PYTHONPATH} /usr/bin/python3 -W ignore:setup.py install is deprecated setup.py egg_info --egg-base ../../build/camera build --build-base /home/sfr2024/assessment/team3_project/build/camera/build install --record /home/sfr2024/assessment/team3_project/build/camera/install.log --single-version-externally-managed install_data
[3.697s] running egg_info
[3.699s] creating ../../build/camera/camera.egg-info
[3.704s] writing ../../build/camera/camera.egg-info/PKG-INFO
[3.711s] writing dependency_links to ../../build/camera/camera.egg-info/dependency_links.txt
[3.712s] writing entry points to ../../build/camera/camera.egg-info/entry_points.txt
[3.713s] writing requirements to ../../build/camera/camera.egg-info/requires.txt
[3.714s] writing top-level names to ../../build/camera/camera.egg-info/top_level.txt
[3.714s] writing manifest file '../../build/camera/camera.egg-info/SOURCES.txt'
[3.717s] reading manifest file '../../build/camera/camera.egg-info/SOURCES.txt'
[3.730s] writing manifest file '../../build/camera/camera.egg-info/SOURCES.txt'
[3.731s] running build
[3.731s] running build_py
[3.732s] creating /home/sfr2024/assessment/team3_project/build/camera/build
[3.732s] creating /home/sfr2024/assessment/team3_project/build/camera/build/lib
[3.732s] creating /home/sfr2024/assessment/team3_project/build/camera/build/lib/camera
[3.732s] copying camera/__init__.py -> /home/sfr2024/assessment/team3_project/build/camera/build/lib/camera
[3.732s] copying camera/camera_node.py -> /home/sfr2024/assessment/team3_project/build/camera/build/lib/camera
[3.733s] running install
[3.733s] running install_lib
[3.733s] creating /home/sfr2024/assessment/team3_project/install/camera/lib/python3.10/site-packages/camera
[3.733s] copying /home/sfr2024/assessment/team3_project/build/camera/build/lib/camera/__init__.py -> /home/sfr2024/assessment/team3_project/install/camera/lib/python3.10/site-packages/camera
[3.733s] copying /home/sfr2024/assessment/team3_project/build/camera/build/lib/camera/camera_node.py -> /home/sfr2024/assessment/team3_project/install/camera/lib/python3.10/site-packages/camera
[3.733s] byte-compiling /home/sfr2024/assessment/team3_project/install/camera/lib/python3.10/site-packages/camera/__init__.py to __init__.cpython-310.pyc
[3.734s] byte-compiling /home/sfr2024/assessment/team3_project/install/camera/lib/python3.10/site-packages/camera/camera_node.py to camera_node.cpython-310.pyc
[3.734s] running install_data
[3.734s] creating /home/sfr2024/assessment/team3_project/install/camera/share/ament_index
[3.734s] creating /home/sfr2024/assessment/team3_project/install/camera/share/ament_index/resource_index
[3.734s] creating /home/sfr2024/assessment/team3_project/install/camera/share/ament_index/resource_index/packages
[3.734s] copying resource/camera -> /home/sfr2024/assessment/team3_project/install/camera/share/ament_index/resource_index/packages
[3.734s] copying package.xml -> /home/sfr2024/assessment/team3_project/install/camera/share/camera
[3.735s] running install_egg_info
[3.735s] Copying ../../build/camera/camera.egg-info to /home/sfr2024/assessment/team3_project/install/camera/lib/python3.10/site-packages/camera-0.0.0-py3.10.egg-info
[3.735s] running install_scripts
[3.798s] Installing camera_node script to /home/sfr2024/assessment/team3_project/install/camera/lib/camera
[3.798s] writing list of installed files to '/home/sfr2024/assessment/team3_project/build/camera/install.log'
[3.854s] Invoked command in '/home/sfr2024/assessment/team3_project/src/camera' returned '0': PYTHONPATH=/home/sfr2024/assessment/team3_project/build/camera/prefix_override:/usr/lib/python3/dist-packages/colcon_core/task/python/colcon_distutils_commands:/home/sfr2024/assessment/team3_project/install/camera/lib/python3.10/site-packages:${PYTHONPATH} /usr/bin/python3 -W ignore:setup.py install is deprecated setup.py egg_info --egg-base ../../build/camera build --build-base /home/sfr2024/assessment/team3_project/build/camera/build install --record /home/sfr2024/assessment/team3_project/build/camera/install.log --single-version-externally-managed install_data
