[6.052s] Invoking command in '/home/mscrobotics2425laptop14/Desktop/project/team3/team3-project/src/controller_server': CONDA_PROMPT_MODIFIER=(ros2) PYTHONPATH=/home/mscrobotics2425laptop14/Desktop/project/team3/team3-project/build/controller_server/prefix_override:/usr/lib/python3/dist-packages/colcon_core/task/python/colcon_distutils_commands:/home/mscrobotics2425laptop14/Desktop/project/team3/team3-project/install/controller_server/lib/python3.10/site-packages:${PYTHONPATH} /usr/bin/python3 -W ignore:setup.py install is deprecated setup.py egg_info --egg-base ../../build/controller_server build --build-base /home/mscrobotics2425laptop14/Desktop/project/team3/team3-project/build/controller_server/build install --record /home/mscrobotics2425laptop14/Desktop/project/team3/team3-project/build/controller_server/install.log --single-version-externally-managed install_data
[7.117s] running egg_info
[7.122s] writing ../../build/controller_server/controller_server.egg-info/PKG-INFO
[7.123s] writing dependency_links to ../../build/controller_server/controller_server.egg-info/dependency_links.txt
[7.123s] writing entry points to ../../build/controller_server/controller_server.egg-info/entry_points.txt
[7.123s] writing requirements to ../../build/controller_server/controller_server.egg-info/requires.txt
[7.125s] writing top-level names to ../../build/controller_server/controller_server.egg-info/top_level.txt
[7.128s] reading manifest file '../../build/controller_server/controller_server.egg-info/SOURCES.txt'
[7.131s] writing manifest file '../../build/controller_server/controller_server.egg-info/SOURCES.txt'
[7.133s] running build
[7.133s] running build_py
[7.134s] running install
[7.135s] running install_lib
[7.137s] running install_data
[7.137s] running install_egg_info
[7.141s] removing '/home/mscrobotics2425laptop14/Desktop/project/team3/team3-project/install/controller_server/lib/python3.10/site-packages/controller_server-0.0.0-py3.10.egg-info' (and everything under it)
[7.141s] Copying ../../build/controller_server/controller_server.egg-info to /home/mscrobotics2425laptop14/Desktop/project/team3/team3-project/install/controller_server/lib/python3.10/site-packages/controller_server-0.0.0-py3.10.egg-info
[7.144s] running install_scripts
[7.220s] Installing controller_server_node script to /home/mscrobotics2425laptop14/Desktop/project/team3/team3-project/install/controller_server/lib/controller_server
[7.220s] writing list of installed files to '/home/mscrobotics2425laptop14/Desktop/project/team3/team3-project/build/controller_server/install.log'
[7.285s] Invoked command in '/home/mscrobotics2425laptop14/Desktop/project/team3/team3-project/src/controller_server' returned '0': CONDA_PROMPT_MODIFIER=(ros2) PYTHONPATH=/home/mscrobotics2425laptop14/Desktop/project/team3/team3-project/build/controller_server/prefix_override:/usr/lib/python3/dist-packages/colcon_core/task/python/colcon_distutils_commands:/home/mscrobotics2425laptop14/Desktop/project/team3/team3-project/install/controller_server/lib/python3.10/site-packages:${PYTHONPATH} /usr/bin/python3 -W ignore:setup.py install is deprecated setup.py egg_info --egg-base ../../build/controller_server build --build-base /home/mscrobotics2425laptop14/Desktop/project/team3/team3-project/build/controller_server/build install --record /home/mscrobotics2425laptop14/Desktop/project/team3/team3-project/build/controller_server/install.log --single-version-externally-managed install_data
