[3.890s] Invoking command in '/home/sfr2024/assessment/team3_project/src/nuc': PYTHONPATH=/home/sfr2024/assessment/team3_project/build/nuc/prefix_override:/usr/lib/python3/dist-packages/colcon_core/task/python/colcon_distutils_commands:/home/sfr2024/assessment/team3_project/install/nuc/lib/python3.10/site-packages:${PYTHONPATH} /usr/bin/python3 -W ignore:setup.py install is deprecated setup.py egg_info --egg-base ../../build/nuc build --build-base /home/sfr2024/assessment/team3_project/build/nuc/build install --record /home/sfr2024/assessment/team3_project/build/nuc/install.log --single-version-externally-managed install_data
[4.864s] running egg_info
[4.866s] writing ../../build/nuc/nuc.egg-info/PKG-INFO
[4.869s] writing dependency_links to ../../build/nuc/nuc.egg-info/dependency_links.txt
[4.869s] writing entry points to ../../build/nuc/nuc.egg-info/entry_points.txt
[4.870s] writing requirements to ../../build/nuc/nuc.egg-info/requires.txt
[4.870s] writing top-level names to ../../build/nuc/nuc.egg-info/top_level.txt
[4.877s] reading manifest file '../../build/nuc/nuc.egg-info/SOURCES.txt'
[4.882s] writing manifest file '../../build/nuc/nuc.egg-info/SOURCES.txt'
[4.883s] running build
[4.884s] running build_py
[4.884s] copying nuc/nuc_node.py -> /home/sfr2024/assessment/team3_project/build/nuc/build/lib/nuc
[4.884s] running install
[4.892s] running install_lib
[4.892s] copying /home/sfr2024/assessment/team3_project/build/nuc/build/lib/nuc/nuc_node.py -> /home/sfr2024/assessment/team3_project/install/nuc/lib/python3.10/site-packages/nuc
[4.893s] byte-compiling /home/sfr2024/assessment/team3_project/install/nuc/lib/python3.10/site-packages/nuc/nuc_node.py to nuc_node.cpython-310.pyc
[4.893s] running install_data
[4.908s] running install_egg_info
[4.908s] removing '/home/sfr2024/assessment/team3_project/install/nuc/lib/python3.10/site-packages/nuc-0.0.0-py3.10.egg-info' (and everything under it)
[4.909s] Copying ../../build/nuc/nuc.egg-info to /home/sfr2024/assessment/team3_project/install/nuc/lib/python3.10/site-packages/nuc-0.0.0-py3.10.egg-info
[4.909s] running install_scripts
[4.959s] Installing nuc_node script to /home/sfr2024/assessment/team3_project/install/nuc/lib/nuc
[4.961s] writing list of installed files to '/home/sfr2024/assessment/team3_project/build/nuc/install.log'
[5.035s] Invoked command in '/home/sfr2024/assessment/team3_project/src/nuc' returned '0': PYTHONPATH=/home/sfr2024/assessment/team3_project/build/nuc/prefix_override:/usr/lib/python3/dist-packages/colcon_core/task/python/colcon_distutils_commands:/home/sfr2024/assessment/team3_project/install/nuc/lib/python3.10/site-packages:${PYTHONPATH} /usr/bin/python3 -W ignore:setup.py install is deprecated setup.py egg_info --egg-base ../../build/nuc build --build-base /home/sfr2024/assessment/team3_project/build/nuc/build install --record /home/sfr2024/assessment/team3_project/build/nuc/install.log --single-version-externally-managed install_data
