[3.153s] Invoking command in '/home/sfr2024/assessment/team3_project/src/nuc': PYTHONPATH=/home/sfr2024/assessment/team3_project/build/nuc/prefix_override:/usr/lib/python3/dist-packages/colcon_core/task/python/colcon_distutils_commands:/home/sfr2024/assessment/team3_project/install/nuc/lib/python3.10/site-packages:${PYTHONPATH} /usr/bin/python3 -W ignore:setup.py install is deprecated setup.py egg_info --egg-base ../../build/nuc build --build-base /home/sfr2024/assessment/team3_project/build/nuc/build install --record /home/sfr2024/assessment/team3_project/build/nuc/install.log --single-version-externally-managed install_data
[3.687s] running egg_info
[3.690s] writing ../../build/nuc/nuc.egg-info/PKG-INFO
[3.690s] writing dependency_links to ../../build/nuc/nuc.egg-info/dependency_links.txt
[3.691s] writing entry points to ../../build/nuc/nuc.egg-info/entry_points.txt
[3.691s] writing requirements to ../../build/nuc/nuc.egg-info/requires.txt
[3.692s] writing top-level names to ../../build/nuc/nuc.egg-info/top_level.txt
[3.698s] reading manifest file '../../build/nuc/nuc.egg-info/SOURCES.txt'
[3.699s] writing manifest file '../../build/nuc/nuc.egg-info/SOURCES.txt'
[3.699s] running build
[3.699s] running build_py
[3.699s] running install
[3.710s] running install_lib
[3.715s] running install_data
[3.716s] copying launch/start_all_nodes.launch.py -> /home/sfr2024/assessment/team3_project/install/nuc/share/nuc/launch
[3.716s] running install_egg_info
[3.717s] removing '/home/sfr2024/assessment/team3_project/install/nuc/lib/python3.10/site-packages/nuc-0.0.0-py3.10.egg-info' (and everything under it)
[3.717s] Copying ../../build/nuc/nuc.egg-info to /home/sfr2024/assessment/team3_project/install/nuc/lib/python3.10/site-packages/nuc-0.0.0-py3.10.egg-info
[3.717s] running install_scripts
[3.751s] Installing nuc_node script to /home/sfr2024/assessment/team3_project/install/nuc/lib/nuc
[3.752s] writing list of installed files to '/home/sfr2024/assessment/team3_project/build/nuc/install.log'
[3.811s] Invoked command in '/home/sfr2024/assessment/team3_project/src/nuc' returned '0': PYTHONPATH=/home/sfr2024/assessment/team3_project/build/nuc/prefix_override:/usr/lib/python3/dist-packages/colcon_core/task/python/colcon_distutils_commands:/home/sfr2024/assessment/team3_project/install/nuc/lib/python3.10/site-packages:${PYTHONPATH} /usr/bin/python3 -W ignore:setup.py install is deprecated setup.py egg_info --egg-base ../../build/nuc build --build-base /home/sfr2024/assessment/team3_project/build/nuc/build install --record /home/sfr2024/assessment/team3_project/build/nuc/install.log --single-version-externally-managed install_data
